[0.220s] Invoking command in '/home/michael/ros2_ws/build/joint_limits': CMAKE_PREFIX_PATH=${CMAKE_PREFIX_PATH}:/home/michael/ros2_ws/install/model_arm:/opt/ros/humble /usr/bin/cmake /home/michael/ros2_ws/src/ros-controls/ros2_control/joint_limits -DAMENT_CMAKE_SYMLINK_INSTALL=1 -DCMAKE_INSTALL_PREFIX=/home/michael/ros2_ws/install/joint_limits
[0.275s] -- The C compiler identification is GNU 11.4.0
[0.340s] -- The CXX compiler identification is GNU 11.4.0
[0.348s] -- Detecting C compiler ABI info
[0.459s] -- Detecting C compiler ABI info - done
[0.468s] -- Check for working C compiler: /usr/bin/cc - skipped
[0.468s] -- Detecting C compile features
[0.470s] -- Detecting C compile features - done
[0.473s] -- Detecting CXX compiler ABI info
[0.570s] -- Detecting CXX compiler ABI info - done
[0.578s] -- Check for working CXX compiler: /usr/bin/c++ - skipped
[0.579s] -- Detecting CXX compile features
[0.579s] -- Detecting CXX compile features - done
[0.581s] -- Found ament_cmake: 1.3.5 (/opt/ros/humble/share/ament_cmake/cmake)
[0.779s] -- Found Python3: /usr/bin/python3.10 (found version "3.10.12") found components: Interpreter 
[0.845s] -- Override CMake install command with custom implementation using symlinks instead of copying resources
[0.887s] -- Found rclcpp: 16.0.5 (/opt/ros/humble/share/rclcpp/cmake)
[0.928s] -- Found rosidl_generator_c: 3.1.5 (/opt/ros/humble/share/rosidl_generator_c/cmake)
[0.934s] -- Found rosidl_adapter: 3.1.5 (/opt/ros/humble/share/rosidl_adapter/cmake)
[0.942s] -- Found rosidl_generator_cpp: 3.1.5 (/opt/ros/humble/share/rosidl_generator_cpp/cmake)
[0.957s] -- Using all available rosidl_typesupport_c: rosidl_typesupport_fastrtps_c;rosidl_typesupport_introspection_c
[0.982s] -- Using all available rosidl_typesupport_cpp: rosidl_typesupport_fastrtps_cpp;rosidl_typesupport_introspection_cpp
[1.063s] -- Found rmw_implementation_cmake: 6.1.1 (/opt/ros/humble/share/rmw_implementation_cmake/cmake)
[1.066s] -- Found rmw_fastrtps_cpp: 6.2.3 (/opt/ros/humble/share/rmw_fastrtps_cpp/cmake)
[1.172s] -- Found OpenSSL: /usr/lib/x86_64-linux-gnu/libcrypto.so (found version "3.0.2")  
[1.203s] -- Found FastRTPS: /opt/ros/humble/include  
[1.259s] -- Using RMW implementation 'rmw_fastrtps_cpp' as default
[1.269s] -- Looking for pthread.h
[1.339s] -- Looking for pthread.h - found
[1.340s] -- Performing Test CMAKE_HAVE_LIBC_PTHREAD
[1.416s] -- Performing Test CMAKE_HAVE_LIBC_PTHREAD - Success
[1.417s] -- Found Threads: TRUE  
[1.590s] -- Found rclcpp_lifecycle: 16.0.5 (/opt/ros/humble/share/rclcpp_lifecycle/cmake)
[1.634s] -- Found ament_cmake_gtest: 1.3.5 (/opt/ros/humble/share/ament_cmake_gtest/cmake)
[1.637s] -- Found launch_testing_ament_cmake: 1.0.4 (/opt/ros/humble/share/launch_testing_ament_cmake/cmake)
[1.640s] -- Found python_cmake_module: 0.10.0 (/opt/ros/humble/share/python_cmake_module/cmake)
[1.664s] -- Found PythonInterp: /usr/bin/python3 (found suitable version "3.10.12", minimum required is "3.6") 
[1.672s] -- Found PythonLibs: /usr/lib/x86_64-linux-gnu/libpython3.10.so (found suitable version "3.10.12", minimum required is "3.5") 
[1.672s] -- Using PYTHON_EXECUTABLE: /usr/bin/python3
[1.672s] -- Using PYTHON_INCLUDE_DIRS: /usr/include/python3.10
[1.672s] -- Using PYTHON_LIBRARIES: /usr/lib/x86_64-linux-gnu/libpython3.10.so
[1.692s] -- Found PythonExtra: .so  
[1.696s] -- Found gtest sources under '/opt/ros/humble/src/gtest_vendor': C++ tests using 'Google Test' will be built
[1.776s] -- Configuring done
[1.787s] -- Generating done
[1.788s] -- Build files have been written to: /home/michael/ros2_ws/build/joint_limits
[1.799s] Invoked command in '/home/michael/ros2_ws/build/joint_limits' returned '0': CMAKE_PREFIX_PATH=${CMAKE_PREFIX_PATH}:/home/michael/ros2_ws/install/model_arm:/opt/ros/humble /usr/bin/cmake /home/michael/ros2_ws/src/ros-controls/ros2_control/joint_limits -DAMENT_CMAKE_SYMLINK_INSTALL=1 -DCMAKE_INSTALL_PREFIX=/home/michael/ros2_ws/install/joint_limits
[1.801s] Invoking command in '/home/michael/ros2_ws/build/joint_limits': CMAKE_PREFIX_PATH=${CMAKE_PREFIX_PATH}:/home/michael/ros2_ws/install/model_arm:/opt/ros/humble /usr/bin/cmake --build /home/michael/ros2_ws/build/joint_limits -- -j14 -l14
[1.850s] [ 16%] [32mBuilding CXX object gtest/CMakeFiles/gtest_main.dir/src/gtest_main.cc.o[0m
[1.851s] [ 33%] [32mBuilding CXX object gtest/CMakeFiles/gtest.dir/src/gtest-all.cc.o[0m
[4.240s] [ 50%] [32m[1mLinking CXX static library libgtest_main.a[0m
[4.331s] [ 50%] Built target gtest_main
[13.303s] [ 66%] [32m[1mLinking CXX static library libgtest.a[0m
[13.606s] [ 66%] Built target gtest
[13.719s] [ 83%] [32mBuilding CXX object CMakeFiles/joint_limits_rosparam_test.dir/test/joint_limits_rosparam_test.cpp.o[0m
[31.039s] [100%] [32m[1mLinking CXX executable joint_limits_rosparam_test[0m
[31.675s] [100%] Built target joint_limits_rosparam_test
[31.692s] Invoked command in '/home/michael/ros2_ws/build/joint_limits' returned '0': CMAKE_PREFIX_PATH=${CMAKE_PREFIX_PATH}:/home/michael/ros2_ws/install/model_arm:/opt/ros/humble /usr/bin/cmake --build /home/michael/ros2_ws/build/joint_limits -- -j14 -l14
[32.017s] Invoking command in '/home/michael/ros2_ws/build/joint_limits': CMAKE_PREFIX_PATH=${CMAKE_PREFIX_PATH}:/home/michael/ros2_ws/install/model_arm:/opt/ros/humble /usr/bin/cmake --install /home/michael/ros2_ws/build/joint_limits
[32.031s] -- Install configuration: ""
[32.033s] -- Execute custom install script
[32.035s] -- Symlinking: /home/michael/ros2_ws/install/joint_limits/include/joint_limits/joint_limits.hpp
[32.081s] -- Symlinking: /home/michael/ros2_ws/install/joint_limits/include/joint_limits/joint_limits_rosparam.hpp
[32.099s] -- Symlinking: /home/michael/ros2_ws/install/joint_limits/lib/joint_limits/joint_limits_rosparam_test
[32.109s] -- Symlinking: /home/michael/ros2_ws/install/joint_limits/share/joint_limits/test/joint_limits_rosparam.yaml
[32.121s] -- Symlinking: /home/michael/ros2_ws/install/joint_limits/share/ament_index/resource_index/package_run_dependencies/joint_limits
[32.148s] -- Symlinking: /home/michael/ros2_ws/install/joint_limits/share/ament_index/resource_index/parent_prefix_path/joint_limits
[32.187s] -- Symlinking: /home/michael/ros2_ws/install/joint_limits/share/joint_limits/environment/ament_prefix_path.sh
[32.222s] -- Symlinking: /home/michael/ros2_ws/install/joint_limits/share/joint_limits/environment/ament_prefix_path.dsv
[32.259s] -- Symlinking: /home/michael/ros2_ws/install/joint_limits/share/joint_limits/environment/path.sh
[32.282s] -- Symlinking: /home/michael/ros2_ws/install/joint_limits/share/joint_limits/environment/path.dsv
[32.296s] -- Symlinking: /home/michael/ros2_ws/install/joint_limits/share/joint_limits/local_setup.bash
[32.329s] -- Symlinking: /home/michael/ros2_ws/install/joint_limits/share/joint_limits/local_setup.sh
[32.367s] -- Symlinking: /home/michael/ros2_ws/install/joint_limits/share/joint_limits/local_setup.zsh
[32.385s] -- Symlinking: /home/michael/ros2_ws/install/joint_limits/share/joint_limits/local_setup.dsv
[32.424s] -- Symlinking: /home/michael/ros2_ws/install/joint_limits/share/joint_limits/package.dsv
[32.460s] -- Symlinking: /home/michael/ros2_ws/install/joint_limits/share/ament_index/resource_index/packages/joint_limits
[32.487s] -- Symlinking: /home/michael/ros2_ws/install/joint_limits/share/joint_limits/cmake/ament_cmake_export_dependencies-extras.cmake
[32.526s] -- Symlinking: /home/michael/ros2_ws/install/joint_limits/share/joint_limits/cmake/ament_cmake_export_include_directories-extras.cmake
[32.568s] -- Symlinking: /home/michael/ros2_ws/install/joint_limits/share/joint_limits/cmake/joint_limitsConfig.cmake
[32.604s] -- Symlinking: /home/michael/ros2_ws/install/joint_limits/share/joint_limits/cmake/joint_limitsConfig-version.cmake
[32.623s] -- Symlinking: /home/michael/ros2_ws/install/joint_limits/share/joint_limits/package.xml
[32.652s] Invoked command in '/home/michael/ros2_ws/build/joint_limits' returned '0': CMAKE_PREFIX_PATH=${CMAKE_PREFIX_PATH}:/home/michael/ros2_ws/install/model_arm:/opt/ros/humble /usr/bin/cmake --install /home/michael/ros2_ws/build/joint_limits
