[0.039s] Invoking command in '/home/michael/ros2_ws/build/ros2_control_demo_example_2': AMENT_PREFIX_PATH=/home/michael/ros2_ws/install/ros2controlcli:/home/michael/ros2_ws/install/joint_state_broadcaster:/home/michael/ros2_ws/install/diff_drive_controller:/home/michael/ros2_ws/install/controller_manager:/home/michael/ros2_ws/install/controller_interface:/home/michael/ros2_ws/install/hardware_interface:/home/michael/ros2_ws/install/ros2_controllers_test_nodes:/home/michael/ros2_ws/install/ros2_control_test_assets:/home/michael/ros2_ws/install/realtime_tools:/home/michael/ros2_ws/install/controller_manager_msgs:/home/michael/ros2_ws/install/control_msgs:${AMENT_PREFIX_PATH} CMAKE_PREFIX_PATH=/home/michael/ros2_ws/install/joint_state_broadcaster:/home/michael/ros2_ws/install/diff_drive_controller:/home/michael/ros2_ws/install/controller_manager:/home/michael/ros2_ws/install/controller_interface:/home/michael/ros2_ws/install/hardware_interface:/home/michael/ros2_ws/install/ros2_control_test_assets:/home/michael/ros2_ws/install/realtime_tools:/home/michael/ros2_ws/install/controller_manager_msgs:/home/michael/ros2_ws/install/control_msgs:/home/michael/ros2_ws/install/testarm:/home/michael/ros2_ws/install/model_arm:/opt/ros/humble LD_LIBRARY_PATH=/home/michael/ros2_ws/install/joint_state_broadcaster/lib:/home/michael/ros2_ws/install/diff_drive_controller/lib:/home/michael/ros2_ws/install/controller_manager/lib:/home/michael/ros2_ws/install/controller_interface/lib:/home/michael/ros2_ws/install/hardware_interface/lib:/home/michael/ros2_ws/install/realtime_tools/lib:/home/michael/ros2_ws/install/controller_manager_msgs/lib:/home/michael/ros2_ws/install/control_msgs/lib:${LD_LIBRARY_PATH} PYTHONPATH=/home/michael/ros2_ws/build/ros2controlcli:/home/michael/ros2_ws/install/ros2controlcli/lib/python3.10/site-packages:/home/michael/ros2_ws/install/controller_manager/local/lib/python3.10/dist-packages:/home/michael/ros2_ws/build/ros2_controllers_test_nodes:/home/michael/ros2_ws/install/ros2_controllers_test_nodes/lib/python3.10/site-packages:/home/michael/ros2_ws/install/controller_manager_msgs/local/lib/python3.10/dist-packages:/home/michael/ros2_ws/install/control_msgs/local/lib/python3.10/dist-packages:${PYTHONPATH} /usr/bin/cmake /home/michael/ros2_ws/src/ros-controls/ros2_control_demos/example_2 -DAMENT_CMAKE_SYMLINK_INSTALL=1 -DCMAKE_INSTALL_PREFIX=/home/michael/ros2_ws/install/ros2_control_demo_example_2
[0.153s] -- The CXX compiler identification is GNU 11.4.0
[0.168s] -- Detecting CXX compiler ABI info
[0.309s] -- Detecting CXX compiler ABI info - done
[0.317s] -- Check for working CXX compiler: /usr/bin/c++ - skipped
[0.317s] -- Detecting CXX compile features
[0.317s] -- Detecting CXX compile features - done
[0.321s] -- Found ament_cmake: 1.3.5 (/opt/ros/humble/share/ament_cmake/cmake)
[0.611s] -- Found Python3: /usr/bin/python3.10 (found version "3.10.12") found components: Interpreter 
[0.707s] -- Override CMake install command with custom implementation using symlinks instead of copying resources
[0.752s] -- Found hardware_interface: 2.29.0 (/home/michael/ros2_ws/install/hardware_interface/share/hardware_interface/cmake)
[0.813s] -- Found rosidl_generator_c: 3.1.5 (/opt/ros/humble/share/rosidl_generator_c/cmake)
[0.824s] -- Found rosidl_adapter: 3.1.5 (/opt/ros/humble/share/rosidl_adapter/cmake)
[0.834s] -- Found rosidl_generator_cpp: 3.1.5 (/opt/ros/humble/share/rosidl_generator_cpp/cmake)
[0.855s] -- Using all available rosidl_typesupport_c: rosidl_typesupport_fastrtps_c;rosidl_typesupport_introspection_c
[0.885s] -- Using all available rosidl_typesupport_cpp: rosidl_typesupport_fastrtps_cpp;rosidl_typesupport_introspection_cpp
[1.851s] -- Found rmw_implementation_cmake: 6.1.1 (/opt/ros/humble/share/rmw_implementation_cmake/cmake)
[1.855s] -- Found rmw_fastrtps_cpp: 6.2.3 (/opt/ros/humble/share/rmw_fastrtps_cpp/cmake)
[1.998s] -- Found OpenSSL: /usr/lib/x86_64-linux-gnu/libcrypto.so (found version "3.0.2")  
[2.035s] -- Found FastRTPS: /opt/ros/humble/include  
[2.100s] -- Using RMW implementation 'rmw_fastrtps_cpp' as default
[2.113s] -- Looking for C++ include pthread.h
[2.243s] -- Looking for C++ include pthread.h - found
[2.243s] -- Performing Test CMAKE_HAVE_LIBC_PTHREAD
[2.398s] -- Performing Test CMAKE_HAVE_LIBC_PTHREAD - Success
[2.401s] -- Found Threads: TRUE  
[2.731s] -- Found ament_cmake_gtest: 1.3.5 (/opt/ros/humble/share/ament_cmake_gtest/cmake)
[2.829s] -- Configuring done
[2.866s] -- Generating done
[2.869s] -- Build files have been written to: /home/michael/ros2_ws/build/ros2_control_demo_example_2
[2.880s] Invoked command in '/home/michael/ros2_ws/build/ros2_control_demo_example_2' returned '0': AMENT_PREFIX_PATH=/home/michael/ros2_ws/install/ros2controlcli:/home/michael/ros2_ws/install/joint_state_broadcaster:/home/michael/ros2_ws/install/diff_drive_controller:/home/michael/ros2_ws/install/controller_manager:/home/michael/ros2_ws/install/controller_interface:/home/michael/ros2_ws/install/hardware_interface:/home/michael/ros2_ws/install/ros2_controllers_test_nodes:/home/michael/ros2_ws/install/ros2_control_test_assets:/home/michael/ros2_ws/install/realtime_tools:/home/michael/ros2_ws/install/controller_manager_msgs:/home/michael/ros2_ws/install/control_msgs:${AMENT_PREFIX_PATH} CMAKE_PREFIX_PATH=/home/michael/ros2_ws/install/joint_state_broadcaster:/home/michael/ros2_ws/install/diff_drive_controller:/home/michael/ros2_ws/install/controller_manager:/home/michael/ros2_ws/install/controller_interface:/home/michael/ros2_ws/install/hardware_interface:/home/michael/ros2_ws/install/ros2_control_test_assets:/home/michael/ros2_ws/install/realtime_tools:/home/michael/ros2_ws/install/controller_manager_msgs:/home/michael/ros2_ws/install/control_msgs:/home/michael/ros2_ws/install/testarm:/home/michael/ros2_ws/install/model_arm:/opt/ros/humble LD_LIBRARY_PATH=/home/michael/ros2_ws/install/joint_state_broadcaster/lib:/home/michael/ros2_ws/install/diff_drive_controller/lib:/home/michael/ros2_ws/install/controller_manager/lib:/home/michael/ros2_ws/install/controller_interface/lib:/home/michael/ros2_ws/install/hardware_interface/lib:/home/michael/ros2_ws/install/realtime_tools/lib:/home/michael/ros2_ws/install/controller_manager_msgs/lib:/home/michael/ros2_ws/install/control_msgs/lib:${LD_LIBRARY_PATH} PYTHONPATH=/home/michael/ros2_ws/build/ros2controlcli:/home/michael/ros2_ws/install/ros2controlcli/lib/python3.10/site-packages:/home/michael/ros2_ws/install/controller_manager/local/lib/python3.10/dist-packages:/home/michael/ros2_ws/build/ros2_controllers_test_nodes:/home/michael/ros2_ws/install/ros2_controllers_test_nodes/lib/python3.10/site-packages:/home/michael/ros2_ws/install/controller_manager_msgs/local/lib/python3.10/dist-packages:/home/michael/ros2_ws/install/control_msgs/local/lib/python3.10/dist-packages:${PYTHONPATH} /usr/bin/cmake /home/michael/ros2_ws/src/ros-controls/ros2_control_demos/example_2 -DAMENT_CMAKE_SYMLINK_INSTALL=1 -DCMAKE_INSTALL_PREFIX=/home/michael/ros2_ws/install/ros2_control_demo_example_2
[2.883s] Invoking command in '/home/michael/ros2_ws/build/ros2_control_demo_example_2': AMENT_PREFIX_PATH=/home/michael/ros2_ws/install/ros2controlcli:/home/michael/ros2_ws/install/joint_state_broadcaster:/home/michael/ros2_ws/install/diff_drive_controller:/home/michael/ros2_ws/install/controller_manager:/home/michael/ros2_ws/install/controller_interface:/home/michael/ros2_ws/install/hardware_interface:/home/michael/ros2_ws/install/ros2_controllers_test_nodes:/home/michael/ros2_ws/install/ros2_control_test_assets:/home/michael/ros2_ws/install/realtime_tools:/home/michael/ros2_ws/install/controller_manager_msgs:/home/michael/ros2_ws/install/control_msgs:${AMENT_PREFIX_PATH} CMAKE_PREFIX_PATH=/home/michael/ros2_ws/install/joint_state_broadcaster:/home/michael/ros2_ws/install/diff_drive_controller:/home/michael/ros2_ws/install/controller_manager:/home/michael/ros2_ws/install/controller_interface:/home/michael/ros2_ws/install/hardware_interface:/home/michael/ros2_ws/install/ros2_control_test_assets:/home/michael/ros2_ws/install/realtime_tools:/home/michael/ros2_ws/install/controller_manager_msgs:/home/michael/ros2_ws/install/control_msgs:/home/michael/ros2_ws/install/testarm:/home/michael/ros2_ws/install/model_arm:/opt/ros/humble LD_LIBRARY_PATH=/home/michael/ros2_ws/install/joint_state_broadcaster/lib:/home/michael/ros2_ws/install/diff_drive_controller/lib:/home/michael/ros2_ws/install/controller_manager/lib:/home/michael/ros2_ws/install/controller_interface/lib:/home/michael/ros2_ws/install/hardware_interface/lib:/home/michael/ros2_ws/install/realtime_tools/lib:/home/michael/ros2_ws/install/controller_manager_msgs/lib:/home/michael/ros2_ws/install/control_msgs/lib:${LD_LIBRARY_PATH} PYTHONPATH=/home/michael/ros2_ws/build/ros2controlcli:/home/michael/ros2_ws/install/ros2controlcli/lib/python3.10/site-packages:/home/michael/ros2_ws/install/controller_manager/local/lib/python3.10/dist-packages:/home/michael/ros2_ws/build/ros2_controllers_test_nodes:/home/michael/ros2_ws/install/ros2_controllers_test_nodes/lib/python3.10/site-packages:/home/michael/ros2_ws/install/controller_manager_msgs/local/lib/python3.10/dist-packages:/home/michael/ros2_ws/install/control_msgs/local/lib/python3.10/dist-packages:${PYTHONPATH} /usr/bin/cmake --build /home/michael/ros2_ws/build/ros2_control_demo_example_2 -- -j14 -l14
[2.953s] [ 50%] [32mBuilding CXX object CMakeFiles/ros2_control_demo_example_2.dir/hardware/diffbot_system.cpp.o[0m
[7.539s] [100%] [32m[1mLinking CXX shared library libros2_control_demo_example_2.so[0m
[7.738s] [100%] Built target ros2_control_demo_example_2
[7.752s] Invoked command in '/home/michael/ros2_ws/build/ros2_control_demo_example_2' returned '0': AMENT_PREFIX_PATH=/home/michael/ros2_ws/install/ros2controlcli:/home/michael/ros2_ws/install/joint_state_broadcaster:/home/michael/ros2_ws/install/diff_drive_controller:/home/michael/ros2_ws/install/controller_manager:/home/michael/ros2_ws/install/controller_interface:/home/michael/ros2_ws/install/hardware_interface:/home/michael/ros2_ws/install/ros2_controllers_test_nodes:/home/michael/ros2_ws/install/ros2_control_test_assets:/home/michael/ros2_ws/install/realtime_tools:/home/michael/ros2_ws/install/controller_manager_msgs:/home/michael/ros2_ws/install/control_msgs:${AMENT_PREFIX_PATH} CMAKE_PREFIX_PATH=/home/michael/ros2_ws/install/joint_state_broadcaster:/home/michael/ros2_ws/install/diff_drive_controller:/home/michael/ros2_ws/install/controller_manager:/home/michael/ros2_ws/install/controller_interface:/home/michael/ros2_ws/install/hardware_interface:/home/michael/ros2_ws/install/ros2_control_test_assets:/home/michael/ros2_ws/install/realtime_tools:/home/michael/ros2_ws/install/controller_manager_msgs:/home/michael/ros2_ws/install/control_msgs:/home/michael/ros2_ws/install/testarm:/home/michael/ros2_ws/install/model_arm:/opt/ros/humble LD_LIBRARY_PATH=/home/michael/ros2_ws/install/joint_state_broadcaster/lib:/home/michael/ros2_ws/install/diff_drive_controller/lib:/home/michael/ros2_ws/install/controller_manager/lib:/home/michael/ros2_ws/install/controller_interface/lib:/home/michael/ros2_ws/install/hardware_interface/lib:/home/michael/ros2_ws/install/realtime_tools/lib:/home/michael/ros2_ws/install/controller_manager_msgs/lib:/home/michael/ros2_ws/install/control_msgs/lib:${LD_LIBRARY_PATH} PYTHONPATH=/home/michael/ros2_ws/build/ros2controlcli:/home/michael/ros2_ws/install/ros2controlcli/lib/python3.10/site-packages:/home/michael/ros2_ws/install/controller_manager/local/lib/python3.10/dist-packages:/home/michael/ros2_ws/build/ros2_controllers_test_nodes:/home/michael/ros2_ws/install/ros2_controllers_test_nodes/lib/python3.10/site-packages:/home/michael/ros2_ws/install/controller_manager_msgs/local/lib/python3.10/dist-packages:/home/michael/ros2_ws/install/control_msgs/local/lib/python3.10/dist-packages:${PYTHONPATH} /usr/bin/cmake --build /home/michael/ros2_ws/build/ros2_control_demo_example_2 -- -j14 -l14
[7.787s] Invoking command in '/home/michael/ros2_ws/build/ros2_control_demo_example_2': AMENT_PREFIX_PATH=/home/michael/ros2_ws/install/ros2controlcli:/home/michael/ros2_ws/install/joint_state_broadcaster:/home/michael/ros2_ws/install/diff_drive_controller:/home/michael/ros2_ws/install/controller_manager:/home/michael/ros2_ws/install/controller_interface:/home/michael/ros2_ws/install/hardware_interface:/home/michael/ros2_ws/install/ros2_controllers_test_nodes:/home/michael/ros2_ws/install/ros2_control_test_assets:/home/michael/ros2_ws/install/realtime_tools:/home/michael/ros2_ws/install/controller_manager_msgs:/home/michael/ros2_ws/install/control_msgs:${AMENT_PREFIX_PATH} CMAKE_PREFIX_PATH=/home/michael/ros2_ws/install/joint_state_broadcaster:/home/michael/ros2_ws/install/diff_drive_controller:/home/michael/ros2_ws/install/controller_manager:/home/michael/ros2_ws/install/controller_interface:/home/michael/ros2_ws/install/hardware_interface:/home/michael/ros2_ws/install/ros2_control_test_assets:/home/michael/ros2_ws/install/realtime_tools:/home/michael/ros2_ws/install/controller_manager_msgs:/home/michael/ros2_ws/install/control_msgs:/home/michael/ros2_ws/install/testarm:/home/michael/ros2_ws/install/model_arm:/opt/ros/humble LD_LIBRARY_PATH=/home/michael/ros2_ws/install/joint_state_broadcaster/lib:/home/michael/ros2_ws/install/diff_drive_controller/lib:/home/michael/ros2_ws/install/controller_manager/lib:/home/michael/ros2_ws/install/controller_interface/lib:/home/michael/ros2_ws/install/hardware_interface/lib:/home/michael/ros2_ws/install/realtime_tools/lib:/home/michael/ros2_ws/install/controller_manager_msgs/lib:/home/michael/ros2_ws/install/control_msgs/lib:${LD_LIBRARY_PATH} PYTHONPATH=/home/michael/ros2_ws/build/ros2controlcli:/home/michael/ros2_ws/install/ros2controlcli/lib/python3.10/site-packages:/home/michael/ros2_ws/install/controller_manager/local/lib/python3.10/dist-packages:/home/michael/ros2_ws/build/ros2_controllers_test_nodes:/home/michael/ros2_ws/install/ros2_controllers_test_nodes/lib/python3.10/site-packages:/home/michael/ros2_ws/install/controller_manager_msgs/local/lib/python3.10/dist-packages:/home/michael/ros2_ws/install/control_msgs/local/lib/python3.10/dist-packages:${PYTHONPATH} /usr/bin/cmake --install /home/michael/ros2_ws/build/ros2_control_demo_example_2
[7.796s] -- Install configuration: ""
[7.796s] -- Execute custom install script
[7.796s] -- Symlinking: /home/michael/ros2_ws/install/ros2_control_demo_example_2/share/ros2_control_demo_example_2//ros2_control_demo_example_2.xml
[7.810s] -- Symlinking: /home/michael/ros2_ws/install/ros2_control_demo_example_2/include/ros2_control_demo_example_2/ros2_control_demo_example_2/diffbot_system.hpp
[7.824s] -- Symlinking: /home/michael/ros2_ws/install/ros2_control_demo_example_2/include/ros2_control_demo_example_2/ros2_control_demo_example_2/visibility_control.h
[7.839s] -- Symlinking: /home/michael/ros2_ws/install/ros2_control_demo_example_2/share/ros2_control_demo_example_2/launch/view_robot.launch.py
[7.849s] -- Symlinking: /home/michael/ros2_ws/install/ros2_control_demo_example_2/share/ros2_control_demo_example_2/ros2_control/diffbot.ros2_control.xacro
[7.859s] -- Symlinking: /home/michael/ros2_ws/install/ros2_control_demo_example_2/share/ros2_control_demo_example_2/urdf/diffbot.materials.xacro
[7.871s] -- Symlinking: /home/michael/ros2_ws/install/ros2_control_demo_example_2/share/ros2_control_demo_example_2/urdf/diffbot.urdf.xacro
[7.884s] -- Symlinking: /home/michael/ros2_ws/install/ros2_control_demo_example_2/share/ros2_control_demo_example_2/urdf/diffbot_description.urdf.xacro
[7.896s] -- Symlinking: /home/michael/ros2_ws/install/ros2_control_demo_example_2/share/ros2_control_demo_example_2/rviz/diffbot.rviz
[7.910s] -- Symlinking: /home/michael/ros2_ws/install/ros2_control_demo_example_2/share/ros2_control_demo_example_2/rviz/diffbot_view.rviz
[7.919s] -- Symlinking: /home/michael/ros2_ws/install/ros2_control_demo_example_2/share/ros2_control_demo_example_2/launch/diffbot.launch.py
[7.928s] -- Symlinking: /home/michael/ros2_ws/install/ros2_control_demo_example_2/share/ros2_control_demo_example_2/config/diffbot_controllers.yaml
[7.942s] -- Symlinking: /home/michael/ros2_ws/install/ros2_control_demo_example_2/share/ros2_control_demo_example_2/environment/library_path.sh
[7.952s] -- Symlinking: /home/michael/ros2_ws/install/ros2_control_demo_example_2/share/ros2_control_demo_example_2/environment/library_path.dsv
[7.966s] -- Symlinking: /home/michael/ros2_ws/install/ros2_control_demo_example_2/share/ament_index/resource_index/package_run_dependencies/ros2_control_demo_example_2
[7.976s] -- Symlinking: /home/michael/ros2_ws/install/ros2_control_demo_example_2/share/ament_index/resource_index/parent_prefix_path/ros2_control_demo_example_2
[7.985s] -- Symlinking: /home/michael/ros2_ws/install/ros2_control_demo_example_2/share/ros2_control_demo_example_2/environment/ament_prefix_path.sh
[7.997s] -- Symlinking: /home/michael/ros2_ws/install/ros2_control_demo_example_2/share/ros2_control_demo_example_2/environment/ament_prefix_path.dsv
[8.006s] -- Symlinking: /home/michael/ros2_ws/install/ros2_control_demo_example_2/share/ros2_control_demo_example_2/environment/path.sh
[8.018s] -- Symlinking: /home/michael/ros2_ws/install/ros2_control_demo_example_2/share/ros2_control_demo_example_2/environment/path.dsv
[8.032s] -- Symlinking: /home/michael/ros2_ws/install/ros2_control_demo_example_2/share/ros2_control_demo_example_2/local_setup.bash
[8.041s] -- Symlinking: /home/michael/ros2_ws/install/ros2_control_demo_example_2/share/ros2_control_demo_example_2/local_setup.sh
[8.052s] -- Symlinking: /home/michael/ros2_ws/install/ros2_control_demo_example_2/share/ros2_control_demo_example_2/local_setup.zsh
[8.064s] -- Symlinking: /home/michael/ros2_ws/install/ros2_control_demo_example_2/share/ros2_control_demo_example_2/local_setup.dsv
[8.079s] -- Symlinking: /home/michael/ros2_ws/install/ros2_control_demo_example_2/share/ros2_control_demo_example_2/package.dsv
[8.094s] -- Symlinking: /home/michael/ros2_ws/install/ros2_control_demo_example_2/share/ament_index/resource_index/packages/ros2_control_demo_example_2
[8.113s] -- Symlinking: /home/michael/ros2_ws/install/ros2_control_demo_example_2/share/ament_index/resource_index/hardware_interface__pluginlib__plugin/ros2_control_demo_example_2
[8.124s] -- Symlinking: /home/michael/ros2_ws/install/ros2_control_demo_example_2/share/ros2_control_demo_example_2/cmake/ament_cmake_export_targets-extras.cmake
[8.136s] -- Symlinking: /home/michael/ros2_ws/install/ros2_control_demo_example_2/share/ros2_control_demo_example_2/cmake/ament_cmake_export_dependencies-extras.cmake
[8.148s] -- Symlinking: /home/michael/ros2_ws/install/ros2_control_demo_example_2/share/ros2_control_demo_example_2/cmake/ros2_control_demo_example_2Config.cmake
[8.164s] -- Symlinking: /home/michael/ros2_ws/install/ros2_control_demo_example_2/share/ros2_control_demo_example_2/cmake/ros2_control_demo_example_2Config-version.cmake
[8.173s] -- Symlinking: /home/michael/ros2_ws/install/ros2_control_demo_example_2/share/ros2_control_demo_example_2/package.xml
[8.184s] -- Installing: /home/michael/ros2_ws/install/ros2_control_demo_example_2/lib/libros2_control_demo_example_2.so
[8.185s] -- Set runtime path of "/home/michael/ros2_ws/install/ros2_control_demo_example_2/lib/libros2_control_demo_example_2.so" to ""
[8.185s] -- Installing: /home/michael/ros2_ws/install/ros2_control_demo_example_2/share/ros2_control_demo_example_2/cmake/export_ros2_control_demo_example_2Export.cmake
[8.186s] -- Installing: /home/michael/ros2_ws/install/ros2_control_demo_example_2/share/ros2_control_demo_example_2/cmake/export_ros2_control_demo_example_2Export-noconfig.cmake
[8.194s] Invoked command in '/home/michael/ros2_ws/build/ros2_control_demo_example_2' returned '0': AMENT_PREFIX_PATH=/home/michael/ros2_ws/install/ros2controlcli:/home/michael/ros2_ws/install/joint_state_broadcaster:/home/michael/ros2_ws/install/diff_drive_controller:/home/michael/ros2_ws/install/controller_manager:/home/michael/ros2_ws/install/controller_interface:/home/michael/ros2_ws/install/hardware_interface:/home/michael/ros2_ws/install/ros2_controllers_test_nodes:/home/michael/ros2_ws/install/ros2_control_test_assets:/home/michael/ros2_ws/install/realtime_tools:/home/michael/ros2_ws/install/controller_manager_msgs:/home/michael/ros2_ws/install/control_msgs:${AMENT_PREFIX_PATH} CMAKE_PREFIX_PATH=/home/michael/ros2_ws/install/joint_state_broadcaster:/home/michael/ros2_ws/install/diff_drive_controller:/home/michael/ros2_ws/install/controller_manager:/home/michael/ros2_ws/install/controller_interface:/home/michael/ros2_ws/install/hardware_interface:/home/michael/ros2_ws/install/ros2_control_test_assets:/home/michael/ros2_ws/install/realtime_tools:/home/michael/ros2_ws/install/controller_manager_msgs:/home/michael/ros2_ws/install/control_msgs:/home/michael/ros2_ws/install/testarm:/home/michael/ros2_ws/install/model_arm:/opt/ros/humble LD_LIBRARY_PATH=/home/michael/ros2_ws/install/joint_state_broadcaster/lib:/home/michael/ros2_ws/install/diff_drive_controller/lib:/home/michael/ros2_ws/install/controller_manager/lib:/home/michael/ros2_ws/install/controller_interface/lib:/home/michael/ros2_ws/install/hardware_interface/lib:/home/michael/ros2_ws/install/realtime_tools/lib:/home/michael/ros2_ws/install/controller_manager_msgs/lib:/home/michael/ros2_ws/install/control_msgs/lib:${LD_LIBRARY_PATH} PYTHONPATH=/home/michael/ros2_ws/build/ros2controlcli:/home/michael/ros2_ws/install/ros2controlcli/lib/python3.10/site-packages:/home/michael/ros2_ws/install/controller_manager/local/lib/python3.10/dist-packages:/home/michael/ros2_ws/build/ros2_controllers_test_nodes:/home/michael/ros2_ws/install/ros2_controllers_test_nodes/lib/python3.10/site-packages:/home/michael/ros2_ws/install/controller_manager_msgs/local/lib/python3.10/dist-packages:/home/michael/ros2_ws/install/control_msgs/local/lib/python3.10/dist-packages:${PYTHONPATH} /usr/bin/cmake --install /home/michael/ros2_ws/build/ros2_control_demo_example_2
