[0.031s] Invoking command in '/home/michael/ros2_ws/build/realtime_tools': CMAKE_PREFIX_PATH=${CMAKE_PREFIX_PATH}:/home/michael/ros2_ws/install/model_arm:/opt/ros/humble /usr/bin/cmake /home/michael/ros2_ws/src/ros-controls/realtime_tools -DAMENT_CMAKE_SYMLINK_INSTALL=1 -DCMAKE_INSTALL_PREFIX=/home/michael/ros2_ws/install/realtime_tools
[0.239s] -- The CXX compiler identification is GNU 11.4.0
[0.239s] -- Detecting CXX compiler ABI info
[0.239s] -- Detecting CXX compiler ABI info - done
[0.241s] -- Check for working CXX compiler: /usr/bin/c++ - skipped
[0.242s] -- Detecting CXX compile features
[0.246s] -- Detecting CXX compile features - done
[0.249s] -- Found ament_cmake: 1.3.5 (/opt/ros/humble/share/ament_cmake/cmake)
[0.465s] -- Found Python3: /usr/bin/python3.10 (found version "3.10.12") found components: Interpreter 
[0.551s] -- Override CMake install command with custom implementation using symlinks instead of copying resources
[0.584s] -- Found rclcpp: 16.0.5 (/opt/ros/humble/share/rclcpp/cmake)
[0.680s] -- Found rosidl_generator_c: 3.1.5 (/opt/ros/humble/share/rosidl_generator_c/cmake)
[0.690s] -- Found rosidl_adapter: 3.1.5 (/opt/ros/humble/share/rosidl_adapter/cmake)
[0.704s] -- Found rosidl_generator_cpp: 3.1.5 (/opt/ros/humble/share/rosidl_generator_cpp/cmake)
[0.732s] -- Using all available rosidl_typesupport_c: rosidl_typesupport_fastrtps_c;rosidl_typesupport_introspection_c
[0.764s] -- Using all available rosidl_typesupport_cpp: rosidl_typesupport_fastrtps_cpp;rosidl_typesupport_introspection_cpp
[0.886s] -- Found rmw_implementation_cmake: 6.1.1 (/opt/ros/humble/share/rmw_implementation_cmake/cmake)
[0.903s] -- Found rmw_fastrtps_cpp: 6.2.3 (/opt/ros/humble/share/rmw_fastrtps_cpp/cmake)
[1.039s] -- Found OpenSSL: /usr/lib/x86_64-linux-gnu/libcrypto.so (found version "3.0.2")  
[1.077s] -- Found FastRTPS: /opt/ros/humble/include  
[1.139s] -- Using RMW implementation 'rmw_fastrtps_cpp' as default
[1.154s] -- Looking for C++ include pthread.h
[1.241s] -- Looking for C++ include pthread.h - found
[1.245s] -- Performing Test CMAKE_HAVE_LIBC_PTHREAD
[1.340s] -- Performing Test CMAKE_HAVE_LIBC_PTHREAD - Success
[1.340s] -- Found Threads: TRUE  
[1.532s] -- Found rclcpp_action: 16.0.5 (/opt/ros/humble/share/rclcpp_action/cmake)
[1.640s] -- Found ament_cmake_gmock: 1.3.5 (/opt/ros/humble/share/ament_cmake_gmock/cmake)
[1.642s] -- Found test_msgs: 1.2.1 (/opt/ros/humble/share/test_msgs/cmake)
[1.727s] -- Found gmock sources under '/opt/ros/humble/src/gmock_vendor': C++ tests using 'Google Mock' will be built
[1.772s] -- The C compiler identification is GNU 11.4.0
[1.779s] -- Detecting C compiler ABI info
[1.852s] -- Detecting C compiler ABI info - done
[1.859s] -- Check for working C compiler: /usr/bin/cc - skipped
[1.860s] -- Detecting C compile features
[1.860s] -- Detecting C compile features - done
[1.863s] -- Found ament_cmake_gtest: 1.3.5 (/opt/ros/humble/share/ament_cmake_gtest/cmake)
[1.864s] -- Found gtest sources under '/opt/ros/humble/src/gtest_vendor': C++ tests using 'Google Test' will be built
[1.957s] -- Configuring done
[1.997s] -- Generating done
[1.999s] -- Build files have been written to: /home/michael/ros2_ws/build/realtime_tools
[2.028s] Invoked command in '/home/michael/ros2_ws/build/realtime_tools' returned '0': CMAKE_PREFIX_PATH=${CMAKE_PREFIX_PATH}:/home/michael/ros2_ws/install/model_arm:/opt/ros/humble /usr/bin/cmake /home/michael/ros2_ws/src/ros-controls/realtime_tools -DAMENT_CMAKE_SYMLINK_INSTALL=1 -DCMAKE_INSTALL_PREFIX=/home/michael/ros2_ws/install/realtime_tools
[2.029s] Invoking command in '/home/michael/ros2_ws/build/realtime_tools': CMAKE_PREFIX_PATH=${CMAKE_PREFIX_PATH}:/home/michael/ros2_ws/install/model_arm:/opt/ros/humble /usr/bin/cmake --build /home/michael/ros2_ws/build/realtime_tools -- -j14 -l14
[2.084s] [  4%] [32mBuilding CXX object CMakeFiles/realtime_tools.dir/src/realtime_clock.cpp.o[0m
[2.084s] [  9%] [32mBuilding CXX object CMakeFiles/thread_priority.dir/src/thread_priority.cpp.o[0m
[2.090s] [ 19%] [32mBuilding CXX object gmock/CMakeFiles/gmock.dir/src/gmock-all.cc.o[0m
[2.090s] [ 19%] [32mBuilding CXX object gmock/CMakeFiles/gmock.dir/opt/ros/humble/src/gtest_vendor/src/gtest-all.cc.o[0m
[2.094s] [ 23%] [32mBuilding CXX object gmock/CMakeFiles/gmock_main.dir/src/gmock_main.cc.o[0m
[4.106s] [ 28%] [32m[1mLinking CXX shared library libthread_priority.so[0m
[4.361s] [ 28%] Built target thread_priority
[5.421s] [ 33%] [32m[1mLinking CXX shared library librealtime_tools.so[0m
[5.594s] [ 33%] Built target realtime_tools
[6.359s] [ 38%] [32m[1mLinking CXX static library libgmock_main.a[0m
[6.413s] [ 38%] Built target gmock_main
[13.909s] [ 42%] [32m[1mLinking CXX static library libgmock.a[0m
[14.116s] [ 42%] Built target gmock
[14.237s] [ 47%] [32mBuilding CXX object CMakeFiles/realtime_box_tests.dir/test/realtime_box_tests.cpp.o[0m
[14.249s] [ 52%] [32mBuilding CXX object CMakeFiles/realtime_clock_tests.dir/test/realtime_clock_tests.cpp.o[0m
[14.257s] [ 57%] [32mBuilding CXX object CMakeFiles/realtime_buffer_tests.dir/test/realtime_buffer_tests.cpp.o[0m
[14.265s] [ 61%] [32mBuilding CXX object CMakeFiles/realtime_publisher_tests_non_polling.dir/test/realtime_publisher_tests_non_polling.cpp.o[0m
[14.352s] [ 66%] [32mBuilding CXX object CMakeFiles/realtime_publisher_tests.dir/test/realtime_publisher_tests.cpp.o[0m
[14.353s] [ 71%] [32mBuilding CXX object CMakeFiles/realtime_server_goal_handle_tests.dir/test/realtime_server_goal_handle_tests.cpp.o[0m
[21.563s] [ 76%] [32m[1mLinking CXX executable realtime_box_tests[0m
[21.856s] [ 76%] Built target realtime_box_tests
[22.025s] [ 80%] [32m[1mLinking CXX executable realtime_clock_tests[0m
[22.060s] [ 85%] [32m[1mLinking CXX executable realtime_buffer_tests[0m
[22.464s] [ 85%] Built target realtime_buffer_tests
[22.477s] [ 85%] Built target realtime_clock_tests
[23.911s] [01m[K/home/michael/ros2_ws/src/ros-controls/realtime_tools/test/realtime_server_goal_handle_tests.cpp:[m[K In function ‘[01m[Kstd::shared_ptr<rclcpp_action::ClientGoalHandle<test_msgs::action::Fibonacci> > send_goal(rclcpp::Node::SharedPtr, std::shared_ptr<rclcpp_action::Client<test_msgs::action::Fibonacci> >, const string&, ActionClientCallbacks&)[m[K’:
[23.911s] [01m[K/home/michael/ros2_ws/src/ros-controls/realtime_tools/test/realtime_server_goal_handle_tests.cpp:127:23:[m[K [01;35m[Kwarning: [m[Kunused parameter ‘[01m[Kserver_name[m[K’ [[01;35m[K]8;;https://gcc.gnu.org/onlinedocs/gcc/Warning-Options.html#index-Wunused-parameter-Wunused-parameter]8;;[m[K]
[23.911s]   127 |   [01;35m[Kconst std::string & server_name[m[K, ActionClientCallbacks & client_callbacks)
[23.911s]       |   [01;35m[K~~~~~~~~~~~~~~~~~~~~^~~~~~~~~~~[m[K
[25.731s] In file included from [01m[K/opt/ros/humble/src/gmock_vendor/include/gmock/internal/gmock-internal-utils.h:47[m[K,
[25.732s]                  from [01m[K/opt/ros/humble/src/gmock_vendor/include/gmock/gmock-actions.h:51[m[K,
[25.732s]                  from [01m[K/opt/ros/humble/src/gmock_vendor/include/gmock/gmock.h:59[m[K,
[25.732s]                  from [01m[K/home/michael/ros2_ws/src/ros-controls/realtime_tools/test/realtime_server_goal_handle_tests.cpp:29[m[K:
[25.732s] /opt/ros/humble/src/gtest_vendor/include/gtest/gtest.h: In instantiation of ‘[01m[Ktesting::AssertionResult testing::internal::CmpHelperEQ(const char*, const char*, const T1&, const T2&) [with T1 = int; T2 = long unsigned int][m[K’:
[25.732s] [01m[K/opt/ros/humble/src/gtest_vendor/include/gtest/gtest.h:1554:23:[m[K   required from ‘[01m[Kstatic testing::AssertionResult testing::internal::EqHelper::Compare(const char*, const char*, const T1&, const T2&) [with T1 = int; T2 = long unsigned int; typename std::enable_if<((! std::is_integral<_Tp>::value) || (! std::is_pointer<_Dp>::value))>::type* <anonymous> = 0][m[K’
[25.733s] [01m[K/home/michael/ros2_ws/src/ros-controls/realtime_tools/test/realtime_server_goal_handle_tests.cpp:203:3:[m[K   required from here
[25.733s] [01m[K/opt/ros/humble/src/gtest_vendor/include/gtest/gtest.h:1527:11:[m[K [01;35m[Kwarning: [m[Kcomparison of integer expressions of different signedness: ‘[01m[Kconst int[m[K’ and ‘[01m[Kconst long unsigned int[m[K’ [[01;35m[K]8;;https://gcc.gnu.org/onlinedocs/gcc/Warning-Options.html#index-Wsign-compare-Wsign-compare]8;;[m[K]
[25.733s]  1527 |   if ([01;35m[Klhs == rhs[m[K) {
[25.733s]       |       [01;35m[K~~~~^~~~~~[m[K
[34.565s] [ 90%] [32m[1mLinking CXX executable realtime_server_goal_handle_tests[0m
[35.025s] [ 90%] Built target realtime_server_goal_handle_tests
[38.470s] [ 95%] [32m[1mLinking CXX executable realtime_publisher_tests[0m
[38.525s] [100%] [32m[1mLinking CXX executable realtime_publisher_tests_non_polling[0m
[39.052s] [100%] Built target realtime_publisher_tests
[39.076s] [100%] Built target realtime_publisher_tests_non_polling
[39.093s] Invoked command in '/home/michael/ros2_ws/build/realtime_tools' returned '0': CMAKE_PREFIX_PATH=${CMAKE_PREFIX_PATH}:/home/michael/ros2_ws/install/model_arm:/opt/ros/humble /usr/bin/cmake --build /home/michael/ros2_ws/build/realtime_tools -- -j14 -l14
[39.147s] Invoking command in '/home/michael/ros2_ws/build/realtime_tools': CMAKE_PREFIX_PATH=${CMAKE_PREFIX_PATH}:/home/michael/ros2_ws/install/model_arm:/opt/ros/humble /usr/bin/cmake --install /home/michael/ros2_ws/build/realtime_tools
[39.154s] -- Install configuration: ""
[39.154s] -- Execute custom install script
[39.155s] -- Symlinking: /home/michael/ros2_ws/install/realtime_tools/include/realtime_tools/realtime_tools/realtime_box.h
[39.165s] -- Symlinking: /home/michael/ros2_ws/install/realtime_tools/include/realtime_tools/realtime_tools/realtime_buffer.h
[39.173s] -- Symlinking: /home/michael/ros2_ws/install/realtime_tools/include/realtime_tools/realtime_tools/realtime_clock.h
[39.181s] -- Symlinking: /home/michael/ros2_ws/install/realtime_tools/include/realtime_tools/realtime_tools/realtime_publisher.h
[39.189s] -- Symlinking: /home/michael/ros2_ws/install/realtime_tools/include/realtime_tools/realtime_tools/realtime_server_goal_handle.h
[39.197s] -- Symlinking: /home/michael/ros2_ws/install/realtime_tools/include/realtime_tools/realtime_tools/thread_priority.hpp
[39.205s] -- Symlinking: /home/michael/ros2_ws/install/realtime_tools/share/realtime_tools/environment/library_path.sh
[39.212s] -- Symlinking: /home/michael/ros2_ws/install/realtime_tools/share/realtime_tools/environment/library_path.dsv
[39.222s] -- Symlinking: /home/michael/ros2_ws/install/realtime_tools/share/ament_index/resource_index/package_run_dependencies/realtime_tools
[39.230s] -- Symlinking: /home/michael/ros2_ws/install/realtime_tools/share/ament_index/resource_index/parent_prefix_path/realtime_tools
[39.241s] -- Symlinking: /home/michael/ros2_ws/install/realtime_tools/share/realtime_tools/environment/ament_prefix_path.sh
[39.251s] -- Symlinking: /home/michael/ros2_ws/install/realtime_tools/share/realtime_tools/environment/ament_prefix_path.dsv
[39.260s] -- Symlinking: /home/michael/ros2_ws/install/realtime_tools/share/realtime_tools/environment/path.sh
[39.269s] -- Symlinking: /home/michael/ros2_ws/install/realtime_tools/share/realtime_tools/environment/path.dsv
[39.277s] -- Symlinking: /home/michael/ros2_ws/install/realtime_tools/share/realtime_tools/local_setup.bash
[39.285s] -- Symlinking: /home/michael/ros2_ws/install/realtime_tools/share/realtime_tools/local_setup.sh
[39.293s] -- Symlinking: /home/michael/ros2_ws/install/realtime_tools/share/realtime_tools/local_setup.zsh
[39.302s] -- Symlinking: /home/michael/ros2_ws/install/realtime_tools/share/realtime_tools/local_setup.dsv
[39.312s] -- Symlinking: /home/michael/ros2_ws/install/realtime_tools/share/realtime_tools/package.dsv
[39.321s] -- Symlinking: /home/michael/ros2_ws/install/realtime_tools/share/ament_index/resource_index/packages/realtime_tools
[39.328s] -- Symlinking: /home/michael/ros2_ws/install/realtime_tools/share/realtime_tools/cmake/ament_cmake_export_targets-extras.cmake
[39.336s] -- Symlinking: /home/michael/ros2_ws/install/realtime_tools/share/realtime_tools/cmake/ament_cmake_export_dependencies-extras.cmake
[39.347s] -- Symlinking: /home/michael/ros2_ws/install/realtime_tools/share/realtime_tools/cmake/realtime_toolsConfig.cmake
[39.355s] -- Symlinking: /home/michael/ros2_ws/install/realtime_tools/share/realtime_tools/cmake/realtime_toolsConfig-version.cmake
[39.363s] -- Symlinking: /home/michael/ros2_ws/install/realtime_tools/share/realtime_tools/package.xml
[39.373s] -- Installing: /home/michael/ros2_ws/install/realtime_tools/lib/librealtime_tools.so
[39.373s] -- Set runtime path of "/home/michael/ros2_ws/install/realtime_tools/lib/librealtime_tools.so" to ""
[39.374s] -- Installing: /home/michael/ros2_ws/install/realtime_tools/lib/libthread_priority.so
[39.374s] -- Set runtime path of "/home/michael/ros2_ws/install/realtime_tools/lib/libthread_priority.so" to ""
[39.375s] -- Installing: /home/michael/ros2_ws/install/realtime_tools/share/realtime_tools/cmake/export_realtime_toolsExport.cmake
[39.375s] -- Installing: /home/michael/ros2_ws/install/realtime_tools/share/realtime_tools/cmake/export_realtime_toolsExport-noconfig.cmake
[39.376s] Invoked command in '/home/michael/ros2_ws/build/realtime_tools' returned '0': CMAKE_PREFIX_PATH=${CMAKE_PREFIX_PATH}:/home/michael/ros2_ws/install/model_arm:/opt/ros/humble /usr/bin/cmake --install /home/michael/ros2_ws/build/realtime_tools
