[0.221s] Invoking command in '/home/michael/ros2_ws/build/kinematics_interface': CMAKE_PREFIX_PATH=${CMAKE_PREFIX_PATH}:/home/michael/ros2_ws/install/model_arm:/opt/ros/humble /usr/bin/cmake /home/michael/ros2_ws/src/ros-controls/kinematics_interface/kinematics_interface -DAMENT_CMAKE_SYMLINK_INSTALL=1 -DCMAKE_INSTALL_PREFIX=/home/michael/ros2_ws/install/kinematics_interface
[0.293s] -- The CXX compiler identification is GNU 11.4.0
[0.300s] -- Detecting CXX compiler ABI info
[0.407s] -- Detecting CXX compiler ABI info - done
[0.407s] -- Check for working CXX compiler: /usr/bin/c++ - skipped
[0.408s] -- Detecting CXX compile features
[0.408s] -- Detecting CXX compile features - done
[0.411s] -- Found ament_cmake: 1.3.5 (/opt/ros/humble/share/ament_cmake/cmake)
[0.632s] -- Found Python3: /usr/bin/python3.10 (found version "3.10.12") found components: Interpreter 
[0.705s] -- Override CMake install command with custom implementation using symlinks instead of copying resources
[0.747s] -- Found rclcpp: 16.0.5 (/opt/ros/humble/share/rclcpp/cmake)
[0.798s] -- Found rosidl_generator_c: 3.1.5 (/opt/ros/humble/share/rosidl_generator_c/cmake)
[0.803s] -- Found rosidl_adapter: 3.1.5 (/opt/ros/humble/share/rosidl_adapter/cmake)
[0.812s] -- Found rosidl_generator_cpp: 3.1.5 (/opt/ros/humble/share/rosidl_generator_cpp/cmake)
[0.826s] -- Using all available rosidl_typesupport_c: rosidl_typesupport_fastrtps_c;rosidl_typesupport_introspection_c
[0.850s] -- Using all available rosidl_typesupport_cpp: rosidl_typesupport_fastrtps_cpp;rosidl_typesupport_introspection_cpp
[0.940s] -- Found rmw_implementation_cmake: 6.1.1 (/opt/ros/humble/share/rmw_implementation_cmake/cmake)
[0.942s] -- Found rmw_fastrtps_cpp: 6.2.3 (/opt/ros/humble/share/rmw_fastrtps_cpp/cmake)
[1.049s] -- Found OpenSSL: /usr/lib/x86_64-linux-gnu/libcrypto.so (found version "3.0.2")  
[1.080s] -- Found FastRTPS: /opt/ros/humble/include  
[1.131s] -- Using RMW implementation 'rmw_fastrtps_cpp' as default
[1.143s] -- Looking for C++ include pthread.h
[1.238s] -- Looking for C++ include pthread.h - found
[1.238s] -- Performing Test CMAKE_HAVE_LIBC_PTHREAD
[1.333s] -- Performing Test CMAKE_HAVE_LIBC_PTHREAD - Success
[1.334s] -- Found Threads: TRUE  
[1.526s] -- Found rclcpp_lifecycle: 16.0.5 (/opt/ros/humble/share/rclcpp_lifecycle/cmake)
[1.650s] -- Configuring done
[1.654s] -- Generating done
[1.656s] -- Build files have been written to: /home/michael/ros2_ws/build/kinematics_interface
[1.663s] Invoked command in '/home/michael/ros2_ws/build/kinematics_interface' returned '0': CMAKE_PREFIX_PATH=${CMAKE_PREFIX_PATH}:/home/michael/ros2_ws/install/model_arm:/opt/ros/humble /usr/bin/cmake /home/michael/ros2_ws/src/ros-controls/kinematics_interface/kinematics_interface -DAMENT_CMAKE_SYMLINK_INSTALL=1 -DCMAKE_INSTALL_PREFIX=/home/michael/ros2_ws/install/kinematics_interface
[1.665s] Invoking command in '/home/michael/ros2_ws/build/kinematics_interface': CMAKE_PREFIX_PATH=${CMAKE_PREFIX_PATH}:/home/michael/ros2_ws/install/model_arm:/opt/ros/humble /usr/bin/cmake --build /home/michael/ros2_ws/build/kinematics_interface -- -j14 -l14
[1.698s] Invoked command in '/home/michael/ros2_ws/build/kinematics_interface' returned '0': CMAKE_PREFIX_PATH=${CMAKE_PREFIX_PATH}:/home/michael/ros2_ws/install/model_arm:/opt/ros/humble /usr/bin/cmake --build /home/michael/ros2_ws/build/kinematics_interface -- -j14 -l14
[1.719s] Invoking command in '/home/michael/ros2_ws/build/kinematics_interface': CMAKE_PREFIX_PATH=${CMAKE_PREFIX_PATH}:/home/michael/ros2_ws/install/model_arm:/opt/ros/humble /usr/bin/cmake --install /home/michael/ros2_ws/build/kinematics_interface
[1.725s] -- Install configuration: ""
[1.725s] -- Execute custom install script
[1.726s] -- Symlinking: /home/michael/ros2_ws/install/kinematics_interface/include/kinematics_interface/kinematics_interface/kinematics_interface.hpp
[1.736s] -- Symlinking: /home/michael/ros2_ws/install/kinematics_interface/include/kinematics_interface/kinematics_interface/visibility_control.h
[1.746s] -- Symlinking: /home/michael/ros2_ws/install/kinematics_interface/share/kinematics_interface/environment/library_path.sh
[1.753s] -- Symlinking: /home/michael/ros2_ws/install/kinematics_interface/share/kinematics_interface/environment/library_path.dsv
[1.762s] -- Symlinking: /home/michael/ros2_ws/install/kinematics_interface/share/ament_index/resource_index/package_run_dependencies/kinematics_interface
[1.770s] -- Symlinking: /home/michael/ros2_ws/install/kinematics_interface/share/ament_index/resource_index/parent_prefix_path/kinematics_interface
[1.779s] -- Symlinking: /home/michael/ros2_ws/install/kinematics_interface/share/kinematics_interface/environment/ament_prefix_path.sh
[1.787s] -- Symlinking: /home/michael/ros2_ws/install/kinematics_interface/share/kinematics_interface/environment/ament_prefix_path.dsv
[1.795s] -- Symlinking: /home/michael/ros2_ws/install/kinematics_interface/share/kinematics_interface/environment/path.sh
[1.807s] -- Symlinking: /home/michael/ros2_ws/install/kinematics_interface/share/kinematics_interface/environment/path.dsv
[1.812s] -- Symlinking: /home/michael/ros2_ws/install/kinematics_interface/share/kinematics_interface/local_setup.bash
[1.822s] -- Symlinking: /home/michael/ros2_ws/install/kinematics_interface/share/kinematics_interface/local_setup.sh
[1.830s] -- Symlinking: /home/michael/ros2_ws/install/kinematics_interface/share/kinematics_interface/local_setup.zsh
[1.841s] -- Symlinking: /home/michael/ros2_ws/install/kinematics_interface/share/kinematics_interface/local_setup.dsv
[1.848s] -- Symlinking: /home/michael/ros2_ws/install/kinematics_interface/share/kinematics_interface/package.dsv
[1.859s] -- Symlinking: /home/michael/ros2_ws/install/kinematics_interface/share/ament_index/resource_index/packages/kinematics_interface
[1.874s] -- Symlinking: /home/michael/ros2_ws/install/kinematics_interface/share/kinematics_interface/cmake/ament_cmake_export_targets-extras.cmake
[1.885s] -- Symlinking: /home/michael/ros2_ws/install/kinematics_interface/share/kinematics_interface/cmake/ament_cmake_export_dependencies-extras.cmake
[1.900s] -- Symlinking: /home/michael/ros2_ws/install/kinematics_interface/share/kinematics_interface/cmake/kinematics_interfaceConfig.cmake
[1.923s] -- Symlinking: /home/michael/ros2_ws/install/kinematics_interface/share/kinematics_interface/cmake/kinematics_interfaceConfig-version.cmake
[1.924s] -- Symlinking: /home/michael/ros2_ws/install/kinematics_interface/share/kinematics_interface/package.xml
[1.935s] -- Installing: /home/michael/ros2_ws/install/kinematics_interface/share/kinematics_interface/cmake/export_kinematics_interfaceExport.cmake
[1.938s] Invoked command in '/home/michael/ros2_ws/build/kinematics_interface' returned '0': CMAKE_PREFIX_PATH=${CMAKE_PREFIX_PATH}:/home/michael/ros2_ws/install/model_arm:/opt/ros/humble /usr/bin/cmake --install /home/michael/ros2_ws/build/kinematics_interface
