running develop
/usr/lib/python3/dist-packages/setuptools/command/easy_install.py:158: EasyInstallDeprecationWarning: easy_install command is deprecated. Use build and pip and other standards-based tools.
  warnings.warn(
/usr/lib/python3/dist-packages/setuptools/command/install.py:34: SetuptoolsDeprecationWarning: setup.py install is deprecated. Use build and pip and other standards-based tools.
  warnings.warn(
running egg_info
writing ../../build/model_arm/model_arm.egg-info/PKG-INFO
writing dependency_links to ../../build/model_arm/model_arm.egg-info/dependency_links.txt
writing entry points to ../../build/model_arm/model_arm.egg-info/entry_points.txt
writing requirements to ../../build/model_arm/model_arm.egg-info/requires.txt
writing top-level names to ../../build/model_arm/model_arm.egg-info/top_level.txt
reading manifest file '../../build/model_arm/model_arm.egg-info/SOURCES.txt'
writing manifest file '../../build/model_arm/model_arm.egg-info/SOURCES.txt'
running build
running build_py
running install
/usr/lib/python3/dist-packages/setuptools/command/install.py:34: SetuptoolsDeprecationWarning: setup.py install is deprecated. Use build and pip and other standards-based tools.
  warnings.warn(
running install_lib
running install_data
copying launch/gazebo.launch.py -> /home/michael/ros2_ws/install/model_arm/share/model_arm/launch
running install_egg_info
removing '/home/michael/ros2_ws/install/model_arm/lib/python3.10/site-packages/model_arm-0.0.0-py3.10.egg-info' (and everything under it)
Copying ../../build/model_arm/model_arm.egg-info to /home/michael/ros2_ws/install/model_arm/lib/python3.10/site-packages/model_arm-0.0.0-py3.10.egg-info
running install_scripts
writing list of installed files to '/home/michael/ros2_ws/build/model_arm/install.log'
