[0.268s] Invoking command in '/home/michael/ros2_ws/build/kinematics_interface': CMAKE_PREFIX_PATH=/opt/ros/humble /usr/bin/cmake --build /home/michael/ros2_ws/build/kinematics_interface -- -j14 -l14
[0.293s] -- Found ament_cmake: 1.3.5 (/opt/ros/humble/share/ament_cmake/cmake)
[0.469s] -- Override CMake install command with custom implementation using symlinks instead of copying resources
[0.478s] -- Found rclcpp: 16.0.5 (/opt/ros/humble/share/rclcpp/cmake)
[0.519s] -- Found rosidl_generator_c: 3.1.5 (/opt/ros/humble/share/rosidl_generator_c/cmake)
[0.521s] -- Found rosidl_adapter: 3.1.5 (/opt/ros/humble/share/rosidl_adapter/cmake)
[0.529s] -- Found rosidl_generator_cpp: 3.1.5 (/opt/ros/humble/share/rosidl_generator_cpp/cmake)
[0.554s] -- Using all available rosidl_typesupport_c: rosidl_typesupport_fastrtps_c;rosidl_typesupport_introspection_c
[0.571s] -- Using all available rosidl_typesupport_cpp: rosidl_typesupport_fastrtps_cpp;rosidl_typesupport_introspection_cpp
[0.640s] -- Found rmw_implementation_cmake: 6.1.1 (/opt/ros/humble/share/rmw_implementation_cmake/cmake)
[0.657s] -- Found rmw_fastrtps_cpp: 6.2.3 (/opt/ros/humble/share/rmw_fastrtps_cpp/cmake)
[0.802s] -- Using RMW implementation 'rmw_fastrtps_cpp' as default
[1.021s] -- Found rclcpp_lifecycle: 16.0.5 (/opt/ros/humble/share/rclcpp_lifecycle/cmake)
[1.179s] -- Configuring done
[1.184s] -- Generating done
[1.186s] -- Build files have been written to: /home/michael/ros2_ws/build/kinematics_interface
[1.243s] Invoked command in '/home/michael/ros2_ws/build/kinematics_interface' returned '0': CMAKE_PREFIX_PATH=/opt/ros/humble /usr/bin/cmake --build /home/michael/ros2_ws/build/kinematics_interface -- -j14 -l14
[1.271s] Invoking command in '/home/michael/ros2_ws/build/kinematics_interface': CMAKE_PREFIX_PATH=/opt/ros/humble /usr/bin/cmake --install /home/michael/ros2_ws/build/kinematics_interface
[1.279s] -- Install configuration: ""
[1.280s] -- Execute custom install script
[1.280s] -- Up-to-date symlink: /home/michael/ros2_ws/install/kinematics_interface/include/kinematics_interface/kinematics_interface/kinematics_interface.hpp
[1.281s] -- Up-to-date symlink: /home/michael/ros2_ws/install/kinematics_interface/include/kinematics_interface/kinematics_interface/visibility_control.h
[1.281s] -- Up-to-date symlink: /home/michael/ros2_ws/install/kinematics_interface/share/kinematics_interface/environment/library_path.sh
[1.281s] -- Up-to-date symlink: /home/michael/ros2_ws/install/kinematics_interface/share/kinematics_interface/environment/library_path.dsv
[1.282s] -- Up-to-date symlink: /home/michael/ros2_ws/install/kinematics_interface/share/ament_index/resource_index/package_run_dependencies/kinematics_interface
[1.282s] -- Up-to-date symlink: /home/michael/ros2_ws/install/kinematics_interface/share/ament_index/resource_index/parent_prefix_path/kinematics_interface
[1.282s] -- Up-to-date symlink: /home/michael/ros2_ws/install/kinematics_interface/share/kinematics_interface/environment/ament_prefix_path.sh
[1.282s] -- Up-to-date symlink: /home/michael/ros2_ws/install/kinematics_interface/share/kinematics_interface/environment/ament_prefix_path.dsv
[1.282s] -- Up-to-date symlink: /home/michael/ros2_ws/install/kinematics_interface/share/kinematics_interface/environment/path.sh
[1.282s] -- Up-to-date symlink: /home/michael/ros2_ws/install/kinematics_interface/share/kinematics_interface/environment/path.dsv
[1.282s] -- Up-to-date symlink: /home/michael/ros2_ws/install/kinematics_interface/share/kinematics_interface/local_setup.bash
[1.282s] -- Up-to-date symlink: /home/michael/ros2_ws/install/kinematics_interface/share/kinematics_interface/local_setup.sh
[1.282s] -- Up-to-date symlink: /home/michael/ros2_ws/install/kinematics_interface/share/kinematics_interface/local_setup.zsh
[1.282s] -- Up-to-date symlink: /home/michael/ros2_ws/install/kinematics_interface/share/kinematics_interface/local_setup.dsv
[1.282s] -- Symlinking: /home/michael/ros2_ws/install/kinematics_interface/share/kinematics_interface/package.dsv
[1.291s] -- Up-to-date symlink: /home/michael/ros2_ws/install/kinematics_interface/share/ament_index/resource_index/packages/kinematics_interface
[1.292s] -- Up-to-date symlink: /home/michael/ros2_ws/install/kinematics_interface/share/kinematics_interface/cmake/ament_cmake_export_targets-extras.cmake
[1.292s] -- Up-to-date symlink: /home/michael/ros2_ws/install/kinematics_interface/share/kinematics_interface/cmake/ament_cmake_export_dependencies-extras.cmake
[1.292s] -- Up-to-date symlink: /home/michael/ros2_ws/install/kinematics_interface/share/kinematics_interface/cmake/kinematics_interfaceConfig.cmake
[1.292s] -- Up-to-date symlink: /home/michael/ros2_ws/install/kinematics_interface/share/kinematics_interface/cmake/kinematics_interfaceConfig-version.cmake
[1.293s] -- Up-to-date symlink: /home/michael/ros2_ws/install/kinematics_interface/share/kinematics_interface/package.xml
[1.293s] -- Up-to-date: /home/michael/ros2_ws/install/kinematics_interface/share/kinematics_interface/cmake/export_kinematics_interfaceExport.cmake
[1.295s] Invoked command in '/home/michael/ros2_ws/build/kinematics_interface' returned '0': CMAKE_PREFIX_PATH=/opt/ros/humble /usr/bin/cmake --install /home/michael/ros2_ws/build/kinematics_interface
