[0.203s] DEBUG:colcon:Command line arguments: ['/usr/bin/colcon', 'build', '--packages-select', 'testarm_moveit_config']
[0.203s] DEBUG:colcon:Parsed command line arguments: Namespace(log_base=None, log_level=None, verb_name='build', build_base='build', install_base='install', merge_install=False, symlink_install=False, test_result_base=None, continue_on_error=False, executor='parallel', parallel_workers=14, event_handlers=None, ignore_user_meta=False, metas=['./colcon.meta'], base_paths=['.'], packages_ignore=None, packages_ignore_regex=None, paths=None, packages_up_to=None, packages_up_to_regex=None, packages_above=None, packages_above_and_dependencies=None, packages_above_depth=None, packages_select_by_dep=None, packages_skip_by_dep=None, packages_skip_up_to=None, packages_select_build_failed=False, packages_skip_build_finished=False, packages_select_test_failures=False, packages_skip_test_passed=False, packages_select=['testarm_moveit_config'], packages_skip=None, packages_select_regex=None, packages_skip_regex=None, packages_start=None, packages_end=None, allow_overriding=[], cmake_args=None, cmake_target=None, cmake_target_skip_unavailable=False, cmake_clean_cache=False, cmake_clean_first=False, cmake_force_configure=False, ament_cmake_args=None, catkin_cmake_args=None, catkin_skip_building_tests=False, verb_parser=<colcon_defaults.argument_parser.defaults.DefaultArgumentsDecorator object at 0x7f9a1a1deef0>, verb_extension=<colcon_core.verb.build.BuildVerb object at 0x7f9a1aa3d180>, main=<bound method BuildVerb.main of <colcon_core.verb.build.BuildVerb object at 0x7f9a1aa3d180>>)
[0.232s] Level 1:colcon.colcon_core.package_discovery:discover_packages(colcon_meta) check parameters
[0.232s] Level 1:colcon.colcon_core.package_discovery:discover_packages(recursive) check parameters
[0.232s] Level 1:colcon.colcon_core.package_discovery:discover_packages(ignore) check parameters
[0.232s] Level 1:colcon.colcon_core.package_discovery:discover_packages(path) check parameters
[0.232s] Level 1:colcon.colcon_core.package_discovery:discover_packages(colcon_meta) discover
[0.233s] Level 1:colcon.colcon_core.package_discovery:discover_packages(recursive) discover
[0.233s] INFO:colcon.colcon_core.package_discovery:Crawling recursively for packages in '/home/michael/ros2_ws/src'
[0.233s] Level 1:colcon.colcon_core.package_identification:_identify(.) by extensions ['ignore', 'ignore_ament_install']
[0.233s] Level 1:colcon.colcon_core.package_identification:_identify(.) by extension 'ignore'
[0.233s] Level 1:colcon.colcon_core.package_identification:_identify(.) by extension 'ignore_ament_install'
[0.233s] Level 1:colcon.colcon_core.package_identification:_identify(.) by extensions ['colcon_pkg']
[0.233s] Level 1:colcon.colcon_core.package_identification:_identify(.) by extension 'colcon_pkg'
[0.233s] Level 1:colcon.colcon_core.package_identification:_identify(.) by extensions ['colcon_meta']
[0.233s] Level 1:colcon.colcon_core.package_identification:_identify(.) by extension 'colcon_meta'
[0.233s] Level 1:colcon.colcon_core.package_identification:_identify(.) by extensions ['ros']
[0.233s] Level 1:colcon.colcon_core.package_identification:_identify(.) by extension 'ros'
[0.240s] Level 1:colcon.colcon_core.package_identification:_identify(.) by extensions ['cmake', 'python']
[0.240s] Level 1:colcon.colcon_core.package_identification:_identify(.) by extension 'cmake'
[0.240s] Level 1:colcon.colcon_core.package_identification:_identify(.) by extension 'python'
[0.240s] Level 1:colcon.colcon_core.package_identification:_identify(.) by extensions ['python_setup_py']
[0.240s] Level 1:colcon.colcon_core.package_identification:_identify(.) by extension 'python_setup_py'
[0.240s] Level 1:colcon.colcon_core.package_identification:_identify(build) by extensions ['ignore', 'ignore_ament_install']
[0.240s] Level 1:colcon.colcon_core.package_identification:_identify(build) by extension 'ignore'
[0.240s] Level 1:colcon.colcon_core.package_identification:_identify(build) ignored
[0.240s] Level 1:colcon.colcon_core.package_identification:_identify(install) by extensions ['ignore', 'ignore_ament_install']
[0.240s] Level 1:colcon.colcon_core.package_identification:_identify(install) by extension 'ignore'
[0.240s] Level 1:colcon.colcon_core.package_identification:_identify(install) ignored
[0.240s] Level 1:colcon.colcon_core.package_identification:_identify(log) by extensions ['ignore', 'ignore_ament_install']
[0.240s] Level 1:colcon.colcon_core.package_identification:_identify(log) by extension 'ignore'
[0.240s] Level 1:colcon.colcon_core.package_identification:_identify(log) ignored
[0.240s] Level 1:colcon.colcon_core.package_identification:_identify(testarm) by extensions ['ignore', 'ignore_ament_install']
[0.240s] Level 1:colcon.colcon_core.package_identification:_identify(testarm) by extension 'ignore'
[0.240s] Level 1:colcon.colcon_core.package_identification:_identify(testarm) by extension 'ignore_ament_install'
[0.240s] Level 1:colcon.colcon_core.package_identification:_identify(testarm) by extensions ['colcon_pkg']
[0.240s] Level 1:colcon.colcon_core.package_identification:_identify(testarm) by extension 'colcon_pkg'
[0.240s] Level 1:colcon.colcon_core.package_identification:_identify(testarm) by extensions ['colcon_meta']
[0.241s] Level 1:colcon.colcon_core.package_identification:_identify(testarm) by extension 'colcon_meta'
[0.241s] Level 1:colcon.colcon_core.package_identification:_identify(testarm) by extensions ['ros']
[0.241s] Level 1:colcon.colcon_core.package_identification:_identify(testarm) by extension 'ros'
[0.242s] DEBUG:colcon.colcon_core.package_identification:Package 'testarm' with type 'ros.ament_cmake' and name 'testarm'
[0.242s] Level 1:colcon.colcon_core.package_identification:_identify(testarm_moveit_config) by extensions ['ignore', 'ignore_ament_install']
[0.242s] Level 1:colcon.colcon_core.package_identification:_identify(testarm_moveit_config) by extension 'ignore'
[0.242s] Level 1:colcon.colcon_core.package_identification:_identify(testarm_moveit_config) by extension 'ignore_ament_install'
[0.242s] Level 1:colcon.colcon_core.package_identification:_identify(testarm_moveit_config) by extensions ['colcon_pkg']
[0.242s] Level 1:colcon.colcon_core.package_identification:_identify(testarm_moveit_config) by extension 'colcon_pkg'
[0.243s] Level 1:colcon.colcon_core.package_identification:_identify(testarm_moveit_config) by extensions ['colcon_meta']
[0.243s] Level 1:colcon.colcon_core.package_identification:_identify(testarm_moveit_config) by extension 'colcon_meta'
[0.243s] Level 1:colcon.colcon_core.package_identification:_identify(testarm_moveit_config) by extensions ['ros']
[0.243s] Level 1:colcon.colcon_core.package_identification:_identify(testarm_moveit_config) by extension 'ros'
[0.243s] DEBUG:colcon.colcon_core.package_identification:Package 'testarm_moveit_config' with type 'ros.ament_cmake' and name 'testarm_moveit_config'
[0.243s] Level 1:colcon.colcon_core.package_discovery:discover_packages(recursive) using defaults
[0.243s] Level 1:colcon.colcon_core.package_discovery:discover_packages(ignore) discover
[0.243s] Level 1:colcon.colcon_core.package_discovery:discover_packages(ignore) using defaults
[0.243s] Level 1:colcon.colcon_core.package_discovery:discover_packages(path) discover
[0.243s] Level 1:colcon.colcon_core.package_discovery:discover_packages(path) using defaults
[0.258s] INFO:colcon.colcon_core.package_selection:Skipping not selected package 'testarm' in 'testarm'
[0.259s] Level 1:colcon.colcon_core.package_discovery:discover_packages(prefix_path) check parameters
[0.259s] Level 1:colcon.colcon_core.package_discovery:discover_packages(prefix_path) discover
[0.261s] DEBUG:colcon.colcon_installed_package_information.package_discovery:Found 370 installed packages in /opt/ros/humble
[0.262s] Level 1:colcon.colcon_core.package_discovery:discover_packages(prefix_path) using defaults
[0.304s] Level 5:colcon.colcon_core.verb:set package 'testarm_moveit_config' build argument 'cmake_args' from command line to 'None'
[0.304s] Level 5:colcon.colcon_core.verb:set package 'testarm_moveit_config' build argument 'cmake_target' from command line to 'None'
[0.304s] Level 5:colcon.colcon_core.verb:set package 'testarm_moveit_config' build argument 'cmake_target_skip_unavailable' from command line to 'False'
[0.304s] Level 5:colcon.colcon_core.verb:set package 'testarm_moveit_config' build argument 'cmake_clean_cache' from command line to 'False'
[0.304s] Level 5:colcon.colcon_core.verb:set package 'testarm_moveit_config' build argument 'cmake_clean_first' from command line to 'False'
[0.304s] Level 5:colcon.colcon_core.verb:set package 'testarm_moveit_config' build argument 'cmake_force_configure' from command line to 'False'
[0.304s] Level 5:colcon.colcon_core.verb:set package 'testarm_moveit_config' build argument 'ament_cmake_args' from command line to 'None'
[0.305s] Level 5:colcon.colcon_core.verb:set package 'testarm_moveit_config' build argument 'catkin_cmake_args' from command line to 'None'
[0.305s] Level 5:colcon.colcon_core.verb:set package 'testarm_moveit_config' build argument 'catkin_skip_building_tests' from command line to 'False'
[0.305s] DEBUG:colcon.colcon_core.verb:Building package 'testarm_moveit_config' with the following arguments: {'ament_cmake_args': None, 'build_base': '/home/michael/ros2_ws/src/build/testarm_moveit_config', 'catkin_cmake_args': None, 'catkin_skip_building_tests': False, 'cmake_args': None, 'cmake_clean_cache': False, 'cmake_clean_first': False, 'cmake_force_configure': False, 'cmake_target': None, 'cmake_target_skip_unavailable': False, 'install_base': '/home/michael/ros2_ws/src/install/testarm_moveit_config', 'merge_install': False, 'path': '/home/michael/ros2_ws/src/testarm_moveit_config', 'symlink_install': False, 'test_result_base': None}
[0.305s] INFO:colcon.colcon_core.executor:Executing jobs using 'parallel' executor
[0.307s] DEBUG:colcon.colcon_parallel_executor.executor.parallel:run_until_complete
[0.307s] INFO:colcon.colcon_ros.task.ament_cmake.build:Building ROS package in '/home/michael/ros2_ws/src/testarm_moveit_config' with build type 'ament_cmake'
[0.308s] INFO:colcon.colcon_cmake.task.cmake.build:Building CMake package in '/home/michael/ros2_ws/src/testarm_moveit_config'
[0.310s] INFO:colcon.colcon_core.plugin_system:Skipping extension 'colcon_core.shell.bat': Not used on non-Windows systems
[0.311s] INFO:colcon.colcon_core.shell:Skip shell extension 'powershell' for command environment: Not usable outside of PowerShell
[0.311s] DEBUG:colcon.colcon_core.shell:Skip shell extension 'dsv' for command environment
[0.312s] ERROR:colcon.colcon_cmake.task.cmake.build:Failed to find the following files:
- /home/michael/ros2_ws/src/install/testarm/share/testarm/package.sh
Check that the following packages have been built:
- testarm
[0.312s] Level 1:colcon.colcon_core.environment:create_environment_scripts_only(testarm_moveit_config)
[0.315s] Level 1:colcon.colcon_core.environment:checking '/home/michael/ros2_ws/src/install/testarm_moveit_config' for CMake module files
[0.315s] Level 1:colcon.colcon_core.environment:checking '/home/michael/ros2_ws/src/install/testarm_moveit_config' for CMake config files
[0.315s] Level 1:colcon.colcon_core.environment:checking '/home/michael/ros2_ws/src/install/testarm_moveit_config/bin'
[0.315s] Level 1:colcon.colcon_core.environment:checking '/home/michael/ros2_ws/src/install/testarm_moveit_config/lib/pkgconfig/testarm_moveit_config.pc'
[0.315s] Level 1:colcon.colcon_core.environment:checking '/home/michael/ros2_ws/src/install/testarm_moveit_config/lib/python3.10/site-packages'
[0.315s] Level 1:colcon.colcon_core.environment:checking '/home/michael/ros2_ws/src/install/testarm_moveit_config/bin'
[0.316s] INFO:colcon.colcon_core.shell:Creating package script '/home/michael/ros2_ws/src/install/testarm_moveit_config/share/testarm_moveit_config/package.ps1'
[0.316s] INFO:colcon.colcon_core.shell:Creating package descriptor '/home/michael/ros2_ws/src/install/testarm_moveit_config/share/testarm_moveit_config/package.dsv'
[0.317s] INFO:colcon.colcon_core.shell:Creating package script '/home/michael/ros2_ws/src/install/testarm_moveit_config/share/testarm_moveit_config/package.sh'
[0.317s] INFO:colcon.colcon_core.shell:Creating package script '/home/michael/ros2_ws/src/install/testarm_moveit_config/share/testarm_moveit_config/package.bash'
[0.317s] INFO:colcon.colcon_core.shell:Creating package script '/home/michael/ros2_ws/src/install/testarm_moveit_config/share/testarm_moveit_config/package.zsh'
[0.318s] Level 1:colcon.colcon_core.environment:create_file_with_runtime_dependencies(/home/michael/ros2_ws/src/install/testarm_moveit_config/share/colcon-core/packages/testarm_moveit_config)
[0.329s] DEBUG:colcon.colcon_parallel_executor.executor.parallel:closing loop
[0.329s] DEBUG:colcon.colcon_parallel_executor.executor.parallel:loop closed
[0.329s] DEBUG:colcon.colcon_parallel_executor.executor.parallel:run_until_complete finished with '1'
[0.329s] DEBUG:colcon.colcon_core.event_reactor:joining thread
[0.332s] INFO:colcon.colcon_core.plugin_system:Skipping extension 'colcon_notification.desktop_notification.terminal_notifier': Not used on non-Darwin systems
[0.332s] INFO:colcon.colcon_core.plugin_system:Skipping extension 'colcon_notification.desktop_notification.win32': Not used on non-Windows systems
[0.332s] INFO:colcon.colcon_notification.desktop_notification:Sending desktop notification using 'notify2'
[0.341s] DEBUG:colcon.colcon_core.event_reactor:joined thread
[0.342s] INFO:colcon.colcon_core.shell:Creating prefix script '/home/michael/ros2_ws/src/install/local_setup.ps1'
[0.343s] INFO:colcon.colcon_core.shell:Creating prefix util module '/home/michael/ros2_ws/src/install/_local_setup_util_ps1.py'
[0.343s] INFO:colcon.colcon_core.shell:Creating prefix chain script '/home/michael/ros2_ws/src/install/setup.ps1'
[0.344s] INFO:colcon.colcon_core.shell:Creating prefix script '/home/michael/ros2_ws/src/install/local_setup.sh'
[0.344s] INFO:colcon.colcon_core.shell:Creating prefix util module '/home/michael/ros2_ws/src/install/_local_setup_util_sh.py'
[0.345s] INFO:colcon.colcon_core.shell:Creating prefix chain script '/home/michael/ros2_ws/src/install/setup.sh'
[0.345s] INFO:colcon.colcon_core.shell:Creating prefix script '/home/michael/ros2_ws/src/install/local_setup.bash'
[0.345s] INFO:colcon.colcon_core.shell:Creating prefix chain script '/home/michael/ros2_ws/src/install/setup.bash'
[0.346s] INFO:colcon.colcon_core.shell:Creating prefix script '/home/michael/ros2_ws/src/install/local_setup.zsh'
[0.346s] INFO:colcon.colcon_core.shell:Creating prefix chain script '/home/michael/ros2_ws/src/install/setup.zsh'
