[0.058s] Invoking command in '/home/michael/ros2_ws/build/forward_command_controller': AMENT_PREFIX_PATH=/home/michael/ros2_ws/install/controller_manager:/home/michael/ros2_ws/install/controller_interface:/home/michael/ros2_ws/install/hardware_interface:/home/michael/ros2_ws/install/ros2_control_test_assets:/home/michael/ros2_ws/install/realtime_tools:/home/michael/ros2_ws/install/controller_manager_msgs:/home/michael/ros2_ws/install/control_msgs:${AMENT_PREFIX_PATH} CMAKE_PREFIX_PATH=/home/michael/ros2_ws/install/controller_manager:/home/michael/ros2_ws/install/controller_interface:/home/michael/ros2_ws/install/hardware_interface:/home/michael/ros2_ws/install/ros2_control_test_assets:/home/michael/ros2_ws/install/realtime_tools:/home/michael/ros2_ws/install/controller_manager_msgs:/home/michael/ros2_ws/install/control_msgs:/opt/ros/humble LD_LIBRARY_PATH=/home/michael/ros2_ws/install/controller_manager/lib:/home/michael/ros2_ws/install/controller_interface/lib:/home/michael/ros2_ws/install/hardware_interface/lib:/home/michael/ros2_ws/install/realtime_tools/lib:/home/michael/ros2_ws/install/controller_manager_msgs/lib:/home/michael/ros2_ws/install/control_msgs/lib:${LD_LIBRARY_PATH} PYTHONPATH=/home/michael/ros2_ws/install/controller_manager/local/lib/python3.10/dist-packages:/home/michael/ros2_ws/install/controller_manager_msgs/local/lib/python3.10/dist-packages:/home/michael/ros2_ws/install/control_msgs/local/lib/python3.10/dist-packages:${PYTHONPATH} /usr/bin/cmake --build /home/michael/ros2_ws/build/forward_command_controller -- -j14 -l14
[0.289s] -- Found ament_cmake: 1.3.5 (/opt/ros/humble/share/ament_cmake/cmake)
[0.289s] -- Override CMake install command with custom implementation using symlinks instead of copying resources
[0.289s] -- Found backward_ros: 1.0.2 (/opt/ros/humble/share/backward_ros/cmake)
[0.291s] -- Could NOT find libbfd (missing: LIBBFD_LIBRARY LIBBFD_INCLUDE_DIR) 
[0.291s] -- BACKWARD_HAS_UNWIND=1
[0.291s] -- BACKWARD_HAS_BACKTRACE=0
[0.291s] -- BACKWARD_HAS_BACKTRACE_SYMBOL=0
[0.292s] -- BACKWARD_HAS_DW=1
[0.292s] -- BACKWARD_HAS_BFD=0
[0.292s] -- Found Backward: /opt/ros/humble/share/backward_ros/cmake  
[0.292s] -- Found controller_interface: 2.29.0 (/home/michael/ros2_ws/install/controller_interface/share/controller_interface/cmake)
[0.293s] -- Found rosidl_generator_c: 3.1.5 (/opt/ros/humble/share/rosidl_generator_c/cmake)
[0.293s] -- Found rosidl_adapter: 3.1.5 (/opt/ros/humble/share/rosidl_adapter/cmake)
[0.293s] -- Found rosidl_generator_cpp: 3.1.5 (/opt/ros/humble/share/rosidl_generator_cpp/cmake)
[0.293s] -- Using all available rosidl_typesupport_c: rosidl_typesupport_fastrtps_c;rosidl_typesupport_introspection_c
[0.299s] -- Using all available rosidl_typesupport_cpp: rosidl_typesupport_fastrtps_cpp;rosidl_typesupport_introspection_cpp
[1.418s] -- Found rmw_implementation_cmake: 6.1.1 (/opt/ros/humble/share/rmw_implementation_cmake/cmake)
[1.421s] -- Found rmw_fastrtps_cpp: 6.2.3 (/opt/ros/humble/share/rmw_fastrtps_cpp/cmake)
[1.618s] -- Using RMW implementation 'rmw_fastrtps_cpp' as default
[2.054s] -- Found generate_parameter_library: 0.3.3 (/opt/ros/humble/share/generate_parameter_library/cmake)
[2.054s] -- Found parameter_traits: 0.3.3 (/opt/ros/humble/share/parameter_traits/cmake)
[2.080s] -- Found realtime_tools: 2.5.0 (/home/michael/ros2_ws/install/realtime_tools/share/realtime_tools/cmake)
[2.513s] -- Found ament_cmake_gmock: 1.3.5 (/opt/ros/humble/share/ament_cmake_gmock/cmake)
[2.514s] -- Found controller_manager: 2.29.0 (/home/michael/ros2_ws/install/controller_manager/share/controller_manager/cmake)
[2.954s] -- Found ros2_control_test_assets: 2.29.0 (/home/michael/ros2_ws/install/ros2_control_test_assets/share/ros2_control_test_assets/cmake)
[2.956s] -- Found gmock sources under '/opt/ros/humble/src/gmock_vendor': C++ tests using 'Google Mock' will be built
[2.960s] -- Found ament_cmake_gtest: 1.3.5 (/opt/ros/humble/share/ament_cmake_gtest/cmake)
[2.961s] -- Found gtest sources under '/opt/ros/humble/src/gtest_vendor': C++ tests using 'Google Test' will be built
[4.788s] -- Configuring done
[5.062s] -- Generating done
[5.066s] -- Build files have been written to: /home/michael/ros2_ws/build/forward_command_controller
[5.222s] [35m[1mConsolidate compiler generated dependencies of target gmock_main[0m
[5.242s] [  5%] [34m[1mRunning `/opt/ros/humble/bin/generate_parameter_library_py /home/michael/ros2_ws/build/forward_command_controller/forward_command_controller_parameters/include//forward_command_controller_parameters.hpp /home/michael/ros2_ws/src/ros-controls/ros2_controllers/forward_command_controller/src/forward_command_controller_parameters.yaml `[0m
[5.258s] [35m[1mConsolidate compiler generated dependencies of target gmock[0m
[5.291s] [ 15%] Built target gmock_main
[5.301s] [ 21%] [34m[1mRunning `/opt/ros/humble/bin/generate_parameter_library_py /home/michael/ros2_ws/build/forward_command_controller/multi_interface_forward_command_controller_parameters/include//multi_interface_forward_command_controller_parameters.hpp /home/michael/ros2_ws/src/ros-controls/ros2_controllers/forward_command_controller/src/multi_interface_forward_command_controller_parameters.yaml `[0m
[5.322s] [ 36%] Built target gmock
[5.736s] [ 36%] Built target forward_command_controller_parameters
[5.924s] [ 36%] Built target multi_interface_forward_command_controller_parameters
[5.991s] [35m[1mConsolidate compiler generated dependencies of target forward_command_controller[0m
[6.120s] [ 42%] [32mBuilding CXX object CMakeFiles/forward_command_controller.dir/src/forward_controllers_base.cpp.o[0m
[6.142s] [ 47%] [32mBuilding CXX object CMakeFiles/forward_command_controller.dir/src/forward_command_controller.cpp.o[0m
[6.146s] [ 52%] [32mBuilding CXX object CMakeFiles/forward_command_controller.dir/src/multi_interface_forward_command_controller.cpp.o[0m
[40.238s] [ 57%] [32m[1mLinking CXX shared library libforward_command_controller.so[0m
[41.766s] [ 57%] Built target forward_command_controller
[41.795s] [35m[1mConsolidate compiler generated dependencies of target test_load_forward_command_controller[0m
[41.854s] [35m[1mConsolidate compiler generated dependencies of target test_load_multi_interface_forward_command_controller[0m
[41.854s] [35m[1mConsolidate compiler generated dependencies of target test_forward_command_controller[0m
[41.866s] [35m[1mConsolidate compiler generated dependencies of target test_multi_interface_forward_command_controller[0m
[41.924s] [ 63%] [32mBuilding CXX object CMakeFiles/test_load_forward_command_controller.dir/test/test_load_forward_command_controller.cpp.o[0m
[41.927s] [ 68%] [32mBuilding CXX object CMakeFiles/test_forward_command_controller.dir/test/test_forward_command_controller.cpp.o[0m
[41.946s] [ 73%] [32mBuilding CXX object CMakeFiles/test_multi_interface_forward_command_controller.dir/test/test_multi_interface_forward_command_controller.cpp.o[0m
[42.002s] [ 78%] [32mBuilding CXX object CMakeFiles/test_load_multi_interface_forward_command_controller.dir/test/test_load_multi_interface_forward_command_controller.cpp.o[0m
[54.817s] [ 84%] [32m[1mLinking CXX executable test_load_forward_command_controller[0m
[56.290s] [ 89%] [32m[1mLinking CXX executable test_load_multi_interface_forward_command_controller[0m
[56.710s] [ 89%] Built target test_load_forward_command_controller
[57.953s] [ 89%] Built target test_load_multi_interface_forward_command_controller
[58.194s] [ 94%] [32m[1mLinking CXX executable test_multi_interface_forward_command_controller[0m
[59.544s] [ 94%] Built target test_multi_interface_forward_command_controller
[60.080s] [100%] [32m[1mLinking CXX executable test_forward_command_controller[0m
[61.097s] [100%] Built target test_forward_command_controller
[61.117s] Invoked command in '/home/michael/ros2_ws/build/forward_command_controller' returned '0': AMENT_PREFIX_PATH=/home/michael/ros2_ws/install/controller_manager:/home/michael/ros2_ws/install/controller_interface:/home/michael/ros2_ws/install/hardware_interface:/home/michael/ros2_ws/install/ros2_control_test_assets:/home/michael/ros2_ws/install/realtime_tools:/home/michael/ros2_ws/install/controller_manager_msgs:/home/michael/ros2_ws/install/control_msgs:${AMENT_PREFIX_PATH} CMAKE_PREFIX_PATH=/home/michael/ros2_ws/install/controller_manager:/home/michael/ros2_ws/install/controller_interface:/home/michael/ros2_ws/install/hardware_interface:/home/michael/ros2_ws/install/ros2_control_test_assets:/home/michael/ros2_ws/install/realtime_tools:/home/michael/ros2_ws/install/controller_manager_msgs:/home/michael/ros2_ws/install/control_msgs:/opt/ros/humble LD_LIBRARY_PATH=/home/michael/ros2_ws/install/controller_manager/lib:/home/michael/ros2_ws/install/controller_interface/lib:/home/michael/ros2_ws/install/hardware_interface/lib:/home/michael/ros2_ws/install/realtime_tools/lib:/home/michael/ros2_ws/install/controller_manager_msgs/lib:/home/michael/ros2_ws/install/control_msgs/lib:${LD_LIBRARY_PATH} PYTHONPATH=/home/michael/ros2_ws/install/controller_manager/local/lib/python3.10/dist-packages:/home/michael/ros2_ws/install/controller_manager_msgs/local/lib/python3.10/dist-packages:/home/michael/ros2_ws/install/control_msgs/local/lib/python3.10/dist-packages:${PYTHONPATH} /usr/bin/cmake --build /home/michael/ros2_ws/build/forward_command_controller -- -j14 -l14
[61.188s] Invoking command in '/home/michael/ros2_ws/build/forward_command_controller': AMENT_PREFIX_PATH=/home/michael/ros2_ws/install/controller_manager:/home/michael/ros2_ws/install/controller_interface:/home/michael/ros2_ws/install/hardware_interface:/home/michael/ros2_ws/install/ros2_control_test_assets:/home/michael/ros2_ws/install/realtime_tools:/home/michael/ros2_ws/install/controller_manager_msgs:/home/michael/ros2_ws/install/control_msgs:${AMENT_PREFIX_PATH} CMAKE_PREFIX_PATH=/home/michael/ros2_ws/install/controller_manager:/home/michael/ros2_ws/install/controller_interface:/home/michael/ros2_ws/install/hardware_interface:/home/michael/ros2_ws/install/ros2_control_test_assets:/home/michael/ros2_ws/install/realtime_tools:/home/michael/ros2_ws/install/controller_manager_msgs:/home/michael/ros2_ws/install/control_msgs:/opt/ros/humble LD_LIBRARY_PATH=/home/michael/ros2_ws/install/controller_manager/lib:/home/michael/ros2_ws/install/controller_interface/lib:/home/michael/ros2_ws/install/hardware_interface/lib:/home/michael/ros2_ws/install/realtime_tools/lib:/home/michael/ros2_ws/install/controller_manager_msgs/lib:/home/michael/ros2_ws/install/control_msgs/lib:${LD_LIBRARY_PATH} PYTHONPATH=/home/michael/ros2_ws/install/controller_manager/local/lib/python3.10/dist-packages:/home/michael/ros2_ws/install/controller_manager_msgs/local/lib/python3.10/dist-packages:/home/michael/ros2_ws/install/control_msgs/local/lib/python3.10/dist-packages:${PYTHONPATH} /usr/bin/cmake --install /home/michael/ros2_ws/build/forward_command_controller
[61.201s] -- Install configuration: ""
[61.202s] -- Execute custom install script
[61.203s] -- Up-to-date symlink: /home/michael/ros2_ws/install/forward_command_controller/include/forward_command_controller_parameters/forward_command_controller_parameters.hpp
[61.203s] -- Up-to-date symlink: /home/michael/ros2_ws/install/forward_command_controller/include/multi_interface_forward_command_controller_parameters/multi_interface_forward_command_controller_parameters.hpp
[61.203s] -- Up-to-date symlink: /home/michael/ros2_ws/install/forward_command_controller/share/forward_command_controller//forward_command_plugin.xml
[61.203s] -- Up-to-date symlink: /home/michael/ros2_ws/install/forward_command_controller/include/forward_command_controller/forward_command_controller/forward_command_controller.hpp
[61.205s] -- Up-to-date symlink: /home/michael/ros2_ws/install/forward_command_controller/include/forward_command_controller/forward_command_controller/forward_controllers_base.hpp
[61.205s] -- Up-to-date symlink: /home/michael/ros2_ws/install/forward_command_controller/include/forward_command_controller/forward_command_controller/multi_interface_forward_command_controller.hpp
[61.205s] -- Up-to-date symlink: /home/michael/ros2_ws/install/forward_command_controller/include/forward_command_controller/forward_command_controller/visibility_control.h
[61.205s] -- Up-to-date symlink: /home/michael/ros2_ws/install/forward_command_controller/share/forward_command_controller/environment/library_path.sh
[61.206s] -- Up-to-date symlink: /home/michael/ros2_ws/install/forward_command_controller/share/forward_command_controller/environment/library_path.dsv
[61.206s] -- Up-to-date symlink: /home/michael/ros2_ws/install/forward_command_controller/share/ament_index/resource_index/package_run_dependencies/forward_command_controller
[61.208s] -- Up-to-date symlink: /home/michael/ros2_ws/install/forward_command_controller/share/ament_index/resource_index/parent_prefix_path/forward_command_controller
[61.209s] -- Up-to-date symlink: /home/michael/ros2_ws/install/forward_command_controller/share/forward_command_controller/environment/ament_prefix_path.sh
[61.209s] -- Up-to-date symlink: /home/michael/ros2_ws/install/forward_command_controller/share/forward_command_controller/environment/ament_prefix_path.dsv
[61.209s] -- Up-to-date symlink: /home/michael/ros2_ws/install/forward_command_controller/share/forward_command_controller/environment/path.sh
[61.209s] -- Up-to-date symlink: /home/michael/ros2_ws/install/forward_command_controller/share/forward_command_controller/environment/path.dsv
[61.210s] -- Up-to-date symlink: /home/michael/ros2_ws/install/forward_command_controller/share/forward_command_controller/local_setup.bash
[61.210s] -- Up-to-date symlink: /home/michael/ros2_ws/install/forward_command_controller/share/forward_command_controller/local_setup.sh
[61.211s] -- Up-to-date symlink: /home/michael/ros2_ws/install/forward_command_controller/share/forward_command_controller/local_setup.zsh
[61.211s] -- Up-to-date symlink: /home/michael/ros2_ws/install/forward_command_controller/share/forward_command_controller/local_setup.dsv
[61.212s] -- Symlinking: /home/michael/ros2_ws/install/forward_command_controller/share/forward_command_controller/package.dsv
[61.223s] -- Up-to-date symlink: /home/michael/ros2_ws/install/forward_command_controller/share/ament_index/resource_index/packages/forward_command_controller
[61.224s] -- Up-to-date symlink: /home/michael/ros2_ws/install/forward_command_controller/share/ament_index/resource_index/controller_interface__pluginlib__plugin/forward_command_controller
[61.224s] -- Up-to-date symlink: /home/michael/ros2_ws/install/forward_command_controller/share/forward_command_controller/cmake/ament_cmake_export_targets-extras.cmake
[61.224s] -- Up-to-date symlink: /home/michael/ros2_ws/install/forward_command_controller/share/forward_command_controller/cmake/ament_cmake_export_dependencies-extras.cmake
[61.225s] -- Up-to-date symlink: /home/michael/ros2_ws/install/forward_command_controller/share/forward_command_controller/cmake/forward_command_controllerConfig.cmake
[61.225s] -- Up-to-date symlink: /home/michael/ros2_ws/install/forward_command_controller/share/forward_command_controller/cmake/forward_command_controllerConfig-version.cmake
[61.226s] -- Up-to-date symlink: /home/michael/ros2_ws/install/forward_command_controller/share/forward_command_controller/package.xml
[61.226s] -- Installing: /home/michael/ros2_ws/install/forward_command_controller/lib/libforward_command_controller.so
[61.241s] -- Set runtime path of "/home/michael/ros2_ws/install/forward_command_controller/lib/libforward_command_controller.so" to ""
[61.241s] -- Up-to-date: /home/michael/ros2_ws/install/forward_command_controller/share/forward_command_controller/cmake/export_forward_command_controllerExport.cmake
[61.241s] -- Up-to-date: /home/michael/ros2_ws/install/forward_command_controller/share/forward_command_controller/cmake/export_forward_command_controllerExport-noconfig.cmake
[61.244s] Invoked command in '/home/michael/ros2_ws/build/forward_command_controller' returned '0': AMENT_PREFIX_PATH=/home/michael/ros2_ws/install/controller_manager:/home/michael/ros2_ws/install/controller_interface:/home/michael/ros2_ws/install/hardware_interface:/home/michael/ros2_ws/install/ros2_control_test_assets:/home/michael/ros2_ws/install/realtime_tools:/home/michael/ros2_ws/install/controller_manager_msgs:/home/michael/ros2_ws/install/control_msgs:${AMENT_PREFIX_PATH} CMAKE_PREFIX_PATH=/home/michael/ros2_ws/install/controller_manager:/home/michael/ros2_ws/install/controller_interface:/home/michael/ros2_ws/install/hardware_interface:/home/michael/ros2_ws/install/ros2_control_test_assets:/home/michael/ros2_ws/install/realtime_tools:/home/michael/ros2_ws/install/controller_manager_msgs:/home/michael/ros2_ws/install/control_msgs:/opt/ros/humble LD_LIBRARY_PATH=/home/michael/ros2_ws/install/controller_manager/lib:/home/michael/ros2_ws/install/controller_interface/lib:/home/michael/ros2_ws/install/hardware_interface/lib:/home/michael/ros2_ws/install/realtime_tools/lib:/home/michael/ros2_ws/install/controller_manager_msgs/lib:/home/michael/ros2_ws/install/control_msgs/lib:${LD_LIBRARY_PATH} PYTHONPATH=/home/michael/ros2_ws/install/controller_manager/local/lib/python3.10/dist-packages:/home/michael/ros2_ws/install/controller_manager_msgs/local/lib/python3.10/dist-packages:/home/michael/ros2_ws/install/control_msgs/local/lib/python3.10/dist-packages:${PYTHONPATH} /usr/bin/cmake --install /home/michael/ros2_ws/build/forward_command_controller
