[0.027s] Invoking command in '/home/michael/ros2_ws/build/realtime_tools': CMAKE_PREFIX_PATH=/opt/ros/humble /usr/bin/cmake --build /home/michael/ros2_ws/build/realtime_tools -- -j14 -l14
[0.290s] -- Found ament_cmake: 1.3.5 (/opt/ros/humble/share/ament_cmake/cmake)
[0.290s] -- Override CMake install command with custom implementation using symlinks instead of copying resources
[0.290s] -- Found rclcpp: 16.0.5 (/opt/ros/humble/share/rclcpp/cmake)
[0.290s] -- Found rosidl_generator_c: 3.1.5 (/opt/ros/humble/share/rosidl_generator_c/cmake)
[0.290s] -- Found rosidl_adapter: 3.1.5 (/opt/ros/humble/share/rosidl_adapter/cmake)
[0.290s] -- Found rosidl_generator_cpp: 3.1.5 (/opt/ros/humble/share/rosidl_generator_cpp/cmake)
[0.291s] -- Using all available rosidl_typesupport_c: rosidl_typesupport_fastrtps_c;rosidl_typesupport_introspection_c
[0.291s] -- Using all available rosidl_typesupport_cpp: rosidl_typesupport_fastrtps_cpp;rosidl_typesupport_introspection_cpp
[0.339s] -- Found rmw_implementation_cmake: 6.1.1 (/opt/ros/humble/share/rmw_implementation_cmake/cmake)
[0.340s] -- Found rmw_fastrtps_cpp: 6.2.3 (/opt/ros/humble/share/rmw_fastrtps_cpp/cmake)
[0.489s] -- Using RMW implementation 'rmw_fastrtps_cpp' as default
[0.688s] -- Found rclcpp_action: 16.0.5 (/opt/ros/humble/share/rclcpp_action/cmake)
[0.820s] -- Found ament_cmake_gmock: 1.3.5 (/opt/ros/humble/share/ament_cmake_gmock/cmake)
[0.821s] -- Found test_msgs: 1.2.1 (/opt/ros/humble/share/test_msgs/cmake)
[0.906s] -- Found gmock sources under '/opt/ros/humble/src/gmock_vendor': C++ tests using 'Google Mock' will be built
[0.909s] -- Found ament_cmake_gtest: 1.3.5 (/opt/ros/humble/share/ament_cmake_gtest/cmake)
[0.910s] -- Found gtest sources under '/opt/ros/humble/src/gtest_vendor': C++ tests using 'Google Test' will be built
[1.001s] -- Configuring done
[1.052s] -- Generating done
[1.056s] -- Build files have been written to: /home/michael/ros2_ws/build/realtime_tools
[1.088s] [35m[1mConsolidate compiler generated dependencies of target realtime_tools[0m
[1.088s] [35m[1mConsolidate compiler generated dependencies of target thread_priority[0m
[1.089s] [35m[1mConsolidate compiler generated dependencies of target gmock_main[0m
[1.089s] [35m[1mConsolidate compiler generated dependencies of target gmock[0m
[1.104s] [  4%] [32mBuilding CXX object CMakeFiles/thread_priority.dir/src/thread_priority.cpp.o[0m
[1.112s] [ 14%] Built target gmock_main
[1.114s] [ 28%] Built target gmock
[1.117s] [ 33%] [32mBuilding CXX object CMakeFiles/realtime_tools.dir/src/realtime_clock.cpp.o[0m
[1.458s] [ 38%] [32m[1mLinking CXX shared library libthread_priority.so[0m
[1.559s] [ 38%] Built target thread_priority
[2.113s] [ 42%] [32m[1mLinking CXX shared library librealtime_tools.so[0m
[2.240s] [ 42%] Built target realtime_tools
[2.254s] [35m[1mConsolidate compiler generated dependencies of target realtime_box_tests[0m
[2.255s] [35m[1mConsolidate compiler generated dependencies of target realtime_clock_tests[0m
[2.255s] [35m[1mConsolidate compiler generated dependencies of target realtime_publisher_tests_non_polling[0m
[2.255s] [35m[1mConsolidate compiler generated dependencies of target realtime_buffer_tests[0m
[2.256s] [35m[1mConsolidate compiler generated dependencies of target realtime_publisher_tests[0m
[2.258s] [35m[1mConsolidate compiler generated dependencies of target realtime_server_goal_handle_tests[0m
[2.279s] [ 47%] [32mBuilding CXX object CMakeFiles/realtime_box_tests.dir/test/realtime_box_tests.cpp.o[0m
[2.279s] [ 52%] [32mBuilding CXX object CMakeFiles/realtime_buffer_tests.dir/test/realtime_buffer_tests.cpp.o[0m
[2.284s] [ 57%] [32mBuilding CXX object CMakeFiles/realtime_clock_tests.dir/test/realtime_clock_tests.cpp.o[0m
[2.287s] [ 61%] [32mBuilding CXX object CMakeFiles/realtime_publisher_tests_non_polling.dir/test/realtime_publisher_tests_non_polling.cpp.o[0m
[2.287s] [ 66%] [32mBuilding CXX object CMakeFiles/realtime_publisher_tests.dir/test/realtime_publisher_tests.cpp.o[0m
[2.307s] [ 71%] [32mBuilding CXX object CMakeFiles/realtime_server_goal_handle_tests.dir/test/realtime_server_goal_handle_tests.cpp.o[0m
[4.363s] [ 76%] [32m[1mLinking CXX executable realtime_box_tests[0m
[4.505s] [ 80%] [32m[1mLinking CXX executable realtime_buffer_tests[0m
[4.660s] [ 80%] Built target realtime_box_tests
[4.762s] [ 85%] [32m[1mLinking CXX executable realtime_clock_tests[0m
[4.788s] [ 85%] Built target realtime_buffer_tests
[5.056s] [ 85%] Built target realtime_clock_tests
[5.716s] [01m[K/home/michael/ros2_ws/src/ros-controls/realtime_tools/test/realtime_server_goal_handle_tests.cpp:[m[K In function ‘[01m[Kstd::shared_ptr<rclcpp_action::ClientGoalHandle<test_msgs::action::Fibonacci> > send_goal(rclcpp::Node::SharedPtr, std::shared_ptr<rclcpp_action::Client<test_msgs::action::Fibonacci> >, const string&, ActionClientCallbacks&)[m[K’:
[5.716s] [01m[K/home/michael/ros2_ws/src/ros-controls/realtime_tools/test/realtime_server_goal_handle_tests.cpp:127:23:[m[K [01;35m[Kwarning: [m[Kunused parameter ‘[01m[Kserver_name[m[K’ [[01;35m[K]8;;https://gcc.gnu.org/onlinedocs/gcc/Warning-Options.html#index-Wunused-parameter-Wunused-parameter]8;;[m[K]
[5.716s]   127 |   [01;35m[Kconst std::string & server_name[m[K, ActionClientCallbacks & client_callbacks)
[5.716s]       |   [01;35m[K~~~~~~~~~~~~~~~~~~~~^~~~~~~~~~~[m[K
[6.141s] In file included from [01m[K/opt/ros/humble/src/gmock_vendor/include/gmock/internal/gmock-internal-utils.h:47[m[K,
[6.142s]                  from [01m[K/opt/ros/humble/src/gmock_vendor/include/gmock/gmock-actions.h:51[m[K,
[6.142s]                  from [01m[K/opt/ros/humble/src/gmock_vendor/include/gmock/gmock.h:59[m[K,
[6.142s]                  from [01m[K/home/michael/ros2_ws/src/ros-controls/realtime_tools/test/realtime_server_goal_handle_tests.cpp:29[m[K:
[6.142s] /opt/ros/humble/src/gtest_vendor/include/gtest/gtest.h: In instantiation of ‘[01m[Ktesting::AssertionResult testing::internal::CmpHelperEQ(const char*, const char*, const T1&, const T2&) [with T1 = int; T2 = long unsigned int][m[K’:
[6.142s] [01m[K/opt/ros/humble/src/gtest_vendor/include/gtest/gtest.h:1554:23:[m[K   required from ‘[01m[Kstatic testing::AssertionResult testing::internal::EqHelper::Compare(const char*, const char*, const T1&, const T2&) [with T1 = int; T2 = long unsigned int; typename std::enable_if<((! std::is_integral<_Tp>::value) || (! std::is_pointer<_Dp>::value))>::type* <anonymous> = 0][m[K’
[6.142s] [01m[K/home/michael/ros2_ws/src/ros-controls/realtime_tools/test/realtime_server_goal_handle_tests.cpp:203:3:[m[K   required from here
[6.142s] [01m[K/opt/ros/humble/src/gtest_vendor/include/gtest/gtest.h:1527:11:[m[K [01;35m[Kwarning: [m[Kcomparison of integer expressions of different signedness: ‘[01m[Kconst int[m[K’ and ‘[01m[Kconst long unsigned int[m[K’ [[01;35m[K]8;;https://gcc.gnu.org/onlinedocs/gcc/Warning-Options.html#index-Wsign-compare-Wsign-compare]8;;[m[K]
[6.142s]  1527 |   if ([01;35m[Klhs == rhs[m[K) {
[6.142s]       |       [01;35m[K~~~~^~~~~~[m[K
[8.965s] [ 90%] [32m[1mLinking CXX executable realtime_server_goal_handle_tests[0m
[9.386s] [ 90%] Built target realtime_server_goal_handle_tests
[12.376s] [ 95%] [32m[1mLinking CXX executable realtime_publisher_tests_non_polling[0m
[12.487s] [100%] [32m[1mLinking CXX executable realtime_publisher_tests[0m
[13.458s] [100%] Built target realtime_publisher_tests_non_polling
[13.924s] [100%] Built target realtime_publisher_tests
[13.965s] Invoked command in '/home/michael/ros2_ws/build/realtime_tools' returned '0': CMAKE_PREFIX_PATH=/opt/ros/humble /usr/bin/cmake --build /home/michael/ros2_ws/build/realtime_tools -- -j14 -l14
[14.486s] Invoking command in '/home/michael/ros2_ws/build/realtime_tools': CMAKE_PREFIX_PATH=/opt/ros/humble /usr/bin/cmake --install /home/michael/ros2_ws/build/realtime_tools
[14.499s] -- Install configuration: ""
[14.499s] -- Execute custom install script
[14.499s] -- Up-to-date symlink: /home/michael/ros2_ws/install/realtime_tools/include/realtime_tools/realtime_tools/realtime_box.h
[14.500s] -- Up-to-date symlink: /home/michael/ros2_ws/install/realtime_tools/include/realtime_tools/realtime_tools/realtime_buffer.h
[14.500s] -- Up-to-date symlink: /home/michael/ros2_ws/install/realtime_tools/include/realtime_tools/realtime_tools/realtime_clock.h
[14.501s] -- Up-to-date symlink: /home/michael/ros2_ws/install/realtime_tools/include/realtime_tools/realtime_tools/realtime_publisher.h
[14.501s] -- Up-to-date symlink: /home/michael/ros2_ws/install/realtime_tools/include/realtime_tools/realtime_tools/realtime_server_goal_handle.h
[14.501s] -- Up-to-date symlink: /home/michael/ros2_ws/install/realtime_tools/include/realtime_tools/realtime_tools/thread_priority.hpp
[14.502s] -- Up-to-date symlink: /home/michael/ros2_ws/install/realtime_tools/share/realtime_tools/environment/library_path.sh
[14.502s] -- Up-to-date symlink: /home/michael/ros2_ws/install/realtime_tools/share/realtime_tools/environment/library_path.dsv
[14.502s] -- Up-to-date symlink: /home/michael/ros2_ws/install/realtime_tools/share/ament_index/resource_index/package_run_dependencies/realtime_tools
[14.502s] -- Up-to-date symlink: /home/michael/ros2_ws/install/realtime_tools/share/ament_index/resource_index/parent_prefix_path/realtime_tools
[14.502s] -- Up-to-date symlink: /home/michael/ros2_ws/install/realtime_tools/share/realtime_tools/environment/ament_prefix_path.sh
[14.502s] -- Up-to-date symlink: /home/michael/ros2_ws/install/realtime_tools/share/realtime_tools/environment/ament_prefix_path.dsv
[14.502s] -- Up-to-date symlink: /home/michael/ros2_ws/install/realtime_tools/share/realtime_tools/environment/path.sh
[14.502s] -- Up-to-date symlink: /home/michael/ros2_ws/install/realtime_tools/share/realtime_tools/environment/path.dsv
[14.502s] -- Up-to-date symlink: /home/michael/ros2_ws/install/realtime_tools/share/realtime_tools/local_setup.bash
[14.502s] -- Up-to-date symlink: /home/michael/ros2_ws/install/realtime_tools/share/realtime_tools/local_setup.sh
[14.502s] -- Up-to-date symlink: /home/michael/ros2_ws/install/realtime_tools/share/realtime_tools/local_setup.zsh
[14.503s] -- Up-to-date symlink: /home/michael/ros2_ws/install/realtime_tools/share/realtime_tools/local_setup.dsv
[14.503s] -- Symlinking: /home/michael/ros2_ws/install/realtime_tools/share/realtime_tools/package.dsv
[14.516s] -- Up-to-date symlink: /home/michael/ros2_ws/install/realtime_tools/share/ament_index/resource_index/packages/realtime_tools
[14.516s] -- Up-to-date symlink: /home/michael/ros2_ws/install/realtime_tools/share/realtime_tools/cmake/ament_cmake_export_targets-extras.cmake
[14.517s] -- Up-to-date symlink: /home/michael/ros2_ws/install/realtime_tools/share/realtime_tools/cmake/ament_cmake_export_dependencies-extras.cmake
[14.517s] -- Up-to-date symlink: /home/michael/ros2_ws/install/realtime_tools/share/realtime_tools/cmake/realtime_toolsConfig.cmake
[14.517s] -- Up-to-date symlink: /home/michael/ros2_ws/install/realtime_tools/share/realtime_tools/cmake/realtime_toolsConfig-version.cmake
[14.517s] -- Up-to-date symlink: /home/michael/ros2_ws/install/realtime_tools/share/realtime_tools/package.xml
[14.518s] -- Installing: /home/michael/ros2_ws/install/realtime_tools/lib/librealtime_tools.so
[14.518s] -- Set runtime path of "/home/michael/ros2_ws/install/realtime_tools/lib/librealtime_tools.so" to ""
[14.518s] -- Installing: /home/michael/ros2_ws/install/realtime_tools/lib/libthread_priority.so
[14.518s] -- Set runtime path of "/home/michael/ros2_ws/install/realtime_tools/lib/libthread_priority.so" to ""
[14.518s] -- Up-to-date: /home/michael/ros2_ws/install/realtime_tools/share/realtime_tools/cmake/export_realtime_toolsExport.cmake
[14.518s] -- Up-to-date: /home/michael/ros2_ws/install/realtime_tools/share/realtime_tools/cmake/export_realtime_toolsExport-noconfig.cmake
[14.519s] Invoked command in '/home/michael/ros2_ws/build/realtime_tools' returned '0': CMAKE_PREFIX_PATH=/opt/ros/humble /usr/bin/cmake --install /home/michael/ros2_ws/build/realtime_tools
