[0.260s] Invoking command in '/home/michael/ros2_ws/build/ign_ros2_control': AMENT_PREFIX_PATH=/home/michael/ros2_ws/install/controller_manager:/home/michael/ros2_ws/install/controller_interface:/home/michael/ros2_ws/install/hardware_interface:/home/michael/ros2_ws/install/ros2_control_test_assets:/home/michael/ros2_ws/install/realtime_tools:/home/michael/ros2_ws/install/controller_manager_msgs:/home/michael/ros2_ws/install/control_msgs:${AMENT_PREFIX_PATH} CMAKE_PREFIX_PATH=/home/michael/ros2_ws/install/controller_manager:/home/michael/ros2_ws/install/controller_interface:/home/michael/ros2_ws/install/hardware_interface:/home/michael/ros2_ws/install/ros2_control_test_assets:/home/michael/ros2_ws/install/realtime_tools:/home/michael/ros2_ws/install/controller_manager_msgs:/home/michael/ros2_ws/install/control_msgs:/opt/ros/humble LD_LIBRARY_PATH=/home/michael/ros2_ws/install/controller_manager/lib:/home/michael/ros2_ws/install/controller_interface/lib:/home/michael/ros2_ws/install/hardware_interface/lib:/home/michael/ros2_ws/install/realtime_tools/lib:/home/michael/ros2_ws/install/controller_manager_msgs/lib:/home/michael/ros2_ws/install/control_msgs/lib:${LD_LIBRARY_PATH} PYTHONPATH=/home/michael/ros2_ws/install/controller_manager/local/lib/python3.10/dist-packages:/home/michael/ros2_ws/install/controller_manager_msgs/local/lib/python3.10/dist-packages:/home/michael/ros2_ws/install/control_msgs/local/lib/python3.10/dist-packages:${PYTHONPATH} /usr/bin/cmake --build /home/michael/ros2_ws/build/ign_ros2_control -- -j14 -l14
[4.955s] -- Found ament_cmake: 1.3.5 (/opt/ros/humble/share/ament_cmake/cmake)
[4.956s] -- Override CMake install command with custom implementation using symlinks instead of copying resources
[4.956s] -- Found ament_index_cpp: 1.4.0 (/opt/ros/humble/share/ament_index_cpp/cmake)
[4.956s] -- Found controller_manager: 2.29.0 (/home/michael/ros2_ws/install/controller_manager/share/controller_manager/cmake)
[4.956s] -- Found rosidl_generator_c: 3.1.5 (/opt/ros/humble/share/rosidl_generator_c/cmake)
[4.956s] -- Found rosidl_adapter: 3.1.5 (/opt/ros/humble/share/rosidl_adapter/cmake)
[4.956s] -- Found rosidl_generator_cpp: 3.1.5 (/opt/ros/humble/share/rosidl_generator_cpp/cmake)
[4.956s] -- Using all available rosidl_typesupport_c: rosidl_typesupport_fastrtps_c;rosidl_typesupport_introspection_c
[4.956s] -- Using all available rosidl_typesupport_cpp: rosidl_typesupport_fastrtps_cpp;rosidl_typesupport_introspection_cpp
[4.956s] -- Found rmw_implementation_cmake: 6.1.1 (/opt/ros/humble/share/rmw_implementation_cmake/cmake)
[4.956s] -- Found rmw_fastrtps_cpp: 6.2.3 (/opt/ros/humble/share/rmw_fastrtps_cpp/cmake)
[4.956s] -- Using RMW implementation 'rmw_fastrtps_cpp' as default
[4.957s] -- Found yaml_cpp_vendor: 8.0.2 (/opt/ros/humble/share/yaml_cpp_vendor/cmake)
[4.957s] -- Looking for ignition-gazebo6 -- found version 6.11.0
[4.957s] -- Searching for dependencies of ignition-gazebo6
[4.957s] -- Looking for sdformat12 -- found version 12.5.0
[4.957s] -- Searching for dependencies of sdformat12
[4.957s] -- Looking for ignition-math6 -- found version 6.12.0
[4.957s] -- Searching for dependencies of ignition-math6
[4.957s] -- Looking for ignition-utils1 -- found version 1.4.0
[4.957s] -- Searching for dependencies of ignition-utils1
[4.957s] -- Looking for ignition-plugin1 -- found version 1.3.0
[4.958s] -- Searching for dependencies of ignition-plugin1
[4.958s] -- Searching for <ignition-plugin1> component [loader]
[4.958s] -- Looking for ignition-plugin1-loader -- found version 1.3.0
[4.958s] -- Searching for dependencies of ignition-plugin1-loader
[4.958s] -- Searching for <ignition-plugin1> component [register]
[4.958s] -- Looking for ignition-plugin1-register -- found version 1.3.0
[4.958s] -- Searching for dependencies of ignition-plugin1-register
[4.958s] -- Looking for ignition-transport11 -- found version 11.2.0
[4.958s] -- Searching for dependencies of ignition-transport11
[4.959s] -- Config-file not installed for ZeroMQ -- checking for pkg-config
[4.959s] -- Checking for module 'libzmq >= 4'
[4.959s] --   Found libzmq , version 4.3.4
[4.959s] -- Checking for module 'uuid'
[4.960s] --   Found uuid, version 2.37.2
[4.960s] -- Looking for ignition-utils1 -- found version 1.4.0
[4.960s] -- Searching for dependencies of ignition-utils1
[4.960s] -- Searching for <ignition-utils1> component [cli]
[4.960s] -- Looking for ignition-utils1-cli -- found version 1.4.0
[4.960s] -- Searching for dependencies of ignition-utils1-cli
[4.960s] -- Looking for ignition-msgs8 -- found version 8.6.0
[4.960s] -- Searching for dependencies of ignition-msgs8
[4.960s] -- Looking for ignition-math6 -- found version 6.12.0
[4.960s] -- Searching for <ignition-transport11> component [log]
[4.960s] -- Looking for ignition-transport11-log -- found version 11.2.0
[4.960s] -- Searching for dependencies of ignition-transport11-log
[4.960s] -- Looking for ignition-msgs8 -- found version 8.6.0
[4.960s] -- Looking for ignition-common4 -- found version 4.5.2
[4.960s] -- Searching for dependencies of ignition-common4
[4.960s] -- Looking for dlfcn.h - found
[4.961s] -- Looking for libdl - found
[4.961s] -- Searching for <ignition-common4> component [profiler]
[4.961s] -- Looking for ignition-common4-profiler -- found version 4.5.2
[4.961s] -- Searching for dependencies of ignition-common4-profiler
[4.961s] -- Searching for <ignition-common4> component [events]
[4.961s] -- Looking for ignition-common4-events -- found version 4.5.2
[4.961s] -- Searching for dependencies of ignition-common4-events
[4.961s] -- Looking for ignition-math6 -- found version 6.12.0
[4.961s] -- Searching for <ignition-common4> component [av]
[4.961s] -- Looking for ignition-common4-av -- found version 4.5.2
[4.961s] -- Searching for dependencies of ignition-common4-av
[4.961s] -- Checking for module 'libswscale'
[4.961s] --   Found libswscale, version 5.9.100
[4.961s] -- Checking for module 'libavdevice >= 56.4.100'
[4.962s] --   Found libavdevice , version 58.13.100
[4.962s] -- Checking for module 'libavformat'
[4.962s] --   Found libavformat, version 58.76.100
[4.962s] -- Checking for module 'libavcodec'
[4.962s] --   Found libavcodec, version 58.134.100
[4.962s] -- Checking for module 'libavutil'
[4.962s] --   Found libavutil, version 56.70.100
[4.962s] -- Looking for ignition-fuel_tools7 -- found version 7.1.0
[4.962s] -- Searching for dependencies of ignition-fuel_tools7
[4.962s] -- Checking for module 'jsoncpp'
[4.962s] --   Found jsoncpp, version 1.9.5
[4.962s] -- Checking for module 'libzip'
[4.963s] --   Found libzip, version 1.7.3
[4.963s] -- Looking for ignition-common4 -- found version 4.5.2
[4.963s] -- Looking for ignition-math6 -- found version 6.12.0
[4.963s] -- Looking for ignition-msgs8 -- found version 8.6.0
[4.963s] -- Looking for ignition-gui6 -- found version 6.6.1
[4.963s] -- Searching for dependencies of ignition-gui6
[4.964s] -- Looking for ignition-math6 -- found version 6.12.0
[4.964s] -- Looking for ignition-common4 -- found version 4.5.2
[4.964s] -- Looking for ignition-plugin1 -- found version 1.3.0
[4.964s] -- Looking for ignition-transport11 -- found version 11.2.0
[4.964s] -- Looking for ignition-rendering6 -- found version 6.5.1
[4.964s] -- Searching for dependencies of ignition-rendering6
[4.964s] -- Looking for ignition-math6 -- found version 6.12.0
[4.965s] -- Searching for dependencies of ignition-math6
[4.965s] -- Searching for <ignition-math6> component [eigen3]
[4.965s] -- Looking for ignition-math6-eigen3 -- found version 6.12.0
[4.965s] -- Searching for dependencies of ignition-math6-eigen3
[4.965s] -- Looking for ignition-common4 -- found version 4.5.2
[4.965s] -- Searching for dependencies of ignition-common4
[4.966s] -- Looking for dlfcn.h - found
[4.966s] -- Looking for libdl - found
[4.967s] -- Searching for <ignition-common4> component [graphics]
[4.967s] -- Looking for ignition-common4-graphics -- found version 4.5.2
[4.988s] -- Searching for dependencies of ignition-common4-graphics
[4.988s] -- Looking for ignition-math6 -- found version 6.12.0
[4.988s] -- Looking for ignition-utils1 -- found version 1.4.0
[4.988s] -- Searching for <ignition-common4> component [events]
[4.988s] -- Looking for ignition-plugin1 -- found version 1.3.0
[4.988s] -- Searching for dependencies of ignition-plugin1
[4.988s] -- Searching for <ignition-plugin1> component [all]
[4.988s] -- Looking for all libraries of ignition-plugin1 -- found version 1.3.0
[4.988s] -- Looking for ignition-plugin1 -- found version 1.3.0
[4.988s] -- Looking for ignition-msgs8 -- found version 8.6.0
[4.988s] -- Looking for ignition-physics5 -- found version 5.2.0
[4.989s] -- Searching for dependencies of ignition-physics5
[4.989s] -- Looking for ignition-math6 -- found version 6.12.0
[4.989s] -- Looking for ignition-plugin1 -- found version 1.3.0
[4.989s] -- Looking for ignition-utils1 -- found version 1.4.0
[4.989s] -- Searching for <ignition-physics5> component [heightmap]
[4.989s] -- Looking for ignition-physics5-heightmap -- found version 5.2.0
[4.989s] -- Searching for dependencies of ignition-physics5-heightmap
[4.989s] -- Looking for ignition-common4 -- found version 4.5.2
[4.989s] -- Searching for <ignition-physics5> component [mesh]
[4.989s] -- Looking for ignition-physics5-mesh -- found version 5.2.0
[4.989s] -- Searching for dependencies of ignition-physics5-mesh
[4.990s] -- Looking for ignition-common4 -- found version 4.5.2
[4.990s] -- Searching for <ignition-physics5> component [sdf]
[4.990s] -- Looking for ignition-physics5-sdf -- found version 5.2.0
[4.990s] -- Searching for dependencies of ignition-physics5-sdf
[4.990s] -- Looking for sdformat12 -- found version 12.5.0
[4.990s] -- Looking for ignition-sensors6 -- found version 6.6.0
[4.990s] -- Searching for dependencies of ignition-sensors6
[4.990s] -- Looking for ignition-math6 -- found version 6.12.0
[4.990s] -- Looking for ignition-common4 -- found version 4.5.2
[4.990s] -- Looking for ignition-transport11 -- found version 11.2.0
[4.991s] -- Looking for ignition-rendering6 -- found version 6.5.1
[4.991s] -- Looking for ignition-msgs8 -- found version 8.6.0
[4.991s] -- Looking for sdformat12 -- found version 12.5.0
[4.991s] -- Searching for <ignition-sensors6> component [air_pressure]
[4.991s] -- Looking for ignition-sensors6-air_pressure -- found version 6.6.0
[4.991s] -- Searching for dependencies of ignition-sensors6-air_pressure
[4.991s] -- Searching for <ignition-sensors6> component [altimeter]
[4.991s] -- Looking for ignition-sensors6-altimeter -- found version 6.6.0
[4.991s] -- Searching for dependencies of ignition-sensors6-altimeter
[4.991s] -- Searching for <ignition-sensors6> component [imu]
[4.991s] -- Looking for ignition-sensors6-imu -- found version 6.6.0
[4.991s] -- Searching for dependencies of ignition-sensors6-imu
[4.992s] -- Searching for <ignition-sensors6> component [force_torque]
[4.992s] -- Looking for ignition-sensors6-force_torque -- found version 6.6.0
[4.992s] -- Searching for dependencies of ignition-sensors6-force_torque
[4.992s] -- Searching for <ignition-sensors6> component [logical_camera]
[4.992s] -- Looking for ignition-sensors6-logical_camera -- found version 6.6.0
[4.992s] -- Searching for dependencies of ignition-sensors6-logical_camera
[4.992s] -- Searching for <ignition-sensors6> component [magnetometer]
[4.992s] -- Looking for ignition-sensors6-magnetometer -- found version 6.6.0
[4.992s] -- Searching for dependencies of ignition-sensors6-magnetometer
[4.992s] -- Searching for <ignition-sensors6> component [navsat]
[4.993s] -- Looking for ignition-sensors6-navsat -- found version 6.6.0
[4.993s] -- Searching for dependencies of ignition-sensors6-navsat
[4.993s] -- Searching for <ignition-sensors6> component [rendering]
[4.993s] -- Looking for ignition-sensors6-rendering -- found version 6.6.0
[4.993s] -- Searching for dependencies of ignition-sensors6-rendering
[4.993s] -- Searching for <ignition-sensors6> component [lidar]
[4.993s] -- Looking for ignition-sensors6-lidar -- found version 6.6.0
[4.993s] -- Searching for dependencies of ignition-sensors6-lidar
[4.993s] -- Searching for <ignition-sensors6> component [gpu_lidar]
[4.993s] -- Looking for ignition-sensors6-gpu_lidar -- found version 6.6.0
[4.994s] -- Searching for dependencies of ignition-sensors6-gpu_lidar
[4.994s] -- Searching for <ignition-sensors6> component [camera]
[4.994s] -- Looking for ignition-sensors6-camera -- found version 6.6.0
[4.994s] -- Searching for dependencies of ignition-sensors6-camera
[4.994s] -- Searching for <ignition-sensors6> component [boundingbox_camera]
[4.994s] -- Looking for ignition-sensors6-boundingbox_camera -- found version 6.6.0
[4.995s] -- Searching for dependencies of ignition-sensors6-boundingbox_camera
[4.995s] -- Searching for <ignition-sensors6> component [segmentation_camera]
[4.995s] -- Looking for ignition-sensors6-segmentation_camera -- found version 6.6.0
[4.996s] -- Searching for dependencies of ignition-sensors6-segmentation_camera
[4.996s] -- Searching for <ignition-sensors6> component [depth_camera]
[4.996s] -- Looking for ignition-sensors6-depth_camera -- found version 6.6.0
[4.996s] -- Searching for dependencies of ignition-sensors6-depth_camera
[4.996s] -- Searching for <ignition-sensors6> component [rgbd_camera]
[4.997s] -- Looking for ignition-sensors6-rgbd_camera -- found version 6.6.0
[4.997s] -- Searching for dependencies of ignition-sensors6-rgbd_camera
[4.997s] -- Searching for <ignition-sensors6> component [thermal_camera]
[4.997s] -- Looking for ignition-sensors6-thermal_camera -- found version 6.6.0
[4.997s] -- Searching for dependencies of ignition-sensors6-thermal_camera
[4.997s] -- Looking for ignition-rendering6 -- found version 6.5.1
[4.998s] -- Looking for ignition-math6 -- found version 6.12.0
[5.000s] -- Looking for ignition-utils1 -- found version 1.4.0
[5.000s] -- Compiling against Ignition Fortress
[5.000s] -- Looking for ignition-plugin1 -- found version 1.3.0
[5.002s] -- Found ament_lint_auto: 0.12.7 (/opt/ros/humble/share/ament_lint_auto/cmake)
[5.237s] -- Added test 'copyright' to check source files copyright and LICENSE
[5.238s] -- Added test 'cppcheck' to perform static code analysis on C / C++ code
[5.239s] -- Configured cppcheck include dirs: /home/michael/ros2_ws/src/ros-controls/gz_ros2_control/ign_ros2_control/include
[5.239s] -- Configured cppcheck exclude dirs and/or files: 
[5.241s] -- Added test 'cpplint' to check C / C++ code against the Google style
[5.241s] -- Configured cpplint exclude dirs and/or files: 
[5.242s] -- Added test 'lint_cmake' to check CMake code style
[5.243s] -- Added test 'uncrustify' to check C / C++ code style
[5.243s] -- Configured uncrustify additional arguments: 
[5.244s] -- Added test 'xmllint' to check XML markup files
[5.250s] -- Configuring done
[5.330s] -- Generating done
[5.339s] -- Build files have been written to: /home/michael/ros2_ws/build/ign_ros2_control
[5.463s] [35m[1mConsolidate compiler generated dependencies of target ign_ros2_control-system[0m
[5.467s] [35m[1mConsolidate compiler generated dependencies of target ign_hardware_plugins[0m
[5.553s] [ 25%] [32mBuilding CXX object CMakeFiles/ign_ros2_control-system.dir/src/ign_ros2_control_plugin.cpp.o[0m
[5.560s] [ 50%] [32mBuilding CXX object CMakeFiles/ign_hardware_plugins.dir/src/ign_system.cpp.o[0m
[48.354s] [ 75%] [32m[1mLinking CXX shared library libign_hardware_plugins.so[0m
[49.427s] [100%] [32m[1mLinking CXX shared library libign_ros2_control-system.so[0m
[49.610s] [100%] Built target ign_hardware_plugins
[51.446s] [100%] Built target ign_ros2_control-system
[51.493s] Invoked command in '/home/michael/ros2_ws/build/ign_ros2_control' returned '0': AMENT_PREFIX_PATH=/home/michael/ros2_ws/install/controller_manager:/home/michael/ros2_ws/install/controller_interface:/home/michael/ros2_ws/install/hardware_interface:/home/michael/ros2_ws/install/ros2_control_test_assets:/home/michael/ros2_ws/install/realtime_tools:/home/michael/ros2_ws/install/controller_manager_msgs:/home/michael/ros2_ws/install/control_msgs:${AMENT_PREFIX_PATH} CMAKE_PREFIX_PATH=/home/michael/ros2_ws/install/controller_manager:/home/michael/ros2_ws/install/controller_interface:/home/michael/ros2_ws/install/hardware_interface:/home/michael/ros2_ws/install/ros2_control_test_assets:/home/michael/ros2_ws/install/realtime_tools:/home/michael/ros2_ws/install/controller_manager_msgs:/home/michael/ros2_ws/install/control_msgs:/opt/ros/humble LD_LIBRARY_PATH=/home/michael/ros2_ws/install/controller_manager/lib:/home/michael/ros2_ws/install/controller_interface/lib:/home/michael/ros2_ws/install/hardware_interface/lib:/home/michael/ros2_ws/install/realtime_tools/lib:/home/michael/ros2_ws/install/controller_manager_msgs/lib:/home/michael/ros2_ws/install/control_msgs/lib:${LD_LIBRARY_PATH} PYTHONPATH=/home/michael/ros2_ws/install/controller_manager/local/lib/python3.10/dist-packages:/home/michael/ros2_ws/install/controller_manager_msgs/local/lib/python3.10/dist-packages:/home/michael/ros2_ws/install/control_msgs/local/lib/python3.10/dist-packages:${PYTHONPATH} /usr/bin/cmake --build /home/michael/ros2_ws/build/ign_ros2_control -- -j14 -l14
[51.672s] Invoking command in '/home/michael/ros2_ws/build/ign_ros2_control': AMENT_PREFIX_PATH=/home/michael/ros2_ws/install/controller_manager:/home/michael/ros2_ws/install/controller_interface:/home/michael/ros2_ws/install/hardware_interface:/home/michael/ros2_ws/install/ros2_control_test_assets:/home/michael/ros2_ws/install/realtime_tools:/home/michael/ros2_ws/install/controller_manager_msgs:/home/michael/ros2_ws/install/control_msgs:${AMENT_PREFIX_PATH} CMAKE_PREFIX_PATH=/home/michael/ros2_ws/install/controller_manager:/home/michael/ros2_ws/install/controller_interface:/home/michael/ros2_ws/install/hardware_interface:/home/michael/ros2_ws/install/ros2_control_test_assets:/home/michael/ros2_ws/install/realtime_tools:/home/michael/ros2_ws/install/controller_manager_msgs:/home/michael/ros2_ws/install/control_msgs:/opt/ros/humble LD_LIBRARY_PATH=/home/michael/ros2_ws/install/controller_manager/lib:/home/michael/ros2_ws/install/controller_interface/lib:/home/michael/ros2_ws/install/hardware_interface/lib:/home/michael/ros2_ws/install/realtime_tools/lib:/home/michael/ros2_ws/install/controller_manager_msgs/lib:/home/michael/ros2_ws/install/control_msgs/lib:${LD_LIBRARY_PATH} PYTHONPATH=/home/michael/ros2_ws/install/controller_manager/local/lib/python3.10/dist-packages:/home/michael/ros2_ws/install/controller_manager_msgs/local/lib/python3.10/dist-packages:/home/michael/ros2_ws/install/control_msgs/local/lib/python3.10/dist-packages:${PYTHONPATH} /usr/bin/cmake --install /home/michael/ros2_ws/build/ign_ros2_control
[57.788s] -- Install configuration: ""
[57.789s] -- Execute custom install script
[57.789s] -- Up-to-date symlink: /home/michael/ros2_ws/install/ign_ros2_control/lib/libign_hardware_plugins.so
[57.789s] -- Up-to-date symlink: /home/michael/ros2_ws/install/ign_ros2_control/include/ign_ros2_control/ign_ros2_control_plugin.hpp
[57.789s] -- Up-to-date symlink: /home/michael/ros2_ws/install/ign_ros2_control/include/ign_ros2_control/ign_system.hpp
[57.790s] -- Up-to-date symlink: /home/michael/ros2_ws/install/ign_ros2_control/include/ign_ros2_control/ign_system_interface.hpp
[57.790s] -- Up-to-date symlink: /home/michael/ros2_ws/install/ign_ros2_control/share/ign_ros2_control/environment/library_path.sh
[57.790s] -- Up-to-date symlink: /home/michael/ros2_ws/install/ign_ros2_control/share/ign_ros2_control/environment/library_path.dsv
[57.790s] -- Up-to-date symlink: /home/michael/ros2_ws/install/ign_ros2_control/lib/libign_ros2_control-system.so
[57.792s] -- Up-to-date symlink: /home/michael/ros2_ws/install/ign_ros2_control/share/ign_ros2_control//ign_hardware_plugins.xml
[57.792s] -- Up-to-date symlink: /home/michael/ros2_ws/install/ign_ros2_control/share/ament_index/resource_index/package_run_dependencies/ign_ros2_control
[57.792s] -- Up-to-date symlink: /home/michael/ros2_ws/install/ign_ros2_control/share/ament_index/resource_index/parent_prefix_path/ign_ros2_control
[57.792s] -- Up-to-date symlink: /home/michael/ros2_ws/install/ign_ros2_control/share/ign_ros2_control/environment/ament_prefix_path.sh
[57.792s] -- Up-to-date symlink: /home/michael/ros2_ws/install/ign_ros2_control/share/ign_ros2_control/environment/ament_prefix_path.dsv
[57.792s] -- Up-to-date symlink: /home/michael/ros2_ws/install/ign_ros2_control/share/ign_ros2_control/environment/path.sh
[57.792s] -- Up-to-date symlink: /home/michael/ros2_ws/install/ign_ros2_control/share/ign_ros2_control/environment/path.dsv
[57.792s] -- Up-to-date symlink: /home/michael/ros2_ws/install/ign_ros2_control/share/ign_ros2_control/local_setup.bash
[57.792s] -- Up-to-date symlink: /home/michael/ros2_ws/install/ign_ros2_control/share/ign_ros2_control/local_setup.sh
[57.793s] -- Up-to-date symlink: /home/michael/ros2_ws/install/ign_ros2_control/share/ign_ros2_control/local_setup.zsh
[57.793s] -- Up-to-date symlink: /home/michael/ros2_ws/install/ign_ros2_control/share/ign_ros2_control/local_setup.dsv
[57.793s] -- Symlinking: /home/michael/ros2_ws/install/ign_ros2_control/share/ign_ros2_control/package.dsv
[57.793s] -- Up-to-date symlink: /home/michael/ros2_ws/install/ign_ros2_control/share/ament_index/resource_index/packages/ign_ros2_control
[57.793s] -- Up-to-date symlink: /home/michael/ros2_ws/install/ign_ros2_control/share/ament_index/resource_index/ign_ros2_control__pluginlib__plugin/ign_ros2_control
[57.793s] -- Up-to-date symlink: /home/michael/ros2_ws/install/ign_ros2_control/share/ign_ros2_control/cmake/ament_cmake_export_include_directories-extras.cmake
[57.793s] -- Up-to-date symlink: /home/michael/ros2_ws/install/ign_ros2_control/share/ign_ros2_control/cmake/ament_cmake_export_libraries-extras.cmake
[57.793s] -- Up-to-date symlink: /home/michael/ros2_ws/install/ign_ros2_control/share/ign_ros2_control/cmake/ign_ros2_controlConfig.cmake
[57.793s] -- Up-to-date symlink: /home/michael/ros2_ws/install/ign_ros2_control/share/ign_ros2_control/cmake/ign_ros2_controlConfig-version.cmake
[57.794s] -- Up-to-date symlink: /home/michael/ros2_ws/install/ign_ros2_control/share/ign_ros2_control/package.xml
[57.812s] Invoked command in '/home/michael/ros2_ws/build/ign_ros2_control' returned '0': AMENT_PREFIX_PATH=/home/michael/ros2_ws/install/controller_manager:/home/michael/ros2_ws/install/controller_interface:/home/michael/ros2_ws/install/hardware_interface:/home/michael/ros2_ws/install/ros2_control_test_assets:/home/michael/ros2_ws/install/realtime_tools:/home/michael/ros2_ws/install/controller_manager_msgs:/home/michael/ros2_ws/install/control_msgs:${AMENT_PREFIX_PATH} CMAKE_PREFIX_PATH=/home/michael/ros2_ws/install/controller_manager:/home/michael/ros2_ws/install/controller_interface:/home/michael/ros2_ws/install/hardware_interface:/home/michael/ros2_ws/install/ros2_control_test_assets:/home/michael/ros2_ws/install/realtime_tools:/home/michael/ros2_ws/install/controller_manager_msgs:/home/michael/ros2_ws/install/control_msgs:/opt/ros/humble LD_LIBRARY_PATH=/home/michael/ros2_ws/install/controller_manager/lib:/home/michael/ros2_ws/install/controller_interface/lib:/home/michael/ros2_ws/install/hardware_interface/lib:/home/michael/ros2_ws/install/realtime_tools/lib:/home/michael/ros2_ws/install/controller_manager_msgs/lib:/home/michael/ros2_ws/install/control_msgs/lib:${LD_LIBRARY_PATH} PYTHONPATH=/home/michael/ros2_ws/install/controller_manager/local/lib/python3.10/dist-packages:/home/michael/ros2_ws/install/controller_manager_msgs/local/lib/python3.10/dist-packages:/home/michael/ros2_ws/install/control_msgs/local/lib/python3.10/dist-packages:${PYTHONPATH} /usr/bin/cmake --install /home/michael/ros2_ws/build/ign_ros2_control
