[0.013s] Invoking command in '/home/michael/ros2_ws/build/controller_interface': AMENT_PREFIX_PATH=/home/michael/ros2_ws/install/hardware_interface:/home/michael/ros2_ws/install/control_msgs:${AMENT_PREFIX_PATH} CMAKE_PREFIX_PATH=/home/michael/ros2_ws/install/hardware_interface:/home/michael/ros2_ws/install/control_msgs:/opt/ros/humble LD_LIBRARY_PATH=/home/michael/ros2_ws/install/hardware_interface/lib:/home/michael/ros2_ws/install/control_msgs/lib:${LD_LIBRARY_PATH} PYTHONPATH=/home/michael/ros2_ws/install/control_msgs/local/lib/python3.10/dist-packages:${PYTHONPATH} /usr/bin/cmake --build /home/michael/ros2_ws/build/controller_interface -- -j14 -l14
[0.044s] -- Found ament_cmake: 1.3.5 (/opt/ros/humble/share/ament_cmake/cmake)
[0.188s] -- Override CMake install command with custom implementation using symlinks instead of copying resources
[0.195s] -- Found hardware_interface: 2.29.0 (/home/michael/ros2_ws/install/hardware_interface/share/hardware_interface/cmake)
[0.223s] -- Found rosidl_generator_c: 3.1.5 (/opt/ros/humble/share/rosidl_generator_c/cmake)
[0.225s] -- Found rosidl_adapter: 3.1.5 (/opt/ros/humble/share/rosidl_adapter/cmake)
[0.231s] -- Found rosidl_generator_cpp: 3.1.5 (/opt/ros/humble/share/rosidl_generator_cpp/cmake)
[0.243s] -- Using all available rosidl_typesupport_c: rosidl_typesupport_fastrtps_c;rosidl_typesupport_introspection_c
[0.260s] -- Using all available rosidl_typesupport_cpp: rosidl_typesupport_fastrtps_cpp;rosidl_typesupport_introspection_cpp
[0.897s] -- Found rmw_implementation_cmake: 6.1.1 (/opt/ros/humble/share/rmw_implementation_cmake/cmake)
[0.898s] -- Found rmw_fastrtps_cpp: 6.2.3 (/opt/ros/humble/share/rmw_fastrtps_cpp/cmake)
[1.023s] -- Using RMW implementation 'rmw_fastrtps_cpp' as default
[1.269s] -- Found ament_cmake_gmock: 1.3.5 (/opt/ros/humble/share/ament_cmake_gmock/cmake)
[1.270s] -- Found gmock sources under '/opt/ros/humble/src/gmock_vendor': C++ tests using 'Google Mock' will be built
[1.271s] -- Found ament_cmake_gtest: 1.3.5 (/opt/ros/humble/share/ament_cmake_gtest/cmake)
[1.272s] -- Found gtest sources under '/opt/ros/humble/src/gtest_vendor': C++ tests using 'Google Test' will be built
[1.566s] -- Configuring done
[1.664s] -- Generating done
[1.667s] -- Build files have been written to: /home/michael/ros2_ws/build/controller_interface
[1.695s] [35m[1mConsolidate compiler generated dependencies of target gmock_main[0m
[1.695s] [35m[1mConsolidate compiler generated dependencies of target gmock[0m
[1.696s] [35m[1mConsolidate compiler generated dependencies of target controller_interface[0m
[1.709s] [  9%] Built target gmock_main
[1.710s] [ 23%] Built target gmock
[1.719s] [ 28%] [32mBuilding CXX object CMakeFiles/controller_interface.dir/src/controller_interface_base.cpp.o[0m
[1.719s] [ 33%] [32mBuilding CXX object CMakeFiles/controller_interface.dir/src/controller_interface.cpp.o[0m
[1.720s] [ 38%] [32mBuilding CXX object CMakeFiles/controller_interface.dir/src/chainable_controller_interface.cpp.o[0m
[1.722s] [35m[1mConsolidate compiler generated dependencies of target test_semantic_component_interface[0m
[1.723s] [35m[1mConsolidate compiler generated dependencies of target test_force_torque_sensor[0m
[1.726s] [35m[1mConsolidate compiler generated dependencies of target test_imu_sensor[0m
[1.740s] [ 42%] [32mBuilding CXX object CMakeFiles/test_semantic_component_interface.dir/test/test_semantic_component_interface.cpp.o[0m
[1.742s] [ 47%] [32mBuilding CXX object CMakeFiles/test_force_torque_sensor.dir/test/test_force_torque_sensor.cpp.o[0m
[1.744s] [ 52%] [32mBuilding CXX object CMakeFiles/test_imu_sensor.dir/test/test_imu_sensor.cpp.o[0m
[4.912s] [ 57%] [32m[1mLinking CXX executable test_force_torque_sensor[0m
[5.591s] [ 61%] [32m[1mLinking CXX executable test_imu_sensor[0m
[5.758s] [ 61%] Built target test_force_torque_sensor
[5.866s] [ 66%] [32m[1mLinking CXX executable test_semantic_component_interface[0m
[6.562s] [ 66%] Built target test_imu_sensor
[6.617s] [ 66%] Built target test_semantic_component_interface
[9.162s] [ 71%] [32m[1mLinking CXX shared library libcontroller_interface.so[0m
[9.371s] [ 71%] Built target controller_interface
[9.386s] [35m[1mConsolidate compiler generated dependencies of target test_chainable_controller_interface[0m
[9.386s] [35m[1mConsolidate compiler generated dependencies of target test_controller_interface[0m
[9.387s] [35m[1mConsolidate compiler generated dependencies of target test_controller_with_options[0m
[9.417s] [ 76%] [32mBuilding CXX object CMakeFiles/test_controller_interface.dir/test/test_controller_interface.cpp.o[0m
[9.423s] [ 80%] [32mBuilding CXX object CMakeFiles/test_controller_with_options.dir/test/test_controller_with_options.cpp.o[0m
[9.434s] [ 85%] [32mBuilding CXX object CMakeFiles/test_chainable_controller_interface.dir/test/test_chainable_controller_interface.cpp.o[0m
[13.971s] [ 90%] [32m[1mLinking CXX executable test_controller_with_options[0m
[14.307s] [ 90%] Built target test_controller_with_options
[14.393s] [ 95%] [32m[1mLinking CXX executable test_controller_interface[0m
[14.630s] [100%] [32m[1mLinking CXX executable test_chainable_controller_interface[0m
[14.712s] [100%] Built target test_controller_interface
[14.892s] [100%] Built target test_chainable_controller_interface
[14.902s] Invoked command in '/home/michael/ros2_ws/build/controller_interface' returned '0': AMENT_PREFIX_PATH=/home/michael/ros2_ws/install/hardware_interface:/home/michael/ros2_ws/install/control_msgs:${AMENT_PREFIX_PATH} CMAKE_PREFIX_PATH=/home/michael/ros2_ws/install/hardware_interface:/home/michael/ros2_ws/install/control_msgs:/opt/ros/humble LD_LIBRARY_PATH=/home/michael/ros2_ws/install/hardware_interface/lib:/home/michael/ros2_ws/install/control_msgs/lib:${LD_LIBRARY_PATH} PYTHONPATH=/home/michael/ros2_ws/install/control_msgs/local/lib/python3.10/dist-packages:${PYTHONPATH} /usr/bin/cmake --build /home/michael/ros2_ws/build/controller_interface -- -j14 -l14
[14.947s] Invoking command in '/home/michael/ros2_ws/build/controller_interface': AMENT_PREFIX_PATH=/home/michael/ros2_ws/install/hardware_interface:/home/michael/ros2_ws/install/control_msgs:${AMENT_PREFIX_PATH} CMAKE_PREFIX_PATH=/home/michael/ros2_ws/install/hardware_interface:/home/michael/ros2_ws/install/control_msgs:/opt/ros/humble LD_LIBRARY_PATH=/home/michael/ros2_ws/install/hardware_interface/lib:/home/michael/ros2_ws/install/control_msgs/lib:${LD_LIBRARY_PATH} PYTHONPATH=/home/michael/ros2_ws/install/control_msgs/local/lib/python3.10/dist-packages:${PYTHONPATH} /usr/bin/cmake --install /home/michael/ros2_ws/build/controller_interface
[14.953s] -- Install configuration: ""
[14.953s] -- Execute custom install script
[14.954s] -- Up-to-date symlink: /home/michael/ros2_ws/install/controller_interface/include/controller_interface/chainable_controller_interface.hpp
[14.954s] -- Up-to-date symlink: /home/michael/ros2_ws/install/controller_interface/include/controller_interface/controller_interface.hpp
[14.954s] -- Up-to-date symlink: /home/michael/ros2_ws/install/controller_interface/include/controller_interface/controller_interface_base.hpp
[14.954s] -- Up-to-date symlink: /home/michael/ros2_ws/install/controller_interface/include/controller_interface/helpers.hpp
[14.954s] -- Up-to-date symlink: /home/michael/ros2_ws/install/controller_interface/include/controller_interface/visibility_control.h
[14.955s] -- Up-to-date symlink: /home/michael/ros2_ws/install/controller_interface/include/semantic_components/force_torque_sensor.hpp
[14.955s] -- Up-to-date symlink: /home/michael/ros2_ws/install/controller_interface/include/semantic_components/imu_sensor.hpp
[14.955s] -- Up-to-date symlink: /home/michael/ros2_ws/install/controller_interface/include/semantic_components/semantic_component_interface.hpp
[14.955s] -- Up-to-date symlink: /home/michael/ros2_ws/install/controller_interface/lib/libcontroller_interface.so
[14.955s] -- Up-to-date symlink: /home/michael/ros2_ws/install/controller_interface/share/controller_interface/environment/library_path.sh
[14.955s] -- Up-to-date symlink: /home/michael/ros2_ws/install/controller_interface/share/controller_interface/environment/library_path.dsv
[14.955s] -- Up-to-date symlink: /home/michael/ros2_ws/install/controller_interface/share/ament_index/resource_index/package_run_dependencies/controller_interface
[14.955s] -- Up-to-date symlink: /home/michael/ros2_ws/install/controller_interface/share/ament_index/resource_index/parent_prefix_path/controller_interface
[14.955s] -- Up-to-date symlink: /home/michael/ros2_ws/install/controller_interface/share/controller_interface/environment/ament_prefix_path.sh
[14.955s] -- Up-to-date symlink: /home/michael/ros2_ws/install/controller_interface/share/controller_interface/environment/ament_prefix_path.dsv
[14.955s] -- Up-to-date symlink: /home/michael/ros2_ws/install/controller_interface/share/controller_interface/environment/path.sh
[14.956s] -- Up-to-date symlink: /home/michael/ros2_ws/install/controller_interface/share/controller_interface/environment/path.dsv
[14.956s] -- Up-to-date symlink: /home/michael/ros2_ws/install/controller_interface/share/controller_interface/local_setup.bash
[14.956s] -- Up-to-date symlink: /home/michael/ros2_ws/install/controller_interface/share/controller_interface/local_setup.sh
[14.956s] -- Up-to-date symlink: /home/michael/ros2_ws/install/controller_interface/share/controller_interface/local_setup.zsh
[14.956s] -- Up-to-date symlink: /home/michael/ros2_ws/install/controller_interface/share/controller_interface/local_setup.dsv
[14.956s] -- Symlinking: /home/michael/ros2_ws/install/controller_interface/share/controller_interface/package.dsv
[14.964s] -- Up-to-date symlink: /home/michael/ros2_ws/install/controller_interface/share/ament_index/resource_index/packages/controller_interface
[14.964s] -- Up-to-date symlink: /home/michael/ros2_ws/install/controller_interface/share/controller_interface/cmake/ament_cmake_export_dependencies-extras.cmake
[14.964s] -- Up-to-date symlink: /home/michael/ros2_ws/install/controller_interface/share/controller_interface/cmake/ament_cmake_export_include_directories-extras.cmake
[14.964s] -- Up-to-date symlink: /home/michael/ros2_ws/install/controller_interface/share/controller_interface/cmake/ament_cmake_export_libraries-extras.cmake
[14.964s] -- Up-to-date symlink: /home/michael/ros2_ws/install/controller_interface/share/controller_interface/cmake/controller_interfaceConfig.cmake
[14.964s] -- Up-to-date symlink: /home/michael/ros2_ws/install/controller_interface/share/controller_interface/cmake/controller_interfaceConfig-version.cmake
[14.964s] -- Up-to-date symlink: /home/michael/ros2_ws/install/controller_interface/share/controller_interface/package.xml
[14.966s] Invoked command in '/home/michael/ros2_ws/build/controller_interface' returned '0': AMENT_PREFIX_PATH=/home/michael/ros2_ws/install/hardware_interface:/home/michael/ros2_ws/install/control_msgs:${AMENT_PREFIX_PATH} CMAKE_PREFIX_PATH=/home/michael/ros2_ws/install/hardware_interface:/home/michael/ros2_ws/install/control_msgs:/opt/ros/humble LD_LIBRARY_PATH=/home/michael/ros2_ws/install/hardware_interface/lib:/home/michael/ros2_ws/install/control_msgs/lib:${LD_LIBRARY_PATH} PYTHONPATH=/home/michael/ros2_ws/install/control_msgs/local/lib/python3.10/dist-packages:${PYTHONPATH} /usr/bin/cmake --install /home/michael/ros2_ws/build/controller_interface
