[0.100s] Invoking command in '/home/michael/ros2_ws/build/ros2_control_demo_example_1': AMENT_PREFIX_PATH=/home/michael/ros2_ws/install/ros2controlcli:/home/michael/ros2_ws/install/joint_trajectory_controller:/home/michael/ros2_ws/install/joint_state_broadcaster:/home/michael/ros2_ws/install/forward_command_controller:/home/michael/ros2_ws/install/controller_manager:/home/michael/ros2_ws/install/controller_interface:/home/michael/ros2_ws/install/hardware_interface:/home/michael/ros2_ws/install/control_toolbox:/home/michael/ros2_ws/install/ros2_controllers_test_nodes:/home/michael/ros2_ws/install/ros2_control_test_assets:/home/michael/ros2_ws/install/realtime_tools:/home/michael/ros2_ws/install/controller_manager_msgs:/home/michael/ros2_ws/install/control_msgs:${AMENT_PREFIX_PATH} CMAKE_PREFIX_PATH=/home/michael/ros2_ws/install/joint_trajectory_controller:/home/michael/ros2_ws/install/joint_state_broadcaster:/home/michael/ros2_ws/install/forward_command_controller:/home/michael/ros2_ws/install/controller_manager:/home/michael/ros2_ws/install/controller_interface:/home/michael/ros2_ws/install/hardware_interface:/home/michael/ros2_ws/install/control_toolbox:/home/michael/ros2_ws/install/ros2_control_test_assets:/home/michael/ros2_ws/install/realtime_tools:/home/michael/ros2_ws/install/controller_manager_msgs:/home/michael/ros2_ws/install/control_msgs:/opt/ros/humble LD_LIBRARY_PATH=/home/michael/ros2_ws/install/joint_trajectory_controller/lib:/home/michael/ros2_ws/install/joint_state_broadcaster/lib:/home/michael/ros2_ws/install/forward_command_controller/lib:/home/michael/ros2_ws/install/controller_manager/lib:/home/michael/ros2_ws/install/controller_interface/lib:/home/michael/ros2_ws/install/hardware_interface/lib:/home/michael/ros2_ws/install/control_toolbox/lib:/home/michael/ros2_ws/install/realtime_tools/lib:/home/michael/ros2_ws/install/controller_manager_msgs/lib:/home/michael/ros2_ws/install/control_msgs/lib:${LD_LIBRARY_PATH} PYTHONPATH=/home/michael/ros2_ws/build/ros2controlcli:/home/michael/ros2_ws/install/ros2controlcli/lib/python3.10/site-packages:/home/michael/ros2_ws/install/controller_manager/local/lib/python3.10/dist-packages:/home/michael/ros2_ws/build/ros2_controllers_test_nodes:/home/michael/ros2_ws/install/ros2_controllers_test_nodes/lib/python3.10/site-packages:/home/michael/ros2_ws/install/controller_manager_msgs/local/lib/python3.10/dist-packages:/home/michael/ros2_ws/install/control_msgs/local/lib/python3.10/dist-packages:${PYTHONPATH} /usr/bin/cmake --build /home/michael/ros2_ws/build/ros2_control_demo_example_1 -- -j14 -l14
[0.162s] -- Found ament_cmake: 1.3.5 (/opt/ros/humble/share/ament_cmake/cmake)
[0.540s] -- Override CMake install command with custom implementation using symlinks instead of copying resources
[0.552s] -- Found hardware_interface: 2.29.0 (/home/michael/ros2_ws/install/hardware_interface/share/hardware_interface/cmake)
[0.607s] -- Found rosidl_generator_c: 3.1.5 (/opt/ros/humble/share/rosidl_generator_c/cmake)
[0.611s] -- Found rosidl_adapter: 3.1.5 (/opt/ros/humble/share/rosidl_adapter/cmake)
[0.618s] -- Found rosidl_generator_cpp: 3.1.5 (/opt/ros/humble/share/rosidl_generator_cpp/cmake)
[0.634s] -- Using all available rosidl_typesupport_c: rosidl_typesupport_fastrtps_c;rosidl_typesupport_introspection_c
[0.657s] -- Using all available rosidl_typesupport_cpp: rosidl_typesupport_fastrtps_cpp;rosidl_typesupport_introspection_cpp
[1.943s] -- Found rmw_implementation_cmake: 6.1.1 (/opt/ros/humble/share/rmw_implementation_cmake/cmake)
[1.945s] -- Found rmw_fastrtps_cpp: 6.2.3 (/opt/ros/humble/share/rmw_fastrtps_cpp/cmake)
[2.178s] -- Using RMW implementation 'rmw_fastrtps_cpp' as default
[2.562s] -- Found ament_cmake_gtest: 1.3.5 (/opt/ros/humble/share/ament_cmake_gtest/cmake)
[2.678s] -- Configuring done
[2.704s] -- Generating done
[2.706s] -- Build files have been written to: /home/michael/ros2_ws/build/ros2_control_demo_example_1
[2.750s] [35m[1mConsolidate compiler generated dependencies of target ros2_control_demo_example_1[0m
[2.774s] [ 50%] [32mBuilding CXX object CMakeFiles/ros2_control_demo_example_1.dir/hardware/rrbot.cpp.o[0m
[12.082s] [100%] [32m[1mLinking CXX shared library libros2_control_demo_example_1.so[0m
[12.610s] [100%] Built target ros2_control_demo_example_1
[12.663s] Invoked command in '/home/michael/ros2_ws/build/ros2_control_demo_example_1' returned '0': AMENT_PREFIX_PATH=/home/michael/ros2_ws/install/ros2controlcli:/home/michael/ros2_ws/install/joint_trajectory_controller:/home/michael/ros2_ws/install/joint_state_broadcaster:/home/michael/ros2_ws/install/forward_command_controller:/home/michael/ros2_ws/install/controller_manager:/home/michael/ros2_ws/install/controller_interface:/home/michael/ros2_ws/install/hardware_interface:/home/michael/ros2_ws/install/control_toolbox:/home/michael/ros2_ws/install/ros2_controllers_test_nodes:/home/michael/ros2_ws/install/ros2_control_test_assets:/home/michael/ros2_ws/install/realtime_tools:/home/michael/ros2_ws/install/controller_manager_msgs:/home/michael/ros2_ws/install/control_msgs:${AMENT_PREFIX_PATH} CMAKE_PREFIX_PATH=/home/michael/ros2_ws/install/joint_trajectory_controller:/home/michael/ros2_ws/install/joint_state_broadcaster:/home/michael/ros2_ws/install/forward_command_controller:/home/michael/ros2_ws/install/controller_manager:/home/michael/ros2_ws/install/controller_interface:/home/michael/ros2_ws/install/hardware_interface:/home/michael/ros2_ws/install/control_toolbox:/home/michael/ros2_ws/install/ros2_control_test_assets:/home/michael/ros2_ws/install/realtime_tools:/home/michael/ros2_ws/install/controller_manager_msgs:/home/michael/ros2_ws/install/control_msgs:/opt/ros/humble LD_LIBRARY_PATH=/home/michael/ros2_ws/install/joint_trajectory_controller/lib:/home/michael/ros2_ws/install/joint_state_broadcaster/lib:/home/michael/ros2_ws/install/forward_command_controller/lib:/home/michael/ros2_ws/install/controller_manager/lib:/home/michael/ros2_ws/install/controller_interface/lib:/home/michael/ros2_ws/install/hardware_interface/lib:/home/michael/ros2_ws/install/control_toolbox/lib:/home/michael/ros2_ws/install/realtime_tools/lib:/home/michael/ros2_ws/install/controller_manager_msgs/lib:/home/michael/ros2_ws/install/control_msgs/lib:${LD_LIBRARY_PATH} PYTHONPATH=/home/michael/ros2_ws/build/ros2controlcli:/home/michael/ros2_ws/install/ros2controlcli/lib/python3.10/site-packages:/home/michael/ros2_ws/install/controller_manager/local/lib/python3.10/dist-packages:/home/michael/ros2_ws/build/ros2_controllers_test_nodes:/home/michael/ros2_ws/install/ros2_controllers_test_nodes/lib/python3.10/site-packages:/home/michael/ros2_ws/install/controller_manager_msgs/local/lib/python3.10/dist-packages:/home/michael/ros2_ws/install/control_msgs/local/lib/python3.10/dist-packages:${PYTHONPATH} /usr/bin/cmake --build /home/michael/ros2_ws/build/ros2_control_demo_example_1 -- -j14 -l14
[12.992s] Invoking command in '/home/michael/ros2_ws/build/ros2_control_demo_example_1': AMENT_PREFIX_PATH=/home/michael/ros2_ws/install/ros2controlcli:/home/michael/ros2_ws/install/joint_trajectory_controller:/home/michael/ros2_ws/install/joint_state_broadcaster:/home/michael/ros2_ws/install/forward_command_controller:/home/michael/ros2_ws/install/controller_manager:/home/michael/ros2_ws/install/controller_interface:/home/michael/ros2_ws/install/hardware_interface:/home/michael/ros2_ws/install/control_toolbox:/home/michael/ros2_ws/install/ros2_controllers_test_nodes:/home/michael/ros2_ws/install/ros2_control_test_assets:/home/michael/ros2_ws/install/realtime_tools:/home/michael/ros2_ws/install/controller_manager_msgs:/home/michael/ros2_ws/install/control_msgs:${AMENT_PREFIX_PATH} CMAKE_PREFIX_PATH=/home/michael/ros2_ws/install/joint_trajectory_controller:/home/michael/ros2_ws/install/joint_state_broadcaster:/home/michael/ros2_ws/install/forward_command_controller:/home/michael/ros2_ws/install/controller_manager:/home/michael/ros2_ws/install/controller_interface:/home/michael/ros2_ws/install/hardware_interface:/home/michael/ros2_ws/install/control_toolbox:/home/michael/ros2_ws/install/ros2_control_test_assets:/home/michael/ros2_ws/install/realtime_tools:/home/michael/ros2_ws/install/controller_manager_msgs:/home/michael/ros2_ws/install/control_msgs:/opt/ros/humble LD_LIBRARY_PATH=/home/michael/ros2_ws/install/joint_trajectory_controller/lib:/home/michael/ros2_ws/install/joint_state_broadcaster/lib:/home/michael/ros2_ws/install/forward_command_controller/lib:/home/michael/ros2_ws/install/controller_manager/lib:/home/michael/ros2_ws/install/controller_interface/lib:/home/michael/ros2_ws/install/hardware_interface/lib:/home/michael/ros2_ws/install/control_toolbox/lib:/home/michael/ros2_ws/install/realtime_tools/lib:/home/michael/ros2_ws/install/controller_manager_msgs/lib:/home/michael/ros2_ws/install/control_msgs/lib:${LD_LIBRARY_PATH} PYTHONPATH=/home/michael/ros2_ws/build/ros2controlcli:/home/michael/ros2_ws/install/ros2controlcli/lib/python3.10/site-packages:/home/michael/ros2_ws/install/controller_manager/local/lib/python3.10/dist-packages:/home/michael/ros2_ws/build/ros2_controllers_test_nodes:/home/michael/ros2_ws/install/ros2_controllers_test_nodes/lib/python3.10/site-packages:/home/michael/ros2_ws/install/controller_manager_msgs/local/lib/python3.10/dist-packages:/home/michael/ros2_ws/install/control_msgs/local/lib/python3.10/dist-packages:${PYTHONPATH} /usr/bin/cmake --install /home/michael/ros2_ws/build/ros2_control_demo_example_1
[13.019s] -- Install configuration: ""
[13.020s] -- Execute custom install script
[13.021s] -- Up-to-date symlink: /home/michael/ros2_ws/install/ros2_control_demo_example_1/share/ros2_control_demo_example_1//ros2_control_demo_example_1.xml
[13.023s] -- Up-to-date symlink: /home/michael/ros2_ws/install/ros2_control_demo_example_1/include/ros2_control_demo_example_1/ros2_control_demo_example_1/rrbot.hpp
[13.023s] -- Up-to-date symlink: /home/michael/ros2_ws/install/ros2_control_demo_example_1/include/ros2_control_demo_example_1/ros2_control_demo_example_1/visibility_control.h
[13.023s] -- Up-to-date symlink: /home/michael/ros2_ws/install/ros2_control_demo_example_1/share/ros2_control_demo_example_1/launch/view_robot.launch.py
[13.025s] -- Up-to-date symlink: /home/michael/ros2_ws/install/ros2_control_demo_example_1/share/ros2_control_demo_example_1/ros2_control/rrbot.ros2_control.xacro
[13.025s] -- Up-to-date symlink: /home/michael/ros2_ws/install/ros2_control_demo_example_1/share/ros2_control_demo_example_1/urdf/rrbot.materials.xacro
[13.026s] -- Up-to-date symlink: /home/michael/ros2_ws/install/ros2_control_demo_example_1/share/ros2_control_demo_example_1/urdf/rrbot.urdf.xacro
[13.026s] -- Up-to-date symlink: /home/michael/ros2_ws/install/ros2_control_demo_example_1/share/ros2_control_demo_example_1/urdf/rrbot_description.urdf.xacro
[13.026s] -- Up-to-date symlink: /home/michael/ros2_ws/install/ros2_control_demo_example_1/share/ros2_control_demo_example_1/rviz/rrbot.rviz
[13.029s] -- Up-to-date symlink: /home/michael/ros2_ws/install/ros2_control_demo_example_1/share/ros2_control_demo_example_1/launch/rrbot.launch.py
[13.037s] -- Up-to-date symlink: /home/michael/ros2_ws/install/ros2_control_demo_example_1/share/ros2_control_demo_example_1/launch/test_forward_position_controller.launch.py
[13.038s] -- Up-to-date symlink: /home/michael/ros2_ws/install/ros2_control_demo_example_1/share/ros2_control_demo_example_1/launch/test_joint_trajectory_controller.launch.py
[13.038s] -- Up-to-date symlink: /home/michael/ros2_ws/install/ros2_control_demo_example_1/share/ros2_control_demo_example_1/config/rrbot_controllers.yaml
[13.039s] -- Up-to-date symlink: /home/michael/ros2_ws/install/ros2_control_demo_example_1/share/ros2_control_demo_example_1/config/rrbot_forward_position_publisher.yaml
[13.039s] -- Up-to-date symlink: /home/michael/ros2_ws/install/ros2_control_demo_example_1/share/ros2_control_demo_example_1/config/rrbot_joint_trajectory_publisher.yaml
[13.039s] -- Up-to-date symlink: /home/michael/ros2_ws/install/ros2_control_demo_example_1/share/ros2_control_demo_example_1/environment/library_path.sh
[13.040s] -- Up-to-date symlink: /home/michael/ros2_ws/install/ros2_control_demo_example_1/share/ros2_control_demo_example_1/environment/library_path.dsv
[13.041s] -- Up-to-date symlink: /home/michael/ros2_ws/install/ros2_control_demo_example_1/share/ament_index/resource_index/package_run_dependencies/ros2_control_demo_example_1
[13.041s] -- Up-to-date symlink: /home/michael/ros2_ws/install/ros2_control_demo_example_1/share/ament_index/resource_index/parent_prefix_path/ros2_control_demo_example_1
[13.042s] -- Up-to-date symlink: /home/michael/ros2_ws/install/ros2_control_demo_example_1/share/ros2_control_demo_example_1/environment/ament_prefix_path.sh
[13.042s] -- Up-to-date symlink: /home/michael/ros2_ws/install/ros2_control_demo_example_1/share/ros2_control_demo_example_1/environment/ament_prefix_path.dsv
[13.042s] -- Up-to-date symlink: /home/michael/ros2_ws/install/ros2_control_demo_example_1/share/ros2_control_demo_example_1/environment/path.sh
[13.044s] -- Up-to-date symlink: /home/michael/ros2_ws/install/ros2_control_demo_example_1/share/ros2_control_demo_example_1/environment/path.dsv
[13.045s] -- Up-to-date symlink: /home/michael/ros2_ws/install/ros2_control_demo_example_1/share/ros2_control_demo_example_1/local_setup.bash
[13.045s] -- Up-to-date symlink: /home/michael/ros2_ws/install/ros2_control_demo_example_1/share/ros2_control_demo_example_1/local_setup.sh
[13.045s] -- Up-to-date symlink: /home/michael/ros2_ws/install/ros2_control_demo_example_1/share/ros2_control_demo_example_1/local_setup.zsh
[13.046s] -- Up-to-date symlink: /home/michael/ros2_ws/install/ros2_control_demo_example_1/share/ros2_control_demo_example_1/local_setup.dsv
[13.046s] -- Symlinking: /home/michael/ros2_ws/install/ros2_control_demo_example_1/share/ros2_control_demo_example_1/package.dsv
[13.063s] -- Up-to-date symlink: /home/michael/ros2_ws/install/ros2_control_demo_example_1/share/ament_index/resource_index/packages/ros2_control_demo_example_1
[13.063s] -- Up-to-date symlink: /home/michael/ros2_ws/install/ros2_control_demo_example_1/share/ament_index/resource_index/hardware_interface__pluginlib__plugin/ros2_control_demo_example_1
[13.063s] -- Up-to-date symlink: /home/michael/ros2_ws/install/ros2_control_demo_example_1/share/ros2_control_demo_example_1/cmake/ament_cmake_export_targets-extras.cmake
[13.064s] -- Up-to-date symlink: /home/michael/ros2_ws/install/ros2_control_demo_example_1/share/ros2_control_demo_example_1/cmake/ament_cmake_export_dependencies-extras.cmake
[13.065s] -- Up-to-date symlink: /home/michael/ros2_ws/install/ros2_control_demo_example_1/share/ros2_control_demo_example_1/cmake/ros2_control_demo_example_1Config.cmake
[13.065s] -- Up-to-date symlink: /home/michael/ros2_ws/install/ros2_control_demo_example_1/share/ros2_control_demo_example_1/cmake/ros2_control_demo_example_1Config-version.cmake
[13.065s] -- Up-to-date symlink: /home/michael/ros2_ws/install/ros2_control_demo_example_1/share/ros2_control_demo_example_1/package.xml
[13.065s] -- Installing: /home/michael/ros2_ws/install/ros2_control_demo_example_1/lib/libros2_control_demo_example_1.so
[13.067s] -- Set runtime path of "/home/michael/ros2_ws/install/ros2_control_demo_example_1/lib/libros2_control_demo_example_1.so" to ""
[13.067s] -- Up-to-date: /home/michael/ros2_ws/install/ros2_control_demo_example_1/share/ros2_control_demo_example_1/cmake/export_ros2_control_demo_example_1Export.cmake
[13.067s] -- Up-to-date: /home/michael/ros2_ws/install/ros2_control_demo_example_1/share/ros2_control_demo_example_1/cmake/export_ros2_control_demo_example_1Export-noconfig.cmake
[13.071s] Invoked command in '/home/michael/ros2_ws/build/ros2_control_demo_example_1' returned '0': AMENT_PREFIX_PATH=/home/michael/ros2_ws/install/ros2controlcli:/home/michael/ros2_ws/install/joint_trajectory_controller:/home/michael/ros2_ws/install/joint_state_broadcaster:/home/michael/ros2_ws/install/forward_command_controller:/home/michael/ros2_ws/install/controller_manager:/home/michael/ros2_ws/install/controller_interface:/home/michael/ros2_ws/install/hardware_interface:/home/michael/ros2_ws/install/control_toolbox:/home/michael/ros2_ws/install/ros2_controllers_test_nodes:/home/michael/ros2_ws/install/ros2_control_test_assets:/home/michael/ros2_ws/install/realtime_tools:/home/michael/ros2_ws/install/controller_manager_msgs:/home/michael/ros2_ws/install/control_msgs:${AMENT_PREFIX_PATH} CMAKE_PREFIX_PATH=/home/michael/ros2_ws/install/joint_trajectory_controller:/home/michael/ros2_ws/install/joint_state_broadcaster:/home/michael/ros2_ws/install/forward_command_controller:/home/michael/ros2_ws/install/controller_manager:/home/michael/ros2_ws/install/controller_interface:/home/michael/ros2_ws/install/hardware_interface:/home/michael/ros2_ws/install/control_toolbox:/home/michael/ros2_ws/install/ros2_control_test_assets:/home/michael/ros2_ws/install/realtime_tools:/home/michael/ros2_ws/install/controller_manager_msgs:/home/michael/ros2_ws/install/control_msgs:/opt/ros/humble LD_LIBRARY_PATH=/home/michael/ros2_ws/install/joint_trajectory_controller/lib:/home/michael/ros2_ws/install/joint_state_broadcaster/lib:/home/michael/ros2_ws/install/forward_command_controller/lib:/home/michael/ros2_ws/install/controller_manager/lib:/home/michael/ros2_ws/install/controller_interface/lib:/home/michael/ros2_ws/install/hardware_interface/lib:/home/michael/ros2_ws/install/control_toolbox/lib:/home/michael/ros2_ws/install/realtime_tools/lib:/home/michael/ros2_ws/install/controller_manager_msgs/lib:/home/michael/ros2_ws/install/control_msgs/lib:${LD_LIBRARY_PATH} PYTHONPATH=/home/michael/ros2_ws/build/ros2controlcli:/home/michael/ros2_ws/install/ros2controlcli/lib/python3.10/site-packages:/home/michael/ros2_ws/install/controller_manager/local/lib/python3.10/dist-packages:/home/michael/ros2_ws/build/ros2_controllers_test_nodes:/home/michael/ros2_ws/install/ros2_controllers_test_nodes/lib/python3.10/site-packages:/home/michael/ros2_ws/install/controller_manager_msgs/local/lib/python3.10/dist-packages:/home/michael/ros2_ws/install/control_msgs/local/lib/python3.10/dist-packages:${PYTHONPATH} /usr/bin/cmake --install /home/michael/ros2_ws/build/ros2_control_demo_example_1
