[0.295s] Invoking command in '/home/michael/ros2_ws/build/gazebo_ros2_control': AMENT_PREFIX_PATH=/home/michael/ros2_ws/install/controller_manager:/home/michael/ros2_ws/install/controller_interface:/home/michael/ros2_ws/install/hardware_interface:/home/michael/ros2_ws/install/ros2_control_test_assets:/home/michael/ros2_ws/install/realtime_tools:/home/michael/ros2_ws/install/controller_manager_msgs:/home/michael/ros2_ws/install/control_msgs:${AMENT_PREFIX_PATH} CMAKE_PREFIX_PATH=/home/michael/ros2_ws/install/controller_manager:/home/michael/ros2_ws/install/controller_interface:/home/michael/ros2_ws/install/hardware_interface:/home/michael/ros2_ws/install/ros2_control_test_assets:/home/michael/ros2_ws/install/realtime_tools:/home/michael/ros2_ws/install/controller_manager_msgs:/home/michael/ros2_ws/install/control_msgs:/home/michael/ros2_ws/install/testarm:/home/michael/ros2_ws/install/model_arm:/opt/ros/humble LD_LIBRARY_PATH=/home/michael/ros2_ws/install/controller_manager/lib:/home/michael/ros2_ws/install/controller_interface/lib:/home/michael/ros2_ws/install/hardware_interface/lib:/home/michael/ros2_ws/install/realtime_tools/lib:/home/michael/ros2_ws/install/controller_manager_msgs/lib:/home/michael/ros2_ws/install/control_msgs/lib:${LD_LIBRARY_PATH} PYTHONPATH=/home/michael/ros2_ws/install/controller_manager/local/lib/python3.10/dist-packages:/home/michael/ros2_ws/install/controller_manager_msgs/local/lib/python3.10/dist-packages:/home/michael/ros2_ws/install/control_msgs/local/lib/python3.10/dist-packages:${PYTHONPATH} /usr/bin/cmake /home/michael/ros2_ws/src/ros-controls/gazebo_ros2_control/gazebo_ros2_control -DAMENT_CMAKE_SYMLINK_INSTALL=1 -DCMAKE_INSTALL_PREFIX=/home/michael/ros2_ws/install/gazebo_ros2_control
[0.382s] -- The C compiler identification is GNU 11.4.0
[0.468s] -- The CXX compiler identification is GNU 11.4.0
[0.477s] -- Detecting C compiler ABI info
[0.610s] -- Detecting C compiler ABI info - done
[0.621s] -- Check for working C compiler: /usr/bin/cc - skipped
[0.621s] -- Detecting C compile features
[0.622s] -- Detecting C compile features - done
[0.628s] -- Detecting CXX compiler ABI info
[0.790s] -- Detecting CXX compiler ABI info - done
[0.799s] -- Check for working CXX compiler: /usr/bin/c++ - skipped
[0.799s] -- Detecting CXX compile features
[0.800s] -- Detecting CXX compile features - done
[0.809s] -- Found ament_cmake: 1.3.5 (/opt/ros/humble/share/ament_cmake/cmake)
[1.192s] -- Found Python3: /usr/bin/python3.10 (found version "3.10.12") found components: Interpreter 
[1.326s] -- Override CMake install command with custom implementation using symlinks instead of copying resources
[1.379s] -- Found angles: 1.15.0 (/opt/ros/humble/share/angles/cmake)
[1.380s] -- Found controller_manager: 2.29.0 (/home/michael/ros2_ws/install/controller_manager/share/controller_manager/cmake)
[1.470s] -- Found rosidl_generator_c: 3.1.5 (/opt/ros/humble/share/rosidl_generator_c/cmake)
[1.478s] -- Found rosidl_adapter: 3.1.5 (/opt/ros/humble/share/rosidl_adapter/cmake)
[1.488s] -- Found rosidl_generator_cpp: 3.1.5 (/opt/ros/humble/share/rosidl_generator_cpp/cmake)
[1.509s] -- Using all available rosidl_typesupport_c: rosidl_typesupport_fastrtps_c;rosidl_typesupport_introspection_c
[1.553s] -- Using all available rosidl_typesupport_cpp: rosidl_typesupport_fastrtps_cpp;rosidl_typesupport_introspection_cpp
[2.776s] -- Found rmw_implementation_cmake: 6.1.1 (/opt/ros/humble/share/rmw_implementation_cmake/cmake)
[2.781s] -- Found rmw_fastrtps_cpp: 6.2.3 (/opt/ros/humble/share/rmw_fastrtps_cpp/cmake)
[2.985s] -- Found OpenSSL: /usr/lib/x86_64-linux-gnu/libcrypto.so (found version "3.0.2")  
[3.085s] -- Found FastRTPS: /opt/ros/humble/include  
[3.199s] -- Using RMW implementation 'rmw_fastrtps_cpp' as default
[3.221s] -- Looking for pthread.h
[3.329s] -- Looking for pthread.h - found
[3.329s] -- Performing Test CMAKE_HAVE_LIBC_PTHREAD
[3.503s] -- Performing Test CMAKE_HAVE_LIBC_PTHREAD - Success
[3.505s] -- Found Threads: TRUE  
[4.594s] -- Found gazebo_dev: 3.7.0 (/opt/ros/humble/share/gazebo_dev/cmake)
[4.607s] -- Found PkgConfig: /usr/bin/pkg-config (found version "0.29.2") 
[4.609s] -- Checking for module 'bullet>=2.82'
[4.631s] --   Found bullet, version 3.05
[4.798s] -- Found fcl: /usr/include (found suitable version "0.7.0", minimum required is "0.5.0") 
[4.916s] -- Found assimp: /usr/include (found version "5.2.0") 
[4.966s] -- Found DART: /usr/include (Required is at least version "6.6") found components: dart 
[5.047s] -- Found Boost: /usr/lib/x86_64-linux-gnu/cmake/Boost-1.74.0/BoostConfig.cmake (found suitable version "1.74.0", minimum required is "1.40.0") found components: thread system filesystem program_options regex iostreams date_time 
[5.070s] -- Found Protobuf: /usr/lib/x86_64-linux-gnu/libprotobuf.so (found version "3.12.4") 
[5.081s] -- Looking for ignition-math6 -- found version 6.12.0
[5.090s] -- Searching for dependencies of ignition-math6
[5.095s] -- Looking for OGRE...
[5.098s] -- OGRE_PREFIX_WATCH changed.
[5.126s] -- Checking for module 'OGRE'
[5.169s] --   Found OGRE, version 1.9.0
[5.250s] -- Found Ogre Ghadamon (1.9.0)
[5.260s] -- Found OGRE: optimized;/usr/lib/x86_64-linux-gnu/libOgreMain.so;debug;/usr/lib/x86_64-linux-gnu/libOgreMain.so
[5.275s] -- Looking for OGRE_Paging...
[5.282s] -- Found OGRE_Paging: optimized;/usr/lib/x86_64-linux-gnu/libOgrePaging.so;debug;/usr/lib/x86_64-linux-gnu/libOgrePaging.so
[5.282s] -- Looking for OGRE_Terrain...
[5.293s] -- Found OGRE_Terrain: optimized;/usr/lib/x86_64-linux-gnu/libOgreTerrain.so;debug;/usr/lib/x86_64-linux-gnu/libOgreTerrain.so
[5.293s] -- Looking for OGRE_Property...
[5.304s] -- Found OGRE_Property: optimized;/usr/lib/x86_64-linux-gnu/libOgreProperty.so;debug;/usr/lib/x86_64-linux-gnu/libOgreProperty.so
[5.304s] -- Looking for OGRE_RTShaderSystem...
[5.315s] -- Found OGRE_RTShaderSystem: optimized;/usr/lib/x86_64-linux-gnu/libOgreRTShaderSystem.so;debug;/usr/lib/x86_64-linux-gnu/libOgreRTShaderSystem.so
[5.315s] -- Looking for OGRE_Volume...
[5.326s] -- Found OGRE_Volume: optimized;/usr/lib/x86_64-linux-gnu/libOgreVolume.so;debug;/usr/lib/x86_64-linux-gnu/libOgreVolume.so
[5.326s] -- Looking for OGRE_Overlay...
[5.336s] -- Found OGRE_Overlay: optimized;/usr/lib/x86_64-linux-gnu/libOgreOverlay.so;debug;/usr/lib/x86_64-linux-gnu/libOgreOverlay.so
[5.517s] -- Looking for ignition-math6 -- found version 6.12.0
[5.522s] -- Looking for ignition-transport8 -- found version 8.2.1
[5.524s] -- Searching for dependencies of ignition-transport8
[5.548s] -- Found Protobuf: /usr/lib/x86_64-linux-gnu/libprotobuf.so (found suitable version "3.12.4", minimum required is "3") 
[5.570s] -- Config-file not installed for ZeroMQ -- checking for pkg-config
[5.578s] -- Checking for module 'libzmq >= 4'
[5.601s] --   Found libzmq , version 4.3.4
[5.676s] -- Found ZeroMQ: TRUE (Required is at least version "4") 
[5.688s] -- Checking for module 'uuid'
[5.715s] --   Found uuid, version 2.37.2
[5.780s] -- Found UUID: TRUE  
[5.785s] -- Looking for ignition-msgs5 -- found version 5.8.1
[5.785s] -- Searching for dependencies of ignition-msgs5
[5.810s] -- Looking for ignition-math6 -- found version 6.12.0
[5.818s] -- Checking for module 'tinyxml2'
[5.851s] --   Found tinyxml2, version 9.0.0
[5.913s] -- Looking for ignition-msgs5 -- found version 5.8.1
[5.918s] -- Looking for ignition-common3 -- found version 3.14.0
[5.918s] -- Searching for dependencies of ignition-common3
[5.919s] -- Looking for dlfcn.h - found
[5.920s] -- Looking for libdl - found
[5.922s] -- Found DL: TRUE  
[5.941s] -- Found tinyobjloader: /usr/lib/x86_64-linux-gnu/cmake/tinyobjloader/tinyobjloader-config.cmake (found version "2.0.0") 
[5.943s] -- Searching for <ignition-common3> component [graphics]
[5.948s] -- Looking for ignition-common3-graphics -- found version 3.14.0
[5.948s] -- Searching for dependencies of ignition-common3-graphics
[5.949s] -- Looking for ignition-math6 -- found version 6.12.0
[5.956s] -- Looking for ignition-fuel_tools4 -- found version 4.4.0
[5.957s] -- Searching for dependencies of ignition-fuel_tools4
[6.080s] -- Found CURL: /usr/lib/x86_64-linux-gnu/libcurl.so (found version "7.81.0")  
[6.107s] -- Checking for module 'jsoncpp'
[6.131s] --   Found jsoncpp, version 1.9.5
[6.203s] -- Found JSONCPP: TRUE  
[6.216s] -- Checking for module 'libzip'
[6.239s] --   Found libzip, version 1.7.3
[6.322s] -- Found ZIP: TRUE  
[6.323s] -- Looking for ignition-common3 -- found version 3.14.0
[6.323s] -- Looking for ignition-math6 -- found version 6.12.0
[6.324s] -- Looking for ignition-msgs5 -- found version 5.8.1
[6.328s] -- Gazebo version: 11.10
[6.333s] -- Checking for module 'tbb'
[6.385s] --   Found tbb, version 2021.5.0
[6.611s] -- Found gazebo_ros: 3.7.0 (/opt/ros/humble/share/gazebo_ros/cmake)
[6.660s] -- Found yaml_cpp_vendor: 8.0.2 (/opt/ros/humble/share/yaml_cpp_vendor/cmake)
[12.610s] -- Found ament_cmake_gtest: 1.3.5 (/opt/ros/humble/share/ament_cmake_gtest/cmake)
[12.758s] -- Found ament_lint_auto: 0.12.7 (/opt/ros/humble/share/ament_lint_auto/cmake)
[13.611s] -- Added test 'copyright' to check source files copyright and LICENSE
[13.655s] -- Added test 'cppcheck' to perform static code analysis on C / C++ code
[13.656s] -- Configured cppcheck include dirs: /home/michael/ros2_ws/src/ros-controls/gazebo_ros2_control/gazebo_ros2_control/include
[13.656s] -- Configured cppcheck exclude dirs and/or files: 
[13.679s] -- Added test 'cpplint' to check C / C++ code against the Google style
[13.680s] -- Configured cpplint exclude dirs and/or files: 
[13.680s] -- Added test 'lint_cmake' to check CMake code style
[13.690s] -- Added test 'uncrustify' to check C / C++ code style
[13.690s] -- Configured uncrustify additional arguments: 
[13.714s] -- Added test 'xmllint' to check XML markup files
[13.746s] -- Configuring done
[15.450s] -- Generating done
[15.549s] -- Build files have been written to: /home/michael/ros2_ws/build/gazebo_ros2_control
[15.729s] Invoked command in '/home/michael/ros2_ws/build/gazebo_ros2_control' returned '0': AMENT_PREFIX_PATH=/home/michael/ros2_ws/install/controller_manager:/home/michael/ros2_ws/install/controller_interface:/home/michael/ros2_ws/install/hardware_interface:/home/michael/ros2_ws/install/ros2_control_test_assets:/home/michael/ros2_ws/install/realtime_tools:/home/michael/ros2_ws/install/controller_manager_msgs:/home/michael/ros2_ws/install/control_msgs:${AMENT_PREFIX_PATH} CMAKE_PREFIX_PATH=/home/michael/ros2_ws/install/controller_manager:/home/michael/ros2_ws/install/controller_interface:/home/michael/ros2_ws/install/hardware_interface:/home/michael/ros2_ws/install/ros2_control_test_assets:/home/michael/ros2_ws/install/realtime_tools:/home/michael/ros2_ws/install/controller_manager_msgs:/home/michael/ros2_ws/install/control_msgs:/home/michael/ros2_ws/install/testarm:/home/michael/ros2_ws/install/model_arm:/opt/ros/humble LD_LIBRARY_PATH=/home/michael/ros2_ws/install/controller_manager/lib:/home/michael/ros2_ws/install/controller_interface/lib:/home/michael/ros2_ws/install/hardware_interface/lib:/home/michael/ros2_ws/install/realtime_tools/lib:/home/michael/ros2_ws/install/controller_manager_msgs/lib:/home/michael/ros2_ws/install/control_msgs/lib:${LD_LIBRARY_PATH} PYTHONPATH=/home/michael/ros2_ws/install/controller_manager/local/lib/python3.10/dist-packages:/home/michael/ros2_ws/install/controller_manager_msgs/local/lib/python3.10/dist-packages:/home/michael/ros2_ws/install/control_msgs/local/lib/python3.10/dist-packages:${PYTHONPATH} /usr/bin/cmake /home/michael/ros2_ws/src/ros-controls/gazebo_ros2_control/gazebo_ros2_control -DAMENT_CMAKE_SYMLINK_INSTALL=1 -DCMAKE_INSTALL_PREFIX=/home/michael/ros2_ws/install/gazebo_ros2_control
[15.759s] Invoking command in '/home/michael/ros2_ws/build/gazebo_ros2_control': AMENT_PREFIX_PATH=/home/michael/ros2_ws/install/controller_manager:/home/michael/ros2_ws/install/controller_interface:/home/michael/ros2_ws/install/hardware_interface:/home/michael/ros2_ws/install/ros2_control_test_assets:/home/michael/ros2_ws/install/realtime_tools:/home/michael/ros2_ws/install/controller_manager_msgs:/home/michael/ros2_ws/install/control_msgs:${AMENT_PREFIX_PATH} CMAKE_PREFIX_PATH=/home/michael/ros2_ws/install/controller_manager:/home/michael/ros2_ws/install/controller_interface:/home/michael/ros2_ws/install/hardware_interface:/home/michael/ros2_ws/install/ros2_control_test_assets:/home/michael/ros2_ws/install/realtime_tools:/home/michael/ros2_ws/install/controller_manager_msgs:/home/michael/ros2_ws/install/control_msgs:/home/michael/ros2_ws/install/testarm:/home/michael/ros2_ws/install/model_arm:/opt/ros/humble LD_LIBRARY_PATH=/home/michael/ros2_ws/install/controller_manager/lib:/home/michael/ros2_ws/install/controller_interface/lib:/home/michael/ros2_ws/install/hardware_interface/lib:/home/michael/ros2_ws/install/realtime_tools/lib:/home/michael/ros2_ws/install/controller_manager_msgs/lib:/home/michael/ros2_ws/install/control_msgs/lib:${LD_LIBRARY_PATH} PYTHONPATH=/home/michael/ros2_ws/install/controller_manager/local/lib/python3.10/dist-packages:/home/michael/ros2_ws/install/controller_manager_msgs/local/lib/python3.10/dist-packages:/home/michael/ros2_ws/install/control_msgs/local/lib/python3.10/dist-packages:${PYTHONPATH} /usr/bin/cmake --build /home/michael/ros2_ws/build/gazebo_ros2_control -- -j14 -l14
[65.903s] [ 25%] [32mBuilding CXX object CMakeFiles/gazebo_ros2_control.dir/src/gazebo_ros2_control_plugin.cpp.o[0m
[65.904s] [ 50%] [32m[1mLinking CXX shared library libgazebo_ros2_control.so[0m
[65.906s] [ 50%] Built target gazebo_ros2_control
[65.907s] [ 75%] [32mBuilding CXX object CMakeFiles/gazebo_hardware_plugins.dir/src/gazebo_system.cpp.o[0m
[83.770s] [100%] [32m[1mLinking CXX shared library libgazebo_hardware_plugins.so[0m
[84.545s] [100%] Built target gazebo_hardware_plugins
[84.561s] Invoked command in '/home/michael/ros2_ws/build/gazebo_ros2_control' returned '0': AMENT_PREFIX_PATH=/home/michael/ros2_ws/install/controller_manager:/home/michael/ros2_ws/install/controller_interface:/home/michael/ros2_ws/install/hardware_interface:/home/michael/ros2_ws/install/ros2_control_test_assets:/home/michael/ros2_ws/install/realtime_tools:/home/michael/ros2_ws/install/controller_manager_msgs:/home/michael/ros2_ws/install/control_msgs:${AMENT_PREFIX_PATH} CMAKE_PREFIX_PATH=/home/michael/ros2_ws/install/controller_manager:/home/michael/ros2_ws/install/controller_interface:/home/michael/ros2_ws/install/hardware_interface:/home/michael/ros2_ws/install/ros2_control_test_assets:/home/michael/ros2_ws/install/realtime_tools:/home/michael/ros2_ws/install/controller_manager_msgs:/home/michael/ros2_ws/install/control_msgs:/home/michael/ros2_ws/install/testarm:/home/michael/ros2_ws/install/model_arm:/opt/ros/humble LD_LIBRARY_PATH=/home/michael/ros2_ws/install/controller_manager/lib:/home/michael/ros2_ws/install/controller_interface/lib:/home/michael/ros2_ws/install/hardware_interface/lib:/home/michael/ros2_ws/install/realtime_tools/lib:/home/michael/ros2_ws/install/controller_manager_msgs/lib:/home/michael/ros2_ws/install/control_msgs/lib:${LD_LIBRARY_PATH} PYTHONPATH=/home/michael/ros2_ws/install/controller_manager/local/lib/python3.10/dist-packages:/home/michael/ros2_ws/install/controller_manager_msgs/local/lib/python3.10/dist-packages:/home/michael/ros2_ws/install/control_msgs/local/lib/python3.10/dist-packages:${PYTHONPATH} /usr/bin/cmake --build /home/michael/ros2_ws/build/gazebo_ros2_control -- -j14 -l14
[84.611s] Invoking command in '/home/michael/ros2_ws/build/gazebo_ros2_control': AMENT_PREFIX_PATH=/home/michael/ros2_ws/install/controller_manager:/home/michael/ros2_ws/install/controller_interface:/home/michael/ros2_ws/install/hardware_interface:/home/michael/ros2_ws/install/ros2_control_test_assets:/home/michael/ros2_ws/install/realtime_tools:/home/michael/ros2_ws/install/controller_manager_msgs:/home/michael/ros2_ws/install/control_msgs:${AMENT_PREFIX_PATH} CMAKE_PREFIX_PATH=/home/michael/ros2_ws/install/controller_manager:/home/michael/ros2_ws/install/controller_interface:/home/michael/ros2_ws/install/hardware_interface:/home/michael/ros2_ws/install/ros2_control_test_assets:/home/michael/ros2_ws/install/realtime_tools:/home/michael/ros2_ws/install/controller_manager_msgs:/home/michael/ros2_ws/install/control_msgs:/home/michael/ros2_ws/install/testarm:/home/michael/ros2_ws/install/model_arm:/opt/ros/humble LD_LIBRARY_PATH=/home/michael/ros2_ws/install/controller_manager/lib:/home/michael/ros2_ws/install/controller_interface/lib:/home/michael/ros2_ws/install/hardware_interface/lib:/home/michael/ros2_ws/install/realtime_tools/lib:/home/michael/ros2_ws/install/controller_manager_msgs/lib:/home/michael/ros2_ws/install/control_msgs/lib:${LD_LIBRARY_PATH} PYTHONPATH=/home/michael/ros2_ws/install/controller_manager/local/lib/python3.10/dist-packages:/home/michael/ros2_ws/install/controller_manager_msgs/local/lib/python3.10/dist-packages:/home/michael/ros2_ws/install/control_msgs/local/lib/python3.10/dist-packages:${PYTHONPATH} /usr/bin/cmake --install /home/michael/ros2_ws/build/gazebo_ros2_control
[84.623s] -- Install configuration: ""
[84.624s] -- Execute custom install script
[84.625s] -- Symlinking: /home/michael/ros2_ws/install/gazebo_ros2_control/lib/libgazebo_ros2_control.so
[84.635s] -- Symlinking: /home/michael/ros2_ws/install/gazebo_ros2_control/lib/libgazebo_hardware_plugins.so
[84.648s] -- Symlinking: /home/michael/ros2_ws/install/gazebo_ros2_control/share/gazebo_ros2_control/environment/library_path.sh
[84.658s] -- Symlinking: /home/michael/ros2_ws/install/gazebo_ros2_control/share/gazebo_ros2_control/environment/library_path.dsv
[84.670s] -- Symlinking: /home/michael/ros2_ws/install/gazebo_ros2_control/include/gazebo_ros2_control/gazebo_ros2_control_plugin.hpp
[84.686s] -- Symlinking: /home/michael/ros2_ws/install/gazebo_ros2_control/include/gazebo_ros2_control/gazebo_system.hpp
[84.698s] -- Symlinking: /home/michael/ros2_ws/install/gazebo_ros2_control/include/gazebo_ros2_control/gazebo_system_interface.hpp
[84.706s] -- Symlinking: /home/michael/ros2_ws/install/gazebo_ros2_control/share/gazebo_ros2_control//gazebo_hardware_plugins.xml
[84.719s] -- Symlinking: /home/michael/ros2_ws/install/gazebo_ros2_control/share/ament_index/resource_index/package_run_dependencies/gazebo_ros2_control
[84.731s] -- Symlinking: /home/michael/ros2_ws/install/gazebo_ros2_control/share/ament_index/resource_index/parent_prefix_path/gazebo_ros2_control
[84.744s] -- Symlinking: /home/michael/ros2_ws/install/gazebo_ros2_control/share/gazebo_ros2_control/environment/ament_prefix_path.sh
[84.760s] -- Symlinking: /home/michael/ros2_ws/install/gazebo_ros2_control/share/gazebo_ros2_control/environment/ament_prefix_path.dsv
[84.770s] -- Symlinking: /home/michael/ros2_ws/install/gazebo_ros2_control/share/gazebo_ros2_control/environment/path.sh
[84.794s] -- Symlinking: /home/michael/ros2_ws/install/gazebo_ros2_control/share/gazebo_ros2_control/environment/path.dsv
[84.808s] -- Symlinking: /home/michael/ros2_ws/install/gazebo_ros2_control/share/gazebo_ros2_control/local_setup.bash
[84.824s] -- Symlinking: /home/michael/ros2_ws/install/gazebo_ros2_control/share/gazebo_ros2_control/local_setup.sh
[84.836s] -- Symlinking: /home/michael/ros2_ws/install/gazebo_ros2_control/share/gazebo_ros2_control/local_setup.zsh
[84.849s] -- Symlinking: /home/michael/ros2_ws/install/gazebo_ros2_control/share/gazebo_ros2_control/local_setup.dsv
[84.859s] -- Symlinking: /home/michael/ros2_ws/install/gazebo_ros2_control/share/gazebo_ros2_control/package.dsv
[84.871s] -- Symlinking: /home/michael/ros2_ws/install/gazebo_ros2_control/share/ament_index/resource_index/packages/gazebo_ros2_control
[84.882s] -- Symlinking: /home/michael/ros2_ws/install/gazebo_ros2_control/share/ament_index/resource_index/gazebo_ros2_control__pluginlib__plugin/gazebo_ros2_control
[84.894s] -- Symlinking: /home/michael/ros2_ws/install/gazebo_ros2_control/share/gazebo_ros2_control/cmake/ament_cmake_export_include_directories-extras.cmake
[84.906s] -- Symlinking: /home/michael/ros2_ws/install/gazebo_ros2_control/share/gazebo_ros2_control/cmake/ament_cmake_export_dependencies-extras.cmake
[84.922s] -- Symlinking: /home/michael/ros2_ws/install/gazebo_ros2_control/share/gazebo_ros2_control/cmake/ament_cmake_export_libraries-extras.cmake
[84.933s] -- Symlinking: /home/michael/ros2_ws/install/gazebo_ros2_control/share/gazebo_ros2_control/cmake/gazebo_ros2_controlConfig.cmake
[84.947s] -- Symlinking: /home/michael/ros2_ws/install/gazebo_ros2_control/share/gazebo_ros2_control/cmake/gazebo_ros2_controlConfig-version.cmake
[84.958s] -- Symlinking: /home/michael/ros2_ws/install/gazebo_ros2_control/share/gazebo_ros2_control/package.xml
[84.971s] Invoked command in '/home/michael/ros2_ws/build/gazebo_ros2_control' returned '0': AMENT_PREFIX_PATH=/home/michael/ros2_ws/install/controller_manager:/home/michael/ros2_ws/install/controller_interface:/home/michael/ros2_ws/install/hardware_interface:/home/michael/ros2_ws/install/ros2_control_test_assets:/home/michael/ros2_ws/install/realtime_tools:/home/michael/ros2_ws/install/controller_manager_msgs:/home/michael/ros2_ws/install/control_msgs:${AMENT_PREFIX_PATH} CMAKE_PREFIX_PATH=/home/michael/ros2_ws/install/controller_manager:/home/michael/ros2_ws/install/controller_interface:/home/michael/ros2_ws/install/hardware_interface:/home/michael/ros2_ws/install/ros2_control_test_assets:/home/michael/ros2_ws/install/realtime_tools:/home/michael/ros2_ws/install/controller_manager_msgs:/home/michael/ros2_ws/install/control_msgs:/home/michael/ros2_ws/install/testarm:/home/michael/ros2_ws/install/model_arm:/opt/ros/humble LD_LIBRARY_PATH=/home/michael/ros2_ws/install/controller_manager/lib:/home/michael/ros2_ws/install/controller_interface/lib:/home/michael/ros2_ws/install/hardware_interface/lib:/home/michael/ros2_ws/install/realtime_tools/lib:/home/michael/ros2_ws/install/controller_manager_msgs/lib:/home/michael/ros2_ws/install/control_msgs/lib:${LD_LIBRARY_PATH} PYTHONPATH=/home/michael/ros2_ws/install/controller_manager/local/lib/python3.10/dist-packages:/home/michael/ros2_ws/install/controller_manager_msgs/local/lib/python3.10/dist-packages:/home/michael/ros2_ws/install/control_msgs/local/lib/python3.10/dist-packages:${PYTHONPATH} /usr/bin/cmake --install /home/michael/ros2_ws/build/gazebo_ros2_control
