[0.013s] Invoking command in '/home/michael/ros2_ws/build/control_toolbox': AMENT_PREFIX_PATH=/home/michael/ros2_ws/install/realtime_tools:/home/michael/ros2_ws/install/control_msgs:${AMENT_PREFIX_PATH} CMAKE_PREFIX_PATH=/home/michael/ros2_ws/install/realtime_tools:/home/michael/ros2_ws/install/control_msgs:/home/michael/ros2_ws/install/testarm:/home/michael/ros2_ws/install/model_arm:/opt/ros/humble LD_LIBRARY_PATH=/home/michael/ros2_ws/install/realtime_tools/lib:/home/michael/ros2_ws/install/control_msgs/lib:${LD_LIBRARY_PATH} PYTHONPATH=/home/michael/ros2_ws/install/control_msgs/local/lib/python3.10/dist-packages:${PYTHONPATH} /usr/bin/cmake /home/michael/ros2_ws/src/ros-controls/control_toolbox -DAMENT_CMAKE_SYMLINK_INSTALL=1 -DCMAKE_INSTALL_PREFIX=/home/michael/ros2_ws/install/control_toolbox
[0.065s] -- The CXX compiler identification is GNU 11.4.0
[0.072s] -- Detecting CXX compiler ABI info
[0.132s] -- Detecting CXX compiler ABI info - done
[0.139s] -- Check for working CXX compiler: /usr/bin/c++ - skipped
[0.140s] -- Detecting CXX compile features
[0.141s] -- Detecting CXX compile features - done
[0.142s] -- Found ament_cmake: 1.3.5 (/opt/ros/humble/share/ament_cmake/cmake)
[0.297s] -- Found Python3: /usr/bin/python3.10 (found version "3.10.12") found components: Interpreter 
[0.353s] -- Override CMake install command with custom implementation using symlinks instead of copying resources
[0.374s] -- Found control_msgs: 4.4.0 (/home/michael/ros2_ws/install/control_msgs/share/control_msgs/cmake)
[0.404s] -- Found rosidl_generator_c: 3.1.5 (/opt/ros/humble/share/rosidl_generator_c/cmake)
[0.408s] -- Found rosidl_adapter: 3.1.5 (/opt/ros/humble/share/rosidl_adapter/cmake)
[0.415s] -- Found rosidl_generator_cpp: 3.1.5 (/opt/ros/humble/share/rosidl_generator_cpp/cmake)
[0.427s] -- Using all available rosidl_typesupport_c: rosidl_typesupport_fastrtps_c;rosidl_typesupport_introspection_c
[0.445s] -- Using all available rosidl_typesupport_cpp: rosidl_typesupport_fastrtps_cpp;rosidl_typesupport_introspection_cpp
[0.929s] -- Found rclcpp: 16.0.5 (/opt/ros/humble/share/rclcpp/cmake)
[0.997s] -- Found rmw_implementation_cmake: 6.1.1 (/opt/ros/humble/share/rmw_implementation_cmake/cmake)
[0.999s] -- Found rmw_fastrtps_cpp: 6.2.3 (/opt/ros/humble/share/rmw_fastrtps_cpp/cmake)
[1.075s] -- Found OpenSSL: /usr/lib/x86_64-linux-gnu/libcrypto.so (found version "3.0.2")  
[1.100s] -- Found FastRTPS: /opt/ros/humble/include  
[1.141s] -- Using RMW implementation 'rmw_fastrtps_cpp' as default
[1.148s] -- Looking for C++ include pthread.h
[1.216s] -- Looking for C++ include pthread.h - found
[1.216s] -- Performing Test CMAKE_HAVE_LIBC_PTHREAD
[1.285s] -- Performing Test CMAKE_HAVE_LIBC_PTHREAD - Success
[1.286s] -- Found Threads: TRUE  
[1.419s] -- Found realtime_tools: 2.5.0 (/home/michael/ros2_ws/install/realtime_tools/share/realtime_tools/cmake)
[1.464s] -- Found filters: 2.1.0 (/opt/ros/humble/share/filters/cmake)
[1.468s] -- Found generate_parameter_library: 0.3.3 (/opt/ros/humble/share/generate_parameter_library/cmake)
[1.471s] -- Found parameter_traits: 0.3.3 (/opt/ros/humble/share/parameter_traits/cmake)
[1.508s] -- Found rclcpp_lifecycle: 16.0.5 (/opt/ros/humble/share/rclcpp_lifecycle/cmake)
[1.550s] -- Found pluginlib: 5.1.0 (/opt/ros/humble/share/pluginlib/cmake)
[1.581s] -- Found ament_cmake_gmock: 1.3.5 (/opt/ros/humble/share/ament_cmake_gmock/cmake)
[1.582s] -- Found ament_cmake_gtest: 1.3.5 (/opt/ros/humble/share/ament_cmake_gtest/cmake)
[1.584s] -- Found gmock sources under '/opt/ros/humble/src/gmock_vendor': C++ tests using 'Google Mock' will be built
[1.619s] -- The C compiler identification is GNU 11.4.0
[1.624s] -- Detecting C compiler ABI info
[1.695s] -- Detecting C compiler ABI info - done
[1.701s] -- Check for working C compiler: /usr/bin/cc - skipped
[1.701s] -- Detecting C compile features
[1.702s] -- Detecting C compile features - done
[1.704s] -- Found gtest sources under '/opt/ros/humble/src/gtest_vendor': C++ tests using 'Google Test' will be built
[1.788s] -- Configuring done
[1.847s] -- Generating done
[1.852s] -- Build files have been written to: /home/michael/ros2_ws/build/control_toolbox
[1.867s] Invoked command in '/home/michael/ros2_ws/build/control_toolbox' returned '0': AMENT_PREFIX_PATH=/home/michael/ros2_ws/install/realtime_tools:/home/michael/ros2_ws/install/control_msgs:${AMENT_PREFIX_PATH} CMAKE_PREFIX_PATH=/home/michael/ros2_ws/install/realtime_tools:/home/michael/ros2_ws/install/control_msgs:/home/michael/ros2_ws/install/testarm:/home/michael/ros2_ws/install/model_arm:/opt/ros/humble LD_LIBRARY_PATH=/home/michael/ros2_ws/install/realtime_tools/lib:/home/michael/ros2_ws/install/control_msgs/lib:${LD_LIBRARY_PATH} PYTHONPATH=/home/michael/ros2_ws/install/control_msgs/local/lib/python3.10/dist-packages:${PYTHONPATH} /usr/bin/cmake /home/michael/ros2_ws/src/ros-controls/control_toolbox -DAMENT_CMAKE_SYMLINK_INSTALL=1 -DCMAKE_INSTALL_PREFIX=/home/michael/ros2_ws/install/control_toolbox
[1.869s] Invoking command in '/home/michael/ros2_ws/build/control_toolbox': AMENT_PREFIX_PATH=/home/michael/ros2_ws/install/realtime_tools:/home/michael/ros2_ws/install/control_msgs:${AMENT_PREFIX_PATH} CMAKE_PREFIX_PATH=/home/michael/ros2_ws/install/realtime_tools:/home/michael/ros2_ws/install/control_msgs:/home/michael/ros2_ws/install/testarm:/home/michael/ros2_ws/install/model_arm:/opt/ros/humble LD_LIBRARY_PATH=/home/michael/ros2_ws/install/realtime_tools/lib:/home/michael/ros2_ws/install/control_msgs/lib:${LD_LIBRARY_PATH} PYTHONPATH=/home/michael/ros2_ws/install/control_msgs/local/lib/python3.10/dist-packages:${PYTHONPATH} /usr/bin/cmake --build /home/michael/ros2_ws/build/control_toolbox -- -j14 -l14
[1.943s] [  6%] [32mBuilding CXX object CMakeFiles/control_toolbox.dir/src/dither.cpp.o[0m
[1.943s] [  6%] [32mBuilding CXX object gtest/CMakeFiles/gtest.dir/src/gtest-all.cc.o[0m
[1.947s] [ 10%] [34m[1mRunning `/opt/ros/humble/bin/generate_parameter_library_py /home/michael/ros2_ws/build/control_toolbox/low_pass_filter_parameters/include//low_pass_filter_parameters.hpp /home/michael/ros2_ws/src/ros-controls/control_toolbox/src/control_filters/low_pass_filter_parameters.yaml `[0m
[1.949s] [ 13%] [32mBuilding CXX object gmock/CMakeFiles/gmock.dir/opt/ros/humble/src/gtest_vendor/src/gtest-all.cc.o[0m
[1.965s] [ 17%] [32mBuilding CXX object CMakeFiles/control_toolbox.dir/src/limited_proxy.cpp.o[0m
[1.982s] [ 20%] [32mBuilding CXX object gmock/CMakeFiles/gmock.dir/src/gmock-all.cc.o[0m
[1.984s] [ 24%] [32mBuilding CXX object gtest/CMakeFiles/gtest_main.dir/src/gtest_main.cc.o[0m
[1.993s] [ 27%] [32mBuilding CXX object CMakeFiles/control_toolbox.dir/src/pid_ros.cpp.o[0m
[1.994s] [ 31%] [32mBuilding CXX object CMakeFiles/control_toolbox.dir/src/pid.cpp.o[0m
[2.003s] [ 34%] [32mBuilding CXX object gmock/CMakeFiles/gmock_main.dir/src/gmock_main.cc.o[0m
[2.030s] [ 37%] [32mBuilding CXX object CMakeFiles/control_toolbox.dir/src/sine_sweep.cpp.o[0m
[2.050s] [ 41%] [32mBuilding CXX object CMakeFiles/control_toolbox.dir/src/sinusoid.cpp.o[0m
[2.548s] [ 41%] Built target low_pass_filter_parameters
[2.667s] [ 44%] [32mBuilding CXX object CMakeFiles/low_pass_filter.dir/src/control_filters/low_pass_filter.cpp.o[0m
[3.604s] [ 48%] [32m[1mLinking CXX static library libgtest_main.a[0m
[3.720s] [ 48%] Built target gtest_main
[4.732s] [ 51%] [32m[1mLinking CXX static library libgmock_main.a[0m
[4.782s] [ 51%] Built target gmock_main
[6.509s] [ 55%] [32m[1mLinking CXX static library libgmock.a[0m
[6.582s] [ 55%] Built target gmock
[6.906s] [ 58%] [32m[1mLinking CXX static library libgtest.a[0m
[6.968s] [ 58%] Built target gtest
[7.200s] [ 62%] [32m[1mLinking CXX shared library libcontrol_toolbox.so[0m
[7.393s] [ 62%] Built target control_toolbox
[7.413s] [ 65%] [32mBuilding CXX object CMakeFiles/pid_parameters_tests.dir/test/pid_parameters_tests.cpp.o[0m
[7.413s] [ 68%] [32mBuilding CXX object CMakeFiles/pid_publisher_tests.dir/test/pid_publisher_tests.cpp.o[0m
[7.414s] [ 72%] [32mBuilding CXX object CMakeFiles/pid_tests.dir/test/pid_tests.cpp.o[0m
[8.330s] [ 75%] [32m[1mLinking CXX shared library liblow_pass_filter.so[0m
[8.489s] [ 75%] Built target low_pass_filter
[8.511s] [ 79%] [32mBuilding CXX object CMakeFiles/test_low_pass_filter.dir/test/control_filters/test_low_pass_filter.cpp.o[0m
[8.516s] [ 82%] [32mBuilding CXX object CMakeFiles/test_load_low_pass_filter.dir/test/control_filters/test_load_low_pass_filter.cpp.o[0m
[15.188s] [ 86%] [32m[1mLinking CXX executable pid_tests[0m
[15.440s] [ 89%] [32m[1mLinking CXX executable pid_parameters_tests[0m
[15.595s] [ 89%] Built target pid_tests
[15.765s] [ 89%] Built target pid_parameters_tests
[19.050s] [ 93%] [32m[1mLinking CXX executable test_low_pass_filter[0m
[19.293s] [ 93%] Built target test_low_pass_filter
[20.487s] [ 96%] [32m[1mLinking CXX executable pid_publisher_tests[0m
[21.016s] [ 96%] Built target pid_publisher_tests
[21.616s] [100%] [32m[1mLinking CXX executable test_load_low_pass_filter[0m
[22.168s] [100%] Built target test_load_low_pass_filter
[22.187s] Invoked command in '/home/michael/ros2_ws/build/control_toolbox' returned '0': AMENT_PREFIX_PATH=/home/michael/ros2_ws/install/realtime_tools:/home/michael/ros2_ws/install/control_msgs:${AMENT_PREFIX_PATH} CMAKE_PREFIX_PATH=/home/michael/ros2_ws/install/realtime_tools:/home/michael/ros2_ws/install/control_msgs:/home/michael/ros2_ws/install/testarm:/home/michael/ros2_ws/install/model_arm:/opt/ros/humble LD_LIBRARY_PATH=/home/michael/ros2_ws/install/realtime_tools/lib:/home/michael/ros2_ws/install/control_msgs/lib:${LD_LIBRARY_PATH} PYTHONPATH=/home/michael/ros2_ws/install/control_msgs/local/lib/python3.10/dist-packages:${PYTHONPATH} /usr/bin/cmake --build /home/michael/ros2_ws/build/control_toolbox -- -j14 -l14
[22.388s] Invoking command in '/home/michael/ros2_ws/build/control_toolbox': AMENT_PREFIX_PATH=/home/michael/ros2_ws/install/realtime_tools:/home/michael/ros2_ws/install/control_msgs:${AMENT_PREFIX_PATH} CMAKE_PREFIX_PATH=/home/michael/ros2_ws/install/realtime_tools:/home/michael/ros2_ws/install/control_msgs:/home/michael/ros2_ws/install/testarm:/home/michael/ros2_ws/install/model_arm:/opt/ros/humble LD_LIBRARY_PATH=/home/michael/ros2_ws/install/realtime_tools/lib:/home/michael/ros2_ws/install/control_msgs/lib:${LD_LIBRARY_PATH} PYTHONPATH=/home/michael/ros2_ws/install/control_msgs/local/lib/python3.10/dist-packages:${PYTHONPATH} /usr/bin/cmake --install /home/michael/ros2_ws/build/control_toolbox
[22.401s] -- Install configuration: ""
[22.402s] -- Execute custom install script
[22.403s] -- Symlinking: /home/michael/ros2_ws/install/control_toolbox/include/low_pass_filter_parameters/low_pass_filter_parameters.hpp
[22.424s] -- Symlinking: /home/michael/ros2_ws/install/control_toolbox/share/control_toolbox//control_filters.xml
[22.441s] -- Symlinking: /home/michael/ros2_ws/install/control_toolbox/include/control_toolbox/control_filters/low_pass_filter.hpp
[22.459s] -- Symlinking: /home/michael/ros2_ws/install/control_toolbox/include/control_toolbox/control_toolbox/dither.hpp
[22.472s] -- Symlinking: /home/michael/ros2_ws/install/control_toolbox/include/control_toolbox/control_toolbox/filters.hpp
[22.488s] -- Symlinking: /home/michael/ros2_ws/install/control_toolbox/include/control_toolbox/control_toolbox/limited_proxy.hpp
[22.504s] -- Symlinking: /home/michael/ros2_ws/install/control_toolbox/include/control_toolbox/control_toolbox/pid.hpp
[22.518s] -- Symlinking: /home/michael/ros2_ws/install/control_toolbox/include/control_toolbox/control_toolbox/pid_ros.hpp
[22.528s] -- Symlinking: /home/michael/ros2_ws/install/control_toolbox/include/control_toolbox/control_toolbox/sine_sweep.hpp
[22.549s] -- Symlinking: /home/michael/ros2_ws/install/control_toolbox/include/control_toolbox/control_toolbox/sinusoid.hpp
[22.564s] -- Symlinking: /home/michael/ros2_ws/install/control_toolbox/include/control_toolbox/control_toolbox/visibility_control.hpp
[22.582s] -- Symlinking: /home/michael/ros2_ws/install/control_toolbox/share/control_toolbox/environment/library_path.sh
[22.596s] -- Symlinking: /home/michael/ros2_ws/install/control_toolbox/share/control_toolbox/environment/library_path.dsv
[22.612s] -- Symlinking: /home/michael/ros2_ws/install/control_toolbox/share/ament_index/resource_index/package_run_dependencies/control_toolbox
[22.632s] -- Symlinking: /home/michael/ros2_ws/install/control_toolbox/share/ament_index/resource_index/parent_prefix_path/control_toolbox
[22.647s] -- Symlinking: /home/michael/ros2_ws/install/control_toolbox/share/control_toolbox/environment/ament_prefix_path.sh
[22.659s] -- Symlinking: /home/michael/ros2_ws/install/control_toolbox/share/control_toolbox/environment/ament_prefix_path.dsv
[22.670s] -- Symlinking: /home/michael/ros2_ws/install/control_toolbox/share/control_toolbox/environment/path.sh
[22.686s] -- Symlinking: /home/michael/ros2_ws/install/control_toolbox/share/control_toolbox/environment/path.dsv
[22.700s] -- Symlinking: /home/michael/ros2_ws/install/control_toolbox/share/control_toolbox/local_setup.bash
[22.715s] -- Symlinking: /home/michael/ros2_ws/install/control_toolbox/share/control_toolbox/local_setup.sh
[22.730s] -- Symlinking: /home/michael/ros2_ws/install/control_toolbox/share/control_toolbox/local_setup.zsh
[22.744s] -- Symlinking: /home/michael/ros2_ws/install/control_toolbox/share/control_toolbox/local_setup.dsv
[22.756s] -- Symlinking: /home/michael/ros2_ws/install/control_toolbox/share/control_toolbox/package.dsv
[22.770s] -- Symlinking: /home/michael/ros2_ws/install/control_toolbox/share/ament_index/resource_index/packages/control_toolbox
[22.779s] -- Symlinking: /home/michael/ros2_ws/install/control_toolbox/share/ament_index/resource_index/filters__pluginlib__plugin/control_toolbox
[22.790s] -- Symlinking: /home/michael/ros2_ws/install/control_toolbox/share/control_toolbox/cmake/ament_cmake_export_targets-extras.cmake
[22.812s] -- Symlinking: /home/michael/ros2_ws/install/control_toolbox/share/control_toolbox/cmake/ament_cmake_export_dependencies-extras.cmake
[22.830s] -- Symlinking: /home/michael/ros2_ws/install/control_toolbox/share/control_toolbox/cmake/control_toolboxConfig.cmake
[22.849s] -- Symlinking: /home/michael/ros2_ws/install/control_toolbox/share/control_toolbox/cmake/control_toolboxConfig-version.cmake
[22.859s] -- Symlinking: /home/michael/ros2_ws/install/control_toolbox/share/control_toolbox/package.xml
[22.868s] -- Installing: /home/michael/ros2_ws/install/control_toolbox/lib/libcontrol_toolbox.so
[22.871s] -- Set runtime path of "/home/michael/ros2_ws/install/control_toolbox/lib/libcontrol_toolbox.so" to ""
[22.871s] -- Installing: /home/michael/ros2_ws/install/control_toolbox/lib/liblow_pass_filter.so
[22.873s] -- Set runtime path of "/home/michael/ros2_ws/install/control_toolbox/lib/liblow_pass_filter.so" to ""
[22.874s] -- Installing: /home/michael/ros2_ws/install/control_toolbox/share/control_toolbox/cmake/export_control_toolboxExport.cmake
[22.874s] -- Installing: /home/michael/ros2_ws/install/control_toolbox/share/control_toolbox/cmake/export_control_toolboxExport-noconfig.cmake
[22.880s] Invoked command in '/home/michael/ros2_ws/build/control_toolbox' returned '0': AMENT_PREFIX_PATH=/home/michael/ros2_ws/install/realtime_tools:/home/michael/ros2_ws/install/control_msgs:${AMENT_PREFIX_PATH} CMAKE_PREFIX_PATH=/home/michael/ros2_ws/install/realtime_tools:/home/michael/ros2_ws/install/control_msgs:/home/michael/ros2_ws/install/testarm:/home/michael/ros2_ws/install/model_arm:/opt/ros/humble LD_LIBRARY_PATH=/home/michael/ros2_ws/install/realtime_tools/lib:/home/michael/ros2_ws/install/control_msgs/lib:${LD_LIBRARY_PATH} PYTHONPATH=/home/michael/ros2_ws/install/control_msgs/local/lib/python3.10/dist-packages:${PYTHONPATH} /usr/bin/cmake --install /home/michael/ros2_ws/build/control_toolbox
