[0.359s] Invoking command in '/home/michael/ros2_ws/build/model_arm': PYTHONPATH=/home/michael/ros2_ws/build/model_arm/prefix_override:/home/michael/ros2_ws/install/model_arm/lib/python3.10/site-packages:${PYTHONPATH} /usr/bin/python3 setup.py develop --uninstall --editable --build-directory /home/michael/ros2_ws/build/model_arm/build
[0.515s] running develop
[0.515s] /usr/lib/python3/dist-packages/setuptools/command/easy_install.py:158: EasyInstallDeprecationWarning: easy_install command is deprecated. Use build and pip and other standards-based tools.
[0.515s]   warnings.warn(
[0.516s] /usr/lib/python3/dist-packages/setuptools/command/install.py:34: SetuptoolsDeprecationWarning: setup.py install is deprecated. Use build and pip and other standards-based tools.
[0.516s]   warnings.warn(
[0.630s] Invoked command in '/home/michael/ros2_ws/build/model_arm' returned '0': PYTHONPATH=/home/michael/ros2_ws/build/model_arm/prefix_override:/home/michael/ros2_ws/install/model_arm/lib/python3.10/site-packages:${PYTHONPATH} /usr/bin/python3 setup.py develop --uninstall --editable --build-directory /home/michael/ros2_ws/build/model_arm/build
[0.632s] Invoking command in '/home/michael/ros2_ws/src/model_arm': PYTHONPATH=/home/michael/ros2_ws/build/model_arm/prefix_override:/home/michael/ros2_ws/install/model_arm/lib/python3.10/site-packages:${PYTHONPATH} /usr/bin/python3 setup.py egg_info --egg-base ../../build/model_arm build --build-base /home/michael/ros2_ws/build/model_arm/build install --record /home/michael/ros2_ws/build/model_arm/install.log --single-version-externally-managed
[0.770s] running egg_info
[0.770s] writing ../../build/model_arm/model_arm.egg-info/PKG-INFO
[0.771s] writing dependency_links to ../../build/model_arm/model_arm.egg-info/dependency_links.txt
[0.771s] writing entry points to ../../build/model_arm/model_arm.egg-info/entry_points.txt
[0.771s] writing requirements to ../../build/model_arm/model_arm.egg-info/requires.txt
[0.771s] writing top-level names to ../../build/model_arm/model_arm.egg-info/top_level.txt
[0.772s] reading manifest file '../../build/model_arm/model_arm.egg-info/SOURCES.txt'
[0.772s] writing manifest file '../../build/model_arm/model_arm.egg-info/SOURCES.txt'
[0.772s] running build
[0.773s] running build_py
[0.773s] running install
[0.773s] /usr/lib/python3/dist-packages/setuptools/command/install.py:34: SetuptoolsDeprecationWarning: setup.py install is deprecated. Use build and pip and other standards-based tools.
[0.773s]   warnings.warn(
[0.773s] running install_lib
[0.774s] running install_data
[0.774s] copying launch/gazebo.launch.py -> /home/michael/ros2_ws/install/model_arm/share/model_arm/launch
[0.774s] running install_egg_info
[0.775s] removing '/home/michael/ros2_ws/install/model_arm/lib/python3.10/site-packages/model_arm-0.0.0-py3.10.egg-info' (and everything under it)
[0.775s] Copying ../../build/model_arm/model_arm.egg-info to /home/michael/ros2_ws/install/model_arm/lib/python3.10/site-packages/model_arm-0.0.0-py3.10.egg-info
[0.775s] running install_scripts
[0.790s] writing list of installed files to '/home/michael/ros2_ws/build/model_arm/install.log'
[0.807s] Invoked command in '/home/michael/ros2_ws/src/model_arm' returned '0': PYTHONPATH=/home/michael/ros2_ws/build/model_arm/prefix_override:/home/michael/ros2_ws/install/model_arm/lib/python3.10/site-packages:${PYTHONPATH} /usr/bin/python3 setup.py egg_info --egg-base ../../build/model_arm build --build-base /home/michael/ros2_ws/build/model_arm/build install --record /home/michael/ros2_ws/build/model_arm/install.log --single-version-externally-managed
