[0.011s] Invoking command in '/home/michael/ros2_ws/build/controller_interface': AMENT_PREFIX_PATH=/home/michael/ros2_ws/install/hardware_interface:/home/michael/ros2_ws/install/control_msgs:${AMENT_PREFIX_PATH} CMAKE_PREFIX_PATH=/home/michael/ros2_ws/install/hardware_interface:/home/michael/ros2_ws/install/control_msgs:/home/michael/ros2_ws/install/testarm:/home/michael/ros2_ws/install/model_arm:/opt/ros/humble LD_LIBRARY_PATH=/home/michael/ros2_ws/install/hardware_interface/lib:/home/michael/ros2_ws/install/control_msgs/lib:${LD_LIBRARY_PATH} PYTHONPATH=/home/michael/ros2_ws/install/control_msgs/local/lib/python3.10/dist-packages:${PYTHONPATH} /usr/bin/cmake /home/michael/ros2_ws/src/ros-controls/ros2_control/controller_interface -DAMENT_CMAKE_SYMLINK_INSTALL=1 -DCMAKE_INSTALL_PREFIX=/home/michael/ros2_ws/install/controller_interface
[0.070s] -- The C compiler identification is GNU 11.4.0
[0.134s] -- The CXX compiler identification is GNU 11.4.0
[0.142s] -- Detecting C compiler ABI info
[0.251s] -- Detecting C compiler ABI info - done
[0.258s] -- Check for working C compiler: /usr/bin/cc - skipped
[0.259s] -- Detecting C compile features
[0.262s] -- Detecting C compile features - done
[0.263s] -- Detecting CXX compiler ABI info
[0.361s] -- Detecting CXX compiler ABI info - done
[0.369s] -- Check for working CXX compiler: /usr/bin/c++ - skipped
[0.369s] -- Detecting CXX compile features
[0.369s] -- Detecting CXX compile features - done
[0.373s] -- Found ament_cmake: 1.3.5 (/opt/ros/humble/share/ament_cmake/cmake)
[0.574s] -- Found Python3: /usr/bin/python3.10 (found version "3.10.12") found components: Interpreter 
[0.640s] -- Override CMake install command with custom implementation using symlinks instead of copying resources
[0.664s] -- Found hardware_interface: 2.29.0 (/home/michael/ros2_ws/install/hardware_interface/share/hardware_interface/cmake)
[0.705s] -- Found rosidl_generator_c: 3.1.5 (/opt/ros/humble/share/rosidl_generator_c/cmake)
[0.711s] -- Found rosidl_adapter: 3.1.5 (/opt/ros/humble/share/rosidl_adapter/cmake)
[0.720s] -- Found rosidl_generator_cpp: 3.1.5 (/opt/ros/humble/share/rosidl_generator_cpp/cmake)
[0.737s] -- Using all available rosidl_typesupport_c: rosidl_typesupport_fastrtps_c;rosidl_typesupport_introspection_c
[0.756s] -- Using all available rosidl_typesupport_cpp: rosidl_typesupport_fastrtps_cpp;rosidl_typesupport_introspection_cpp
[1.502s] -- Found rmw_implementation_cmake: 6.1.1 (/opt/ros/humble/share/rmw_implementation_cmake/cmake)
[1.504s] -- Found rmw_fastrtps_cpp: 6.2.3 (/opt/ros/humble/share/rmw_fastrtps_cpp/cmake)
[1.615s] -- Found OpenSSL: /usr/lib/x86_64-linux-gnu/libcrypto.so (found version "3.0.2")  
[1.646s] -- Found FastRTPS: /opt/ros/humble/include  
[1.703s] -- Using RMW implementation 'rmw_fastrtps_cpp' as default
[1.714s] -- Looking for pthread.h
[1.801s] -- Looking for pthread.h - found
[1.801s] -- Performing Test CMAKE_HAVE_LIBC_PTHREAD
[1.887s] -- Performing Test CMAKE_HAVE_LIBC_PTHREAD - Success
[1.889s] -- Found Threads: TRUE  
[2.124s] -- Found ament_cmake_gmock: 1.3.5 (/opt/ros/humble/share/ament_cmake_gmock/cmake)
[2.126s] -- Found gmock sources under '/opt/ros/humble/src/gmock_vendor': C++ tests using 'Google Mock' will be built
[2.130s] -- Found ament_cmake_gtest: 1.3.5 (/opt/ros/humble/share/ament_cmake_gtest/cmake)
[2.131s] -- Found gtest sources under '/opt/ros/humble/src/gtest_vendor': C++ tests using 'Google Test' will be built
[2.462s] -- Configuring done
[2.573s] -- Generating done
[2.573s] -- Build files have been written to: /home/michael/ros2_ws/build/controller_interface
[2.584s] Invoked command in '/home/michael/ros2_ws/build/controller_interface' returned '0': AMENT_PREFIX_PATH=/home/michael/ros2_ws/install/hardware_interface:/home/michael/ros2_ws/install/control_msgs:${AMENT_PREFIX_PATH} CMAKE_PREFIX_PATH=/home/michael/ros2_ws/install/hardware_interface:/home/michael/ros2_ws/install/control_msgs:/home/michael/ros2_ws/install/testarm:/home/michael/ros2_ws/install/model_arm:/opt/ros/humble LD_LIBRARY_PATH=/home/michael/ros2_ws/install/hardware_interface/lib:/home/michael/ros2_ws/install/control_msgs/lib:${LD_LIBRARY_PATH} PYTHONPATH=/home/michael/ros2_ws/install/control_msgs/local/lib/python3.10/dist-packages:${PYTHONPATH} /usr/bin/cmake /home/michael/ros2_ws/src/ros-controls/ros2_control/controller_interface -DAMENT_CMAKE_SYMLINK_INSTALL=1 -DCMAKE_INSTALL_PREFIX=/home/michael/ros2_ws/install/controller_interface
[2.584s] Invoking command in '/home/michael/ros2_ws/build/controller_interface': AMENT_PREFIX_PATH=/home/michael/ros2_ws/install/hardware_interface:/home/michael/ros2_ws/install/control_msgs:${AMENT_PREFIX_PATH} CMAKE_PREFIX_PATH=/home/michael/ros2_ws/install/hardware_interface:/home/michael/ros2_ws/install/control_msgs:/home/michael/ros2_ws/install/testarm:/home/michael/ros2_ws/install/model_arm:/opt/ros/humble LD_LIBRARY_PATH=/home/michael/ros2_ws/install/hardware_interface/lib:/home/michael/ros2_ws/install/control_msgs/lib:${LD_LIBRARY_PATH} PYTHONPATH=/home/michael/ros2_ws/install/control_msgs/local/lib/python3.10/dist-packages:${PYTHONPATH} /usr/bin/cmake --build /home/michael/ros2_ws/build/controller_interface -- -j14 -l14
[2.636s] [  4%] [32mBuilding CXX object gmock/CMakeFiles/gmock_main.dir/src/gmock_main.cc.o[0m
[2.636s] [  9%] [32mBuilding CXX object CMakeFiles/controller_interface.dir/src/controller_interface_base.cpp.o[0m
[2.642s] [ 19%] [32mBuilding CXX object gmock/CMakeFiles/gmock.dir/src/gmock-all.cc.o[0m
[2.642s] [ 19%] [32mBuilding CXX object gmock/CMakeFiles/gmock.dir/opt/ros/humble/src/gtest_vendor/src/gtest-all.cc.o[0m
[2.642s] [ 23%] [32mBuilding CXX object CMakeFiles/controller_interface.dir/src/controller_interface.cpp.o[0m
[2.642s] [ 28%] [32mBuilding CXX object CMakeFiles/controller_interface.dir/src/chainable_controller_interface.cpp.o[0m
[4.783s] [ 33%] [32m[1mLinking CXX static library libgmock_main.a[0m
[4.829s] [ 33%] Built target gmock_main
[7.334s] [ 38%] [32m[1mLinking CXX shared library libcontroller_interface.so[0m
[7.488s] [ 42%] [32m[1mLinking CXX static library libgmock.a[0m
[7.504s] [ 42%] Built target controller_interface
[7.560s] [ 42%] Built target gmock
[7.584s] [ 47%] [32mBuilding CXX object CMakeFiles/test_controller_interface.dir/test/test_controller_interface.cpp.o[0m
[7.586s] [ 52%] [32mBuilding CXX object CMakeFiles/test_chainable_controller_interface.dir/test/test_chainable_controller_interface.cpp.o[0m
[7.592s] [ 57%] [32mBuilding CXX object CMakeFiles/test_controller_with_options.dir/test/test_controller_with_options.cpp.o[0m
[7.597s] [ 61%] [32mBuilding CXX object CMakeFiles/test_force_torque_sensor.dir/test/test_force_torque_sensor.cpp.o[0m
[7.607s] [ 66%] [32mBuilding CXX object CMakeFiles/test_semantic_component_interface.dir/test/test_semantic_component_interface.cpp.o[0m
[7.617s] [ 71%] [32mBuilding CXX object CMakeFiles/test_imu_sensor.dir/test/test_imu_sensor.cpp.o[0m
[10.676s] [ 76%] [32m[1mLinking CXX executable test_force_torque_sensor[0m
[10.785s] [ 80%] [32m[1mLinking CXX executable test_semantic_component_interface[0m
[10.976s] [ 85%] [32m[1mLinking CXX executable test_imu_sensor[0m
[11.370s] [ 85%] Built target test_semantic_component_interface
[11.385s] [ 85%] Built target test_force_torque_sensor
[11.584s] [ 85%] Built target test_imu_sensor
[12.989s] [ 90%] [32m[1mLinking CXX executable test_controller_with_options[0m
[13.289s] [ 90%] Built target test_controller_with_options
[13.583s] [ 95%] [32m[1mLinking CXX executable test_controller_interface[0m
[13.786s] [100%] [32m[1mLinking CXX executable test_chainable_controller_interface[0m
[13.890s] [100%] Built target test_controller_interface
[14.080s] [100%] Built target test_chainable_controller_interface
[14.089s] Invoked command in '/home/michael/ros2_ws/build/controller_interface' returned '0': AMENT_PREFIX_PATH=/home/michael/ros2_ws/install/hardware_interface:/home/michael/ros2_ws/install/control_msgs:${AMENT_PREFIX_PATH} CMAKE_PREFIX_PATH=/home/michael/ros2_ws/install/hardware_interface:/home/michael/ros2_ws/install/control_msgs:/home/michael/ros2_ws/install/testarm:/home/michael/ros2_ws/install/model_arm:/opt/ros/humble LD_LIBRARY_PATH=/home/michael/ros2_ws/install/hardware_interface/lib:/home/michael/ros2_ws/install/control_msgs/lib:${LD_LIBRARY_PATH} PYTHONPATH=/home/michael/ros2_ws/install/control_msgs/local/lib/python3.10/dist-packages:${PYTHONPATH} /usr/bin/cmake --build /home/michael/ros2_ws/build/controller_interface -- -j14 -l14
[14.137s] Invoking command in '/home/michael/ros2_ws/build/controller_interface': AMENT_PREFIX_PATH=/home/michael/ros2_ws/install/hardware_interface:/home/michael/ros2_ws/install/control_msgs:${AMENT_PREFIX_PATH} CMAKE_PREFIX_PATH=/home/michael/ros2_ws/install/hardware_interface:/home/michael/ros2_ws/install/control_msgs:/home/michael/ros2_ws/install/testarm:/home/michael/ros2_ws/install/model_arm:/opt/ros/humble LD_LIBRARY_PATH=/home/michael/ros2_ws/install/hardware_interface/lib:/home/michael/ros2_ws/install/control_msgs/lib:${LD_LIBRARY_PATH} PYTHONPATH=/home/michael/ros2_ws/install/control_msgs/local/lib/python3.10/dist-packages:${PYTHONPATH} /usr/bin/cmake --install /home/michael/ros2_ws/build/controller_interface
[14.144s] -- Install configuration: ""
[14.145s] -- Execute custom install script
[14.146s] -- Symlinking: /home/michael/ros2_ws/install/controller_interface/include/controller_interface/chainable_controller_interface.hpp
[14.154s] -- Symlinking: /home/michael/ros2_ws/install/controller_interface/include/controller_interface/controller_interface.hpp
[14.163s] -- Symlinking: /home/michael/ros2_ws/install/controller_interface/include/controller_interface/controller_interface_base.hpp
[14.171s] -- Symlinking: /home/michael/ros2_ws/install/controller_interface/include/controller_interface/helpers.hpp
[14.179s] -- Symlinking: /home/michael/ros2_ws/install/controller_interface/include/controller_interface/visibility_control.h
[14.186s] -- Symlinking: /home/michael/ros2_ws/install/controller_interface/include/semantic_components/force_torque_sensor.hpp
[14.194s] -- Symlinking: /home/michael/ros2_ws/install/controller_interface/include/semantic_components/imu_sensor.hpp
[14.201s] -- Symlinking: /home/michael/ros2_ws/install/controller_interface/include/semantic_components/semantic_component_interface.hpp
[14.209s] -- Symlinking: /home/michael/ros2_ws/install/controller_interface/lib/libcontroller_interface.so
[14.218s] -- Symlinking: /home/michael/ros2_ws/install/controller_interface/share/controller_interface/environment/library_path.sh
[14.227s] -- Symlinking: /home/michael/ros2_ws/install/controller_interface/share/controller_interface/environment/library_path.dsv
[14.236s] -- Symlinking: /home/michael/ros2_ws/install/controller_interface/share/ament_index/resource_index/package_run_dependencies/controller_interface
[14.245s] -- Symlinking: /home/michael/ros2_ws/install/controller_interface/share/ament_index/resource_index/parent_prefix_path/controller_interface
[14.252s] -- Symlinking: /home/michael/ros2_ws/install/controller_interface/share/controller_interface/environment/ament_prefix_path.sh
[14.261s] -- Symlinking: /home/michael/ros2_ws/install/controller_interface/share/controller_interface/environment/ament_prefix_path.dsv
[14.269s] -- Symlinking: /home/michael/ros2_ws/install/controller_interface/share/controller_interface/environment/path.sh
[14.277s] -- Symlinking: /home/michael/ros2_ws/install/controller_interface/share/controller_interface/environment/path.dsv
[14.284s] -- Symlinking: /home/michael/ros2_ws/install/controller_interface/share/controller_interface/local_setup.bash
[14.293s] -- Symlinking: /home/michael/ros2_ws/install/controller_interface/share/controller_interface/local_setup.sh
[14.301s] -- Symlinking: /home/michael/ros2_ws/install/controller_interface/share/controller_interface/local_setup.zsh
[14.309s] -- Symlinking: /home/michael/ros2_ws/install/controller_interface/share/controller_interface/local_setup.dsv
[14.317s] -- Symlinking: /home/michael/ros2_ws/install/controller_interface/share/controller_interface/package.dsv
[14.326s] -- Symlinking: /home/michael/ros2_ws/install/controller_interface/share/ament_index/resource_index/packages/controller_interface
[14.336s] -- Symlinking: /home/michael/ros2_ws/install/controller_interface/share/controller_interface/cmake/ament_cmake_export_dependencies-extras.cmake
[14.344s] -- Symlinking: /home/michael/ros2_ws/install/controller_interface/share/controller_interface/cmake/ament_cmake_export_include_directories-extras.cmake
[14.353s] -- Symlinking: /home/michael/ros2_ws/install/controller_interface/share/controller_interface/cmake/ament_cmake_export_libraries-extras.cmake
[14.361s] -- Symlinking: /home/michael/ros2_ws/install/controller_interface/share/controller_interface/cmake/controller_interfaceConfig.cmake
[14.369s] -- Symlinking: /home/michael/ros2_ws/install/controller_interface/share/controller_interface/cmake/controller_interfaceConfig-version.cmake
[14.378s] -- Symlinking: /home/michael/ros2_ws/install/controller_interface/share/controller_interface/package.xml
[14.389s] Invoked command in '/home/michael/ros2_ws/build/controller_interface' returned '0': AMENT_PREFIX_PATH=/home/michael/ros2_ws/install/hardware_interface:/home/michael/ros2_ws/install/control_msgs:${AMENT_PREFIX_PATH} CMAKE_PREFIX_PATH=/home/michael/ros2_ws/install/hardware_interface:/home/michael/ros2_ws/install/control_msgs:/home/michael/ros2_ws/install/testarm:/home/michael/ros2_ws/install/model_arm:/opt/ros/humble LD_LIBRARY_PATH=/home/michael/ros2_ws/install/hardware_interface/lib:/home/michael/ros2_ws/install/control_msgs/lib:${LD_LIBRARY_PATH} PYTHONPATH=/home/michael/ros2_ws/install/control_msgs/local/lib/python3.10/dist-packages:${PYTHONPATH} /usr/bin/cmake --install /home/michael/ros2_ws/build/controller_interface
