[0.019s] Invoking command in '/home/michael/ros2_ws/build/kinematics_interface_kdl': AMENT_PREFIX_PATH=/home/michael/ros2_ws/install/ros2_control_test_assets:/home/michael/ros2_ws/install/kinematics_interface:${AMENT_PREFIX_PATH} CMAKE_PREFIX_PATH=/home/michael/ros2_ws/install/ros2_control_test_assets:/home/michael/ros2_ws/install/kinematics_interface:/home/michael/ros2_ws/install/testarm:/home/michael/ros2_ws/install/model_arm:/opt/ros/humble LD_LIBRARY_PATH=/home/michael/ros2_ws/install/kinematics_interface/lib:${LD_LIBRARY_PATH} /usr/bin/cmake /home/michael/ros2_ws/src/ros-controls/kinematics_interface/kinematics_interface_kdl -DAMENT_CMAKE_SYMLINK_INSTALL=1 -DCMAKE_INSTALL_PREFIX=/home/michael/ros2_ws/install/kinematics_interface_kdl
[0.090s] -- The CXX compiler identification is GNU 11.4.0
[0.099s] -- Detecting CXX compiler ABI info
[0.229s] -- Detecting CXX compiler ABI info - done
[0.248s] -- Check for working CXX compiler: /usr/bin/c++ - skipped
[0.251s] -- Detecting CXX compile features
[0.252s] -- Detecting CXX compile features - done
[0.255s] -- Found ament_cmake: 1.3.5 (/opt/ros/humble/share/ament_cmake/cmake)
[1.877s] -- Found Python3: /usr/bin/python3.10 (found version "3.10.12") found components: Interpreter 
[2.212s] -- Override CMake install command with custom implementation using symlinks instead of copying resources
[2.257s] -- Found kdl_parser: 2.6.4 (/opt/ros/humble/share/kdl_parser/cmake)
[2.284s] -- Found eigen3_cmake_module: 0.1.1 (/opt/ros/humble/share/eigen3_cmake_module/cmake)
[2.291s] -- Found Eigen3: TRUE (found version "3.4.0") 
[2.291s] -- Ensuring Eigen3 include directory is part of orocos-kdl CMake target
[2.302s] -- Found kinematics_interface: 0.1.0 (/home/michael/ros2_ws/install/kinematics_interface/share/kinematics_interface/cmake)
[2.356s] -- Found rosidl_generator_c: 3.1.5 (/opt/ros/humble/share/rosidl_generator_c/cmake)
[2.361s] -- Found rosidl_adapter: 3.1.5 (/opt/ros/humble/share/rosidl_adapter/cmake)
[2.394s] -- Found rosidl_generator_cpp: 3.1.5 (/opt/ros/humble/share/rosidl_generator_cpp/cmake)
[2.415s] -- Using all available rosidl_typesupport_c: rosidl_typesupport_fastrtps_c;rosidl_typesupport_introspection_c
[2.443s] -- Using all available rosidl_typesupport_cpp: rosidl_typesupport_fastrtps_cpp;rosidl_typesupport_introspection_cpp
[2.690s] -- Found rmw_implementation_cmake: 6.1.1 (/opt/ros/humble/share/rmw_implementation_cmake/cmake)
[2.708s] -- Found rmw_fastrtps_cpp: 6.2.3 (/opt/ros/humble/share/rmw_fastrtps_cpp/cmake)
[3.188s] -- Found OpenSSL: /usr/lib/x86_64-linux-gnu/libcrypto.so (found version "3.0.2")  
[3.309s] -- Found FastRTPS: /opt/ros/humble/include  
[3.405s] -- Using RMW implementation 'rmw_fastrtps_cpp' as default
[3.421s] -- Looking for C++ include pthread.h
[3.526s] -- Looking for C++ include pthread.h - found
[3.526s] -- Performing Test CMAKE_HAVE_LIBC_PTHREAD
[3.804s] -- Performing Test CMAKE_HAVE_LIBC_PTHREAD - Success
[3.804s] -- Found Threads: TRUE  
[4.453s] -- Found pluginlib: 5.1.0 (/opt/ros/humble/share/pluginlib/cmake)
[4.498s] -- Found tf2_eigen_kdl: 0.25.3 (/opt/ros/humble/share/tf2_eigen_kdl/cmake)
[4.632s] -- Found ament_cmake_gmock: 1.3.5 (/opt/ros/humble/share/ament_cmake_gmock/cmake)
[4.634s] -- Found ros2_control_test_assets: 2.29.0 (/home/michael/ros2_ws/install/ros2_control_test_assets/share/ros2_control_test_assets/cmake)
[4.640s] -- Found gmock sources under '/opt/ros/humble/src/gmock_vendor': C++ tests using 'Google Mock' will be built
[4.702s] -- The C compiler identification is GNU 11.4.0
[4.711s] -- Detecting C compiler ABI info
[4.853s] -- Detecting C compiler ABI info - done
[4.873s] -- Check for working C compiler: /usr/bin/cc - skipped
[4.874s] -- Detecting C compile features
[4.877s] -- Detecting C compile features - done
[4.882s] -- Found ament_cmake_gtest: 1.3.5 (/opt/ros/humble/share/ament_cmake_gtest/cmake)
[4.888s] -- Found gtest sources under '/opt/ros/humble/src/gtest_vendor': C++ tests using 'Google Test' will be built
[5.043s] -- Configuring done
[5.075s] -- Generating done
[5.075s] -- Build files have been written to: /home/michael/ros2_ws/build/kinematics_interface_kdl
[5.086s] Invoked command in '/home/michael/ros2_ws/build/kinematics_interface_kdl' returned '0': AMENT_PREFIX_PATH=/home/michael/ros2_ws/install/ros2_control_test_assets:/home/michael/ros2_ws/install/kinematics_interface:${AMENT_PREFIX_PATH} CMAKE_PREFIX_PATH=/home/michael/ros2_ws/install/ros2_control_test_assets:/home/michael/ros2_ws/install/kinematics_interface:/home/michael/ros2_ws/install/testarm:/home/michael/ros2_ws/install/model_arm:/opt/ros/humble LD_LIBRARY_PATH=/home/michael/ros2_ws/install/kinematics_interface/lib:${LD_LIBRARY_PATH} /usr/bin/cmake /home/michael/ros2_ws/src/ros-controls/kinematics_interface/kinematics_interface_kdl -DAMENT_CMAKE_SYMLINK_INSTALL=1 -DCMAKE_INSTALL_PREFIX=/home/michael/ros2_ws/install/kinematics_interface_kdl
[5.087s] Invoking command in '/home/michael/ros2_ws/build/kinematics_interface_kdl': AMENT_PREFIX_PATH=/home/michael/ros2_ws/install/ros2_control_test_assets:/home/michael/ros2_ws/install/kinematics_interface:${AMENT_PREFIX_PATH} CMAKE_PREFIX_PATH=/home/michael/ros2_ws/install/ros2_control_test_assets:/home/michael/ros2_ws/install/kinematics_interface:/home/michael/ros2_ws/install/testarm:/home/michael/ros2_ws/install/model_arm:/opt/ros/humble LD_LIBRARY_PATH=/home/michael/ros2_ws/install/kinematics_interface/lib:${LD_LIBRARY_PATH} /usr/bin/cmake --build /home/michael/ros2_ws/build/kinematics_interface_kdl -- -j14 -l14
[5.175s] [ 11%] [32mBuilding CXX object gmock/CMakeFiles/gmock.dir/opt/ros/humble/src/gtest_vendor/src/gtest-all.cc.o[0m
[5.179s] [ 22%] [32mBuilding CXX object gmock/CMakeFiles/gmock_main.dir/src/gmock_main.cc.o[0m
[5.191s] [ 33%] [32mBuilding CXX object gmock/CMakeFiles/gmock.dir/src/gmock-all.cc.o[0m
[5.203s] [ 44%] [32mBuilding CXX object CMakeFiles/kinematics_interface_kdl.dir/src/kinematics_interface_kdl.cpp.o[0m
[11.472s] [ 55%] [32m[1mLinking CXX static library libgmock_main.a[0m
[11.540s] [ 55%] Built target gmock_main
[19.766s] [ 66%] [32m[1mLinking CXX static library libgmock.a[0m
[20.027s] [ 66%] Built target gmock
[32.908s] [ 77%] [32m[1mLinking CXX shared library libkinematics_interface_kdl.so[0m
[33.200s] [ 77%] Built target kinematics_interface_kdl
[33.218s] [ 88%] [32mBuilding CXX object CMakeFiles/test_kinematics_interface_kdl.dir/test/test_kinematics_interface_kdl.cpp.o[0m
[40.235s] [100%] [32m[1mLinking CXX executable test_kinematics_interface_kdl[0m
[40.489s] [100%] Built target test_kinematics_interface_kdl
[40.498s] Invoked command in '/home/michael/ros2_ws/build/kinematics_interface_kdl' returned '0': AMENT_PREFIX_PATH=/home/michael/ros2_ws/install/ros2_control_test_assets:/home/michael/ros2_ws/install/kinematics_interface:${AMENT_PREFIX_PATH} CMAKE_PREFIX_PATH=/home/michael/ros2_ws/install/ros2_control_test_assets:/home/michael/ros2_ws/install/kinematics_interface:/home/michael/ros2_ws/install/testarm:/home/michael/ros2_ws/install/model_arm:/opt/ros/humble LD_LIBRARY_PATH=/home/michael/ros2_ws/install/kinematics_interface/lib:${LD_LIBRARY_PATH} /usr/bin/cmake --build /home/michael/ros2_ws/build/kinematics_interface_kdl -- -j14 -l14
[40.521s] Invoking command in '/home/michael/ros2_ws/build/kinematics_interface_kdl': AMENT_PREFIX_PATH=/home/michael/ros2_ws/install/ros2_control_test_assets:/home/michael/ros2_ws/install/kinematics_interface:${AMENT_PREFIX_PATH} CMAKE_PREFIX_PATH=/home/michael/ros2_ws/install/ros2_control_test_assets:/home/michael/ros2_ws/install/kinematics_interface:/home/michael/ros2_ws/install/testarm:/home/michael/ros2_ws/install/model_arm:/opt/ros/humble LD_LIBRARY_PATH=/home/michael/ros2_ws/install/kinematics_interface/lib:${LD_LIBRARY_PATH} /usr/bin/cmake --install /home/michael/ros2_ws/build/kinematics_interface_kdl
[40.525s] -- Install configuration: ""
[40.525s] -- Execute custom install script
[40.525s] -- Symlinking: /home/michael/ros2_ws/install/kinematics_interface_kdl/share/kinematics_interface_kdl//kinematics_interface_kdl.xml
[40.532s] -- Symlinking: /home/michael/ros2_ws/install/kinematics_interface_kdl/include/kinematics_interface_kdl/kinematics_interface_kdl/kinematics_interface_kdl.hpp
[40.540s] -- Symlinking: /home/michael/ros2_ws/install/kinematics_interface_kdl/share/kinematics_interface_kdl/environment/library_path.sh
[40.546s] -- Symlinking: /home/michael/ros2_ws/install/kinematics_interface_kdl/share/kinematics_interface_kdl/environment/library_path.dsv
[40.553s] -- Symlinking: /home/michael/ros2_ws/install/kinematics_interface_kdl/share/ament_index/resource_index/package_run_dependencies/kinematics_interface_kdl
[40.558s] -- Symlinking: /home/michael/ros2_ws/install/kinematics_interface_kdl/share/ament_index/resource_index/parent_prefix_path/kinematics_interface_kdl
[40.564s] -- Symlinking: /home/michael/ros2_ws/install/kinematics_interface_kdl/share/kinematics_interface_kdl/environment/ament_prefix_path.sh
[40.570s] -- Symlinking: /home/michael/ros2_ws/install/kinematics_interface_kdl/share/kinematics_interface_kdl/environment/ament_prefix_path.dsv
[40.575s] -- Symlinking: /home/michael/ros2_ws/install/kinematics_interface_kdl/share/kinematics_interface_kdl/environment/path.sh
[40.581s] -- Symlinking: /home/michael/ros2_ws/install/kinematics_interface_kdl/share/kinematics_interface_kdl/environment/path.dsv
[40.587s] -- Symlinking: /home/michael/ros2_ws/install/kinematics_interface_kdl/share/kinematics_interface_kdl/local_setup.bash
[40.592s] -- Symlinking: /home/michael/ros2_ws/install/kinematics_interface_kdl/share/kinematics_interface_kdl/local_setup.sh
[40.598s] -- Symlinking: /home/michael/ros2_ws/install/kinematics_interface_kdl/share/kinematics_interface_kdl/local_setup.zsh
[40.604s] -- Symlinking: /home/michael/ros2_ws/install/kinematics_interface_kdl/share/kinematics_interface_kdl/local_setup.dsv
[40.610s] -- Symlinking: /home/michael/ros2_ws/install/kinematics_interface_kdl/share/kinematics_interface_kdl/package.dsv
[40.616s] -- Symlinking: /home/michael/ros2_ws/install/kinematics_interface_kdl/share/ament_index/resource_index/packages/kinematics_interface_kdl
[40.623s] -- Symlinking: /home/michael/ros2_ws/install/kinematics_interface_kdl/share/ament_index/resource_index/kinematics_interface__pluginlib__plugin/kinematics_interface_kdl
[40.628s] -- Symlinking: /home/michael/ros2_ws/install/kinematics_interface_kdl/share/kinematics_interface_kdl/cmake/ament_cmake_export_targets-extras.cmake
[40.634s] -- Symlinking: /home/michael/ros2_ws/install/kinematics_interface_kdl/share/kinematics_interface_kdl/cmake/ament_cmake_export_dependencies-extras.cmake
[40.641s] -- Symlinking: /home/michael/ros2_ws/install/kinematics_interface_kdl/share/kinematics_interface_kdl/cmake/kinematics_interface_kdlConfig.cmake
[40.648s] -- Symlinking: /home/michael/ros2_ws/install/kinematics_interface_kdl/share/kinematics_interface_kdl/cmake/kinematics_interface_kdlConfig-version.cmake
[40.654s] -- Symlinking: /home/michael/ros2_ws/install/kinematics_interface_kdl/share/kinematics_interface_kdl/package.xml
[40.660s] -- Installing: /home/michael/ros2_ws/install/kinematics_interface_kdl/lib/libkinematics_interface_kdl.so
[40.663s] -- Set runtime path of "/home/michael/ros2_ws/install/kinematics_interface_kdl/lib/libkinematics_interface_kdl.so" to ""
[40.663s] -- Installing: /home/michael/ros2_ws/install/kinematics_interface_kdl/share/kinematics_interface_kdl/cmake/export_kinematics_interface_kdlExport.cmake
[40.663s] -- Installing: /home/michael/ros2_ws/install/kinematics_interface_kdl/share/kinematics_interface_kdl/cmake/export_kinematics_interface_kdlExport-noconfig.cmake
[40.664s] Invoked command in '/home/michael/ros2_ws/build/kinematics_interface_kdl' returned '0': AMENT_PREFIX_PATH=/home/michael/ros2_ws/install/ros2_control_test_assets:/home/michael/ros2_ws/install/kinematics_interface:${AMENT_PREFIX_PATH} CMAKE_PREFIX_PATH=/home/michael/ros2_ws/install/ros2_control_test_assets:/home/michael/ros2_ws/install/kinematics_interface:/home/michael/ros2_ws/install/testarm:/home/michael/ros2_ws/install/model_arm:/opt/ros/humble LD_LIBRARY_PATH=/home/michael/ros2_ws/install/kinematics_interface/lib:${LD_LIBRARY_PATH} /usr/bin/cmake --install /home/michael/ros2_ws/build/kinematics_interface_kdl
