[0.072s] Invoking command in '/home/michael/ros2_ws/build/admittance_controller': AMENT_PREFIX_PATH=/home/michael/ros2_ws/install/joint_trajectory_controller:/home/michael/ros2_ws/install/controller_manager:/home/michael/ros2_ws/install/controller_interface:/home/michael/ros2_ws/install/kinematics_interface_kdl:/home/michael/ros2_ws/install/hardware_interface:/home/michael/ros2_ws/install/control_toolbox:/home/michael/ros2_ws/install/ros2_control_test_assets:/home/michael/ros2_ws/install/realtime_tools:/home/michael/ros2_ws/install/kinematics_interface:/home/michael/ros2_ws/install/controller_manager_msgs:/home/michael/ros2_ws/install/control_msgs:${AMENT_PREFIX_PATH} CMAKE_PREFIX_PATH=/home/michael/ros2_ws/install/joint_trajectory_controller:/home/michael/ros2_ws/install/controller_manager:/home/michael/ros2_ws/install/controller_interface:/home/michael/ros2_ws/install/kinematics_interface_kdl:/home/michael/ros2_ws/install/hardware_interface:/home/michael/ros2_ws/install/control_toolbox:/home/michael/ros2_ws/install/ros2_control_test_assets:/home/michael/ros2_ws/install/realtime_tools:/home/michael/ros2_ws/install/kinematics_interface:/home/michael/ros2_ws/install/controller_manager_msgs:/home/michael/ros2_ws/install/control_msgs:/opt/ros/humble LD_LIBRARY_PATH=/home/michael/ros2_ws/install/joint_trajectory_controller/lib:/home/michael/ros2_ws/install/controller_manager/lib:/home/michael/ros2_ws/install/controller_interface/lib:/home/michael/ros2_ws/install/kinematics_interface_kdl/lib:/home/michael/ros2_ws/install/hardware_interface/lib:/home/michael/ros2_ws/install/control_toolbox/lib:/home/michael/ros2_ws/install/realtime_tools/lib:/home/michael/ros2_ws/install/kinematics_interface/lib:/home/michael/ros2_ws/install/controller_manager_msgs/lib:/home/michael/ros2_ws/install/control_msgs/lib:${LD_LIBRARY_PATH} PYTHONPATH=/home/michael/ros2_ws/install/controller_manager/local/lib/python3.10/dist-packages:/home/michael/ros2_ws/install/controller_manager_msgs/local/lib/python3.10/dist-packages:/home/michael/ros2_ws/install/control_msgs/local/lib/python3.10/dist-packages:${PYTHONPATH} /usr/bin/cmake --build /home/michael/ros2_ws/build/admittance_controller -- -j14 -l14
[0.147s] -- Found ament_cmake: 1.3.5 (/opt/ros/humble/share/ament_cmake/cmake)
[0.474s] -- Override CMake install command with custom implementation using symlinks instead of copying resources
[0.482s] -- Found backward_ros: 1.0.2 (/opt/ros/humble/share/backward_ros/cmake)
[0.507s] -- Could NOT find libbfd (missing: LIBBFD_LIBRARY LIBBFD_INCLUDE_DIR) 
[0.507s] -- BACKWARD_HAS_UNWIND=1
[0.507s] -- BACKWARD_HAS_BACKTRACE=0
[0.507s] -- BACKWARD_HAS_BACKTRACE_SYMBOL=0
[0.507s] -- BACKWARD_HAS_DW=1
[0.508s] -- BACKWARD_HAS_BFD=0
[0.508s] -- Found Backward: /opt/ros/humble/share/backward_ros/cmake  
[0.508s] -- Found angles: 1.15.0 (/opt/ros/humble/share/angles/cmake)
[0.508s] -- Found control_msgs: 4.4.0 (/home/michael/ros2_ws/install/control_msgs/share/control_msgs/cmake)
[0.545s] -- Found rosidl_generator_c: 3.1.5 (/opt/ros/humble/share/rosidl_generator_c/cmake)
[0.551s] -- Found rosidl_adapter: 3.1.5 (/opt/ros/humble/share/rosidl_adapter/cmake)
[0.559s] -- Found rosidl_generator_cpp: 3.1.5 (/opt/ros/humble/share/rosidl_generator_cpp/cmake)
[0.574s] -- Using all available rosidl_typesupport_c: rosidl_typesupport_fastrtps_c;rosidl_typesupport_introspection_c
[0.606s] -- Using all available rosidl_typesupport_cpp: rosidl_typesupport_fastrtps_cpp;rosidl_typesupport_introspection_cpp
[1.619s] -- Found control_toolbox: 3.1.0 (/home/michael/ros2_ws/install/control_toolbox/share/control_toolbox/cmake)
[1.719s] -- Found rmw_implementation_cmake: 6.1.1 (/opt/ros/humble/share/rmw_implementation_cmake/cmake)
[1.720s] -- Found rmw_fastrtps_cpp: 6.2.3 (/opt/ros/humble/share/rmw_fastrtps_cpp/cmake)
[1.910s] -- Using RMW implementation 'rmw_fastrtps_cpp' as default
[2.285s] -- Found parameter_traits: 0.3.3 (/opt/ros/humble/share/parameter_traits/cmake)
[2.304s] -- Found rclcpp_lifecycle: 16.0.5 (/opt/ros/humble/share/rclcpp_lifecycle/cmake)
[2.428s] -- Found controller_interface: 2.29.0 (/home/michael/ros2_ws/install/controller_interface/share/controller_interface/cmake)
[2.848s] -- Found joint_trajectory_controller: 2.24.0 (/home/michael/ros2_ws/install/joint_trajectory_controller/share/joint_trajectory_controller/cmake)
[3.507s] -- Found kinematics_interface: 0.1.0 (/home/michael/ros2_ws/install/kinematics_interface/share/kinematics_interface/cmake)
[3.516s] -- Found tf2: 0.25.3 (/opt/ros/humble/share/tf2/cmake)
[3.534s] -- Found tf2_eigen: 0.25.3 (/opt/ros/humble/share/tf2_eigen/cmake)
[3.938s] -- Found tf2_geometry_msgs: 0.25.3 (/opt/ros/humble/share/tf2_geometry_msgs/cmake)
[3.954s] -- Found eigen3_cmake_module: 0.1.1 (/opt/ros/humble/share/eigen3_cmake_module/cmake)
[3.954s] -- Ensuring Eigen3 include directory is part of orocos-kdl CMake target
[3.965s] -- Found tf2_kdl: 0.25.3 (/opt/ros/humble/share/tf2_kdl/cmake)
[4.542s] -- Found ament_cmake_gmock: 1.3.5 (/opt/ros/humble/share/ament_cmake_gmock/cmake)
[4.542s] -- Found controller_manager: 2.29.0 (/home/michael/ros2_ws/install/controller_manager/share/controller_manager/cmake)
[5.175s] -- Found ros2_control_test_assets: 2.29.0 (/home/michael/ros2_ws/install/ros2_control_test_assets/share/ros2_control_test_assets/cmake)
[5.177s] -- Found kinematics_interface_kdl: 0.1.0 (/home/michael/ros2_ws/install/kinematics_interface_kdl/share/kinematics_interface_kdl/cmake)
[5.195s] -- Found gmock sources under '/opt/ros/humble/src/gmock_vendor': C++ tests using 'Google Mock' will be built
[5.204s] -- Found ament_cmake_gtest: 1.3.5 (/opt/ros/humble/share/ament_cmake_gtest/cmake)
[5.205s] -- Found gtest sources under '/opt/ros/humble/src/gtest_vendor': C++ tests using 'Google Test' will be built
[6.885s] -- Found gmock sources under '/opt/ros/humble/src/gmock_vendor': C++ tests using 'Google Mock' will be built
[6.886s] -- Found ament_cmake_gtest: 1.3.5 (/opt/ros/humble/share/ament_cmake_gtest/cmake)
[6.887s] -- Found gtest sources under '/opt/ros/humble/src/gtest_vendor': C++ tests using 'Google Test' will be built
[7.547s] -- Configuring done
[7.692s] -- Generating done
[7.704s] -- Build files have been written to: /home/michael/ros2_ws/build/admittance_controller
[7.830s] [35m[1mConsolidate compiler generated dependencies of target gmock[0m
[7.893s] [ 10%] [34m[1mRunning `/opt/ros/humble/bin/generate_parameter_library_py /home/michael/ros2_ws/build/admittance_controller/admittance_controller_parameters/include//admittance_controller_parameters.hpp /home/michael/ros2_ws/src/ros-controls/ros2_controllers/admittance_controller/src/admittance_controller_parameters.yaml `[0m
[7.920s] [ 40%] Built target gmock
[7.986s] [35m[1mConsolidate compiler generated dependencies of target test_load_admittance_controller[0m
[8.082s] [ 50%] [32mBuilding CXX object CMakeFiles/test_load_admittance_controller.dir/test/test_load_admittance_controller.cpp.o[0m
[10.002s] [ 50%] Built target admittance_controller_parameters
[10.043s] [35m[1mConsolidate compiler generated dependencies of target admittance_controller[0m
[10.094s] [ 60%] [32mBuilding CXX object CMakeFiles/admittance_controller.dir/src/admittance_controller.cpp.o[0m
[18.711s] [ 70%] [32m[1mLinking CXX executable test_load_admittance_controller[0m
[19.514s] [ 70%] Built target test_load_admittance_controller
[31.842s] [ 80%] [32m[1mLinking CXX shared library libadmittance_controller.so[0m
[32.466s] [ 80%] Built target admittance_controller
[32.475s] [35m[1mConsolidate compiler generated dependencies of target test_admittance_controller[0m
[32.494s] [ 90%] [32mBuilding CXX object CMakeFiles/test_admittance_controller.dir/test/test_admittance_controller.cpp.o[0m
[43.748s] [100%] [32m[1mLinking CXX executable test_admittance_controller[0m
[44.545s] [100%] Built target test_admittance_controller
[44.553s] Invoked command in '/home/michael/ros2_ws/build/admittance_controller' returned '0': AMENT_PREFIX_PATH=/home/michael/ros2_ws/install/joint_trajectory_controller:/home/michael/ros2_ws/install/controller_manager:/home/michael/ros2_ws/install/controller_interface:/home/michael/ros2_ws/install/kinematics_interface_kdl:/home/michael/ros2_ws/install/hardware_interface:/home/michael/ros2_ws/install/control_toolbox:/home/michael/ros2_ws/install/ros2_control_test_assets:/home/michael/ros2_ws/install/realtime_tools:/home/michael/ros2_ws/install/kinematics_interface:/home/michael/ros2_ws/install/controller_manager_msgs:/home/michael/ros2_ws/install/control_msgs:${AMENT_PREFIX_PATH} CMAKE_PREFIX_PATH=/home/michael/ros2_ws/install/joint_trajectory_controller:/home/michael/ros2_ws/install/controller_manager:/home/michael/ros2_ws/install/controller_interface:/home/michael/ros2_ws/install/kinematics_interface_kdl:/home/michael/ros2_ws/install/hardware_interface:/home/michael/ros2_ws/install/control_toolbox:/home/michael/ros2_ws/install/ros2_control_test_assets:/home/michael/ros2_ws/install/realtime_tools:/home/michael/ros2_ws/install/kinematics_interface:/home/michael/ros2_ws/install/controller_manager_msgs:/home/michael/ros2_ws/install/control_msgs:/opt/ros/humble LD_LIBRARY_PATH=/home/michael/ros2_ws/install/joint_trajectory_controller/lib:/home/michael/ros2_ws/install/controller_manager/lib:/home/michael/ros2_ws/install/controller_interface/lib:/home/michael/ros2_ws/install/kinematics_interface_kdl/lib:/home/michael/ros2_ws/install/hardware_interface/lib:/home/michael/ros2_ws/install/control_toolbox/lib:/home/michael/ros2_ws/install/realtime_tools/lib:/home/michael/ros2_ws/install/kinematics_interface/lib:/home/michael/ros2_ws/install/controller_manager_msgs/lib:/home/michael/ros2_ws/install/control_msgs/lib:${LD_LIBRARY_PATH} PYTHONPATH=/home/michael/ros2_ws/install/controller_manager/local/lib/python3.10/dist-packages:/home/michael/ros2_ws/install/controller_manager_msgs/local/lib/python3.10/dist-packages:/home/michael/ros2_ws/install/control_msgs/local/lib/python3.10/dist-packages:${PYTHONPATH} /usr/bin/cmake --build /home/michael/ros2_ws/build/admittance_controller -- -j14 -l14
[44.577s] Invoking command in '/home/michael/ros2_ws/build/admittance_controller': AMENT_PREFIX_PATH=/home/michael/ros2_ws/install/joint_trajectory_controller:/home/michael/ros2_ws/install/controller_manager:/home/michael/ros2_ws/install/controller_interface:/home/michael/ros2_ws/install/kinematics_interface_kdl:/home/michael/ros2_ws/install/hardware_interface:/home/michael/ros2_ws/install/control_toolbox:/home/michael/ros2_ws/install/ros2_control_test_assets:/home/michael/ros2_ws/install/realtime_tools:/home/michael/ros2_ws/install/kinematics_interface:/home/michael/ros2_ws/install/controller_manager_msgs:/home/michael/ros2_ws/install/control_msgs:${AMENT_PREFIX_PATH} CMAKE_PREFIX_PATH=/home/michael/ros2_ws/install/joint_trajectory_controller:/home/michael/ros2_ws/install/controller_manager:/home/michael/ros2_ws/install/controller_interface:/home/michael/ros2_ws/install/kinematics_interface_kdl:/home/michael/ros2_ws/install/hardware_interface:/home/michael/ros2_ws/install/control_toolbox:/home/michael/ros2_ws/install/ros2_control_test_assets:/home/michael/ros2_ws/install/realtime_tools:/home/michael/ros2_ws/install/kinematics_interface:/home/michael/ros2_ws/install/controller_manager_msgs:/home/michael/ros2_ws/install/control_msgs:/opt/ros/humble LD_LIBRARY_PATH=/home/michael/ros2_ws/install/joint_trajectory_controller/lib:/home/michael/ros2_ws/install/controller_manager/lib:/home/michael/ros2_ws/install/controller_interface/lib:/home/michael/ros2_ws/install/kinematics_interface_kdl/lib:/home/michael/ros2_ws/install/hardware_interface/lib:/home/michael/ros2_ws/install/control_toolbox/lib:/home/michael/ros2_ws/install/realtime_tools/lib:/home/michael/ros2_ws/install/kinematics_interface/lib:/home/michael/ros2_ws/install/controller_manager_msgs/lib:/home/michael/ros2_ws/install/control_msgs/lib:${LD_LIBRARY_PATH} PYTHONPATH=/home/michael/ros2_ws/install/controller_manager/local/lib/python3.10/dist-packages:/home/michael/ros2_ws/install/controller_manager_msgs/local/lib/python3.10/dist-packages:/home/michael/ros2_ws/install/control_msgs/local/lib/python3.10/dist-packages:${PYTHONPATH} /usr/bin/cmake --install /home/michael/ros2_ws/build/admittance_controller
[44.582s] -- Install configuration: ""
[44.582s] -- Execute custom install script
[44.583s] -- Up-to-date symlink: /home/michael/ros2_ws/install/admittance_controller/include/admittance_controller_parameters/admittance_controller_parameters.hpp
[44.583s] -- Up-to-date symlink: /home/michael/ros2_ws/install/admittance_controller/share/admittance_controller//admittance_controller.xml
[44.583s] -- Up-to-date symlink: /home/michael/ros2_ws/install/admittance_controller/include/admittance_controller/admittance_controller/admittance_controller.hpp
[44.583s] -- Up-to-date symlink: /home/michael/ros2_ws/install/admittance_controller/include/admittance_controller/admittance_controller/admittance_rule.hpp
[44.583s] -- Up-to-date symlink: /home/michael/ros2_ws/install/admittance_controller/include/admittance_controller/admittance_controller/admittance_rule_impl.hpp
[44.583s] -- Up-to-date symlink: /home/michael/ros2_ws/install/admittance_controller/include/admittance_controller/admittance_controller/visibility_control.h
[44.583s] -- Up-to-date symlink: /home/michael/ros2_ws/install/admittance_controller/share/admittance_controller/environment/library_path.sh
[44.583s] -- Up-to-date symlink: /home/michael/ros2_ws/install/admittance_controller/share/admittance_controller/environment/library_path.dsv
[44.584s] -- Up-to-date symlink: /home/michael/ros2_ws/install/admittance_controller/share/ament_index/resource_index/package_run_dependencies/admittance_controller
[44.584s] -- Up-to-date symlink: /home/michael/ros2_ws/install/admittance_controller/share/ament_index/resource_index/parent_prefix_path/admittance_controller
[44.584s] -- Up-to-date symlink: /home/michael/ros2_ws/install/admittance_controller/share/admittance_controller/environment/ament_prefix_path.sh
[44.584s] -- Up-to-date symlink: /home/michael/ros2_ws/install/admittance_controller/share/admittance_controller/environment/ament_prefix_path.dsv
[44.584s] -- Up-to-date symlink: /home/michael/ros2_ws/install/admittance_controller/share/admittance_controller/environment/path.sh
[44.584s] -- Up-to-date symlink: /home/michael/ros2_ws/install/admittance_controller/share/admittance_controller/environment/path.dsv
[44.584s] -- Up-to-date symlink: /home/michael/ros2_ws/install/admittance_controller/share/admittance_controller/local_setup.bash
[44.584s] -- Up-to-date symlink: /home/michael/ros2_ws/install/admittance_controller/share/admittance_controller/local_setup.sh
[44.584s] -- Up-to-date symlink: /home/michael/ros2_ws/install/admittance_controller/share/admittance_controller/local_setup.zsh
[44.584s] -- Up-to-date symlink: /home/michael/ros2_ws/install/admittance_controller/share/admittance_controller/local_setup.dsv
[44.584s] -- Symlinking: /home/michael/ros2_ws/install/admittance_controller/share/admittance_controller/package.dsv
[44.591s] -- Up-to-date symlink: /home/michael/ros2_ws/install/admittance_controller/share/ament_index/resource_index/packages/admittance_controller
[44.591s] -- Up-to-date symlink: /home/michael/ros2_ws/install/admittance_controller/share/ament_index/resource_index/controller_interface__pluginlib__plugin/admittance_controller
[44.591s] -- Up-to-date symlink: /home/michael/ros2_ws/install/admittance_controller/share/admittance_controller/cmake/ament_cmake_export_targets-extras.cmake
[44.591s] -- Up-to-date symlink: /home/michael/ros2_ws/install/admittance_controller/share/admittance_controller/cmake/ament_cmake_export_dependencies-extras.cmake
[44.591s] -- Up-to-date symlink: /home/michael/ros2_ws/install/admittance_controller/share/admittance_controller/cmake/admittance_controllerConfig.cmake
[44.591s] -- Up-to-date symlink: /home/michael/ros2_ws/install/admittance_controller/share/admittance_controller/cmake/admittance_controllerConfig-version.cmake
[44.592s] -- Up-to-date symlink: /home/michael/ros2_ws/install/admittance_controller/share/admittance_controller/package.xml
[44.592s] -- Installing: /home/michael/ros2_ws/install/admittance_controller/lib/libadmittance_controller.so
[44.603s] -- Set runtime path of "/home/michael/ros2_ws/install/admittance_controller/lib/libadmittance_controller.so" to ""
[44.603s] -- Up-to-date: /home/michael/ros2_ws/install/admittance_controller/share/admittance_controller/cmake/export_admittance_controllerExport.cmake
[44.603s] -- Up-to-date: /home/michael/ros2_ws/install/admittance_controller/share/admittance_controller/cmake/export_admittance_controllerExport-noconfig.cmake
[44.606s] Invoked command in '/home/michael/ros2_ws/build/admittance_controller' returned '0': AMENT_PREFIX_PATH=/home/michael/ros2_ws/install/joint_trajectory_controller:/home/michael/ros2_ws/install/controller_manager:/home/michael/ros2_ws/install/controller_interface:/home/michael/ros2_ws/install/kinematics_interface_kdl:/home/michael/ros2_ws/install/hardware_interface:/home/michael/ros2_ws/install/control_toolbox:/home/michael/ros2_ws/install/ros2_control_test_assets:/home/michael/ros2_ws/install/realtime_tools:/home/michael/ros2_ws/install/kinematics_interface:/home/michael/ros2_ws/install/controller_manager_msgs:/home/michael/ros2_ws/install/control_msgs:${AMENT_PREFIX_PATH} CMAKE_PREFIX_PATH=/home/michael/ros2_ws/install/joint_trajectory_controller:/home/michael/ros2_ws/install/controller_manager:/home/michael/ros2_ws/install/controller_interface:/home/michael/ros2_ws/install/kinematics_interface_kdl:/home/michael/ros2_ws/install/hardware_interface:/home/michael/ros2_ws/install/control_toolbox:/home/michael/ros2_ws/install/ros2_control_test_assets:/home/michael/ros2_ws/install/realtime_tools:/home/michael/ros2_ws/install/kinematics_interface:/home/michael/ros2_ws/install/controller_manager_msgs:/home/michael/ros2_ws/install/control_msgs:/opt/ros/humble LD_LIBRARY_PATH=/home/michael/ros2_ws/install/joint_trajectory_controller/lib:/home/michael/ros2_ws/install/controller_manager/lib:/home/michael/ros2_ws/install/controller_interface/lib:/home/michael/ros2_ws/install/kinematics_interface_kdl/lib:/home/michael/ros2_ws/install/hardware_interface/lib:/home/michael/ros2_ws/install/control_toolbox/lib:/home/michael/ros2_ws/install/realtime_tools/lib:/home/michael/ros2_ws/install/kinematics_interface/lib:/home/michael/ros2_ws/install/controller_manager_msgs/lib:/home/michael/ros2_ws/install/control_msgs/lib:${LD_LIBRARY_PATH} PYTHONPATH=/home/michael/ros2_ws/install/controller_manager/local/lib/python3.10/dist-packages:/home/michael/ros2_ws/install/controller_manager_msgs/local/lib/python3.10/dist-packages:/home/michael/ros2_ws/install/control_msgs/local/lib/python3.10/dist-packages:${PYTHONPATH} /usr/bin/cmake --install /home/michael/ros2_ws/build/admittance_controller
