[0.401s] Invoking command in '/home/michael/ros2_ws/build/model_arm': PYTHONPATH=/home/michael/ros2_ws/build/model_arm/prefix_override:/home/michael/ros2_ws/install/model_arm/lib/python3.10/site-packages:${PYTHONPATH} /usr/bin/python3 setup.py develop --uninstall --editable --build-directory /home/michael/ros2_ws/build/model_arm/build
[0.563s] running develop
[0.564s] /usr/lib/python3/dist-packages/setuptools/command/easy_install.py:158: EasyInstallDeprecationWarning: easy_install command is deprecated. Use build and pip and other standards-based tools.
[0.564s]   warnings.warn(
[0.564s] /usr/lib/python3/dist-packages/setuptools/command/install.py:34: SetuptoolsDeprecationWarning: setup.py install is deprecated. Use build and pip and other standards-based tools.
[0.564s]   warnings.warn(
[0.668s] Invoked command in '/home/michael/ros2_ws/build/model_arm' returned '0': PYTHONPATH=/home/michael/ros2_ws/build/model_arm/prefix_override:/home/michael/ros2_ws/install/model_arm/lib/python3.10/site-packages:${PYTHONPATH} /usr/bin/python3 setup.py develop --uninstall --editable --build-directory /home/michael/ros2_ws/build/model_arm/build
[0.669s] Invoking command in '/home/michael/ros2_ws/src/model_arm': PYTHONPATH=/home/michael/ros2_ws/build/model_arm/prefix_override:/home/michael/ros2_ws/install/model_arm/lib/python3.10/site-packages:${PYTHONPATH} /usr/bin/python3 setup.py egg_info --egg-base ../../build/model_arm build --build-base /home/michael/ros2_ws/build/model_arm/build install --record /home/michael/ros2_ws/build/model_arm/install.log --single-version-externally-managed
[0.812s] running egg_info
[0.812s] writing ../../build/model_arm/model_arm.egg-info/PKG-INFO
[0.813s] writing dependency_links to ../../build/model_arm/model_arm.egg-info/dependency_links.txt
[0.813s] writing entry points to ../../build/model_arm/model_arm.egg-info/entry_points.txt
[0.813s] writing requirements to ../../build/model_arm/model_arm.egg-info/requires.txt
[0.813s] writing top-level names to ../../build/model_arm/model_arm.egg-info/top_level.txt
[0.814s] reading manifest file '../../build/model_arm/model_arm.egg-info/SOURCES.txt'
[0.815s] writing manifest file '../../build/model_arm/model_arm.egg-info/SOURCES.txt'
[0.815s] running build
[0.815s] running build_py
[0.815s] running install
[0.815s] /usr/lib/python3/dist-packages/setuptools/command/install.py:34: SetuptoolsDeprecationWarning: setup.py install is deprecated. Use build and pip and other standards-based tools.
[0.815s]   warnings.warn(
[0.815s] running install_lib
[0.816s] running install_data
[0.816s] copying urdf/testarm_urdf.xacro -> /home/michael/ros2_ws/install/model_arm/share/model_arm/urdf
[0.816s] copying urdf/materials.xacro -> /home/michael/ros2_ws/install/model_arm/share/model_arm/urdf
[0.816s] copying urdf/testarm_urdf.gazebo -> /home/michael/ros2_ws/install/model_arm/share/model_arm/urdf
[0.816s] copying urdf/testarm_urdf.csv -> /home/michael/ros2_ws/install/model_arm/share/model_arm/urdf
[0.816s] copying launch/gazebo.launch.py -> /home/michael/ros2_ws/install/model_arm/share/model_arm/launch
[0.816s] running install_egg_info
[0.817s] removing '/home/michael/ros2_ws/install/model_arm/lib/python3.10/site-packages/model_arm-0.0.0-py3.10.egg-info' (and everything under it)
[0.818s] Copying ../../build/model_arm/model_arm.egg-info to /home/michael/ros2_ws/install/model_arm/lib/python3.10/site-packages/model_arm-0.0.0-py3.10.egg-info
[0.818s] running install_scripts
[0.836s] writing list of installed files to '/home/michael/ros2_ws/build/model_arm/install.log'
[0.853s] Invoked command in '/home/michael/ros2_ws/src/model_arm' returned '0': PYTHONPATH=/home/michael/ros2_ws/build/model_arm/prefix_override:/home/michael/ros2_ws/install/model_arm/lib/python3.10/site-packages:${PYTHONPATH} /usr/bin/python3 setup.py egg_info --egg-base ../../build/model_arm build --build-base /home/michael/ros2_ws/build/model_arm/build install --record /home/michael/ros2_ws/build/model_arm/install.log --single-version-externally-managed
