[0.016s] Invoking command in '/home/michael/ros2_ws/build/transmission_interface': AMENT_PREFIX_PATH=/home/michael/ros2_ws/install/hardware_interface:/home/michael/ros2_ws/install/control_msgs:${AMENT_PREFIX_PATH} CMAKE_PREFIX_PATH=/home/michael/ros2_ws/install/hardware_interface:/home/michael/ros2_ws/install/control_msgs:/home/michael/ros2_ws/install/testarm:/home/michael/ros2_ws/install/model_arm:/opt/ros/humble LD_LIBRARY_PATH=/home/michael/ros2_ws/install/hardware_interface/lib:/home/michael/ros2_ws/install/control_msgs/lib:${LD_LIBRARY_PATH} PYTHONPATH=/home/michael/ros2_ws/install/control_msgs/local/lib/python3.10/dist-packages:${PYTHONPATH} /usr/bin/cmake /home/michael/ros2_ws/src/ros-controls/ros2_control/transmission_interface -DAMENT_CMAKE_SYMLINK_INSTALL=1 -DCMAKE_INSTALL_PREFIX=/home/michael/ros2_ws/install/transmission_interface
[0.083s] -- The C compiler identification is GNU 11.4.0
[0.156s] -- The CXX compiler identification is GNU 11.4.0
[0.163s] -- Detecting C compiler ABI info
[0.246s] -- Detecting C compiler ABI info - done
[0.246s] -- Check for working C compiler: /usr/bin/cc - skipped
[0.246s] -- Detecting C compile features
[0.246s] -- Detecting C compile features - done
[0.248s] -- Detecting CXX compiler ABI info
[0.335s] -- Detecting CXX compiler ABI info - done
[0.340s] -- Check for working CXX compiler: /usr/bin/c++ - skipped
[0.340s] -- Detecting CXX compile features
[0.342s] -- Detecting CXX compile features - done
[0.344s] -- Found ament_cmake: 1.3.5 (/opt/ros/humble/share/ament_cmake/cmake)
[0.536s] -- Found Python3: /usr/bin/python3.10 (found version "3.10.12") found components: Interpreter 
[0.600s] -- Override CMake install command with custom implementation using symlinks instead of copying resources
[0.627s] -- Found hardware_interface: 2.29.0 (/home/michael/ros2_ws/install/hardware_interface/share/hardware_interface/cmake)
[0.667s] -- Found rosidl_generator_c: 3.1.5 (/opt/ros/humble/share/rosidl_generator_c/cmake)
[0.672s] -- Found rosidl_adapter: 3.1.5 (/opt/ros/humble/share/rosidl_adapter/cmake)
[0.681s] -- Found rosidl_generator_cpp: 3.1.5 (/opt/ros/humble/share/rosidl_generator_cpp/cmake)
[0.696s] -- Using all available rosidl_typesupport_c: rosidl_typesupport_fastrtps_c;rosidl_typesupport_introspection_c
[0.724s] -- Using all available rosidl_typesupport_cpp: rosidl_typesupport_fastrtps_cpp;rosidl_typesupport_introspection_cpp
[1.495s] -- Found rmw_implementation_cmake: 6.1.1 (/opt/ros/humble/share/rmw_implementation_cmake/cmake)
[1.498s] -- Found rmw_fastrtps_cpp: 6.2.3 (/opt/ros/humble/share/rmw_fastrtps_cpp/cmake)
[1.607s] -- Found OpenSSL: /usr/lib/x86_64-linux-gnu/libcrypto.so (found version "3.0.2")  
[1.637s] -- Found FastRTPS: /opt/ros/humble/include  
[1.692s] -- Using RMW implementation 'rmw_fastrtps_cpp' as default
[1.702s] -- Looking for pthread.h
[1.782s] -- Looking for pthread.h - found
[1.782s] -- Performing Test CMAKE_HAVE_LIBC_PTHREAD
[1.860s] -- Performing Test CMAKE_HAVE_LIBC_PTHREAD - Success
[1.860s] -- Found Threads: TRUE  
[2.092s] -- Found ament_cmake_gmock: 1.3.5 (/opt/ros/humble/share/ament_cmake_gmock/cmake)
[2.094s] -- Found gmock sources under '/opt/ros/humble/src/gmock_vendor': C++ tests using 'Google Mock' will be built
[2.099s] -- Found ament_cmake_gtest: 1.3.5 (/opt/ros/humble/share/ament_cmake_gtest/cmake)
[2.100s] -- Found gtest sources under '/opt/ros/humble/src/gtest_vendor': C++ tests using 'Google Test' will be built
[2.605s] -- Configuring done
[2.767s] -- Generating done
[2.769s] -- Build files have been written to: /home/michael/ros2_ws/build/transmission_interface
[2.784s] Invoked command in '/home/michael/ros2_ws/build/transmission_interface' returned '0': AMENT_PREFIX_PATH=/home/michael/ros2_ws/install/hardware_interface:/home/michael/ros2_ws/install/control_msgs:${AMENT_PREFIX_PATH} CMAKE_PREFIX_PATH=/home/michael/ros2_ws/install/hardware_interface:/home/michael/ros2_ws/install/control_msgs:/home/michael/ros2_ws/install/testarm:/home/michael/ros2_ws/install/model_arm:/opt/ros/humble LD_LIBRARY_PATH=/home/michael/ros2_ws/install/hardware_interface/lib:/home/michael/ros2_ws/install/control_msgs/lib:${LD_LIBRARY_PATH} PYTHONPATH=/home/michael/ros2_ws/install/control_msgs/local/lib/python3.10/dist-packages:${PYTHONPATH} /usr/bin/cmake /home/michael/ros2_ws/src/ros-controls/ros2_control/transmission_interface -DAMENT_CMAKE_SYMLINK_INSTALL=1 -DCMAKE_INSTALL_PREFIX=/home/michael/ros2_ws/install/transmission_interface
[2.785s] Invoking command in '/home/michael/ros2_ws/build/transmission_interface': AMENT_PREFIX_PATH=/home/michael/ros2_ws/install/hardware_interface:/home/michael/ros2_ws/install/control_msgs:${AMENT_PREFIX_PATH} CMAKE_PREFIX_PATH=/home/michael/ros2_ws/install/hardware_interface:/home/michael/ros2_ws/install/control_msgs:/home/michael/ros2_ws/install/testarm:/home/michael/ros2_ws/install/model_arm:/opt/ros/humble LD_LIBRARY_PATH=/home/michael/ros2_ws/install/hardware_interface/lib:/home/michael/ros2_ws/install/control_msgs/lib:${LD_LIBRARY_PATH} PYTHONPATH=/home/michael/ros2_ws/install/control_msgs/local/lib/python3.10/dist-packages:${PYTHONPATH} /usr/bin/cmake --build /home/michael/ros2_ws/build/transmission_interface -- -j14 -l14
[2.855s] [  8%] [32mBuilding CXX object gmock/CMakeFiles/gmock_main.dir/src/gmock_main.cc.o[0m
[2.855s] [  8%] [32mBuilding CXX object CMakeFiles/transmission_interface.dir/src/simple_transmission_loader.cpp.o[0m
[2.855s] [ 13%] [32mBuilding CXX object gmock/CMakeFiles/gmock.dir/opt/ros/humble/src/gtest_vendor/src/gtest-all.cc.o[0m
[2.858s] [ 17%] [32mBuilding CXX object gmock/CMakeFiles/gmock.dir/src/gmock-all.cc.o[0m
[2.859s] [ 21%] [32mBuilding CXX object CMakeFiles/transmission_interface.dir/src/four_bar_linkage_transmission_loader.cpp.o[0m
[2.866s] [ 26%] [32mBuilding CXX object CMakeFiles/transmission_interface.dir/src/differential_transmission_loader.cpp.o[0m
[5.051s] [ 30%] [32m[1mLinking CXX static library libgmock_main.a[0m
[5.106s] [ 30%] Built target gmock_main
[7.482s] [ 34%] [32m[1mLinking CXX static library libgmock.a[0m
[7.555s] [ 34%] Built target gmock
[7.581s] [ 39%] [32mBuilding CXX object CMakeFiles/test_simple_transmission.dir/test/simple_transmission_test.cpp.o[0m
[7.587s] [ 43%] [32mBuilding CXX object CMakeFiles/test_differential_transmission.dir/test/differential_transmission_test.cpp.o[0m
[7.599s] [ 52%] [32mBuilding CXX object CMakeFiles/test_four_bar_linkage_transmission_loader.dir/test/four_bar_linkage_transmission_loader_test.cpp.o[0m
[7.599s] [ 52%] [32mBuilding CXX object CMakeFiles/test_four_bar_linkage_transmission.dir/test/four_bar_linkage_transmission_test.cpp.o[0m
[7.601s] [ 56%] [32mBuilding CXX object CMakeFiles/test_simple_transmission_loader.dir/test/simple_transmission_loader_test.cpp.o[0m
[7.603s] [ 60%] [32mBuilding CXX object CMakeFiles/test_differential_transmission_loader.dir/test/differential_transmission_loader_test.cpp.o[0m
[7.610s] [ 65%] [32mBuilding CXX object CMakeFiles/test_utils.dir/test/utils_test.cpp.o[0m
[7.829s] [ 69%] [32m[1mLinking CXX shared library libtransmission_interface.so[0m
[8.473s] [ 69%] Built target transmission_interface
[10.457s] [ 73%] [32m[1mLinking CXX executable test_utils[0m
[11.021s] [ 78%] [32m[1mLinking CXX executable test_simple_transmission[0m
[11.238s] [ 78%] Built target test_utils
[11.278s] [ 82%] [32m[1mLinking CXX executable test_four_bar_linkage_transmission[0m
[11.501s] [ 86%] [32m[1mLinking CXX executable test_differential_transmission[0m
[11.686s] [ 86%] Built target test_simple_transmission
[11.924s] [ 86%] Built target test_four_bar_linkage_transmission
[12.037s] [ 86%] Built target test_differential_transmission
[14.071s] [ 91%] [32m[1mLinking CXX executable test_differential_transmission_loader[0m
[14.076s] [ 95%] [32m[1mLinking CXX executable test_simple_transmission_loader[0m
[14.086s] [100%] [32m[1mLinking CXX executable test_four_bar_linkage_transmission_loader[0m
[14.484s] [100%] Built target test_differential_transmission_loader
[14.494s] [100%] Built target test_simple_transmission_loader
[14.499s] [100%] Built target test_four_bar_linkage_transmission_loader
[14.510s] Invoked command in '/home/michael/ros2_ws/build/transmission_interface' returned '0': AMENT_PREFIX_PATH=/home/michael/ros2_ws/install/hardware_interface:/home/michael/ros2_ws/install/control_msgs:${AMENT_PREFIX_PATH} CMAKE_PREFIX_PATH=/home/michael/ros2_ws/install/hardware_interface:/home/michael/ros2_ws/install/control_msgs:/home/michael/ros2_ws/install/testarm:/home/michael/ros2_ws/install/model_arm:/opt/ros/humble LD_LIBRARY_PATH=/home/michael/ros2_ws/install/hardware_interface/lib:/home/michael/ros2_ws/install/control_msgs/lib:${LD_LIBRARY_PATH} PYTHONPATH=/home/michael/ros2_ws/install/control_msgs/local/lib/python3.10/dist-packages:${PYTHONPATH} /usr/bin/cmake --build /home/michael/ros2_ws/build/transmission_interface -- -j14 -l14
[14.558s] Invoking command in '/home/michael/ros2_ws/build/transmission_interface': AMENT_PREFIX_PATH=/home/michael/ros2_ws/install/hardware_interface:/home/michael/ros2_ws/install/control_msgs:${AMENT_PREFIX_PATH} CMAKE_PREFIX_PATH=/home/michael/ros2_ws/install/hardware_interface:/home/michael/ros2_ws/install/control_msgs:/home/michael/ros2_ws/install/testarm:/home/michael/ros2_ws/install/model_arm:/opt/ros/humble LD_LIBRARY_PATH=/home/michael/ros2_ws/install/hardware_interface/lib:/home/michael/ros2_ws/install/control_msgs/lib:${LD_LIBRARY_PATH} PYTHONPATH=/home/michael/ros2_ws/install/control_msgs/local/lib/python3.10/dist-packages:${PYTHONPATH} /usr/bin/cmake --install /home/michael/ros2_ws/build/transmission_interface
[14.564s] -- Install configuration: ""
[14.564s] -- Execute custom install script
[14.565s] -- Symlinking: /home/michael/ros2_ws/install/transmission_interface/include/transmission_interface/accessor.hpp
[14.572s] -- Symlinking: /home/michael/ros2_ws/install/transmission_interface/include/transmission_interface/differential_transmission.hpp
[14.589s] -- Symlinking: /home/michael/ros2_ws/install/transmission_interface/include/transmission_interface/differential_transmission_loader.hpp
[14.594s] -- Symlinking: /home/michael/ros2_ws/install/transmission_interface/include/transmission_interface/exception.hpp
[14.605s] -- Symlinking: /home/michael/ros2_ws/install/transmission_interface/include/transmission_interface/four_bar_linkage_transmission.hpp
[14.605s] -- Symlinking: /home/michael/ros2_ws/install/transmission_interface/include/transmission_interface/four_bar_linkage_transmission_loader.hpp
[14.614s] -- Symlinking: /home/michael/ros2_ws/install/transmission_interface/include/transmission_interface/handle.hpp
[14.622s] -- Symlinking: /home/michael/ros2_ws/install/transmission_interface/include/transmission_interface/simple_transmission.hpp
[14.633s] -- Symlinking: /home/michael/ros2_ws/install/transmission_interface/include/transmission_interface/simple_transmission_loader.hpp
[14.641s] -- Symlinking: /home/michael/ros2_ws/install/transmission_interface/include/transmission_interface/transmission.hpp
[14.644s] -- Symlinking: /home/michael/ros2_ws/install/transmission_interface/include/transmission_interface/transmission_interface_exception.hpp
[14.652s] -- Symlinking: /home/michael/ros2_ws/install/transmission_interface/include/transmission_interface/transmission_loader.hpp
[14.659s] -- Symlinking: /home/michael/ros2_ws/install/transmission_interface/include/transmission_interface/visibility_control.h
[14.666s] -- Symlinking: /home/michael/ros2_ws/install/transmission_interface/share/transmission_interface//ros2_control_plugins.xml
[14.673s] -- Symlinking: /home/michael/ros2_ws/install/transmission_interface/share/transmission_interface/environment/library_path.sh
[14.680s] -- Symlinking: /home/michael/ros2_ws/install/transmission_interface/share/transmission_interface/environment/library_path.dsv
[14.688s] -- Symlinking: /home/michael/ros2_ws/install/transmission_interface/share/ament_index/resource_index/package_run_dependencies/transmission_interface
[14.696s] -- Symlinking: /home/michael/ros2_ws/install/transmission_interface/share/ament_index/resource_index/parent_prefix_path/transmission_interface
[14.704s] -- Symlinking: /home/michael/ros2_ws/install/transmission_interface/share/transmission_interface/environment/ament_prefix_path.sh
[14.711s] -- Symlinking: /home/michael/ros2_ws/install/transmission_interface/share/transmission_interface/environment/ament_prefix_path.dsv
[14.718s] -- Symlinking: /home/michael/ros2_ws/install/transmission_interface/share/transmission_interface/environment/path.sh
[14.727s] -- Symlinking: /home/michael/ros2_ws/install/transmission_interface/share/transmission_interface/environment/path.dsv
[14.736s] -- Symlinking: /home/michael/ros2_ws/install/transmission_interface/share/transmission_interface/local_setup.bash
[14.744s] -- Symlinking: /home/michael/ros2_ws/install/transmission_interface/share/transmission_interface/local_setup.sh
[14.752s] -- Symlinking: /home/michael/ros2_ws/install/transmission_interface/share/transmission_interface/local_setup.zsh
[14.760s] -- Symlinking: /home/michael/ros2_ws/install/transmission_interface/share/transmission_interface/local_setup.dsv
[14.768s] -- Symlinking: /home/michael/ros2_ws/install/transmission_interface/share/transmission_interface/package.dsv
[14.775s] -- Symlinking: /home/michael/ros2_ws/install/transmission_interface/share/ament_index/resource_index/packages/transmission_interface
[14.783s] -- Symlinking: /home/michael/ros2_ws/install/transmission_interface/share/ament_index/resource_index/transmission_interface__pluginlib__plugin/transmission_interface
[14.791s] -- Symlinking: /home/michael/ros2_ws/install/transmission_interface/share/transmission_interface/cmake/ament_cmake_export_include_directories-extras.cmake
[14.799s] -- Symlinking: /home/michael/ros2_ws/install/transmission_interface/share/transmission_interface/cmake/ament_cmake_export_dependencies-extras.cmake
[14.808s] -- Symlinking: /home/michael/ros2_ws/install/transmission_interface/share/transmission_interface/cmake/ament_cmake_export_libraries-extras.cmake
[14.816s] -- Symlinking: /home/michael/ros2_ws/install/transmission_interface/share/transmission_interface/cmake/transmission_interfaceConfig.cmake
[14.823s] -- Symlinking: /home/michael/ros2_ws/install/transmission_interface/share/transmission_interface/cmake/transmission_interfaceConfig-version.cmake
[14.830s] -- Symlinking: /home/michael/ros2_ws/install/transmission_interface/share/transmission_interface/package.xml
[14.837s] -- Installing: /home/michael/ros2_ws/install/transmission_interface/lib/libtransmission_interface.so
[14.838s] -- Set runtime path of "/home/michael/ros2_ws/install/transmission_interface/lib/libtransmission_interface.so" to ""
[14.842s] Invoked command in '/home/michael/ros2_ws/build/transmission_interface' returned '0': AMENT_PREFIX_PATH=/home/michael/ros2_ws/install/hardware_interface:/home/michael/ros2_ws/install/control_msgs:${AMENT_PREFIX_PATH} CMAKE_PREFIX_PATH=/home/michael/ros2_ws/install/hardware_interface:/home/michael/ros2_ws/install/control_msgs:/home/michael/ros2_ws/install/testarm:/home/michael/ros2_ws/install/model_arm:/opt/ros/humble LD_LIBRARY_PATH=/home/michael/ros2_ws/install/hardware_interface/lib:/home/michael/ros2_ws/install/control_msgs/lib:${LD_LIBRARY_PATH} PYTHONPATH=/home/michael/ros2_ws/install/control_msgs/local/lib/python3.10/dist-packages:${PYTHONPATH} /usr/bin/cmake --install /home/michael/ros2_ws/build/transmission_interface
