[0.333s] Invoking command in '/home/michael/ros2_ws/build/model_arm': PYTHONPATH=/home/michael/ros2_ws/build/model_arm/prefix_override:/home/michael/ros2_ws/install/model_arm/lib/python3.10/site-packages:${PYTHONPATH} /usr/bin/python3 setup.py develop --uninstall --editable --build-directory /home/michael/ros2_ws/build/model_arm/build
[0.472s] running develop
[0.472s] /usr/lib/python3/dist-packages/setuptools/command/easy_install.py:158: EasyInstallDeprecationWarning: easy_install command is deprecated. Use build and pip and other standards-based tools.
[0.472s]   warnings.warn(
[0.472s] /usr/lib/python3/dist-packages/setuptools/command/install.py:34: SetuptoolsDeprecationWarning: setup.py install is deprecated. Use build and pip and other standards-based tools.
[0.472s]   warnings.warn(
[0.497s] /usr/lib/python3/dist-packages/pkg_resources/__init__.py:116: PkgResourcesDeprecationWarning: 0.1.43ubuntu1 is an invalid version and will not be supported in a future release
[0.497s]   warnings.warn(
[0.497s] /usr/lib/python3/dist-packages/pkg_resources/__init__.py:116: PkgResourcesDeprecationWarning: 1.1build1 is an invalid version and will not be supported in a future release
[0.497s]   warnings.warn(
[0.540s] Removing /home/michael/ros2_ws/install/model_arm/lib/python3.10/site-packages/model-arm.egg-link (link to .)
[0.557s] Invoked command in '/home/michael/ros2_ws/build/model_arm' returned '0': PYTHONPATH=/home/michael/ros2_ws/build/model_arm/prefix_override:/home/michael/ros2_ws/install/model_arm/lib/python3.10/site-packages:${PYTHONPATH} /usr/bin/python3 setup.py develop --uninstall --editable --build-directory /home/michael/ros2_ws/build/model_arm/build
[0.558s] Invoking command in '/home/michael/ros2_ws/src/model_arm': PYTHONPATH=/home/michael/ros2_ws/build/model_arm/prefix_override:/home/michael/ros2_ws/install/model_arm/lib/python3.10/site-packages:${PYTHONPATH} /usr/bin/python3 setup.py egg_info --egg-base ../../build/model_arm build --build-base /home/michael/ros2_ws/build/model_arm/build install --record /home/michael/ros2_ws/build/model_arm/install.log --single-version-externally-managed
[0.683s] running egg_info
[0.683s] writing ../../build/model_arm/model_arm.egg-info/PKG-INFO
[0.683s] writing dependency_links to ../../build/model_arm/model_arm.egg-info/dependency_links.txt
[0.683s] writing entry points to ../../build/model_arm/model_arm.egg-info/entry_points.txt
[0.683s] writing requirements to ../../build/model_arm/model_arm.egg-info/requires.txt
[0.684s] writing top-level names to ../../build/model_arm/model_arm.egg-info/top_level.txt
[0.685s] reading manifest file '../../build/model_arm/model_arm.egg-info/SOURCES.txt'
[0.685s] writing manifest file '../../build/model_arm/model_arm.egg-info/SOURCES.txt'
[0.685s] running build
[0.685s] running build_py
[0.685s] creating /home/michael/ros2_ws/build/model_arm/build
[0.685s] creating /home/michael/ros2_ws/build/model_arm/build/lib
[0.685s] creating /home/michael/ros2_ws/build/model_arm/build/lib/model_arm
[0.685s] copying model_arm/__init__.py -> /home/michael/ros2_ws/build/model_arm/build/lib/model_arm
[0.685s] /usr/lib/python3/dist-packages/setuptools/command/install.py:34: SetuptoolsDeprecationWarning: setup.py install is deprecated. Use build and pip and other standards-based tools.
[0.685s]   warnings.warn(
[0.685s] running install
[0.685s] running install_lib
[0.686s] creating /home/michael/ros2_ws/install/model_arm/lib/python3.10/site-packages/model_arm
[0.686s] copying /home/michael/ros2_ws/build/model_arm/build/lib/model_arm/__init__.py -> /home/michael/ros2_ws/install/model_arm/lib/python3.10/site-packages/model_arm
[0.686s] byte-compiling /home/michael/ros2_ws/install/model_arm/lib/python3.10/site-packages/model_arm/__init__.py to __init__.cpython-310.pyc
[0.686s] running install_data
[0.686s] running install_egg_info
[0.687s] Copying ../../build/model_arm/model_arm.egg-info to /home/michael/ros2_ws/install/model_arm/lib/python3.10/site-packages/model_arm-0.0.0-py3.10.egg-info
[0.693s] running install_scripts
[0.706s] writing list of installed files to '/home/michael/ros2_ws/build/model_arm/install.log'
[0.721s] Invoked command in '/home/michael/ros2_ws/src/model_arm' returned '0': PYTHONPATH=/home/michael/ros2_ws/build/model_arm/prefix_override:/home/michael/ros2_ws/install/model_arm/lib/python3.10/site-packages:${PYTHONPATH} /usr/bin/python3 setup.py egg_info --egg-base ../../build/model_arm build --build-base /home/michael/ros2_ws/build/model_arm/build install --record /home/michael/ros2_ws/build/model_arm/install.log --single-version-externally-managed
