[0.015s] Invoking command in '/home/michael/ros2_ws/build/kinematics_interface_kdl': AMENT_PREFIX_PATH=/home/michael/ros2_ws/install/ros2_control_test_assets:/home/michael/ros2_ws/install/kinematics_interface:${AMENT_PREFIX_PATH} CMAKE_PREFIX_PATH=/home/michael/ros2_ws/install/ros2_control_test_assets:/home/michael/ros2_ws/install/kinematics_interface:/opt/ros/humble LD_LIBRARY_PATH=/home/michael/ros2_ws/install/kinematics_interface/lib:${LD_LIBRARY_PATH} /usr/bin/cmake --build /home/michael/ros2_ws/build/kinematics_interface_kdl -- -j14 -l14
[0.046s] -- Found ament_cmake: 1.3.5 (/opt/ros/humble/share/ament_cmake/cmake)
[0.231s] -- Override CMake install command with custom implementation using symlinks instead of copying resources
[0.239s] -- Found kdl_parser: 2.6.4 (/opt/ros/humble/share/kdl_parser/cmake)
[0.241s] -- Found eigen3_cmake_module: 0.1.1 (/opt/ros/humble/share/eigen3_cmake_module/cmake)
[0.243s] -- Ensuring Eigen3 include directory is part of orocos-kdl CMake target
[0.256s] -- Found kinematics_interface: 0.1.0 (/home/michael/ros2_ws/install/kinematics_interface/share/kinematics_interface/cmake)
[0.280s] -- Found rosidl_generator_c: 3.1.5 (/opt/ros/humble/share/rosidl_generator_c/cmake)
[0.284s] -- Found rosidl_adapter: 3.1.5 (/opt/ros/humble/share/rosidl_adapter/cmake)
[0.293s] -- Found rosidl_generator_cpp: 3.1.5 (/opt/ros/humble/share/rosidl_generator_cpp/cmake)
[0.308s] -- Using all available rosidl_typesupport_c: rosidl_typesupport_fastrtps_c;rosidl_typesupport_introspection_c
[0.328s] -- Using all available rosidl_typesupport_cpp: rosidl_typesupport_fastrtps_cpp;rosidl_typesupport_introspection_cpp
[0.406s] -- Found rmw_implementation_cmake: 6.1.1 (/opt/ros/humble/share/rmw_implementation_cmake/cmake)
[0.407s] -- Found rmw_fastrtps_cpp: 6.2.3 (/opt/ros/humble/share/rmw_fastrtps_cpp/cmake)
[0.551s] -- Using RMW implementation 'rmw_fastrtps_cpp' as default
[0.786s] -- Found pluginlib: 5.1.0 (/opt/ros/humble/share/pluginlib/cmake)
[0.806s] -- Found tf2_eigen_kdl: 0.25.3 (/opt/ros/humble/share/tf2_eigen_kdl/cmake)
[0.874s] -- Found ament_cmake_gmock: 1.3.5 (/opt/ros/humble/share/ament_cmake_gmock/cmake)
[0.875s] -- Found ros2_control_test_assets: 2.29.0 (/home/michael/ros2_ws/install/ros2_control_test_assets/share/ros2_control_test_assets/cmake)
[0.875s] -- Found gmock sources under '/opt/ros/humble/src/gmock_vendor': C++ tests using 'Google Mock' will be built
[0.876s] -- Found ament_cmake_gtest: 1.3.5 (/opt/ros/humble/share/ament_cmake_gtest/cmake)
[0.877s] -- Found gtest sources under '/opt/ros/humble/src/gtest_vendor': C++ tests using 'Google Test' will be built
[0.996s] -- Configuring done
[1.022s] -- Generating done
[1.025s] -- Build files have been written to: /home/michael/ros2_ws/build/kinematics_interface_kdl
[1.065s] [35m[1mConsolidate compiler generated dependencies of target gmock_main[0m
[1.066s] [35m[1mConsolidate compiler generated dependencies of target kinematics_interface_kdl[0m
[1.067s] [35m[1mConsolidate compiler generated dependencies of target gmock[0m
[1.087s] [ 22%] Built target gmock_main
[1.090s] [ 44%] [32mBuilding CXX object CMakeFiles/kinematics_interface_kdl.dir/src/kinematics_interface_kdl.cpp.o[0m
[1.090s] [ 66%] Built target gmock
[9.212s] [ 77%] [32m[1mLinking CXX shared library libkinematics_interface_kdl.so[0m
[9.443s] [ 77%] Built target kinematics_interface_kdl
[9.454s] [35m[1mConsolidate compiler generated dependencies of target test_kinematics_interface_kdl[0m
[9.475s] [ 88%] [32mBuilding CXX object CMakeFiles/test_kinematics_interface_kdl.dir/test/test_kinematics_interface_kdl.cpp.o[0m
[17.762s] [100%] [32m[1mLinking CXX executable test_kinematics_interface_kdl[0m
[18.078s] [100%] Built target test_kinematics_interface_kdl
[18.088s] Invoked command in '/home/michael/ros2_ws/build/kinematics_interface_kdl' returned '0': AMENT_PREFIX_PATH=/home/michael/ros2_ws/install/ros2_control_test_assets:/home/michael/ros2_ws/install/kinematics_interface:${AMENT_PREFIX_PATH} CMAKE_PREFIX_PATH=/home/michael/ros2_ws/install/ros2_control_test_assets:/home/michael/ros2_ws/install/kinematics_interface:/opt/ros/humble LD_LIBRARY_PATH=/home/michael/ros2_ws/install/kinematics_interface/lib:${LD_LIBRARY_PATH} /usr/bin/cmake --build /home/michael/ros2_ws/build/kinematics_interface_kdl -- -j14 -l14
[18.119s] Invoking command in '/home/michael/ros2_ws/build/kinematics_interface_kdl': AMENT_PREFIX_PATH=/home/michael/ros2_ws/install/ros2_control_test_assets:/home/michael/ros2_ws/install/kinematics_interface:${AMENT_PREFIX_PATH} CMAKE_PREFIX_PATH=/home/michael/ros2_ws/install/ros2_control_test_assets:/home/michael/ros2_ws/install/kinematics_interface:/opt/ros/humble LD_LIBRARY_PATH=/home/michael/ros2_ws/install/kinematics_interface/lib:${LD_LIBRARY_PATH} /usr/bin/cmake --install /home/michael/ros2_ws/build/kinematics_interface_kdl
[18.126s] -- Install configuration: ""
[18.126s] -- Execute custom install script
[18.127s] -- Up-to-date symlink: /home/michael/ros2_ws/install/kinematics_interface_kdl/share/kinematics_interface_kdl//kinematics_interface_kdl.xml
[18.127s] -- Up-to-date symlink: /home/michael/ros2_ws/install/kinematics_interface_kdl/include/kinematics_interface_kdl/kinematics_interface_kdl/kinematics_interface_kdl.hpp
[18.127s] -- Up-to-date symlink: /home/michael/ros2_ws/install/kinematics_interface_kdl/share/kinematics_interface_kdl/environment/library_path.sh
[18.127s] -- Up-to-date symlink: /home/michael/ros2_ws/install/kinematics_interface_kdl/share/kinematics_interface_kdl/environment/library_path.dsv
[18.127s] -- Up-to-date symlink: /home/michael/ros2_ws/install/kinematics_interface_kdl/share/ament_index/resource_index/package_run_dependencies/kinematics_interface_kdl
[18.128s] -- Up-to-date symlink: /home/michael/ros2_ws/install/kinematics_interface_kdl/share/ament_index/resource_index/parent_prefix_path/kinematics_interface_kdl
[18.128s] -- Up-to-date symlink: /home/michael/ros2_ws/install/kinematics_interface_kdl/share/kinematics_interface_kdl/environment/ament_prefix_path.sh
[18.128s] -- Up-to-date symlink: /home/michael/ros2_ws/install/kinematics_interface_kdl/share/kinematics_interface_kdl/environment/ament_prefix_path.dsv
[18.128s] -- Up-to-date symlink: /home/michael/ros2_ws/install/kinematics_interface_kdl/share/kinematics_interface_kdl/environment/path.sh
[18.128s] -- Up-to-date symlink: /home/michael/ros2_ws/install/kinematics_interface_kdl/share/kinematics_interface_kdl/environment/path.dsv
[18.129s] -- Up-to-date symlink: /home/michael/ros2_ws/install/kinematics_interface_kdl/share/kinematics_interface_kdl/local_setup.bash
[18.129s] -- Up-to-date symlink: /home/michael/ros2_ws/install/kinematics_interface_kdl/share/kinematics_interface_kdl/local_setup.sh
[18.129s] -- Up-to-date symlink: /home/michael/ros2_ws/install/kinematics_interface_kdl/share/kinematics_interface_kdl/local_setup.zsh
[18.129s] -- Up-to-date symlink: /home/michael/ros2_ws/install/kinematics_interface_kdl/share/kinematics_interface_kdl/local_setup.dsv
[18.129s] -- Symlinking: /home/michael/ros2_ws/install/kinematics_interface_kdl/share/kinematics_interface_kdl/package.dsv
[18.137s] -- Up-to-date symlink: /home/michael/ros2_ws/install/kinematics_interface_kdl/share/ament_index/resource_index/packages/kinematics_interface_kdl
[18.138s] -- Up-to-date symlink: /home/michael/ros2_ws/install/kinematics_interface_kdl/share/ament_index/resource_index/kinematics_interface__pluginlib__plugin/kinematics_interface_kdl
[18.138s] -- Up-to-date symlink: /home/michael/ros2_ws/install/kinematics_interface_kdl/share/kinematics_interface_kdl/cmake/ament_cmake_export_targets-extras.cmake
[18.138s] -- Up-to-date symlink: /home/michael/ros2_ws/install/kinematics_interface_kdl/share/kinematics_interface_kdl/cmake/ament_cmake_export_dependencies-extras.cmake
[18.138s] -- Up-to-date symlink: /home/michael/ros2_ws/install/kinematics_interface_kdl/share/kinematics_interface_kdl/cmake/kinematics_interface_kdlConfig.cmake
[18.138s] -- Up-to-date symlink: /home/michael/ros2_ws/install/kinematics_interface_kdl/share/kinematics_interface_kdl/cmake/kinematics_interface_kdlConfig-version.cmake
[18.138s] -- Up-to-date symlink: /home/michael/ros2_ws/install/kinematics_interface_kdl/share/kinematics_interface_kdl/package.xml
[18.138s] -- Installing: /home/michael/ros2_ws/install/kinematics_interface_kdl/lib/libkinematics_interface_kdl.so
[18.142s] -- Set runtime path of "/home/michael/ros2_ws/install/kinematics_interface_kdl/lib/libkinematics_interface_kdl.so" to ""
[18.143s] -- Up-to-date: /home/michael/ros2_ws/install/kinematics_interface_kdl/share/kinematics_interface_kdl/cmake/export_kinematics_interface_kdlExport.cmake
[18.143s] -- Up-to-date: /home/michael/ros2_ws/install/kinematics_interface_kdl/share/kinematics_interface_kdl/cmake/export_kinematics_interface_kdlExport-noconfig.cmake
[18.156s] Invoked command in '/home/michael/ros2_ws/build/kinematics_interface_kdl' returned '0': AMENT_PREFIX_PATH=/home/michael/ros2_ws/install/ros2_control_test_assets:/home/michael/ros2_ws/install/kinematics_interface:${AMENT_PREFIX_PATH} CMAKE_PREFIX_PATH=/home/michael/ros2_ws/install/ros2_control_test_assets:/home/michael/ros2_ws/install/kinematics_interface:/opt/ros/humble LD_LIBRARY_PATH=/home/michael/ros2_ws/install/kinematics_interface/lib:${LD_LIBRARY_PATH} /usr/bin/cmake --install /home/michael/ros2_ws/build/kinematics_interface_kdl
