[0.287s] Invoking command in '/home/michael/ros2_ws/build/gripper_controllers': AMENT_PREFIX_PATH=/home/michael/ros2_ws/install/controller_manager:/home/michael/ros2_ws/install/controller_interface:/home/michael/ros2_ws/install/hardware_interface:/home/michael/ros2_ws/install/control_toolbox:/home/michael/ros2_ws/install/ros2_control_test_assets:/home/michael/ros2_ws/install/realtime_tools:/home/michael/ros2_ws/install/controller_manager_msgs:/home/michael/ros2_ws/install/control_msgs:${AMENT_PREFIX_PATH} CMAKE_PREFIX_PATH=/home/michael/ros2_ws/install/controller_manager:/home/michael/ros2_ws/install/controller_interface:/home/michael/ros2_ws/install/hardware_interface:/home/michael/ros2_ws/install/control_toolbox:/home/michael/ros2_ws/install/ros2_control_test_assets:/home/michael/ros2_ws/install/realtime_tools:/home/michael/ros2_ws/install/controller_manager_msgs:/home/michael/ros2_ws/install/control_msgs:/home/michael/ros2_ws/install/testarm:/home/michael/ros2_ws/install/model_arm:/opt/ros/humble LD_LIBRARY_PATH=/home/michael/ros2_ws/install/controller_manager/lib:/home/michael/ros2_ws/install/controller_interface/lib:/home/michael/ros2_ws/install/hardware_interface/lib:/home/michael/ros2_ws/install/control_toolbox/lib:/home/michael/ros2_ws/install/realtime_tools/lib:/home/michael/ros2_ws/install/controller_manager_msgs/lib:/home/michael/ros2_ws/install/control_msgs/lib:${LD_LIBRARY_PATH} PYTHONPATH=/home/michael/ros2_ws/install/controller_manager/local/lib/python3.10/dist-packages:/home/michael/ros2_ws/install/controller_manager_msgs/local/lib/python3.10/dist-packages:/home/michael/ros2_ws/install/control_msgs/local/lib/python3.10/dist-packages:${PYTHONPATH} /usr/bin/cmake /home/michael/ros2_ws/src/ros-controls/ros2_controllers/gripper_controllers -DAMENT_CMAKE_SYMLINK_INSTALL=1 -DCMAKE_INSTALL_PREFIX=/home/michael/ros2_ws/install/gripper_controllers
[6.243s] -- The CXX compiler identification is GNU 11.4.0
[6.243s] -- Detecting CXX compiler ABI info
[6.244s] -- Detecting CXX compiler ABI info - done
[6.244s] -- Check for working CXX compiler: /usr/bin/c++ - skipped
[6.244s] -- Detecting CXX compile features
[6.244s] -- Detecting CXX compile features - done
[6.245s] -- Found ament_cmake: 1.3.5 (/opt/ros/humble/share/ament_cmake/cmake)
[6.249s] -- Found Python3: /usr/bin/python3.10 (found version "3.10.12") found components: Interpreter 
[6.249s] -- Override CMake install command with custom implementation using symlinks instead of copying resources
[6.249s] -- Found backward_ros: 1.0.2 (/opt/ros/humble/share/backward_ros/cmake)
[6.250s] -- Found libdw: /usr/lib/x86_64-linux-gnu/libdw.so  
[6.250s] -- Could NOT find libbfd (missing: LIBBFD_LIBRARY LIBBFD_INCLUDE_DIR) 
[6.250s] -- BACKWARD_HAS_UNWIND=1
[6.251s] -- BACKWARD_HAS_BACKTRACE=0
[6.251s] -- BACKWARD_HAS_BACKTRACE_SYMBOL=0
[6.251s] -- BACKWARD_HAS_DW=1
[6.251s] -- BACKWARD_HAS_BFD=0
[6.251s] -- Found Backward: /opt/ros/humble/share/backward_ros/cmake  
[6.252s] -- Found control_msgs: 4.4.0 (/home/michael/ros2_ws/install/control_msgs/share/control_msgs/cmake)
[6.252s] -- Found rosidl_generator_c: 3.1.5 (/opt/ros/humble/share/rosidl_generator_c/cmake)
[6.252s] -- Found rosidl_adapter: 3.1.5 (/opt/ros/humble/share/rosidl_adapter/cmake)
[6.252s] -- Found rosidl_generator_cpp: 3.1.5 (/opt/ros/humble/share/rosidl_generator_cpp/cmake)
[6.252s] -- Using all available rosidl_typesupport_c: rosidl_typesupport_fastrtps_c;rosidl_typesupport_introspection_c
[6.252s] -- Using all available rosidl_typesupport_cpp: rosidl_typesupport_fastrtps_cpp;rosidl_typesupport_introspection_cpp
[6.252s] -- Found control_toolbox: 3.1.0 (/home/michael/ros2_ws/install/control_toolbox/share/control_toolbox/cmake)
[6.252s] -- Found rmw_implementation_cmake: 6.1.1 (/opt/ros/humble/share/rmw_implementation_cmake/cmake)
[6.252s] -- Found rmw_fastrtps_cpp: 6.2.3 (/opt/ros/humble/share/rmw_fastrtps_cpp/cmake)
[6.253s] -- Found OpenSSL: /usr/lib/x86_64-linux-gnu/libcrypto.so (found version "3.0.2")  
[6.253s] -- Found FastRTPS: /opt/ros/humble/include  
[6.253s] -- Using RMW implementation 'rmw_fastrtps_cpp' as default
[6.253s] -- Looking for C++ include pthread.h
[6.253s] -- Looking for C++ include pthread.h - found
[6.253s] -- Performing Test CMAKE_HAVE_LIBC_PTHREAD
[6.254s] -- Performing Test CMAKE_HAVE_LIBC_PTHREAD - Success
[6.254s] -- Found Threads: TRUE  
[6.254s] -- Found parameter_traits: 0.3.3 (/opt/ros/humble/share/parameter_traits/cmake)
[6.254s] -- Found rclcpp_lifecycle: 16.0.5 (/opt/ros/humble/share/rclcpp_lifecycle/cmake)
[6.254s] -- Found controller_interface: 2.29.0 (/home/michael/ros2_ws/install/controller_interface/share/controller_interface/cmake)
[6.254s] -- Found ament_cmake_gmock: 1.3.5 (/opt/ros/humble/share/ament_cmake_gmock/cmake)
[6.257s] -- Found controller_manager: 2.29.0 (/home/michael/ros2_ws/install/controller_manager/share/controller_manager/cmake)
[6.257s] -- Found ros2_control_test_assets: 2.29.0 (/home/michael/ros2_ws/install/ros2_control_test_assets/share/ros2_control_test_assets/cmake)
[6.257s] -- Found gmock sources under '/opt/ros/humble/src/gmock_vendor': C++ tests using 'Google Mock' will be built
[6.257s] -- The C compiler identification is GNU 11.4.0
[6.257s] -- Detecting C compiler ABI info
[6.257s] -- Detecting C compiler ABI info - done
[6.258s] -- Check for working C compiler: /usr/bin/cc - skipped
[6.258s] -- Detecting C compile features
[6.258s] -- Detecting C compile features - done
[6.258s] -- Found ament_cmake_gtest: 1.3.5 (/opt/ros/humble/share/ament_cmake_gtest/cmake)
[6.258s] -- Found gtest sources under '/opt/ros/humble/src/gtest_vendor': C++ tests using 'Google Test' will be built
[6.258s] -- Configuring done
[6.259s] -- Generating done
[6.259s] -- Build files have been written to: /home/michael/ros2_ws/build/gripper_controllers
[6.286s] Invoked command in '/home/michael/ros2_ws/build/gripper_controllers' returned '0': AMENT_PREFIX_PATH=/home/michael/ros2_ws/install/controller_manager:/home/michael/ros2_ws/install/controller_interface:/home/michael/ros2_ws/install/hardware_interface:/home/michael/ros2_ws/install/control_toolbox:/home/michael/ros2_ws/install/ros2_control_test_assets:/home/michael/ros2_ws/install/realtime_tools:/home/michael/ros2_ws/install/controller_manager_msgs:/home/michael/ros2_ws/install/control_msgs:${AMENT_PREFIX_PATH} CMAKE_PREFIX_PATH=/home/michael/ros2_ws/install/controller_manager:/home/michael/ros2_ws/install/controller_interface:/home/michael/ros2_ws/install/hardware_interface:/home/michael/ros2_ws/install/control_toolbox:/home/michael/ros2_ws/install/ros2_control_test_assets:/home/michael/ros2_ws/install/realtime_tools:/home/michael/ros2_ws/install/controller_manager_msgs:/home/michael/ros2_ws/install/control_msgs:/home/michael/ros2_ws/install/testarm:/home/michael/ros2_ws/install/model_arm:/opt/ros/humble LD_LIBRARY_PATH=/home/michael/ros2_ws/install/controller_manager/lib:/home/michael/ros2_ws/install/controller_interface/lib:/home/michael/ros2_ws/install/hardware_interface/lib:/home/michael/ros2_ws/install/control_toolbox/lib:/home/michael/ros2_ws/install/realtime_tools/lib:/home/michael/ros2_ws/install/controller_manager_msgs/lib:/home/michael/ros2_ws/install/control_msgs/lib:${LD_LIBRARY_PATH} PYTHONPATH=/home/michael/ros2_ws/install/controller_manager/local/lib/python3.10/dist-packages:/home/michael/ros2_ws/install/controller_manager_msgs/local/lib/python3.10/dist-packages:/home/michael/ros2_ws/install/control_msgs/local/lib/python3.10/dist-packages:${PYTHONPATH} /usr/bin/cmake /home/michael/ros2_ws/src/ros-controls/ros2_controllers/gripper_controllers -DAMENT_CMAKE_SYMLINK_INSTALL=1 -DCMAKE_INSTALL_PREFIX=/home/michael/ros2_ws/install/gripper_controllers
[6.291s] Invoking command in '/home/michael/ros2_ws/build/gripper_controllers': AMENT_PREFIX_PATH=/home/michael/ros2_ws/install/controller_manager:/home/michael/ros2_ws/install/controller_interface:/home/michael/ros2_ws/install/hardware_interface:/home/michael/ros2_ws/install/control_toolbox:/home/michael/ros2_ws/install/ros2_control_test_assets:/home/michael/ros2_ws/install/realtime_tools:/home/michael/ros2_ws/install/controller_manager_msgs:/home/michael/ros2_ws/install/control_msgs:${AMENT_PREFIX_PATH} CMAKE_PREFIX_PATH=/home/michael/ros2_ws/install/controller_manager:/home/michael/ros2_ws/install/controller_interface:/home/michael/ros2_ws/install/hardware_interface:/home/michael/ros2_ws/install/control_toolbox:/home/michael/ros2_ws/install/ros2_control_test_assets:/home/michael/ros2_ws/install/realtime_tools:/home/michael/ros2_ws/install/controller_manager_msgs:/home/michael/ros2_ws/install/control_msgs:/home/michael/ros2_ws/install/testarm:/home/michael/ros2_ws/install/model_arm:/opt/ros/humble LD_LIBRARY_PATH=/home/michael/ros2_ws/install/controller_manager/lib:/home/michael/ros2_ws/install/controller_interface/lib:/home/michael/ros2_ws/install/hardware_interface/lib:/home/michael/ros2_ws/install/control_toolbox/lib:/home/michael/ros2_ws/install/realtime_tools/lib:/home/michael/ros2_ws/install/controller_manager_msgs/lib:/home/michael/ros2_ws/install/control_msgs/lib:${LD_LIBRARY_PATH} PYTHONPATH=/home/michael/ros2_ws/install/controller_manager/local/lib/python3.10/dist-packages:/home/michael/ros2_ws/install/controller_manager_msgs/local/lib/python3.10/dist-packages:/home/michael/ros2_ws/install/control_msgs/local/lib/python3.10/dist-packages:${PYTHONPATH} /usr/bin/cmake --build /home/michael/ros2_ws/build/gripper_controllers -- -j14 -l14
[6.387s] [  8%] [34m[1mRunning `/opt/ros/humble/bin/generate_parameter_library_py /home/michael/ros2_ws/build/gripper_controllers/gripper_action_controller_parameters/include//gripper_action_controller_parameters.hpp /home/michael/ros2_ws/src/ros-controls/ros2_controllers/gripper_controllers/src/gripper_action_controller_parameters.yaml `[0m
[6.429s] [ 16%] [32mBuilding CXX object gmock/CMakeFiles/gmock_main.dir/src/gmock_main.cc.o[0m
[6.492s] [ 25%] [32mBuilding CXX object gmock/CMakeFiles/gmock.dir/opt/ros/humble/src/gtest_vendor/src/gtest-all.cc.o[0m
[6.494s] [ 33%] [32mBuilding CXX object gmock/CMakeFiles/gmock.dir/src/gmock-all.cc.o[0m
[6.948s] [ 33%] Built target gripper_action_controller_parameters
[7.034s] [ 41%] [32mBuilding CXX object CMakeFiles/gripper_action_controller.dir/src/gripper_action_controller.cpp.o[0m
[23.303s] [ 50%] [32m[1mLinking CXX static library libgmock_main.a[0m
[23.637s] [ 50%] Built target gmock_main
[38.091s] [ 58%] [32m[1mLinking CXX static library libgmock.a[0m
[38.450s] [ 58%] Built target gmock
[42.492s] [ 66%] [32m[1mLinking CXX shared library libgripper_action_controller.so[0m
[42.897s] [ 66%] Built target gripper_action_controller
[42.934s] [ 75%] [32mBuilding CXX object CMakeFiles/test_load_gripper_action_controllers.dir/test/test_load_gripper_action_controllers.cpp.o[0m
[54.500s] [ 83%] [32m[1mLinking CXX executable test_load_gripper_action_controllers[0m
[55.424s] [ 83%] Built target test_load_gripper_action_controllers
[55.452s] [ 91%] [32mBuilding CXX object CMakeFiles/test_gripper_controllers.dir/test/test_gripper_controllers.cpp.o[0m
[65.260s] [100%] [32m[1mLinking CXX executable test_gripper_controllers[0m
[65.838s] [100%] Built target test_gripper_controllers
[65.878s] Invoked command in '/home/michael/ros2_ws/build/gripper_controllers' returned '0': AMENT_PREFIX_PATH=/home/michael/ros2_ws/install/controller_manager:/home/michael/ros2_ws/install/controller_interface:/home/michael/ros2_ws/install/hardware_interface:/home/michael/ros2_ws/install/control_toolbox:/home/michael/ros2_ws/install/ros2_control_test_assets:/home/michael/ros2_ws/install/realtime_tools:/home/michael/ros2_ws/install/controller_manager_msgs:/home/michael/ros2_ws/install/control_msgs:${AMENT_PREFIX_PATH} CMAKE_PREFIX_PATH=/home/michael/ros2_ws/install/controller_manager:/home/michael/ros2_ws/install/controller_interface:/home/michael/ros2_ws/install/hardware_interface:/home/michael/ros2_ws/install/control_toolbox:/home/michael/ros2_ws/install/ros2_control_test_assets:/home/michael/ros2_ws/install/realtime_tools:/home/michael/ros2_ws/install/controller_manager_msgs:/home/michael/ros2_ws/install/control_msgs:/home/michael/ros2_ws/install/testarm:/home/michael/ros2_ws/install/model_arm:/opt/ros/humble LD_LIBRARY_PATH=/home/michael/ros2_ws/install/controller_manager/lib:/home/michael/ros2_ws/install/controller_interface/lib:/home/michael/ros2_ws/install/hardware_interface/lib:/home/michael/ros2_ws/install/control_toolbox/lib:/home/michael/ros2_ws/install/realtime_tools/lib:/home/michael/ros2_ws/install/controller_manager_msgs/lib:/home/michael/ros2_ws/install/control_msgs/lib:${LD_LIBRARY_PATH} PYTHONPATH=/home/michael/ros2_ws/install/controller_manager/local/lib/python3.10/dist-packages:/home/michael/ros2_ws/install/controller_manager_msgs/local/lib/python3.10/dist-packages:/home/michael/ros2_ws/install/control_msgs/local/lib/python3.10/dist-packages:${PYTHONPATH} /usr/bin/cmake --build /home/michael/ros2_ws/build/gripper_controllers -- -j14 -l14
[65.925s] Invoking command in '/home/michael/ros2_ws/build/gripper_controllers': AMENT_PREFIX_PATH=/home/michael/ros2_ws/install/controller_manager:/home/michael/ros2_ws/install/controller_interface:/home/michael/ros2_ws/install/hardware_interface:/home/michael/ros2_ws/install/control_toolbox:/home/michael/ros2_ws/install/ros2_control_test_assets:/home/michael/ros2_ws/install/realtime_tools:/home/michael/ros2_ws/install/controller_manager_msgs:/home/michael/ros2_ws/install/control_msgs:${AMENT_PREFIX_PATH} CMAKE_PREFIX_PATH=/home/michael/ros2_ws/install/controller_manager:/home/michael/ros2_ws/install/controller_interface:/home/michael/ros2_ws/install/hardware_interface:/home/michael/ros2_ws/install/control_toolbox:/home/michael/ros2_ws/install/ros2_control_test_assets:/home/michael/ros2_ws/install/realtime_tools:/home/michael/ros2_ws/install/controller_manager_msgs:/home/michael/ros2_ws/install/control_msgs:/home/michael/ros2_ws/install/testarm:/home/michael/ros2_ws/install/model_arm:/opt/ros/humble LD_LIBRARY_PATH=/home/michael/ros2_ws/install/controller_manager/lib:/home/michael/ros2_ws/install/controller_interface/lib:/home/michael/ros2_ws/install/hardware_interface/lib:/home/michael/ros2_ws/install/control_toolbox/lib:/home/michael/ros2_ws/install/realtime_tools/lib:/home/michael/ros2_ws/install/controller_manager_msgs/lib:/home/michael/ros2_ws/install/control_msgs/lib:${LD_LIBRARY_PATH} PYTHONPATH=/home/michael/ros2_ws/install/controller_manager/local/lib/python3.10/dist-packages:/home/michael/ros2_ws/install/controller_manager_msgs/local/lib/python3.10/dist-packages:/home/michael/ros2_ws/install/control_msgs/local/lib/python3.10/dist-packages:${PYTHONPATH} /usr/bin/cmake --install /home/michael/ros2_ws/build/gripper_controllers
[71.906s] -- Install configuration: ""
[71.906s] -- Execute custom install script
[71.906s] -- Symlinking: /home/michael/ros2_ws/install/gripper_controllers/include/gripper_action_controller_parameters/gripper_action_controller_parameters.hpp
[71.907s] -- Symlinking: /home/michael/ros2_ws/install/gripper_controllers/share/gripper_controllers//ros_control_plugins.xml
[71.907s] -- Symlinking: /home/michael/ros2_ws/install/gripper_controllers/include/gripper_action_controller/gripper_controllers/gripper_action_controller.hpp
[71.907s] -- Symlinking: /home/michael/ros2_ws/install/gripper_controllers/include/gripper_action_controller/gripper_controllers/gripper_action_controller_impl.hpp
[71.907s] -- Symlinking: /home/michael/ros2_ws/install/gripper_controllers/include/gripper_action_controller/gripper_controllers/hardware_interface_adapter.hpp
[71.907s] -- Symlinking: /home/michael/ros2_ws/install/gripper_controllers/include/gripper_action_controller/gripper_controllers/visibility_control.hpp
[71.907s] -- Symlinking: /home/michael/ros2_ws/install/gripper_controllers/share/gripper_controllers/environment/library_path.sh
[71.907s] -- Symlinking: /home/michael/ros2_ws/install/gripper_controllers/share/gripper_controllers/environment/library_path.dsv
[71.907s] -- Symlinking: /home/michael/ros2_ws/install/gripper_controllers/share/ament_index/resource_index/package_run_dependencies/gripper_controllers
[71.908s] -- Symlinking: /home/michael/ros2_ws/install/gripper_controllers/share/ament_index/resource_index/parent_prefix_path/gripper_controllers
[71.908s] -- Symlinking: /home/michael/ros2_ws/install/gripper_controllers/share/gripper_controllers/environment/ament_prefix_path.sh
[71.908s] -- Symlinking: /home/michael/ros2_ws/install/gripper_controllers/share/gripper_controllers/environment/ament_prefix_path.dsv
[71.908s] -- Symlinking: /home/michael/ros2_ws/install/gripper_controllers/share/gripper_controllers/environment/path.sh
[71.908s] -- Symlinking: /home/michael/ros2_ws/install/gripper_controllers/share/gripper_controllers/environment/path.dsv
[71.908s] -- Symlinking: /home/michael/ros2_ws/install/gripper_controllers/share/gripper_controllers/local_setup.bash
[71.908s] -- Symlinking: /home/michael/ros2_ws/install/gripper_controllers/share/gripper_controllers/local_setup.sh
[71.908s] -- Symlinking: /home/michael/ros2_ws/install/gripper_controllers/share/gripper_controllers/local_setup.zsh
[71.908s] -- Symlinking: /home/michael/ros2_ws/install/gripper_controllers/share/gripper_controllers/local_setup.dsv
[71.908s] -- Symlinking: /home/michael/ros2_ws/install/gripper_controllers/share/gripper_controllers/package.dsv
[71.908s] -- Symlinking: /home/michael/ros2_ws/install/gripper_controllers/share/ament_index/resource_index/packages/gripper_controllers
[71.908s] -- Symlinking: /home/michael/ros2_ws/install/gripper_controllers/share/ament_index/resource_index/controller_interface__pluginlib__plugin/gripper_controllers
[71.909s] -- Symlinking: /home/michael/ros2_ws/install/gripper_controllers/share/gripper_controllers/cmake/ament_cmake_export_targets-extras.cmake
[71.909s] -- Symlinking: /home/michael/ros2_ws/install/gripper_controllers/share/gripper_controllers/cmake/ament_cmake_export_dependencies-extras.cmake
[71.909s] -- Symlinking: /home/michael/ros2_ws/install/gripper_controllers/share/gripper_controllers/cmake/gripper_controllersConfig.cmake
[71.909s] -- Symlinking: /home/michael/ros2_ws/install/gripper_controllers/share/gripper_controllers/cmake/gripper_controllersConfig-version.cmake
[71.909s] -- Symlinking: /home/michael/ros2_ws/install/gripper_controllers/share/gripper_controllers/package.xml
[71.909s] -- Installing: /home/michael/ros2_ws/install/gripper_controllers/lib/libgripper_action_controller.so
[71.909s] -- Set runtime path of "/home/michael/ros2_ws/install/gripper_controllers/lib/libgripper_action_controller.so" to ""
[71.909s] -- Installing: /home/michael/ros2_ws/install/gripper_controllers/share/gripper_controllers/cmake/export_gripper_action_controllerExport.cmake
[71.910s] -- Installing: /home/michael/ros2_ws/install/gripper_controllers/share/gripper_controllers/cmake/export_gripper_action_controllerExport-noconfig.cmake
[71.950s] Invoked command in '/home/michael/ros2_ws/build/gripper_controllers' returned '0': AMENT_PREFIX_PATH=/home/michael/ros2_ws/install/controller_manager:/home/michael/ros2_ws/install/controller_interface:/home/michael/ros2_ws/install/hardware_interface:/home/michael/ros2_ws/install/control_toolbox:/home/michael/ros2_ws/install/ros2_control_test_assets:/home/michael/ros2_ws/install/realtime_tools:/home/michael/ros2_ws/install/controller_manager_msgs:/home/michael/ros2_ws/install/control_msgs:${AMENT_PREFIX_PATH} CMAKE_PREFIX_PATH=/home/michael/ros2_ws/install/controller_manager:/home/michael/ros2_ws/install/controller_interface:/home/michael/ros2_ws/install/hardware_interface:/home/michael/ros2_ws/install/control_toolbox:/home/michael/ros2_ws/install/ros2_control_test_assets:/home/michael/ros2_ws/install/realtime_tools:/home/michael/ros2_ws/install/controller_manager_msgs:/home/michael/ros2_ws/install/control_msgs:/home/michael/ros2_ws/install/testarm:/home/michael/ros2_ws/install/model_arm:/opt/ros/humble LD_LIBRARY_PATH=/home/michael/ros2_ws/install/controller_manager/lib:/home/michael/ros2_ws/install/controller_interface/lib:/home/michael/ros2_ws/install/hardware_interface/lib:/home/michael/ros2_ws/install/control_toolbox/lib:/home/michael/ros2_ws/install/realtime_tools/lib:/home/michael/ros2_ws/install/controller_manager_msgs/lib:/home/michael/ros2_ws/install/control_msgs/lib:${LD_LIBRARY_PATH} PYTHONPATH=/home/michael/ros2_ws/install/controller_manager/local/lib/python3.10/dist-packages:/home/michael/ros2_ws/install/controller_manager_msgs/local/lib/python3.10/dist-packages:/home/michael/ros2_ws/install/control_msgs/local/lib/python3.10/dist-packages:${PYTHONPATH} /usr/bin/cmake --install /home/michael/ros2_ws/build/gripper_controllers
