[0.020s] Invoking command in '/home/michael/ros2_ws/build/control_toolbox': AMENT_PREFIX_PATH=/home/michael/ros2_ws/install/realtime_tools:/home/michael/ros2_ws/install/control_msgs:${AMENT_PREFIX_PATH} CMAKE_PREFIX_PATH=/home/michael/ros2_ws/install/realtime_tools:/home/michael/ros2_ws/install/control_msgs:/opt/ros/humble LD_LIBRARY_PATH=/home/michael/ros2_ws/install/realtime_tools/lib:/home/michael/ros2_ws/install/control_msgs/lib:${LD_LIBRARY_PATH} PYTHONPATH=/home/michael/ros2_ws/install/control_msgs/local/lib/python3.10/dist-packages:${PYTHONPATH} /usr/bin/cmake --build /home/michael/ros2_ws/build/control_toolbox -- -j14 -l14
[0.049s] -- Found ament_cmake: 1.3.5 (/opt/ros/humble/share/ament_cmake/cmake)
[0.276s] -- Override CMake install command with custom implementation using symlinks instead of copying resources
[0.289s] -- Found control_msgs: 4.4.0 (/home/michael/ros2_ws/install/control_msgs/share/control_msgs/cmake)
[0.346s] -- Found rosidl_generator_c: 3.1.5 (/opt/ros/humble/share/rosidl_generator_c/cmake)
[0.351s] -- Found rosidl_adapter: 3.1.5 (/opt/ros/humble/share/rosidl_adapter/cmake)
[0.363s] -- Found rosidl_generator_cpp: 3.1.5 (/opt/ros/humble/share/rosidl_generator_cpp/cmake)
[0.389s] -- Using all available rosidl_typesupport_c: rosidl_typesupport_fastrtps_c;rosidl_typesupport_introspection_c
[0.424s] -- Using all available rosidl_typesupport_cpp: rosidl_typesupport_fastrtps_cpp;rosidl_typesupport_introspection_cpp
[1.162s] -- Found rclcpp: 16.0.5 (/opt/ros/humble/share/rclcpp/cmake)
[1.216s] -- Found rmw_implementation_cmake: 6.1.1 (/opt/ros/humble/share/rmw_implementation_cmake/cmake)
[1.219s] -- Found rmw_fastrtps_cpp: 6.2.3 (/opt/ros/humble/share/rmw_fastrtps_cpp/cmake)
[1.373s] -- Using RMW implementation 'rmw_fastrtps_cpp' as default
[1.521s] -- Found realtime_tools: 2.5.0 (/home/michael/ros2_ws/install/realtime_tools/share/realtime_tools/cmake)
[1.564s] -- Found filters: 2.1.0 (/opt/ros/humble/share/filters/cmake)
[1.564s] -- Found generate_parameter_library: 0.3.3 (/opt/ros/humble/share/generate_parameter_library/cmake)
[1.564s] -- Found parameter_traits: 0.3.3 (/opt/ros/humble/share/parameter_traits/cmake)
[1.578s] -- Found rclcpp_lifecycle: 16.0.5 (/opt/ros/humble/share/rclcpp_lifecycle/cmake)
[1.620s] -- Found pluginlib: 5.1.0 (/opt/ros/humble/share/pluginlib/cmake)
[1.642s] -- Found ament_cmake_gmock: 1.3.5 (/opt/ros/humble/share/ament_cmake_gmock/cmake)
[1.643s] -- Found ament_cmake_gtest: 1.3.5 (/opt/ros/humble/share/ament_cmake_gtest/cmake)
[1.643s] -- Found gmock sources under '/opt/ros/humble/src/gmock_vendor': C++ tests using 'Google Mock' will be built
[1.647s] -- Found gtest sources under '/opt/ros/humble/src/gtest_vendor': C++ tests using 'Google Test' will be built
[1.729s] -- Configuring done
[1.781s] -- Generating done
[1.781s] -- Build files have been written to: /home/michael/ros2_ws/build/control_toolbox
[1.811s] [35m[1mConsolidate compiler generated dependencies of target gtest[0m
[1.811s] [35m[1mConsolidate compiler generated dependencies of target gmock_main[0m
[1.834s] [35m[1mConsolidate compiler generated dependencies of target gmock[0m
[1.835s] [35m[1mConsolidate compiler generated dependencies of target gtest_main[0m
[1.835s] [35m[1mConsolidate compiler generated dependencies of target control_toolbox[0m
[1.835s] [  6%] Built target gmock_main
[1.836s] [ 10%] [34m[1mRunning `/opt/ros/humble/bin/generate_parameter_library_py /home/michael/ros2_ws/build/control_toolbox/low_pass_filter_parameters/include//low_pass_filter_parameters.hpp /home/michael/ros2_ws/src/ros-controls/control_toolbox/src/control_filters/low_pass_filter_parameters.yaml `[0m
[1.836s] [ 17%] Built target gtest
[1.836s] [ 24%] Built target gtest_main
[1.844s] [ 27%] [32mBuilding CXX object CMakeFiles/control_toolbox.dir/src/dither.cpp.o[0m
[1.844s] [ 37%] Built target gmock
[1.844s] [ 41%] [32mBuilding CXX object CMakeFiles/control_toolbox.dir/src/sine_sweep.cpp.o[0m
[1.844s] [ 44%] [32mBuilding CXX object CMakeFiles/control_toolbox.dir/src/pid_ros.cpp.o[0m
[1.845s] [ 48%] [32mBuilding CXX object CMakeFiles/control_toolbox.dir/src/limited_proxy.cpp.o[0m
[1.848s] [ 51%] [32mBuilding CXX object CMakeFiles/control_toolbox.dir/src/pid.cpp.o[0m
[1.851s] [ 55%] [32mBuilding CXX object CMakeFiles/control_toolbox.dir/src/sinusoid.cpp.o[0m
[2.123s] [ 55%] Built target low_pass_filter_parameters
[2.141s] [35m[1mConsolidate compiler generated dependencies of target low_pass_filter[0m
[2.172s] [ 58%] [32mBuilding CXX object CMakeFiles/low_pass_filter.dir/src/control_filters/low_pass_filter.cpp.o[0m
[5.517s] [ 62%] [32m[1mLinking CXX shared library libcontrol_toolbox.so[0m
[6.177s] [ 62%] Built target control_toolbox
[6.233s] [35m[1mConsolidate compiler generated dependencies of target pid_parameters_tests[0m
[6.236s] [35m[1mConsolidate compiler generated dependencies of target pid_tests[0m
[6.267s] [35m[1mConsolidate compiler generated dependencies of target pid_publisher_tests[0m
[6.327s] [ 65%] [32mBuilding CXX object CMakeFiles/pid_tests.dir/test/pid_tests.cpp.o[0m
[6.346s] [ 68%] [32mBuilding CXX object CMakeFiles/pid_parameters_tests.dir/test/pid_parameters_tests.cpp.o[0m
[6.370s] [ 72%] [32mBuilding CXX object CMakeFiles/pid_publisher_tests.dir/test/pid_publisher_tests.cpp.o[0m
[8.002s] [ 75%] [32m[1mLinking CXX shared library liblow_pass_filter.so[0m
[8.499s] [ 75%] Built target low_pass_filter
[8.563s] [35m[1mConsolidate compiler generated dependencies of target test_low_pass_filter[0m
[8.570s] [35m[1mConsolidate compiler generated dependencies of target test_load_low_pass_filter[0m
[8.678s] [ 79%] [32mBuilding CXX object CMakeFiles/test_low_pass_filter.dir/test/control_filters/test_low_pass_filter.cpp.o[0m
[8.686s] [ 82%] [32mBuilding CXX object CMakeFiles/test_load_low_pass_filter.dir/test/control_filters/test_load_low_pass_filter.cpp.o[0m
[11.882s] [ 86%] [32m[1mLinking CXX executable pid_tests[0m
[12.105s] [ 89%] [32m[1mLinking CXX executable pid_parameters_tests[0m
[12.162s] [ 89%] Built target pid_tests
[12.454s] [ 89%] Built target pid_parameters_tests
[17.360s] [ 93%] [32m[1mLinking CXX executable test_low_pass_filter[0m
[17.615s] [ 93%] Built target test_low_pass_filter
[18.328s] [ 96%] [32m[1mLinking CXX executable pid_publisher_tests[0m
[18.811s] [ 96%] Built target pid_publisher_tests
[19.320s] [100%] [32m[1mLinking CXX executable test_load_low_pass_filter[0m
[19.562s] [100%] Built target test_load_low_pass_filter
[19.571s] Invoked command in '/home/michael/ros2_ws/build/control_toolbox' returned '0': AMENT_PREFIX_PATH=/home/michael/ros2_ws/install/realtime_tools:/home/michael/ros2_ws/install/control_msgs:${AMENT_PREFIX_PATH} CMAKE_PREFIX_PATH=/home/michael/ros2_ws/install/realtime_tools:/home/michael/ros2_ws/install/control_msgs:/opt/ros/humble LD_LIBRARY_PATH=/home/michael/ros2_ws/install/realtime_tools/lib:/home/michael/ros2_ws/install/control_msgs/lib:${LD_LIBRARY_PATH} PYTHONPATH=/home/michael/ros2_ws/install/control_msgs/local/lib/python3.10/dist-packages:${PYTHONPATH} /usr/bin/cmake --build /home/michael/ros2_ws/build/control_toolbox -- -j14 -l14
[19.617s] Invoking command in '/home/michael/ros2_ws/build/control_toolbox': AMENT_PREFIX_PATH=/home/michael/ros2_ws/install/realtime_tools:/home/michael/ros2_ws/install/control_msgs:${AMENT_PREFIX_PATH} CMAKE_PREFIX_PATH=/home/michael/ros2_ws/install/realtime_tools:/home/michael/ros2_ws/install/control_msgs:/opt/ros/humble LD_LIBRARY_PATH=/home/michael/ros2_ws/install/realtime_tools/lib:/home/michael/ros2_ws/install/control_msgs/lib:${LD_LIBRARY_PATH} PYTHONPATH=/home/michael/ros2_ws/install/control_msgs/local/lib/python3.10/dist-packages:${PYTHONPATH} /usr/bin/cmake --install /home/michael/ros2_ws/build/control_toolbox
[19.622s] -- Install configuration: ""
[19.623s] -- Execute custom install script
[19.623s] -- Up-to-date symlink: /home/michael/ros2_ws/install/control_toolbox/include/low_pass_filter_parameters/low_pass_filter_parameters.hpp
[19.623s] -- Up-to-date symlink: /home/michael/ros2_ws/install/control_toolbox/share/control_toolbox//control_filters.xml
[19.624s] -- Up-to-date symlink: /home/michael/ros2_ws/install/control_toolbox/include/control_toolbox/control_filters/low_pass_filter.hpp
[19.624s] -- Up-to-date symlink: /home/michael/ros2_ws/install/control_toolbox/include/control_toolbox/control_toolbox/dither.hpp
[19.624s] -- Up-to-date symlink: /home/michael/ros2_ws/install/control_toolbox/include/control_toolbox/control_toolbox/filters.hpp
[19.624s] -- Up-to-date symlink: /home/michael/ros2_ws/install/control_toolbox/include/control_toolbox/control_toolbox/limited_proxy.hpp
[19.624s] -- Up-to-date symlink: /home/michael/ros2_ws/install/control_toolbox/include/control_toolbox/control_toolbox/pid.hpp
[19.624s] -- Up-to-date symlink: /home/michael/ros2_ws/install/control_toolbox/include/control_toolbox/control_toolbox/pid_ros.hpp
[19.624s] -- Up-to-date symlink: /home/michael/ros2_ws/install/control_toolbox/include/control_toolbox/control_toolbox/sine_sweep.hpp
[19.624s] -- Up-to-date symlink: /home/michael/ros2_ws/install/control_toolbox/include/control_toolbox/control_toolbox/sinusoid.hpp
[19.624s] -- Up-to-date symlink: /home/michael/ros2_ws/install/control_toolbox/include/control_toolbox/control_toolbox/visibility_control.hpp
[19.625s] -- Up-to-date symlink: /home/michael/ros2_ws/install/control_toolbox/share/control_toolbox/environment/library_path.sh
[19.625s] -- Up-to-date symlink: /home/michael/ros2_ws/install/control_toolbox/share/control_toolbox/environment/library_path.dsv
[19.625s] -- Up-to-date symlink: /home/michael/ros2_ws/install/control_toolbox/share/ament_index/resource_index/package_run_dependencies/control_toolbox
[19.625s] -- Up-to-date symlink: /home/michael/ros2_ws/install/control_toolbox/share/ament_index/resource_index/parent_prefix_path/control_toolbox
[19.625s] -- Up-to-date symlink: /home/michael/ros2_ws/install/control_toolbox/share/control_toolbox/environment/ament_prefix_path.sh
[19.625s] -- Up-to-date symlink: /home/michael/ros2_ws/install/control_toolbox/share/control_toolbox/environment/ament_prefix_path.dsv
[19.625s] -- Up-to-date symlink: /home/michael/ros2_ws/install/control_toolbox/share/control_toolbox/environment/path.sh
[19.625s] -- Up-to-date symlink: /home/michael/ros2_ws/install/control_toolbox/share/control_toolbox/environment/path.dsv
[19.625s] -- Up-to-date symlink: /home/michael/ros2_ws/install/control_toolbox/share/control_toolbox/local_setup.bash
[19.626s] -- Up-to-date symlink: /home/michael/ros2_ws/install/control_toolbox/share/control_toolbox/local_setup.sh
[19.626s] -- Up-to-date symlink: /home/michael/ros2_ws/install/control_toolbox/share/control_toolbox/local_setup.zsh
[19.626s] -- Up-to-date symlink: /home/michael/ros2_ws/install/control_toolbox/share/control_toolbox/local_setup.dsv
[19.626s] -- Symlinking: /home/michael/ros2_ws/install/control_toolbox/share/control_toolbox/package.dsv
[19.633s] -- Up-to-date symlink: /home/michael/ros2_ws/install/control_toolbox/share/ament_index/resource_index/packages/control_toolbox
[19.633s] -- Up-to-date symlink: /home/michael/ros2_ws/install/control_toolbox/share/ament_index/resource_index/filters__pluginlib__plugin/control_toolbox
[19.633s] -- Up-to-date symlink: /home/michael/ros2_ws/install/control_toolbox/share/control_toolbox/cmake/ament_cmake_export_targets-extras.cmake
[19.633s] -- Up-to-date symlink: /home/michael/ros2_ws/install/control_toolbox/share/control_toolbox/cmake/ament_cmake_export_dependencies-extras.cmake
[19.633s] -- Up-to-date symlink: /home/michael/ros2_ws/install/control_toolbox/share/control_toolbox/cmake/control_toolboxConfig.cmake
[19.633s] -- Up-to-date symlink: /home/michael/ros2_ws/install/control_toolbox/share/control_toolbox/cmake/control_toolboxConfig-version.cmake
[19.634s] -- Up-to-date symlink: /home/michael/ros2_ws/install/control_toolbox/share/control_toolbox/package.xml
[19.634s] -- Installing: /home/michael/ros2_ws/install/control_toolbox/lib/libcontrol_toolbox.so
[19.636s] -- Set runtime path of "/home/michael/ros2_ws/install/control_toolbox/lib/libcontrol_toolbox.so" to ""
[19.636s] -- Installing: /home/michael/ros2_ws/install/control_toolbox/lib/liblow_pass_filter.so
[19.637s] -- Set runtime path of "/home/michael/ros2_ws/install/control_toolbox/lib/liblow_pass_filter.so" to ""
[19.637s] -- Up-to-date: /home/michael/ros2_ws/install/control_toolbox/share/control_toolbox/cmake/export_control_toolboxExport.cmake
[19.637s] -- Up-to-date: /home/michael/ros2_ws/install/control_toolbox/share/control_toolbox/cmake/export_control_toolboxExport-noconfig.cmake
[19.638s] Invoked command in '/home/michael/ros2_ws/build/control_toolbox' returned '0': AMENT_PREFIX_PATH=/home/michael/ros2_ws/install/realtime_tools:/home/michael/ros2_ws/install/control_msgs:${AMENT_PREFIX_PATH} CMAKE_PREFIX_PATH=/home/michael/ros2_ws/install/realtime_tools:/home/michael/ros2_ws/install/control_msgs:/opt/ros/humble LD_LIBRARY_PATH=/home/michael/ros2_ws/install/realtime_tools/lib:/home/michael/ros2_ws/install/control_msgs/lib:${LD_LIBRARY_PATH} PYTHONPATH=/home/michael/ros2_ws/install/control_msgs/local/lib/python3.10/dist-packages:${PYTHONPATH} /usr/bin/cmake --install /home/michael/ros2_ws/build/control_toolbox
