[0.133s] Invoking command in '/home/michael/ros2_ws/build/ros2_control_demo_example_6': AMENT_PREFIX_PATH=/home/michael/ros2_ws/install/ros2controlcli:/home/michael/ros2_ws/install/joint_state_broadcaster:/home/michael/ros2_ws/install/forward_command_controller:/home/michael/ros2_ws/install/controller_manager:/home/michael/ros2_ws/install/controller_interface:/home/michael/ros2_ws/install/hardware_interface:/home/michael/ros2_ws/install/ros2_controllers_test_nodes:/home/michael/ros2_ws/install/ros2_control_test_assets:/home/michael/ros2_ws/install/realtime_tools:/home/michael/ros2_ws/install/controller_manager_msgs:/home/michael/ros2_ws/install/control_msgs:${AMENT_PREFIX_PATH} CMAKE_PREFIX_PATH=/home/michael/ros2_ws/install/joint_state_broadcaster:/home/michael/ros2_ws/install/forward_command_controller:/home/michael/ros2_ws/install/controller_manager:/home/michael/ros2_ws/install/controller_interface:/home/michael/ros2_ws/install/hardware_interface:/home/michael/ros2_ws/install/ros2_control_test_assets:/home/michael/ros2_ws/install/realtime_tools:/home/michael/ros2_ws/install/controller_manager_msgs:/home/michael/ros2_ws/install/control_msgs:/home/michael/ros2_ws/install/testarm:/home/michael/ros2_ws/install/model_arm:/opt/ros/humble LD_LIBRARY_PATH=/home/michael/ros2_ws/install/joint_state_broadcaster/lib:/home/michael/ros2_ws/install/forward_command_controller/lib:/home/michael/ros2_ws/install/controller_manager/lib:/home/michael/ros2_ws/install/controller_interface/lib:/home/michael/ros2_ws/install/hardware_interface/lib:/home/michael/ros2_ws/install/realtime_tools/lib:/home/michael/ros2_ws/install/controller_manager_msgs/lib:/home/michael/ros2_ws/install/control_msgs/lib:${LD_LIBRARY_PATH} PYTHONPATH=/home/michael/ros2_ws/build/ros2controlcli:/home/michael/ros2_ws/install/ros2controlcli/lib/python3.10/site-packages:/home/michael/ros2_ws/install/controller_manager/local/lib/python3.10/dist-packages:/home/michael/ros2_ws/build/ros2_controllers_test_nodes:/home/michael/ros2_ws/install/ros2_controllers_test_nodes/lib/python3.10/site-packages:/home/michael/ros2_ws/install/controller_manager_msgs/local/lib/python3.10/dist-packages:/home/michael/ros2_ws/install/control_msgs/local/lib/python3.10/dist-packages:${PYTHONPATH} /usr/bin/cmake /home/michael/ros2_ws/src/ros-controls/ros2_control_demos/example_6 -DAMENT_CMAKE_SYMLINK_INSTALL=1 -DCMAKE_INSTALL_PREFIX=/home/michael/ros2_ws/install/ros2_control_demo_example_6
[5.409s] -- The CXX compiler identification is GNU 11.4.0
[5.409s] -- Detecting CXX compiler ABI info
[5.409s] -- Detecting CXX compiler ABI info - done
[5.409s] -- Check for working CXX compiler: /usr/bin/c++ - skipped
[5.409s] -- Detecting CXX compile features
[5.409s] -- Detecting CXX compile features - done
[5.409s] -- Found ament_cmake: 1.3.5 (/opt/ros/humble/share/ament_cmake/cmake)
[5.409s] -- Found Python3: /usr/bin/python3.10 (found version "3.10.12") found components: Interpreter 
[5.409s] -- Override CMake install command with custom implementation using symlinks instead of copying resources
[5.409s] -- Found hardware_interface: 2.29.0 (/home/michael/ros2_ws/install/hardware_interface/share/hardware_interface/cmake)
[5.409s] -- Found rosidl_generator_c: 3.1.5 (/opt/ros/humble/share/rosidl_generator_c/cmake)
[5.410s] -- Found rosidl_adapter: 3.1.5 (/opt/ros/humble/share/rosidl_adapter/cmake)
[5.410s] -- Found rosidl_generator_cpp: 3.1.5 (/opt/ros/humble/share/rosidl_generator_cpp/cmake)
[5.410s] -- Using all available rosidl_typesupport_c: rosidl_typesupport_fastrtps_c;rosidl_typesupport_introspection_c
[5.410s] -- Using all available rosidl_typesupport_cpp: rosidl_typesupport_fastrtps_cpp;rosidl_typesupport_introspection_cpp
[5.410s] -- Found rmw_implementation_cmake: 6.1.1 (/opt/ros/humble/share/rmw_implementation_cmake/cmake)
[5.410s] -- Found rmw_fastrtps_cpp: 6.2.3 (/opt/ros/humble/share/rmw_fastrtps_cpp/cmake)
[5.410s] -- Found OpenSSL: /usr/lib/x86_64-linux-gnu/libcrypto.so (found version "3.0.2")  
[5.410s] -- Found FastRTPS: /opt/ros/humble/include  
[5.410s] -- Using RMW implementation 'rmw_fastrtps_cpp' as default
[5.410s] -- Looking for C++ include pthread.h
[5.410s] -- Looking for C++ include pthread.h - found
[5.410s] -- Performing Test CMAKE_HAVE_LIBC_PTHREAD
[5.410s] -- Performing Test CMAKE_HAVE_LIBC_PTHREAD - Success
[5.410s] -- Found Threads: TRUE  
[5.411s] -- Found ament_cmake_gtest: 1.3.5 (/opt/ros/humble/share/ament_cmake_gtest/cmake)
[5.459s] -- Configuring done
[5.524s] -- Generating done
[5.526s] -- Build files have been written to: /home/michael/ros2_ws/build/ros2_control_demo_example_6
[5.560s] Invoked command in '/home/michael/ros2_ws/build/ros2_control_demo_example_6' returned '0': AMENT_PREFIX_PATH=/home/michael/ros2_ws/install/ros2controlcli:/home/michael/ros2_ws/install/joint_state_broadcaster:/home/michael/ros2_ws/install/forward_command_controller:/home/michael/ros2_ws/install/controller_manager:/home/michael/ros2_ws/install/controller_interface:/home/michael/ros2_ws/install/hardware_interface:/home/michael/ros2_ws/install/ros2_controllers_test_nodes:/home/michael/ros2_ws/install/ros2_control_test_assets:/home/michael/ros2_ws/install/realtime_tools:/home/michael/ros2_ws/install/controller_manager_msgs:/home/michael/ros2_ws/install/control_msgs:${AMENT_PREFIX_PATH} CMAKE_PREFIX_PATH=/home/michael/ros2_ws/install/joint_state_broadcaster:/home/michael/ros2_ws/install/forward_command_controller:/home/michael/ros2_ws/install/controller_manager:/home/michael/ros2_ws/install/controller_interface:/home/michael/ros2_ws/install/hardware_interface:/home/michael/ros2_ws/install/ros2_control_test_assets:/home/michael/ros2_ws/install/realtime_tools:/home/michael/ros2_ws/install/controller_manager_msgs:/home/michael/ros2_ws/install/control_msgs:/home/michael/ros2_ws/install/testarm:/home/michael/ros2_ws/install/model_arm:/opt/ros/humble LD_LIBRARY_PATH=/home/michael/ros2_ws/install/joint_state_broadcaster/lib:/home/michael/ros2_ws/install/forward_command_controller/lib:/home/michael/ros2_ws/install/controller_manager/lib:/home/michael/ros2_ws/install/controller_interface/lib:/home/michael/ros2_ws/install/hardware_interface/lib:/home/michael/ros2_ws/install/realtime_tools/lib:/home/michael/ros2_ws/install/controller_manager_msgs/lib:/home/michael/ros2_ws/install/control_msgs/lib:${LD_LIBRARY_PATH} PYTHONPATH=/home/michael/ros2_ws/build/ros2controlcli:/home/michael/ros2_ws/install/ros2controlcli/lib/python3.10/site-packages:/home/michael/ros2_ws/install/controller_manager/local/lib/python3.10/dist-packages:/home/michael/ros2_ws/build/ros2_controllers_test_nodes:/home/michael/ros2_ws/install/ros2_controllers_test_nodes/lib/python3.10/site-packages:/home/michael/ros2_ws/install/controller_manager_msgs/local/lib/python3.10/dist-packages:/home/michael/ros2_ws/install/control_msgs/local/lib/python3.10/dist-packages:${PYTHONPATH} /usr/bin/cmake /home/michael/ros2_ws/src/ros-controls/ros2_control_demos/example_6 -DAMENT_CMAKE_SYMLINK_INSTALL=1 -DCMAKE_INSTALL_PREFIX=/home/michael/ros2_ws/install/ros2_control_demo_example_6
[5.561s] Invoking command in '/home/michael/ros2_ws/build/ros2_control_demo_example_6': AMENT_PREFIX_PATH=/home/michael/ros2_ws/install/ros2controlcli:/home/michael/ros2_ws/install/joint_state_broadcaster:/home/michael/ros2_ws/install/forward_command_controller:/home/michael/ros2_ws/install/controller_manager:/home/michael/ros2_ws/install/controller_interface:/home/michael/ros2_ws/install/hardware_interface:/home/michael/ros2_ws/install/ros2_controllers_test_nodes:/home/michael/ros2_ws/install/ros2_control_test_assets:/home/michael/ros2_ws/install/realtime_tools:/home/michael/ros2_ws/install/controller_manager_msgs:/home/michael/ros2_ws/install/control_msgs:${AMENT_PREFIX_PATH} CMAKE_PREFIX_PATH=/home/michael/ros2_ws/install/joint_state_broadcaster:/home/michael/ros2_ws/install/forward_command_controller:/home/michael/ros2_ws/install/controller_manager:/home/michael/ros2_ws/install/controller_interface:/home/michael/ros2_ws/install/hardware_interface:/home/michael/ros2_ws/install/ros2_control_test_assets:/home/michael/ros2_ws/install/realtime_tools:/home/michael/ros2_ws/install/controller_manager_msgs:/home/michael/ros2_ws/install/control_msgs:/home/michael/ros2_ws/install/testarm:/home/michael/ros2_ws/install/model_arm:/opt/ros/humble LD_LIBRARY_PATH=/home/michael/ros2_ws/install/joint_state_broadcaster/lib:/home/michael/ros2_ws/install/forward_command_controller/lib:/home/michael/ros2_ws/install/controller_manager/lib:/home/michael/ros2_ws/install/controller_interface/lib:/home/michael/ros2_ws/install/hardware_interface/lib:/home/michael/ros2_ws/install/realtime_tools/lib:/home/michael/ros2_ws/install/controller_manager_msgs/lib:/home/michael/ros2_ws/install/control_msgs/lib:${LD_LIBRARY_PATH} PYTHONPATH=/home/michael/ros2_ws/build/ros2controlcli:/home/michael/ros2_ws/install/ros2controlcli/lib/python3.10/site-packages:/home/michael/ros2_ws/install/controller_manager/local/lib/python3.10/dist-packages:/home/michael/ros2_ws/build/ros2_controllers_test_nodes:/home/michael/ros2_ws/install/ros2_controllers_test_nodes/lib/python3.10/site-packages:/home/michael/ros2_ws/install/controller_manager_msgs/local/lib/python3.10/dist-packages:/home/michael/ros2_ws/install/control_msgs/local/lib/python3.10/dist-packages:${PYTHONPATH} /usr/bin/cmake --build /home/michael/ros2_ws/build/ros2_control_demo_example_6 -- -j14 -l14
[9.780s] [ 50%] [32mBuilding CXX object CMakeFiles/ros2_control_demo_example_6.dir/hardware/rrbot_actuator.cpp.o[0m
[15.146s] [100%] [32m[1mLinking CXX shared library libros2_control_demo_example_6.so[0m
[15.460s] [100%] Built target ros2_control_demo_example_6
[15.483s] Invoked command in '/home/michael/ros2_ws/build/ros2_control_demo_example_6' returned '0': AMENT_PREFIX_PATH=/home/michael/ros2_ws/install/ros2controlcli:/home/michael/ros2_ws/install/joint_state_broadcaster:/home/michael/ros2_ws/install/forward_command_controller:/home/michael/ros2_ws/install/controller_manager:/home/michael/ros2_ws/install/controller_interface:/home/michael/ros2_ws/install/hardware_interface:/home/michael/ros2_ws/install/ros2_controllers_test_nodes:/home/michael/ros2_ws/install/ros2_control_test_assets:/home/michael/ros2_ws/install/realtime_tools:/home/michael/ros2_ws/install/controller_manager_msgs:/home/michael/ros2_ws/install/control_msgs:${AMENT_PREFIX_PATH} CMAKE_PREFIX_PATH=/home/michael/ros2_ws/install/joint_state_broadcaster:/home/michael/ros2_ws/install/forward_command_controller:/home/michael/ros2_ws/install/controller_manager:/home/michael/ros2_ws/install/controller_interface:/home/michael/ros2_ws/install/hardware_interface:/home/michael/ros2_ws/install/ros2_control_test_assets:/home/michael/ros2_ws/install/realtime_tools:/home/michael/ros2_ws/install/controller_manager_msgs:/home/michael/ros2_ws/install/control_msgs:/home/michael/ros2_ws/install/testarm:/home/michael/ros2_ws/install/model_arm:/opt/ros/humble LD_LIBRARY_PATH=/home/michael/ros2_ws/install/joint_state_broadcaster/lib:/home/michael/ros2_ws/install/forward_command_controller/lib:/home/michael/ros2_ws/install/controller_manager/lib:/home/michael/ros2_ws/install/controller_interface/lib:/home/michael/ros2_ws/install/hardware_interface/lib:/home/michael/ros2_ws/install/realtime_tools/lib:/home/michael/ros2_ws/install/controller_manager_msgs/lib:/home/michael/ros2_ws/install/control_msgs/lib:${LD_LIBRARY_PATH} PYTHONPATH=/home/michael/ros2_ws/build/ros2controlcli:/home/michael/ros2_ws/install/ros2controlcli/lib/python3.10/site-packages:/home/michael/ros2_ws/install/controller_manager/local/lib/python3.10/dist-packages:/home/michael/ros2_ws/build/ros2_controllers_test_nodes:/home/michael/ros2_ws/install/ros2_controllers_test_nodes/lib/python3.10/site-packages:/home/michael/ros2_ws/install/controller_manager_msgs/local/lib/python3.10/dist-packages:/home/michael/ros2_ws/install/control_msgs/local/lib/python3.10/dist-packages:${PYTHONPATH} /usr/bin/cmake --build /home/michael/ros2_ws/build/ros2_control_demo_example_6 -- -j14 -l14
[15.863s] Invoking command in '/home/michael/ros2_ws/build/ros2_control_demo_example_6': AMENT_PREFIX_PATH=/home/michael/ros2_ws/install/ros2controlcli:/home/michael/ros2_ws/install/joint_state_broadcaster:/home/michael/ros2_ws/install/forward_command_controller:/home/michael/ros2_ws/install/controller_manager:/home/michael/ros2_ws/install/controller_interface:/home/michael/ros2_ws/install/hardware_interface:/home/michael/ros2_ws/install/ros2_controllers_test_nodes:/home/michael/ros2_ws/install/ros2_control_test_assets:/home/michael/ros2_ws/install/realtime_tools:/home/michael/ros2_ws/install/controller_manager_msgs:/home/michael/ros2_ws/install/control_msgs:${AMENT_PREFIX_PATH} CMAKE_PREFIX_PATH=/home/michael/ros2_ws/install/joint_state_broadcaster:/home/michael/ros2_ws/install/forward_command_controller:/home/michael/ros2_ws/install/controller_manager:/home/michael/ros2_ws/install/controller_interface:/home/michael/ros2_ws/install/hardware_interface:/home/michael/ros2_ws/install/ros2_control_test_assets:/home/michael/ros2_ws/install/realtime_tools:/home/michael/ros2_ws/install/controller_manager_msgs:/home/michael/ros2_ws/install/control_msgs:/home/michael/ros2_ws/install/testarm:/home/michael/ros2_ws/install/model_arm:/opt/ros/humble LD_LIBRARY_PATH=/home/michael/ros2_ws/install/joint_state_broadcaster/lib:/home/michael/ros2_ws/install/forward_command_controller/lib:/home/michael/ros2_ws/install/controller_manager/lib:/home/michael/ros2_ws/install/controller_interface/lib:/home/michael/ros2_ws/install/hardware_interface/lib:/home/michael/ros2_ws/install/realtime_tools/lib:/home/michael/ros2_ws/install/controller_manager_msgs/lib:/home/michael/ros2_ws/install/control_msgs/lib:${LD_LIBRARY_PATH} PYTHONPATH=/home/michael/ros2_ws/build/ros2controlcli:/home/michael/ros2_ws/install/ros2controlcli/lib/python3.10/site-packages:/home/michael/ros2_ws/install/controller_manager/local/lib/python3.10/dist-packages:/home/michael/ros2_ws/build/ros2_controllers_test_nodes:/home/michael/ros2_ws/install/ros2_controllers_test_nodes/lib/python3.10/site-packages:/home/michael/ros2_ws/install/controller_manager_msgs/local/lib/python3.10/dist-packages:/home/michael/ros2_ws/install/control_msgs/local/lib/python3.10/dist-packages:${PYTHONPATH} /usr/bin/cmake --install /home/michael/ros2_ws/build/ros2_control_demo_example_6
[21.148s] -- Install configuration: ""
[21.148s] -- Execute custom install script
[21.148s] -- Symlinking: /home/michael/ros2_ws/install/ros2_control_demo_example_6/share/ros2_control_demo_example_6//ros2_control_demo_example_6.xml
[21.148s] -- Symlinking: /home/michael/ros2_ws/install/ros2_control_demo_example_6/include/ros2_control_demo_example_6/ros2_control_demo_example_6/rrbot_actuator.hpp
[21.148s] -- Symlinking: /home/michael/ros2_ws/install/ros2_control_demo_example_6/include/ros2_control_demo_example_6/ros2_control_demo_example_6/visibility_control.h
[21.148s] -- Symlinking: /home/michael/ros2_ws/install/ros2_control_demo_example_6/share/ros2_control_demo_example_6/launch/view_robot.launch.py
[21.148s] -- Symlinking: /home/michael/ros2_ws/install/ros2_control_demo_example_6/share/ros2_control_demo_example_6/ros2_control/rrbot_modular_actuators.ros2_control.xacro
[21.148s] -- Symlinking: /home/michael/ros2_ws/install/ros2_control_demo_example_6/share/ros2_control_demo_example_6/urdf/rrbot.materials.xacro
[21.149s] -- Symlinking: /home/michael/ros2_ws/install/ros2_control_demo_example_6/share/ros2_control_demo_example_6/urdf/rrbot_description.urdf.xacro
[21.149s] -- Symlinking: /home/michael/ros2_ws/install/ros2_control_demo_example_6/share/ros2_control_demo_example_6/urdf/rrbot_modular_actuators.urdf.xacro
[21.149s] -- Symlinking: /home/michael/ros2_ws/install/ros2_control_demo_example_6/share/ros2_control_demo_example_6/rviz/rrbot.rviz
[21.149s] -- Symlinking: /home/michael/ros2_ws/install/ros2_control_demo_example_6/share/ros2_control_demo_example_6/launch/rrbot_modular_actuators.launch.py
[21.149s] -- Symlinking: /home/michael/ros2_ws/install/ros2_control_demo_example_6/share/ros2_control_demo_example_6/launch/test_forward_position_controller.launch.py
[21.149s] -- Symlinking: /home/michael/ros2_ws/install/ros2_control_demo_example_6/share/ros2_control_demo_example_6/config/rrbot_forward_position_publisher.yaml
[21.149s] -- Symlinking: /home/michael/ros2_ws/install/ros2_control_demo_example_6/share/ros2_control_demo_example_6/config/rrbot_modular_actuators.yaml
[21.149s] -- Symlinking: /home/michael/ros2_ws/install/ros2_control_demo_example_6/share/ros2_control_demo_example_6/environment/library_path.sh
[21.149s] -- Symlinking: /home/michael/ros2_ws/install/ros2_control_demo_example_6/share/ros2_control_demo_example_6/environment/library_path.dsv
[21.149s] -- Symlinking: /home/michael/ros2_ws/install/ros2_control_demo_example_6/share/ament_index/resource_index/package_run_dependencies/ros2_control_demo_example_6
[21.150s] -- Symlinking: /home/michael/ros2_ws/install/ros2_control_demo_example_6/share/ament_index/resource_index/parent_prefix_path/ros2_control_demo_example_6
[21.150s] -- Symlinking: /home/michael/ros2_ws/install/ros2_control_demo_example_6/share/ros2_control_demo_example_6/environment/ament_prefix_path.sh
[21.150s] -- Symlinking: /home/michael/ros2_ws/install/ros2_control_demo_example_6/share/ros2_control_demo_example_6/environment/ament_prefix_path.dsv
[21.150s] -- Symlinking: /home/michael/ros2_ws/install/ros2_control_demo_example_6/share/ros2_control_demo_example_6/environment/path.sh
[21.150s] -- Symlinking: /home/michael/ros2_ws/install/ros2_control_demo_example_6/share/ros2_control_demo_example_6/environment/path.dsv
[21.150s] -- Symlinking: /home/michael/ros2_ws/install/ros2_control_demo_example_6/share/ros2_control_demo_example_6/local_setup.bash
[21.150s] -- Symlinking: /home/michael/ros2_ws/install/ros2_control_demo_example_6/share/ros2_control_demo_example_6/local_setup.sh
[21.150s] -- Symlinking: /home/michael/ros2_ws/install/ros2_control_demo_example_6/share/ros2_control_demo_example_6/local_setup.zsh
[21.150s] -- Symlinking: /home/michael/ros2_ws/install/ros2_control_demo_example_6/share/ros2_control_demo_example_6/local_setup.dsv
[21.150s] -- Symlinking: /home/michael/ros2_ws/install/ros2_control_demo_example_6/share/ros2_control_demo_example_6/package.dsv
[21.150s] -- Symlinking: /home/michael/ros2_ws/install/ros2_control_demo_example_6/share/ament_index/resource_index/packages/ros2_control_demo_example_6
[21.150s] -- Symlinking: /home/michael/ros2_ws/install/ros2_control_demo_example_6/share/ament_index/resource_index/hardware_interface__pluginlib__plugin/ros2_control_demo_example_6
[21.150s] -- Symlinking: /home/michael/ros2_ws/install/ros2_control_demo_example_6/share/ros2_control_demo_example_6/cmake/ament_cmake_export_targets-extras.cmake
[21.151s] -- Symlinking: /home/michael/ros2_ws/install/ros2_control_demo_example_6/share/ros2_control_demo_example_6/cmake/ament_cmake_export_dependencies-extras.cmake
[21.151s] -- Symlinking: /home/michael/ros2_ws/install/ros2_control_demo_example_6/share/ros2_control_demo_example_6/cmake/ros2_control_demo_example_6Config.cmake
[21.151s] -- Symlinking: /home/michael/ros2_ws/install/ros2_control_demo_example_6/share/ros2_control_demo_example_6/cmake/ros2_control_demo_example_6Config-version.cmake
[21.151s] -- Symlinking: /home/michael/ros2_ws/install/ros2_control_demo_example_6/share/ros2_control_demo_example_6/package.xml
[21.151s] -- Installing: /home/michael/ros2_ws/install/ros2_control_demo_example_6/lib/libros2_control_demo_example_6.so
[21.151s] -- Set runtime path of "/home/michael/ros2_ws/install/ros2_control_demo_example_6/lib/libros2_control_demo_example_6.so" to ""
[21.151s] -- Installing: /home/michael/ros2_ws/install/ros2_control_demo_example_6/share/ros2_control_demo_example_6/cmake/export_ros2_control_demo_example_6Export.cmake
[21.151s] -- Installing: /home/michael/ros2_ws/install/ros2_control_demo_example_6/share/ros2_control_demo_example_6/cmake/export_ros2_control_demo_example_6Export-noconfig.cmake
[21.171s] Invoked command in '/home/michael/ros2_ws/build/ros2_control_demo_example_6' returned '0': AMENT_PREFIX_PATH=/home/michael/ros2_ws/install/ros2controlcli:/home/michael/ros2_ws/install/joint_state_broadcaster:/home/michael/ros2_ws/install/forward_command_controller:/home/michael/ros2_ws/install/controller_manager:/home/michael/ros2_ws/install/controller_interface:/home/michael/ros2_ws/install/hardware_interface:/home/michael/ros2_ws/install/ros2_controllers_test_nodes:/home/michael/ros2_ws/install/ros2_control_test_assets:/home/michael/ros2_ws/install/realtime_tools:/home/michael/ros2_ws/install/controller_manager_msgs:/home/michael/ros2_ws/install/control_msgs:${AMENT_PREFIX_PATH} CMAKE_PREFIX_PATH=/home/michael/ros2_ws/install/joint_state_broadcaster:/home/michael/ros2_ws/install/forward_command_controller:/home/michael/ros2_ws/install/controller_manager:/home/michael/ros2_ws/install/controller_interface:/home/michael/ros2_ws/install/hardware_interface:/home/michael/ros2_ws/install/ros2_control_test_assets:/home/michael/ros2_ws/install/realtime_tools:/home/michael/ros2_ws/install/controller_manager_msgs:/home/michael/ros2_ws/install/control_msgs:/home/michael/ros2_ws/install/testarm:/home/michael/ros2_ws/install/model_arm:/opt/ros/humble LD_LIBRARY_PATH=/home/michael/ros2_ws/install/joint_state_broadcaster/lib:/home/michael/ros2_ws/install/forward_command_controller/lib:/home/michael/ros2_ws/install/controller_manager/lib:/home/michael/ros2_ws/install/controller_interface/lib:/home/michael/ros2_ws/install/hardware_interface/lib:/home/michael/ros2_ws/install/realtime_tools/lib:/home/michael/ros2_ws/install/controller_manager_msgs/lib:/home/michael/ros2_ws/install/control_msgs/lib:${LD_LIBRARY_PATH} PYTHONPATH=/home/michael/ros2_ws/build/ros2controlcli:/home/michael/ros2_ws/install/ros2controlcli/lib/python3.10/site-packages:/home/michael/ros2_ws/install/controller_manager/local/lib/python3.10/dist-packages:/home/michael/ros2_ws/build/ros2_controllers_test_nodes:/home/michael/ros2_ws/install/ros2_controllers_test_nodes/lib/python3.10/site-packages:/home/michael/ros2_ws/install/controller_manager_msgs/local/lib/python3.10/dist-packages:/home/michael/ros2_ws/install/control_msgs/local/lib/python3.10/dist-packages:${PYTHONPATH} /usr/bin/cmake --install /home/michael/ros2_ws/build/ros2_control_demo_example_6
