[0.095s] Invoking command in '/home/michael/ros2_ws/build/ros2_control_demo_example_6': AMENT_PREFIX_PATH=/home/michael/ros2_ws/install/ros2controlcli:/home/michael/ros2_ws/install/joint_state_broadcaster:/home/michael/ros2_ws/install/forward_command_controller:/home/michael/ros2_ws/install/controller_manager:/home/michael/ros2_ws/install/controller_interface:/home/michael/ros2_ws/install/hardware_interface:/home/michael/ros2_ws/install/ros2_controllers_test_nodes:/home/michael/ros2_ws/install/ros2_control_test_assets:/home/michael/ros2_ws/install/realtime_tools:/home/michael/ros2_ws/install/controller_manager_msgs:/home/michael/ros2_ws/install/control_msgs:${AMENT_PREFIX_PATH} CMAKE_PREFIX_PATH=/home/michael/ros2_ws/install/joint_state_broadcaster:/home/michael/ros2_ws/install/forward_command_controller:/home/michael/ros2_ws/install/controller_manager:/home/michael/ros2_ws/install/controller_interface:/home/michael/ros2_ws/install/hardware_interface:/home/michael/ros2_ws/install/ros2_control_test_assets:/home/michael/ros2_ws/install/realtime_tools:/home/michael/ros2_ws/install/controller_manager_msgs:/home/michael/ros2_ws/install/control_msgs:/opt/ros/humble LD_LIBRARY_PATH=/home/michael/ros2_ws/install/joint_state_broadcaster/lib:/home/michael/ros2_ws/install/forward_command_controller/lib:/home/michael/ros2_ws/install/controller_manager/lib:/home/michael/ros2_ws/install/controller_interface/lib:/home/michael/ros2_ws/install/hardware_interface/lib:/home/michael/ros2_ws/install/realtime_tools/lib:/home/michael/ros2_ws/install/controller_manager_msgs/lib:/home/michael/ros2_ws/install/control_msgs/lib:${LD_LIBRARY_PATH} PYTHONPATH=/home/michael/ros2_ws/build/ros2controlcli:/home/michael/ros2_ws/install/ros2controlcli/lib/python3.10/site-packages:/home/michael/ros2_ws/install/controller_manager/local/lib/python3.10/dist-packages:/home/michael/ros2_ws/build/ros2_controllers_test_nodes:/home/michael/ros2_ws/install/ros2_controllers_test_nodes/lib/python3.10/site-packages:/home/michael/ros2_ws/install/controller_manager_msgs/local/lib/python3.10/dist-packages:/home/michael/ros2_ws/install/control_msgs/local/lib/python3.10/dist-packages:${PYTHONPATH} /usr/bin/cmake --build /home/michael/ros2_ws/build/ros2_control_demo_example_6 -- -j14 -l14
[2.484s] -- Found ament_cmake: 1.3.5 (/opt/ros/humble/share/ament_cmake/cmake)
[2.485s] -- Override CMake install command with custom implementation using symlinks instead of copying resources
[2.485s] -- Found hardware_interface: 2.29.0 (/home/michael/ros2_ws/install/hardware_interface/share/hardware_interface/cmake)
[2.485s] -- Found rosidl_generator_c: 3.1.5 (/opt/ros/humble/share/rosidl_generator_c/cmake)
[2.486s] -- Found rosidl_adapter: 3.1.5 (/opt/ros/humble/share/rosidl_adapter/cmake)
[2.486s] -- Found rosidl_generator_cpp: 3.1.5 (/opt/ros/humble/share/rosidl_generator_cpp/cmake)
[2.486s] -- Using all available rosidl_typesupport_c: rosidl_typesupport_fastrtps_c;rosidl_typesupport_introspection_c
[2.486s] -- Using all available rosidl_typesupport_cpp: rosidl_typesupport_fastrtps_cpp;rosidl_typesupport_introspection_cpp
[2.487s] -- Found rmw_implementation_cmake: 6.1.1 (/opt/ros/humble/share/rmw_implementation_cmake/cmake)
[2.487s] -- Found rmw_fastrtps_cpp: 6.2.3 (/opt/ros/humble/share/rmw_fastrtps_cpp/cmake)
[2.487s] -- Using RMW implementation 'rmw_fastrtps_cpp' as default
[2.488s] -- Found ament_cmake_gtest: 1.3.5 (/opt/ros/humble/share/ament_cmake_gtest/cmake)
[2.488s] -- Configuring done
[2.488s] -- Generating done
[2.488s] -- Build files have been written to: /home/michael/ros2_ws/build/ros2_control_demo_example_6
[2.532s] [35m[1mConsolidate compiler generated dependencies of target ros2_control_demo_example_6[0m
[2.562s] [ 50%] [32mBuilding CXX object CMakeFiles/ros2_control_demo_example_6.dir/hardware/rrbot_actuator.cpp.o[0m
[9.168s] [100%] [32m[1mLinking CXX shared library libros2_control_demo_example_6.so[0m
[9.553s] [100%] Built target ros2_control_demo_example_6
[9.755s] Invoked command in '/home/michael/ros2_ws/build/ros2_control_demo_example_6' returned '0': AMENT_PREFIX_PATH=/home/michael/ros2_ws/install/ros2controlcli:/home/michael/ros2_ws/install/joint_state_broadcaster:/home/michael/ros2_ws/install/forward_command_controller:/home/michael/ros2_ws/install/controller_manager:/home/michael/ros2_ws/install/controller_interface:/home/michael/ros2_ws/install/hardware_interface:/home/michael/ros2_ws/install/ros2_controllers_test_nodes:/home/michael/ros2_ws/install/ros2_control_test_assets:/home/michael/ros2_ws/install/realtime_tools:/home/michael/ros2_ws/install/controller_manager_msgs:/home/michael/ros2_ws/install/control_msgs:${AMENT_PREFIX_PATH} CMAKE_PREFIX_PATH=/home/michael/ros2_ws/install/joint_state_broadcaster:/home/michael/ros2_ws/install/forward_command_controller:/home/michael/ros2_ws/install/controller_manager:/home/michael/ros2_ws/install/controller_interface:/home/michael/ros2_ws/install/hardware_interface:/home/michael/ros2_ws/install/ros2_control_test_assets:/home/michael/ros2_ws/install/realtime_tools:/home/michael/ros2_ws/install/controller_manager_msgs:/home/michael/ros2_ws/install/control_msgs:/opt/ros/humble LD_LIBRARY_PATH=/home/michael/ros2_ws/install/joint_state_broadcaster/lib:/home/michael/ros2_ws/install/forward_command_controller/lib:/home/michael/ros2_ws/install/controller_manager/lib:/home/michael/ros2_ws/install/controller_interface/lib:/home/michael/ros2_ws/install/hardware_interface/lib:/home/michael/ros2_ws/install/realtime_tools/lib:/home/michael/ros2_ws/install/controller_manager_msgs/lib:/home/michael/ros2_ws/install/control_msgs/lib:${LD_LIBRARY_PATH} PYTHONPATH=/home/michael/ros2_ws/build/ros2controlcli:/home/michael/ros2_ws/install/ros2controlcli/lib/python3.10/site-packages:/home/michael/ros2_ws/install/controller_manager/local/lib/python3.10/dist-packages:/home/michael/ros2_ws/build/ros2_controllers_test_nodes:/home/michael/ros2_ws/install/ros2_controllers_test_nodes/lib/python3.10/site-packages:/home/michael/ros2_ws/install/controller_manager_msgs/local/lib/python3.10/dist-packages:/home/michael/ros2_ws/install/control_msgs/local/lib/python3.10/dist-packages:${PYTHONPATH} /usr/bin/cmake --build /home/michael/ros2_ws/build/ros2_control_demo_example_6 -- -j14 -l14
[9.961s] Invoking command in '/home/michael/ros2_ws/build/ros2_control_demo_example_6': AMENT_PREFIX_PATH=/home/michael/ros2_ws/install/ros2controlcli:/home/michael/ros2_ws/install/joint_state_broadcaster:/home/michael/ros2_ws/install/forward_command_controller:/home/michael/ros2_ws/install/controller_manager:/home/michael/ros2_ws/install/controller_interface:/home/michael/ros2_ws/install/hardware_interface:/home/michael/ros2_ws/install/ros2_controllers_test_nodes:/home/michael/ros2_ws/install/ros2_control_test_assets:/home/michael/ros2_ws/install/realtime_tools:/home/michael/ros2_ws/install/controller_manager_msgs:/home/michael/ros2_ws/install/control_msgs:${AMENT_PREFIX_PATH} CMAKE_PREFIX_PATH=/home/michael/ros2_ws/install/joint_state_broadcaster:/home/michael/ros2_ws/install/forward_command_controller:/home/michael/ros2_ws/install/controller_manager:/home/michael/ros2_ws/install/controller_interface:/home/michael/ros2_ws/install/hardware_interface:/home/michael/ros2_ws/install/ros2_control_test_assets:/home/michael/ros2_ws/install/realtime_tools:/home/michael/ros2_ws/install/controller_manager_msgs:/home/michael/ros2_ws/install/control_msgs:/opt/ros/humble LD_LIBRARY_PATH=/home/michael/ros2_ws/install/joint_state_broadcaster/lib:/home/michael/ros2_ws/install/forward_command_controller/lib:/home/michael/ros2_ws/install/controller_manager/lib:/home/michael/ros2_ws/install/controller_interface/lib:/home/michael/ros2_ws/install/hardware_interface/lib:/home/michael/ros2_ws/install/realtime_tools/lib:/home/michael/ros2_ws/install/controller_manager_msgs/lib:/home/michael/ros2_ws/install/control_msgs/lib:${LD_LIBRARY_PATH} PYTHONPATH=/home/michael/ros2_ws/build/ros2controlcli:/home/michael/ros2_ws/install/ros2controlcli/lib/python3.10/site-packages:/home/michael/ros2_ws/install/controller_manager/local/lib/python3.10/dist-packages:/home/michael/ros2_ws/build/ros2_controllers_test_nodes:/home/michael/ros2_ws/install/ros2_controllers_test_nodes/lib/python3.10/site-packages:/home/michael/ros2_ws/install/controller_manager_msgs/local/lib/python3.10/dist-packages:/home/michael/ros2_ws/install/control_msgs/local/lib/python3.10/dist-packages:${PYTHONPATH} /usr/bin/cmake --install /home/michael/ros2_ws/build/ros2_control_demo_example_6
[18.739s] -- Install configuration: ""
[18.739s] -- Execute custom install script
[18.740s] -- Up-to-date symlink: /home/michael/ros2_ws/install/ros2_control_demo_example_6/share/ros2_control_demo_example_6//ros2_control_demo_example_6.xml
[18.740s] -- Up-to-date symlink: /home/michael/ros2_ws/install/ros2_control_demo_example_6/include/ros2_control_demo_example_6/ros2_control_demo_example_6/rrbot_actuator.hpp
[18.740s] -- Up-to-date symlink: /home/michael/ros2_ws/install/ros2_control_demo_example_6/include/ros2_control_demo_example_6/ros2_control_demo_example_6/visibility_control.h
[18.740s] -- Up-to-date symlink: /home/michael/ros2_ws/install/ros2_control_demo_example_6/share/ros2_control_demo_example_6/launch/view_robot.launch.py
[18.740s] -- Up-to-date symlink: /home/michael/ros2_ws/install/ros2_control_demo_example_6/share/ros2_control_demo_example_6/ros2_control/rrbot_modular_actuators.ros2_control.xacro
[18.740s] -- Up-to-date symlink: /home/michael/ros2_ws/install/ros2_control_demo_example_6/share/ros2_control_demo_example_6/urdf/rrbot.materials.xacro
[18.741s] -- Up-to-date symlink: /home/michael/ros2_ws/install/ros2_control_demo_example_6/share/ros2_control_demo_example_6/urdf/rrbot_description.urdf.xacro
[18.741s] -- Up-to-date symlink: /home/michael/ros2_ws/install/ros2_control_demo_example_6/share/ros2_control_demo_example_6/urdf/rrbot_modular_actuators.urdf.xacro
[18.741s] -- Up-to-date symlink: /home/michael/ros2_ws/install/ros2_control_demo_example_6/share/ros2_control_demo_example_6/rviz/rrbot.rviz
[18.742s] -- Up-to-date symlink: /home/michael/ros2_ws/install/ros2_control_demo_example_6/share/ros2_control_demo_example_6/launch/rrbot_modular_actuators.launch.py
[18.742s] -- Up-to-date symlink: /home/michael/ros2_ws/install/ros2_control_demo_example_6/share/ros2_control_demo_example_6/launch/test_forward_position_controller.launch.py
[18.742s] -- Up-to-date symlink: /home/michael/ros2_ws/install/ros2_control_demo_example_6/share/ros2_control_demo_example_6/config/rrbot_forward_position_publisher.yaml
[18.743s] -- Up-to-date symlink: /home/michael/ros2_ws/install/ros2_control_demo_example_6/share/ros2_control_demo_example_6/config/rrbot_modular_actuators.yaml
[18.743s] -- Up-to-date symlink: /home/michael/ros2_ws/install/ros2_control_demo_example_6/share/ros2_control_demo_example_6/environment/library_path.sh
[18.743s] -- Up-to-date symlink: /home/michael/ros2_ws/install/ros2_control_demo_example_6/share/ros2_control_demo_example_6/environment/library_path.dsv
[18.743s] -- Up-to-date symlink: /home/michael/ros2_ws/install/ros2_control_demo_example_6/share/ament_index/resource_index/package_run_dependencies/ros2_control_demo_example_6
[18.744s] -- Up-to-date symlink: /home/michael/ros2_ws/install/ros2_control_demo_example_6/share/ament_index/resource_index/parent_prefix_path/ros2_control_demo_example_6
[18.744s] -- Up-to-date symlink: /home/michael/ros2_ws/install/ros2_control_demo_example_6/share/ros2_control_demo_example_6/environment/ament_prefix_path.sh
[18.744s] -- Up-to-date symlink: /home/michael/ros2_ws/install/ros2_control_demo_example_6/share/ros2_control_demo_example_6/environment/ament_prefix_path.dsv
[18.745s] -- Up-to-date symlink: /home/michael/ros2_ws/install/ros2_control_demo_example_6/share/ros2_control_demo_example_6/environment/path.sh
[18.745s] -- Up-to-date symlink: /home/michael/ros2_ws/install/ros2_control_demo_example_6/share/ros2_control_demo_example_6/environment/path.dsv
[18.746s] -- Up-to-date symlink: /home/michael/ros2_ws/install/ros2_control_demo_example_6/share/ros2_control_demo_example_6/local_setup.bash
[18.746s] -- Up-to-date symlink: /home/michael/ros2_ws/install/ros2_control_demo_example_6/share/ros2_control_demo_example_6/local_setup.sh
[18.746s] -- Up-to-date symlink: /home/michael/ros2_ws/install/ros2_control_demo_example_6/share/ros2_control_demo_example_6/local_setup.zsh
[18.746s] -- Up-to-date symlink: /home/michael/ros2_ws/install/ros2_control_demo_example_6/share/ros2_control_demo_example_6/local_setup.dsv
[18.746s] -- Symlinking: /home/michael/ros2_ws/install/ros2_control_demo_example_6/share/ros2_control_demo_example_6/package.dsv
[18.746s] -- Up-to-date symlink: /home/michael/ros2_ws/install/ros2_control_demo_example_6/share/ament_index/resource_index/packages/ros2_control_demo_example_6
[18.746s] -- Up-to-date symlink: /home/michael/ros2_ws/install/ros2_control_demo_example_6/share/ament_index/resource_index/hardware_interface__pluginlib__plugin/ros2_control_demo_example_6
[18.746s] -- Up-to-date symlink: /home/michael/ros2_ws/install/ros2_control_demo_example_6/share/ros2_control_demo_example_6/cmake/ament_cmake_export_targets-extras.cmake
[18.746s] -- Up-to-date symlink: /home/michael/ros2_ws/install/ros2_control_demo_example_6/share/ros2_control_demo_example_6/cmake/ament_cmake_export_dependencies-extras.cmake
[18.747s] -- Up-to-date symlink: /home/michael/ros2_ws/install/ros2_control_demo_example_6/share/ros2_control_demo_example_6/cmake/ros2_control_demo_example_6Config.cmake
[18.747s] -- Up-to-date symlink: /home/michael/ros2_ws/install/ros2_control_demo_example_6/share/ros2_control_demo_example_6/cmake/ros2_control_demo_example_6Config-version.cmake
[18.747s] -- Up-to-date symlink: /home/michael/ros2_ws/install/ros2_control_demo_example_6/share/ros2_control_demo_example_6/package.xml
[18.747s] -- Installing: /home/michael/ros2_ws/install/ros2_control_demo_example_6/lib/libros2_control_demo_example_6.so
[18.747s] -- Set runtime path of "/home/michael/ros2_ws/install/ros2_control_demo_example_6/lib/libros2_control_demo_example_6.so" to ""
[18.747s] -- Up-to-date: /home/michael/ros2_ws/install/ros2_control_demo_example_6/share/ros2_control_demo_example_6/cmake/export_ros2_control_demo_example_6Export.cmake
[18.747s] -- Up-to-date: /home/michael/ros2_ws/install/ros2_control_demo_example_6/share/ros2_control_demo_example_6/cmake/export_ros2_control_demo_example_6Export-noconfig.cmake
[18.798s] Invoked command in '/home/michael/ros2_ws/build/ros2_control_demo_example_6' returned '0': AMENT_PREFIX_PATH=/home/michael/ros2_ws/install/ros2controlcli:/home/michael/ros2_ws/install/joint_state_broadcaster:/home/michael/ros2_ws/install/forward_command_controller:/home/michael/ros2_ws/install/controller_manager:/home/michael/ros2_ws/install/controller_interface:/home/michael/ros2_ws/install/hardware_interface:/home/michael/ros2_ws/install/ros2_controllers_test_nodes:/home/michael/ros2_ws/install/ros2_control_test_assets:/home/michael/ros2_ws/install/realtime_tools:/home/michael/ros2_ws/install/controller_manager_msgs:/home/michael/ros2_ws/install/control_msgs:${AMENT_PREFIX_PATH} CMAKE_PREFIX_PATH=/home/michael/ros2_ws/install/joint_state_broadcaster:/home/michael/ros2_ws/install/forward_command_controller:/home/michael/ros2_ws/install/controller_manager:/home/michael/ros2_ws/install/controller_interface:/home/michael/ros2_ws/install/hardware_interface:/home/michael/ros2_ws/install/ros2_control_test_assets:/home/michael/ros2_ws/install/realtime_tools:/home/michael/ros2_ws/install/controller_manager_msgs:/home/michael/ros2_ws/install/control_msgs:/opt/ros/humble LD_LIBRARY_PATH=/home/michael/ros2_ws/install/joint_state_broadcaster/lib:/home/michael/ros2_ws/install/forward_command_controller/lib:/home/michael/ros2_ws/install/controller_manager/lib:/home/michael/ros2_ws/install/controller_interface/lib:/home/michael/ros2_ws/install/hardware_interface/lib:/home/michael/ros2_ws/install/realtime_tools/lib:/home/michael/ros2_ws/install/controller_manager_msgs/lib:/home/michael/ros2_ws/install/control_msgs/lib:${LD_LIBRARY_PATH} PYTHONPATH=/home/michael/ros2_ws/build/ros2controlcli:/home/michael/ros2_ws/install/ros2controlcli/lib/python3.10/site-packages:/home/michael/ros2_ws/install/controller_manager/local/lib/python3.10/dist-packages:/home/michael/ros2_ws/build/ros2_controllers_test_nodes:/home/michael/ros2_ws/install/ros2_controllers_test_nodes/lib/python3.10/site-packages:/home/michael/ros2_ws/install/controller_manager_msgs/local/lib/python3.10/dist-packages:/home/michael/ros2_ws/install/control_msgs/local/lib/python3.10/dist-packages:${PYTHONPATH} /usr/bin/cmake --install /home/michael/ros2_ws/build/ros2_control_demo_example_6
