[0.269s] Invoking command in '/home/michael/ros2_ws/build/joint_limits': CMAKE_PREFIX_PATH=/opt/ros/humble /usr/bin/cmake --build /home/michael/ros2_ws/build/joint_limits -- -j14 -l14
[0.298s] -- Found ament_cmake: 1.3.5 (/opt/ros/humble/share/ament_cmake/cmake)
[0.497s] -- Override CMake install command with custom implementation using symlinks instead of copying resources
[0.504s] -- Found rclcpp: 16.0.5 (/opt/ros/humble/share/rclcpp/cmake)
[0.539s] -- Found rosidl_generator_c: 3.1.5 (/opt/ros/humble/share/rosidl_generator_c/cmake)
[0.542s] -- Found rosidl_adapter: 3.1.5 (/opt/ros/humble/share/rosidl_adapter/cmake)
[0.548s] -- Found rosidl_generator_cpp: 3.1.5 (/opt/ros/humble/share/rosidl_generator_cpp/cmake)
[0.562s] -- Using all available rosidl_typesupport_c: rosidl_typesupport_fastrtps_c;rosidl_typesupport_introspection_c
[0.580s] -- Using all available rosidl_typesupport_cpp: rosidl_typesupport_fastrtps_cpp;rosidl_typesupport_introspection_cpp
[0.657s] -- Found rmw_implementation_cmake: 6.1.1 (/opt/ros/humble/share/rmw_implementation_cmake/cmake)
[0.659s] -- Found rmw_fastrtps_cpp: 6.2.3 (/opt/ros/humble/share/rmw_fastrtps_cpp/cmake)
[0.807s] -- Using RMW implementation 'rmw_fastrtps_cpp' as default
[1.008s] -- Found rclcpp_lifecycle: 16.0.5 (/opt/ros/humble/share/rclcpp_lifecycle/cmake)
[1.055s] -- Found ament_cmake_gtest: 1.3.5 (/opt/ros/humble/share/ament_cmake_gtest/cmake)
[1.056s] -- Found launch_testing_ament_cmake: 1.0.4 (/opt/ros/humble/share/launch_testing_ament_cmake/cmake)
[1.057s] -- Found python_cmake_module: 0.10.0 (/opt/ros/humble/share/python_cmake_module/cmake)
[1.084s] -- Using PYTHON_EXECUTABLE: /usr/bin/python3
[1.085s] -- Using PYTHON_INCLUDE_DIRS: /usr/include/python3.10
[1.085s] -- Using PYTHON_LIBRARIES: /usr/lib/x86_64-linux-gnu/libpython3.10.so
[1.086s] -- Found gtest sources under '/opt/ros/humble/src/gtest_vendor': C++ tests using 'Google Test' will be built
[1.175s] -- Configuring done
[1.192s] -- Generating done
[1.195s] -- Build files have been written to: /home/michael/ros2_ws/build/joint_limits
[1.233s] [35m[1mConsolidate compiler generated dependencies of target gtest_main[0m
[1.233s] [35m[1mConsolidate compiler generated dependencies of target gtest[0m
[1.246s] [ 33%] Built target gtest
[1.247s] [ 66%] Built target gtest_main
[1.260s] [35m[1mConsolidate compiler generated dependencies of target joint_limits_rosparam_test[0m
[1.285s] [ 83%] [32mBuilding CXX object CMakeFiles/joint_limits_rosparam_test.dir/test/joint_limits_rosparam_test.cpp.o[0m
[6.809s] [100%] [32m[1mLinking CXX executable joint_limits_rosparam_test[0m
[7.121s] [100%] Built target joint_limits_rosparam_test
[7.155s] Invoked command in '/home/michael/ros2_ws/build/joint_limits' returned '0': CMAKE_PREFIX_PATH=/opt/ros/humble /usr/bin/cmake --build /home/michael/ros2_ws/build/joint_limits -- -j14 -l14
[7.193s] Invoking command in '/home/michael/ros2_ws/build/joint_limits': CMAKE_PREFIX_PATH=/opt/ros/humble /usr/bin/cmake --install /home/michael/ros2_ws/build/joint_limits
[7.201s] -- Install configuration: ""
[7.202s] -- Execute custom install script
[7.203s] -- Up-to-date symlink: /home/michael/ros2_ws/install/joint_limits/include/joint_limits/joint_limits.hpp
[7.204s] -- Up-to-date symlink: /home/michael/ros2_ws/install/joint_limits/include/joint_limits/joint_limits_rosparam.hpp
[7.204s] -- Up-to-date symlink: /home/michael/ros2_ws/install/joint_limits/lib/joint_limits/joint_limits_rosparam_test
[7.212s] -- Up-to-date symlink: /home/michael/ros2_ws/install/joint_limits/share/joint_limits/test/joint_limits_rosparam.yaml
[7.213s] -- Up-to-date symlink: /home/michael/ros2_ws/install/joint_limits/share/ament_index/resource_index/package_run_dependencies/joint_limits
[7.213s] -- Up-to-date symlink: /home/michael/ros2_ws/install/joint_limits/share/ament_index/resource_index/parent_prefix_path/joint_limits
[7.213s] -- Up-to-date symlink: /home/michael/ros2_ws/install/joint_limits/share/joint_limits/environment/ament_prefix_path.sh
[7.213s] -- Up-to-date symlink: /home/michael/ros2_ws/install/joint_limits/share/joint_limits/environment/ament_prefix_path.dsv
[7.214s] -- Up-to-date symlink: /home/michael/ros2_ws/install/joint_limits/share/joint_limits/environment/path.sh
[7.214s] -- Up-to-date symlink: /home/michael/ros2_ws/install/joint_limits/share/joint_limits/environment/path.dsv
[7.214s] -- Up-to-date symlink: /home/michael/ros2_ws/install/joint_limits/share/joint_limits/local_setup.bash
[7.214s] -- Up-to-date symlink: /home/michael/ros2_ws/install/joint_limits/share/joint_limits/local_setup.sh
[7.215s] -- Up-to-date symlink: /home/michael/ros2_ws/install/joint_limits/share/joint_limits/local_setup.zsh
[7.215s] -- Up-to-date symlink: /home/michael/ros2_ws/install/joint_limits/share/joint_limits/local_setup.dsv
[7.215s] -- Symlinking: /home/michael/ros2_ws/install/joint_limits/share/joint_limits/package.dsv
[7.224s] -- Up-to-date symlink: /home/michael/ros2_ws/install/joint_limits/share/ament_index/resource_index/packages/joint_limits
[7.225s] -- Up-to-date symlink: /home/michael/ros2_ws/install/joint_limits/share/joint_limits/cmake/ament_cmake_export_dependencies-extras.cmake
[7.225s] -- Up-to-date symlink: /home/michael/ros2_ws/install/joint_limits/share/joint_limits/cmake/ament_cmake_export_include_directories-extras.cmake
[7.225s] -- Up-to-date symlink: /home/michael/ros2_ws/install/joint_limits/share/joint_limits/cmake/joint_limitsConfig.cmake
[7.226s] -- Up-to-date symlink: /home/michael/ros2_ws/install/joint_limits/share/joint_limits/cmake/joint_limitsConfig-version.cmake
[7.226s] -- Up-to-date symlink: /home/michael/ros2_ws/install/joint_limits/share/joint_limits/package.xml
[7.230s] Invoked command in '/home/michael/ros2_ws/build/joint_limits' returned '0': CMAKE_PREFIX_PATH=/opt/ros/humble /usr/bin/cmake --install /home/michael/ros2_ws/build/joint_limits
