[0.044s] Invoking command in '/home/michael/ros2_ws/build/effort_controllers': AMENT_PREFIX_PATH=/home/michael/ros2_ws/install/forward_command_controller:/home/michael/ros2_ws/install/controller_manager:/home/michael/ros2_ws/install/controller_interface:/home/michael/ros2_ws/install/hardware_interface:/home/michael/ros2_ws/install/ros2_control_test_assets:/home/michael/ros2_ws/install/realtime_tools:/home/michael/ros2_ws/install/controller_manager_msgs:/home/michael/ros2_ws/install/control_msgs:${AMENT_PREFIX_PATH} CMAKE_PREFIX_PATH=/home/michael/ros2_ws/install/forward_command_controller:/home/michael/ros2_ws/install/controller_manager:/home/michael/ros2_ws/install/controller_interface:/home/michael/ros2_ws/install/hardware_interface:/home/michael/ros2_ws/install/ros2_control_test_assets:/home/michael/ros2_ws/install/realtime_tools:/home/michael/ros2_ws/install/controller_manager_msgs:/home/michael/ros2_ws/install/control_msgs:/opt/ros/humble LD_LIBRARY_PATH=/home/michael/ros2_ws/install/forward_command_controller/lib:/home/michael/ros2_ws/install/controller_manager/lib:/home/michael/ros2_ws/install/controller_interface/lib:/home/michael/ros2_ws/install/hardware_interface/lib:/home/michael/ros2_ws/install/realtime_tools/lib:/home/michael/ros2_ws/install/controller_manager_msgs/lib:/home/michael/ros2_ws/install/control_msgs/lib:${LD_LIBRARY_PATH} PYTHONPATH=/home/michael/ros2_ws/install/controller_manager/local/lib/python3.10/dist-packages:/home/michael/ros2_ws/install/controller_manager_msgs/local/lib/python3.10/dist-packages:/home/michael/ros2_ws/install/control_msgs/local/lib/python3.10/dist-packages:${PYTHONPATH} /usr/bin/cmake --build /home/michael/ros2_ws/build/effort_controllers -- -j14 -l14
[0.087s] -- Found ament_cmake: 1.3.5 (/opt/ros/humble/share/ament_cmake/cmake)
[0.359s] -- Override CMake install command with custom implementation using symlinks instead of copying resources
[0.383s] -- Found backward_ros: 1.0.2 (/opt/ros/humble/share/backward_ros/cmake)
[0.406s] -- Could NOT find libbfd (missing: LIBBFD_LIBRARY LIBBFD_INCLUDE_DIR) 
[0.406s] -- BACKWARD_HAS_UNWIND=1
[0.407s] -- BACKWARD_HAS_BACKTRACE=0
[0.407s] -- BACKWARD_HAS_BACKTRACE_SYMBOL=0
[0.407s] -- BACKWARD_HAS_DW=1
[0.407s] -- BACKWARD_HAS_BFD=0
[0.410s] -- Found Backward: /opt/ros/humble/share/backward_ros/cmake  
[0.412s] -- Found forward_command_controller: 2.24.0 (/home/michael/ros2_ws/install/forward_command_controller/share/forward_command_controller/cmake)
[0.457s] -- Found rosidl_generator_c: 3.1.5 (/opt/ros/humble/share/rosidl_generator_c/cmake)
[0.463s] -- Found rosidl_adapter: 3.1.5 (/opt/ros/humble/share/rosidl_adapter/cmake)
[0.480s] -- Found rosidl_generator_cpp: 3.1.5 (/opt/ros/humble/share/rosidl_generator_cpp/cmake)
[0.506s] -- Using all available rosidl_typesupport_c: rosidl_typesupport_fastrtps_c;rosidl_typesupport_introspection_c
[0.532s] -- Using all available rosidl_typesupport_cpp: rosidl_typesupport_fastrtps_cpp;rosidl_typesupport_introspection_cpp
[1.639s] -- Found rmw_implementation_cmake: 6.1.1 (/opt/ros/humble/share/rmw_implementation_cmake/cmake)
[1.643s] -- Found rmw_fastrtps_cpp: 6.2.3 (/opt/ros/humble/share/rmw_fastrtps_cpp/cmake)
[1.859s] -- Using RMW implementation 'rmw_fastrtps_cpp' as default
[2.515s] -- Found parameter_traits: 0.3.3 (/opt/ros/humble/share/parameter_traits/cmake)
[2.796s] -- Found ament_cmake_gmock: 1.3.5 (/opt/ros/humble/share/ament_cmake_gmock/cmake)
[2.797s] -- Found controller_manager: 2.29.0 (/home/michael/ros2_ws/install/controller_manager/share/controller_manager/cmake)
[3.174s] -- Found ros2_control_test_assets: 2.29.0 (/home/michael/ros2_ws/install/ros2_control_test_assets/share/ros2_control_test_assets/cmake)
[3.175s] -- Found gmock sources under '/opt/ros/humble/src/gmock_vendor': C++ tests using 'Google Mock' will be built
[3.175s] -- Found ament_cmake_gtest: 1.3.5 (/opt/ros/humble/share/ament_cmake_gtest/cmake)
[3.176s] -- Found gtest sources under '/opt/ros/humble/src/gtest_vendor': C++ tests using 'Google Test' will be built
[3.754s] -- Configuring done
[3.888s] -- Generating done
[3.907s] -- Build files have been written to: /home/michael/ros2_ws/build/effort_controllers
[3.969s] [35m[1mConsolidate compiler generated dependencies of target effort_controllers[0m
[3.971s] [35m[1mConsolidate compiler generated dependencies of target gmock_main[0m
[3.990s] [35m[1mConsolidate compiler generated dependencies of target gmock[0m
[4.017s] [  9%] [32mBuilding CXX object CMakeFiles/effort_controllers.dir/src/joint_group_effort_controller.cpp.o[0m
[4.027s] [ 36%] Built target gmock
[4.034s] [ 54%] Built target gmock_main
[9.858s] [ 63%] [32m[1mLinking CXX shared library libeffort_controllers.so[0m
[10.414s] [ 63%] Built target effort_controllers
[10.428s] [35m[1mConsolidate compiler generated dependencies of target test_joint_group_effort_controller[0m
[10.429s] [35m[1mConsolidate compiler generated dependencies of target test_load_joint_group_effort_controller[0m
[10.462s] [ 72%] [32mBuilding CXX object CMakeFiles/test_joint_group_effort_controller.dir/test/test_joint_group_effort_controller.cpp.o[0m
[10.470s] [ 81%] [32mBuilding CXX object CMakeFiles/test_load_joint_group_effort_controller.dir/test/test_load_joint_group_effort_controller.cpp.o[0m
[20.390s] [ 90%] [32m[1mLinking CXX executable test_load_joint_group_effort_controller[0m
[22.394s] [ 90%] Built target test_load_joint_group_effort_controller
[22.827s] [100%] [32m[1mLinking CXX executable test_joint_group_effort_controller[0m
[24.031s] [100%] Built target test_joint_group_effort_controller
[24.070s] Invoked command in '/home/michael/ros2_ws/build/effort_controllers' returned '0': AMENT_PREFIX_PATH=/home/michael/ros2_ws/install/forward_command_controller:/home/michael/ros2_ws/install/controller_manager:/home/michael/ros2_ws/install/controller_interface:/home/michael/ros2_ws/install/hardware_interface:/home/michael/ros2_ws/install/ros2_control_test_assets:/home/michael/ros2_ws/install/realtime_tools:/home/michael/ros2_ws/install/controller_manager_msgs:/home/michael/ros2_ws/install/control_msgs:${AMENT_PREFIX_PATH} CMAKE_PREFIX_PATH=/home/michael/ros2_ws/install/forward_command_controller:/home/michael/ros2_ws/install/controller_manager:/home/michael/ros2_ws/install/controller_interface:/home/michael/ros2_ws/install/hardware_interface:/home/michael/ros2_ws/install/ros2_control_test_assets:/home/michael/ros2_ws/install/realtime_tools:/home/michael/ros2_ws/install/controller_manager_msgs:/home/michael/ros2_ws/install/control_msgs:/opt/ros/humble LD_LIBRARY_PATH=/home/michael/ros2_ws/install/forward_command_controller/lib:/home/michael/ros2_ws/install/controller_manager/lib:/home/michael/ros2_ws/install/controller_interface/lib:/home/michael/ros2_ws/install/hardware_interface/lib:/home/michael/ros2_ws/install/realtime_tools/lib:/home/michael/ros2_ws/install/controller_manager_msgs/lib:/home/michael/ros2_ws/install/control_msgs/lib:${LD_LIBRARY_PATH} PYTHONPATH=/home/michael/ros2_ws/install/controller_manager/local/lib/python3.10/dist-packages:/home/michael/ros2_ws/install/controller_manager_msgs/local/lib/python3.10/dist-packages:/home/michael/ros2_ws/install/control_msgs/local/lib/python3.10/dist-packages:${PYTHONPATH} /usr/bin/cmake --build /home/michael/ros2_ws/build/effort_controllers -- -j14 -l14
[24.150s] Invoking command in '/home/michael/ros2_ws/build/effort_controllers': AMENT_PREFIX_PATH=/home/michael/ros2_ws/install/forward_command_controller:/home/michael/ros2_ws/install/controller_manager:/home/michael/ros2_ws/install/controller_interface:/home/michael/ros2_ws/install/hardware_interface:/home/michael/ros2_ws/install/ros2_control_test_assets:/home/michael/ros2_ws/install/realtime_tools:/home/michael/ros2_ws/install/controller_manager_msgs:/home/michael/ros2_ws/install/control_msgs:${AMENT_PREFIX_PATH} CMAKE_PREFIX_PATH=/home/michael/ros2_ws/install/forward_command_controller:/home/michael/ros2_ws/install/controller_manager:/home/michael/ros2_ws/install/controller_interface:/home/michael/ros2_ws/install/hardware_interface:/home/michael/ros2_ws/install/ros2_control_test_assets:/home/michael/ros2_ws/install/realtime_tools:/home/michael/ros2_ws/install/controller_manager_msgs:/home/michael/ros2_ws/install/control_msgs:/opt/ros/humble LD_LIBRARY_PATH=/home/michael/ros2_ws/install/forward_command_controller/lib:/home/michael/ros2_ws/install/controller_manager/lib:/home/michael/ros2_ws/install/controller_interface/lib:/home/michael/ros2_ws/install/hardware_interface/lib:/home/michael/ros2_ws/install/realtime_tools/lib:/home/michael/ros2_ws/install/controller_manager_msgs/lib:/home/michael/ros2_ws/install/control_msgs/lib:${LD_LIBRARY_PATH} PYTHONPATH=/home/michael/ros2_ws/install/controller_manager/local/lib/python3.10/dist-packages:/home/michael/ros2_ws/install/controller_manager_msgs/local/lib/python3.10/dist-packages:/home/michael/ros2_ws/install/control_msgs/local/lib/python3.10/dist-packages:${PYTHONPATH} /usr/bin/cmake --install /home/michael/ros2_ws/build/effort_controllers
[25.452s] -- Install configuration: ""
[25.452s] -- Execute custom install script
[25.452s] -- Up-to-date symlink: /home/michael/ros2_ws/install/effort_controllers/share/effort_controllers//effort_controllers_plugins.xml
[25.453s] -- Up-to-date symlink: /home/michael/ros2_ws/install/effort_controllers/include/effort_controllers/effort_controllers/joint_group_effort_controller.hpp
[25.453s] -- Up-to-date symlink: /home/michael/ros2_ws/install/effort_controllers/include/effort_controllers/effort_controllers/visibility_control.h
[25.453s] -- Up-to-date symlink: /home/michael/ros2_ws/install/effort_controllers/share/effort_controllers/environment/library_path.sh
[25.453s] -- Up-to-date symlink: /home/michael/ros2_ws/install/effort_controllers/share/effort_controllers/environment/library_path.dsv
[25.453s] -- Up-to-date symlink: /home/michael/ros2_ws/install/effort_controllers/share/ament_index/resource_index/package_run_dependencies/effort_controllers
[25.453s] -- Up-to-date symlink: /home/michael/ros2_ws/install/effort_controllers/share/ament_index/resource_index/parent_prefix_path/effort_controllers
[25.453s] -- Up-to-date symlink: /home/michael/ros2_ws/install/effort_controllers/share/effort_controllers/environment/ament_prefix_path.sh
[25.453s] -- Up-to-date symlink: /home/michael/ros2_ws/install/effort_controllers/share/effort_controllers/environment/ament_prefix_path.dsv
[25.453s] -- Up-to-date symlink: /home/michael/ros2_ws/install/effort_controllers/share/effort_controllers/environment/path.sh
[25.453s] -- Up-to-date symlink: /home/michael/ros2_ws/install/effort_controllers/share/effort_controllers/environment/path.dsv
[25.453s] -- Up-to-date symlink: /home/michael/ros2_ws/install/effort_controllers/share/effort_controllers/local_setup.bash
[25.453s] -- Up-to-date symlink: /home/michael/ros2_ws/install/effort_controllers/share/effort_controllers/local_setup.sh
[25.453s] -- Up-to-date symlink: /home/michael/ros2_ws/install/effort_controllers/share/effort_controllers/local_setup.zsh
[25.453s] -- Up-to-date symlink: /home/michael/ros2_ws/install/effort_controllers/share/effort_controllers/local_setup.dsv
[25.453s] -- Symlinking: /home/michael/ros2_ws/install/effort_controllers/share/effort_controllers/package.dsv
[25.454s] -- Up-to-date symlink: /home/michael/ros2_ws/install/effort_controllers/share/ament_index/resource_index/packages/effort_controllers
[25.454s] -- Up-to-date symlink: /home/michael/ros2_ws/install/effort_controllers/share/ament_index/resource_index/controller_interface__pluginlib__plugin/effort_controllers
[25.454s] -- Up-to-date symlink: /home/michael/ros2_ws/install/effort_controllers/share/effort_controllers/cmake/ament_cmake_export_targets-extras.cmake
[25.454s] -- Up-to-date symlink: /home/michael/ros2_ws/install/effort_controllers/share/effort_controllers/cmake/ament_cmake_export_dependencies-extras.cmake
[25.454s] -- Up-to-date symlink: /home/michael/ros2_ws/install/effort_controllers/share/effort_controllers/cmake/effort_controllersConfig.cmake
[25.454s] -- Up-to-date symlink: /home/michael/ros2_ws/install/effort_controllers/share/effort_controllers/cmake/effort_controllersConfig-version.cmake
[25.454s] -- Up-to-date symlink: /home/michael/ros2_ws/install/effort_controllers/share/effort_controllers/package.xml
[25.454s] -- Installing: /home/michael/ros2_ws/install/effort_controllers/lib/libeffort_controllers.so
[25.454s] -- Set runtime path of "/home/michael/ros2_ws/install/effort_controllers/lib/libeffort_controllers.so" to ""
[25.454s] -- Up-to-date: /home/michael/ros2_ws/install/effort_controllers/share/effort_controllers/cmake/export_effort_controllersExport.cmake
[25.454s] -- Up-to-date: /home/michael/ros2_ws/install/effort_controllers/share/effort_controllers/cmake/export_effort_controllersExport-noconfig.cmake
[25.505s] Invoked command in '/home/michael/ros2_ws/build/effort_controllers' returned '0': AMENT_PREFIX_PATH=/home/michael/ros2_ws/install/forward_command_controller:/home/michael/ros2_ws/install/controller_manager:/home/michael/ros2_ws/install/controller_interface:/home/michael/ros2_ws/install/hardware_interface:/home/michael/ros2_ws/install/ros2_control_test_assets:/home/michael/ros2_ws/install/realtime_tools:/home/michael/ros2_ws/install/controller_manager_msgs:/home/michael/ros2_ws/install/control_msgs:${AMENT_PREFIX_PATH} CMAKE_PREFIX_PATH=/home/michael/ros2_ws/install/forward_command_controller:/home/michael/ros2_ws/install/controller_manager:/home/michael/ros2_ws/install/controller_interface:/home/michael/ros2_ws/install/hardware_interface:/home/michael/ros2_ws/install/ros2_control_test_assets:/home/michael/ros2_ws/install/realtime_tools:/home/michael/ros2_ws/install/controller_manager_msgs:/home/michael/ros2_ws/install/control_msgs:/opt/ros/humble LD_LIBRARY_PATH=/home/michael/ros2_ws/install/forward_command_controller/lib:/home/michael/ros2_ws/install/controller_manager/lib:/home/michael/ros2_ws/install/controller_interface/lib:/home/michael/ros2_ws/install/hardware_interface/lib:/home/michael/ros2_ws/install/realtime_tools/lib:/home/michael/ros2_ws/install/controller_manager_msgs/lib:/home/michael/ros2_ws/install/control_msgs/lib:${LD_LIBRARY_PATH} PYTHONPATH=/home/michael/ros2_ws/install/controller_manager/local/lib/python3.10/dist-packages:/home/michael/ros2_ws/install/controller_manager_msgs/local/lib/python3.10/dist-packages:/home/michael/ros2_ws/install/control_msgs/local/lib/python3.10/dist-packages:${PYTHONPATH} /usr/bin/cmake --install /home/michael/ros2_ws/build/effort_controllers
