[0.368s] Invoking command in '/home/michael/ros2_ws/build/model_arm': PYTHONPATH=/home/michael/ros2_ws/build/model_arm/prefix_override:/home/michael/ros2_ws/install/model_arm/lib/python3.10/site-packages:${PYTHONPATH} /usr/bin/python3 setup.py develop --uninstall --editable --build-directory /home/michael/ros2_ws/build/model_arm/build
[0.522s] running develop
[0.522s] /usr/lib/python3/dist-packages/setuptools/command/easy_install.py:158: EasyInstallDeprecationWarning: easy_install command is deprecated. Use build and pip and other standards-based tools.
[0.522s]   warnings.warn(
[0.523s] /usr/lib/python3/dist-packages/setuptools/command/install.py:34: SetuptoolsDeprecationWarning: setup.py install is deprecated. Use build and pip and other standards-based tools.
[0.523s]   warnings.warn(
[0.634s] Invoked command in '/home/michael/ros2_ws/build/model_arm' returned '0': PYTHONPATH=/home/michael/ros2_ws/build/model_arm/prefix_override:/home/michael/ros2_ws/install/model_arm/lib/python3.10/site-packages:${PYTHONPATH} /usr/bin/python3 setup.py develop --uninstall --editable --build-directory /home/michael/ros2_ws/build/model_arm/build
[0.634s] Invoking command in '/home/michael/ros2_ws/src/model_arm': PYTHONPATH=/home/michael/ros2_ws/build/model_arm/prefix_override:/home/michael/ros2_ws/install/model_arm/lib/python3.10/site-packages:${PYTHONPATH} /usr/bin/python3 setup.py egg_info --egg-base ../../build/model_arm build --build-base /home/michael/ros2_ws/build/model_arm/build install --record /home/michael/ros2_ws/build/model_arm/install.log --single-version-externally-managed
[0.774s] running egg_info
[0.774s] writing ../../build/model_arm/model_arm.egg-info/PKG-INFO
[0.775s] writing dependency_links to ../../build/model_arm/model_arm.egg-info/dependency_links.txt
[0.775s] writing entry points to ../../build/model_arm/model_arm.egg-info/entry_points.txt
[0.775s] writing requirements to ../../build/model_arm/model_arm.egg-info/requires.txt
[0.775s] writing top-level names to ../../build/model_arm/model_arm.egg-info/top_level.txt
[0.776s] reading manifest file '../../build/model_arm/model_arm.egg-info/SOURCES.txt'
[0.777s] writing manifest file '../../build/model_arm/model_arm.egg-info/SOURCES.txt'
[0.777s] running build
[0.777s] running build_py
[0.777s] /usr/lib/python3/dist-packages/setuptools/command/install.py:34: SetuptoolsDeprecationWarning: setup.py install is deprecated. Use build and pip and other standards-based tools.
[0.777s]   warnings.warn(
[0.778s] running install
[0.778s] running install_lib
[0.778s] running install_data
[0.779s] copying urdf/testarm_urdf.urdf.xml -> /home/michael/ros2_ws/install/model_arm/share/model_arm/urdf
[0.779s] copying launch/display.launch.py -> /home/michael/ros2_ws/install/model_arm/share/model_arm/launch
[0.779s] copying urdf/testarm_urdf.urdf.xml -> /home/michael/ros2_ws/install/model_arm/share/model_arm
[0.779s] copying urdf/materials.xacro -> /home/michael/ros2_ws/install/model_arm/share/model_arm
[0.779s] copying urdf/testarm_urdf.gazebo -> /home/michael/ros2_ws/install/model_arm/share/model_arm
[0.779s] copying urdf/testarm_urdf.csv -> /home/michael/ros2_ws/install/model_arm/share/model_arm
[0.779s] running install_egg_info
[0.780s] removing '/home/michael/ros2_ws/install/model_arm/lib/python3.10/site-packages/model_arm-0.0.0-py3.10.egg-info' (and everything under it)
[0.780s] Copying ../../build/model_arm/model_arm.egg-info to /home/michael/ros2_ws/install/model_arm/lib/python3.10/site-packages/model_arm-0.0.0-py3.10.egg-info
[0.781s] running install_scripts
[0.795s] writing list of installed files to '/home/michael/ros2_ws/build/model_arm/install.log'
[0.811s] Invoked command in '/home/michael/ros2_ws/src/model_arm' returned '0': PYTHONPATH=/home/michael/ros2_ws/build/model_arm/prefix_override:/home/michael/ros2_ws/install/model_arm/lib/python3.10/site-packages:${PYTHONPATH} /usr/bin/python3 setup.py egg_info --egg-base ../../build/model_arm build --build-base /home/michael/ros2_ws/build/model_arm/build install --record /home/michael/ros2_ws/build/model_arm/install.log --single-version-externally-managed
