[0.217s] DEBUG:colcon:Command line arguments: ['/usr/bin/colcon', 'build']
[0.217s] DEBUG:colcon:Parsed command line arguments: Namespace(log_base=None, log_level=None, verb_name='build', build_base='build', install_base='install', merge_install=False, symlink_install=False, test_result_base=None, continue_on_error=False, executor='parallel', parallel_workers=14, event_handlers=None, ignore_user_meta=False, metas=['./colcon.meta'], base_paths=['.'], packages_ignore=None, packages_ignore_regex=None, paths=None, packages_up_to=None, packages_up_to_regex=None, packages_above=None, packages_above_and_dependencies=None, packages_above_depth=None, packages_select_by_dep=None, packages_skip_by_dep=None, packages_skip_up_to=None, packages_select_build_failed=False, packages_skip_build_finished=False, packages_select_test_failures=False, packages_skip_test_passed=False, packages_select=None, packages_skip=None, packages_select_regex=None, packages_skip_regex=None, packages_start=None, packages_end=None, allow_overriding=[], cmake_args=None, cmake_target=None, cmake_target_skip_unavailable=False, cmake_clean_cache=False, cmake_clean_first=False, cmake_force_configure=False, ament_cmake_args=None, catkin_cmake_args=None, catkin_skip_building_tests=False, verb_parser=<colcon_defaults.argument_parser.defaults.DefaultArgumentsDecorator object at 0x7f864f328850>, verb_extension=<colcon_core.verb.build.BuildVerb object at 0x7f864fd25c00>, main=<bound method BuildVerb.main of <colcon_core.verb.build.BuildVerb object at 0x7f864fd25c00>>)
[0.240s] Level 1:colcon.colcon_core.package_discovery:discover_packages(colcon_meta) check parameters
[0.240s] Level 1:colcon.colcon_core.package_discovery:discover_packages(recursive) check parameters
[0.240s] Level 1:colcon.colcon_core.package_discovery:discover_packages(ignore) check parameters
[0.240s] Level 1:colcon.colcon_core.package_discovery:discover_packages(path) check parameters
[0.240s] Level 1:colcon.colcon_core.package_discovery:discover_packages(colcon_meta) discover
[0.240s] Level 1:colcon.colcon_core.package_discovery:discover_packages(recursive) discover
[0.240s] INFO:colcon.colcon_core.package_discovery:Crawling recursively for packages in '/home/michael/ros2_ws'
[0.240s] Level 1:colcon.colcon_core.package_identification:_identify(.) by extensions ['ignore', 'ignore_ament_install']
[0.240s] Level 1:colcon.colcon_core.package_identification:_identify(.) by extension 'ignore'
[0.240s] Level 1:colcon.colcon_core.package_identification:_identify(.) by extension 'ignore_ament_install'
[0.240s] Level 1:colcon.colcon_core.package_identification:_identify(.) by extensions ['colcon_pkg']
[0.241s] Level 1:colcon.colcon_core.package_identification:_identify(.) by extension 'colcon_pkg'
[0.241s] Level 1:colcon.colcon_core.package_identification:_identify(.) by extensions ['colcon_meta']
[0.241s] Level 1:colcon.colcon_core.package_identification:_identify(.) by extension 'colcon_meta'
[0.241s] Level 1:colcon.colcon_core.package_identification:_identify(.) by extensions ['ros']
[0.241s] Level 1:colcon.colcon_core.package_identification:_identify(.) by extension 'ros'
[0.248s] Level 1:colcon.colcon_core.package_identification:_identify(.) by extensions ['cmake', 'python']
[0.248s] Level 1:colcon.colcon_core.package_identification:_identify(.) by extension 'cmake'
[0.248s] Level 1:colcon.colcon_core.package_identification:_identify(.) by extension 'python'
[0.248s] Level 1:colcon.colcon_core.package_identification:_identify(.) by extensions ['python_setup_py']
[0.248s] Level 1:colcon.colcon_core.package_identification:_identify(.) by extension 'python_setup_py'
[0.248s] Level 1:colcon.colcon_core.package_identification:_identify(build) by extensions ['ignore', 'ignore_ament_install']
[0.249s] Level 1:colcon.colcon_core.package_identification:_identify(build) by extension 'ignore'
[0.249s] Level 1:colcon.colcon_core.package_identification:_identify(build) ignored
[0.249s] Level 1:colcon.colcon_core.package_identification:_identify(install) by extensions ['ignore', 'ignore_ament_install']
[0.249s] Level 1:colcon.colcon_core.package_identification:_identify(install) by extension 'ignore'
[0.249s] Level 1:colcon.colcon_core.package_identification:_identify(install) ignored
[0.249s] Level 1:colcon.colcon_core.package_identification:_identify(log) by extensions ['ignore', 'ignore_ament_install']
[0.249s] Level 1:colcon.colcon_core.package_identification:_identify(log) by extension 'ignore'
[0.249s] Level 1:colcon.colcon_core.package_identification:_identify(log) ignored
[0.249s] Level 1:colcon.colcon_core.package_identification:_identify(src) by extensions ['ignore', 'ignore_ament_install']
[0.249s] Level 1:colcon.colcon_core.package_identification:_identify(src) by extension 'ignore'
[0.249s] Level 1:colcon.colcon_core.package_identification:_identify(src) by extension 'ignore_ament_install'
[0.249s] Level 1:colcon.colcon_core.package_identification:_identify(src) by extensions ['colcon_pkg']
[0.249s] Level 1:colcon.colcon_core.package_identification:_identify(src) by extension 'colcon_pkg'
[0.249s] Level 1:colcon.colcon_core.package_identification:_identify(src) by extensions ['colcon_meta']
[0.249s] Level 1:colcon.colcon_core.package_identification:_identify(src) by extension 'colcon_meta'
[0.249s] Level 1:colcon.colcon_core.package_identification:_identify(src) by extensions ['ros']
[0.249s] Level 1:colcon.colcon_core.package_identification:_identify(src) by extension 'ros'
[0.249s] Level 1:colcon.colcon_core.package_identification:_identify(src) by extensions ['cmake', 'python']
[0.249s] Level 1:colcon.colcon_core.package_identification:_identify(src) by extension 'cmake'
[0.249s] Level 1:colcon.colcon_core.package_identification:_identify(src) by extension 'python'
[0.249s] Level 1:colcon.colcon_core.package_identification:_identify(src) by extensions ['python_setup_py']
[0.249s] Level 1:colcon.colcon_core.package_identification:_identify(src) by extension 'python_setup_py'
[0.249s] Level 1:colcon.colcon_core.package_identification:_identify(src/arm_moveit_config) by extensions ['ignore', 'ignore_ament_install']
[0.250s] Level 1:colcon.colcon_core.package_identification:_identify(src/arm_moveit_config) by extension 'ignore'
[0.250s] Level 1:colcon.colcon_core.package_identification:_identify(src/arm_moveit_config) by extension 'ignore_ament_install'
[0.250s] Level 1:colcon.colcon_core.package_identification:_identify(src/arm_moveit_config) by extensions ['colcon_pkg']
[0.250s] Level 1:colcon.colcon_core.package_identification:_identify(src/arm_moveit_config) by extension 'colcon_pkg'
[0.250s] Level 1:colcon.colcon_core.package_identification:_identify(src/arm_moveit_config) by extensions ['colcon_meta']
[0.250s] Level 1:colcon.colcon_core.package_identification:_identify(src/arm_moveit_config) by extension 'colcon_meta'
[0.250s] Level 1:colcon.colcon_core.package_identification:_identify(src/arm_moveit_config) by extensions ['ros']
[0.250s] Level 1:colcon.colcon_core.package_identification:_identify(src/arm_moveit_config) by extension 'ros'
[0.251s] DEBUG:colcon.colcon_core.package_identification:Package 'src/arm_moveit_config' with type 'ros.ament_cmake' and name 'arm_moveit_config'
[0.252s] Level 1:colcon.colcon_core.package_identification:_identify(src/build) by extensions ['ignore', 'ignore_ament_install']
[0.252s] Level 1:colcon.colcon_core.package_identification:_identify(src/build) by extension 'ignore'
[0.252s] Level 1:colcon.colcon_core.package_identification:_identify(src/build) ignored
[0.252s] Level 1:colcon.colcon_core.package_identification:_identify(src/install) by extensions ['ignore', 'ignore_ament_install']
[0.252s] Level 1:colcon.colcon_core.package_identification:_identify(src/install) by extension 'ignore'
[0.252s] Level 1:colcon.colcon_core.package_identification:_identify(src/install) ignored
[0.252s] Level 1:colcon.colcon_core.package_identification:_identify(src/log) by extensions ['ignore', 'ignore_ament_install']
[0.252s] Level 1:colcon.colcon_core.package_identification:_identify(src/log) by extension 'ignore'
[0.252s] Level 1:colcon.colcon_core.package_identification:_identify(src/log) ignored
[0.252s] Level 1:colcon.colcon_core.package_identification:_identify(src/testarm) by extensions ['ignore', 'ignore_ament_install']
[0.252s] Level 1:colcon.colcon_core.package_identification:_identify(src/testarm) by extension 'ignore'
[0.252s] Level 1:colcon.colcon_core.package_identification:_identify(src/testarm) by extension 'ignore_ament_install'
[0.252s] Level 1:colcon.colcon_core.package_identification:_identify(src/testarm) by extensions ['colcon_pkg']
[0.252s] Level 1:colcon.colcon_core.package_identification:_identify(src/testarm) by extension 'colcon_pkg'
[0.253s] Level 1:colcon.colcon_core.package_identification:_identify(src/testarm) by extensions ['colcon_meta']
[0.253s] Level 1:colcon.colcon_core.package_identification:_identify(src/testarm) by extension 'colcon_meta'
[0.253s] Level 1:colcon.colcon_core.package_identification:_identify(src/testarm) by extensions ['ros']
[0.253s] Level 1:colcon.colcon_core.package_identification:_identify(src/testarm) by extension 'ros'
[0.253s] DEBUG:colcon.colcon_core.package_identification:Package 'src/testarm' with type 'ros.ament_cmake' and name 'testarm'
[0.253s] Level 1:colcon.colcon_core.package_discovery:discover_packages(recursive) using defaults
[0.253s] Level 1:colcon.colcon_core.package_discovery:discover_packages(ignore) discover
[0.253s] Level 1:colcon.colcon_core.package_discovery:discover_packages(ignore) using defaults
[0.253s] Level 1:colcon.colcon_core.package_discovery:discover_packages(path) discover
[0.253s] Level 1:colcon.colcon_core.package_discovery:discover_packages(path) using defaults
[0.270s] Level 1:colcon.colcon_core.package_discovery:discover_packages(prefix_path) check parameters
[0.270s] Level 1:colcon.colcon_core.package_discovery:discover_packages(prefix_path) discover
[0.274s] DEBUG:colcon.colcon_installed_package_information.package_discovery:Found 54 installed packages in /home/michael/ros2_ws/install
[0.275s] DEBUG:colcon.colcon_installed_package_information.package_discovery:Found 370 installed packages in /opt/ros/humble
[0.277s] Level 1:colcon.colcon_core.package_discovery:discover_packages(prefix_path) using defaults
[0.322s] Level 5:colcon.colcon_core.verb:set package 'testarm' build argument 'cmake_args' from command line to 'None'
[0.322s] Level 5:colcon.colcon_core.verb:set package 'testarm' build argument 'cmake_target' from command line to 'None'
[0.322s] Level 5:colcon.colcon_core.verb:set package 'testarm' build argument 'cmake_target_skip_unavailable' from command line to 'False'
[0.322s] Level 5:colcon.colcon_core.verb:set package 'testarm' build argument 'cmake_clean_cache' from command line to 'False'
[0.322s] Level 5:colcon.colcon_core.verb:set package 'testarm' build argument 'cmake_clean_first' from command line to 'False'
[0.322s] Level 5:colcon.colcon_core.verb:set package 'testarm' build argument 'cmake_force_configure' from command line to 'False'
[0.322s] Level 5:colcon.colcon_core.verb:set package 'testarm' build argument 'ament_cmake_args' from command line to 'None'
[0.322s] Level 5:colcon.colcon_core.verb:set package 'testarm' build argument 'catkin_cmake_args' from command line to 'None'
[0.322s] Level 5:colcon.colcon_core.verb:set package 'testarm' build argument 'catkin_skip_building_tests' from command line to 'False'
[0.322s] DEBUG:colcon.colcon_core.verb:Building package 'testarm' with the following arguments: {'ament_cmake_args': None, 'build_base': '/home/michael/ros2_ws/build/testarm', 'catkin_cmake_args': None, 'catkin_skip_building_tests': False, 'cmake_args': None, 'cmake_clean_cache': False, 'cmake_clean_first': False, 'cmake_force_configure': False, 'cmake_target': None, 'cmake_target_skip_unavailable': False, 'install_base': '/home/michael/ros2_ws/install/testarm', 'merge_install': False, 'path': '/home/michael/ros2_ws/src/testarm', 'symlink_install': False, 'test_result_base': None}
[0.323s] Level 5:colcon.colcon_core.verb:set package 'arm_moveit_config' build argument 'cmake_args' from command line to 'None'
[0.323s] Level 5:colcon.colcon_core.verb:set package 'arm_moveit_config' build argument 'cmake_target' from command line to 'None'
[0.323s] Level 5:colcon.colcon_core.verb:set package 'arm_moveit_config' build argument 'cmake_target_skip_unavailable' from command line to 'False'
[0.323s] Level 5:colcon.colcon_core.verb:set package 'arm_moveit_config' build argument 'cmake_clean_cache' from command line to 'False'
[0.323s] Level 5:colcon.colcon_core.verb:set package 'arm_moveit_config' build argument 'cmake_clean_first' from command line to 'False'
[0.323s] Level 5:colcon.colcon_core.verb:set package 'arm_moveit_config' build argument 'cmake_force_configure' from command line to 'False'
[0.323s] Level 5:colcon.colcon_core.verb:set package 'arm_moveit_config' build argument 'ament_cmake_args' from command line to 'None'
[0.323s] Level 5:colcon.colcon_core.verb:set package 'arm_moveit_config' build argument 'catkin_cmake_args' from command line to 'None'
[0.323s] Level 5:colcon.colcon_core.verb:set package 'arm_moveit_config' build argument 'catkin_skip_building_tests' from command line to 'False'
[0.323s] DEBUG:colcon.colcon_core.verb:Building package 'arm_moveit_config' with the following arguments: {'ament_cmake_args': None, 'build_base': '/home/michael/ros2_ws/build/arm_moveit_config', 'catkin_cmake_args': None, 'catkin_skip_building_tests': False, 'cmake_args': None, 'cmake_clean_cache': False, 'cmake_clean_first': False, 'cmake_force_configure': False, 'cmake_target': None, 'cmake_target_skip_unavailable': False, 'install_base': '/home/michael/ros2_ws/install/arm_moveit_config', 'merge_install': False, 'path': '/home/michael/ros2_ws/src/arm_moveit_config', 'symlink_install': False, 'test_result_base': None}
[0.324s] INFO:colcon.colcon_core.executor:Executing jobs using 'parallel' executor
[0.326s] DEBUG:colcon.colcon_parallel_executor.executor.parallel:run_until_complete
[0.326s] INFO:colcon.colcon_ros.task.ament_cmake.build:Building ROS package in '/home/michael/ros2_ws/src/testarm' with build type 'ament_cmake'
[0.326s] INFO:colcon.colcon_cmake.task.cmake.build:Building CMake package in '/home/michael/ros2_ws/src/testarm'
[0.329s] INFO:colcon.colcon_core.plugin_system:Skipping extension 'colcon_core.shell.bat': Not used on non-Windows systems
[0.330s] INFO:colcon.colcon_core.shell:Skip shell extension 'powershell' for command environment: Not usable outside of PowerShell
[0.330s] DEBUG:colcon.colcon_core.shell:Skip shell extension 'dsv' for command environment
[0.339s] DEBUG:colcon.colcon_core.event_handler.log_command:Invoking command in '/home/michael/ros2_ws/build/testarm': CMAKE_PREFIX_PATH=${CMAKE_PREFIX_PATH}:/home/michael/ros2_ws/install/rqt_joint_trajectory_controller:/home/michael/ros2_ws/install/rqt_controller_manager:/home/michael/ros2_ws/install/ros2controlcli:/home/michael/ros2_ws/install/ros2_controllers_test_nodes:/home/michael/ros2_ws/install/model_arm:/opt/ros/humble /usr/bin/cmake --build /home/michael/ros2_ws/build/testarm -- -j14 -l14
[0.378s] DEBUG:colcon.colcon_core.event_handler.log_command:Invoked command in '/home/michael/ros2_ws/build/testarm' returned '0': CMAKE_PREFIX_PATH=${CMAKE_PREFIX_PATH}:/home/michael/ros2_ws/install/rqt_joint_trajectory_controller:/home/michael/ros2_ws/install/rqt_controller_manager:/home/michael/ros2_ws/install/ros2controlcli:/home/michael/ros2_ws/install/ros2_controllers_test_nodes:/home/michael/ros2_ws/install/model_arm:/opt/ros/humble /usr/bin/cmake --build /home/michael/ros2_ws/build/testarm -- -j14 -l14
[0.413s] DEBUG:colcon.colcon_core.event_handler.log_command:Invoking command in '/home/michael/ros2_ws/build/testarm': CMAKE_PREFIX_PATH=${CMAKE_PREFIX_PATH}:/home/michael/ros2_ws/install/rqt_joint_trajectory_controller:/home/michael/ros2_ws/install/rqt_controller_manager:/home/michael/ros2_ws/install/ros2controlcli:/home/michael/ros2_ws/install/ros2_controllers_test_nodes:/home/michael/ros2_ws/install/model_arm:/opt/ros/humble /usr/bin/cmake --install /home/michael/ros2_ws/build/testarm
[0.430s] Level 1:colcon.colcon_core.environment:create_environment_scripts_only(testarm)
[0.431s] DEBUG:colcon.colcon_core.event_handler.log_command:Invoked command in '/home/michael/ros2_ws/build/testarm' returned '0': CMAKE_PREFIX_PATH=${CMAKE_PREFIX_PATH}:/home/michael/ros2_ws/install/rqt_joint_trajectory_controller:/home/michael/ros2_ws/install/rqt_controller_manager:/home/michael/ros2_ws/install/ros2controlcli:/home/michael/ros2_ws/install/ros2_controllers_test_nodes:/home/michael/ros2_ws/install/model_arm:/opt/ros/humble /usr/bin/cmake --install /home/michael/ros2_ws/build/testarm
[0.435s] Level 1:colcon.colcon_core.environment:checking '/home/michael/ros2_ws/install/testarm' for CMake module files
[0.435s] Level 1:colcon.colcon_core.environment:checking '/home/michael/ros2_ws/install/testarm' for CMake config files
[0.436s] Level 1:colcon.colcon_core.shell:create_environment_hook('testarm', 'cmake_prefix_path')
[0.437s] INFO:colcon.colcon_core.shell:Creating environment hook '/home/michael/ros2_ws/install/testarm/share/testarm/hook/cmake_prefix_path.ps1'
[0.437s] INFO:colcon.colcon_core.shell:Creating environment descriptor '/home/michael/ros2_ws/install/testarm/share/testarm/hook/cmake_prefix_path.dsv'
[0.438s] INFO:colcon.colcon_core.shell:Creating environment hook '/home/michael/ros2_ws/install/testarm/share/testarm/hook/cmake_prefix_path.sh'
[0.439s] Level 1:colcon.colcon_core.environment:checking '/home/michael/ros2_ws/install/testarm/bin'
[0.439s] Level 1:colcon.colcon_core.environment:checking '/home/michael/ros2_ws/install/testarm/lib/pkgconfig/testarm.pc'
[0.439s] Level 1:colcon.colcon_core.environment:checking '/home/michael/ros2_ws/install/testarm/lib/python3.10/site-packages'
[0.439s] Level 1:colcon.colcon_core.environment:checking '/home/michael/ros2_ws/install/testarm/bin'
[0.440s] INFO:colcon.colcon_core.shell:Creating package script '/home/michael/ros2_ws/install/testarm/share/testarm/package.ps1'
[0.440s] INFO:colcon.colcon_core.shell:Creating package descriptor '/home/michael/ros2_ws/install/testarm/share/testarm/package.dsv'
[0.441s] INFO:colcon.colcon_core.shell:Creating package script '/home/michael/ros2_ws/install/testarm/share/testarm/package.sh'
[0.441s] INFO:colcon.colcon_core.shell:Creating package script '/home/michael/ros2_ws/install/testarm/share/testarm/package.bash'
[0.442s] INFO:colcon.colcon_core.shell:Creating package script '/home/michael/ros2_ws/install/testarm/share/testarm/package.zsh'
[0.442s] Level 1:colcon.colcon_core.environment:create_file_with_runtime_dependencies(/home/michael/ros2_ws/install/testarm/share/colcon-core/packages/testarm)
[0.468s] Level 1:colcon.colcon_core.environment:create_environment_scripts_only(testarm)
[0.469s] Level 1:colcon.colcon_core.environment:checking '/home/michael/ros2_ws/install/testarm' for CMake module files
[0.470s] Level 1:colcon.colcon_core.environment:checking '/home/michael/ros2_ws/install/testarm' for CMake config files
[0.470s] Level 1:colcon.colcon_core.shell:create_environment_hook('testarm', 'cmake_prefix_path')
[0.471s] INFO:colcon.colcon_core.shell:Creating environment hook '/home/michael/ros2_ws/install/testarm/share/testarm/hook/cmake_prefix_path.ps1'
[0.471s] INFO:colcon.colcon_core.shell:Creating environment descriptor '/home/michael/ros2_ws/install/testarm/share/testarm/hook/cmake_prefix_path.dsv'
[0.472s] INFO:colcon.colcon_core.shell:Creating environment hook '/home/michael/ros2_ws/install/testarm/share/testarm/hook/cmake_prefix_path.sh'
[0.472s] Level 1:colcon.colcon_core.environment:checking '/home/michael/ros2_ws/install/testarm/bin'
[0.472s] Level 1:colcon.colcon_core.environment:checking '/home/michael/ros2_ws/install/testarm/lib/pkgconfig/testarm.pc'
[0.473s] Level 1:colcon.colcon_core.environment:checking '/home/michael/ros2_ws/install/testarm/lib/python3.10/site-packages'
[0.473s] Level 1:colcon.colcon_core.environment:checking '/home/michael/ros2_ws/install/testarm/bin'
[0.474s] INFO:colcon.colcon_core.shell:Creating package script '/home/michael/ros2_ws/install/testarm/share/testarm/package.ps1'
[0.474s] INFO:colcon.colcon_core.shell:Creating package descriptor '/home/michael/ros2_ws/install/testarm/share/testarm/package.dsv'
[0.474s] INFO:colcon.colcon_core.shell:Creating package script '/home/michael/ros2_ws/install/testarm/share/testarm/package.sh'
[0.475s] INFO:colcon.colcon_core.shell:Creating package script '/home/michael/ros2_ws/install/testarm/share/testarm/package.bash'
[0.475s] INFO:colcon.colcon_core.shell:Creating package script '/home/michael/ros2_ws/install/testarm/share/testarm/package.zsh'
[0.475s] Level 1:colcon.colcon_core.environment:create_file_with_runtime_dependencies(/home/michael/ros2_ws/install/testarm/share/colcon-core/packages/testarm)
[0.476s] INFO:colcon.colcon_ros.task.ament_cmake.build:Building ROS package in '/home/michael/ros2_ws/src/arm_moveit_config' with build type 'ament_cmake'
[0.476s] INFO:colcon.colcon_cmake.task.cmake.build:Building CMake package in '/home/michael/ros2_ws/src/arm_moveit_config'
[0.477s] INFO:colcon.colcon_core.shell:Skip shell extension 'powershell' for command environment: Not usable outside of PowerShell
[0.477s] DEBUG:colcon.colcon_core.shell:Skip shell extension 'dsv' for command environment
[0.488s] DEBUG:colcon.colcon_core.event_handler.log_command:Invoking command in '/home/michael/ros2_ws/build/arm_moveit_config': CMAKE_PREFIX_PATH=/home/michael/ros2_ws/install/testarm:/home/michael/ros2_ws/install/arm_moveit_config:/home/michael/ros2_ws/install/testarm_moveit_config:/home/michael/ros2_ws/install/gazebo_ros2_control_demos:/home/michael/ros2_ws/install/ros2_controllers:/home/michael/ros2_ws/install/ign_ros2_control_demos:/home/michael/ros2_ws/install/velocity_controllers:/home/michael/ros2_ws/install/tricycle_steering_controller:/home/michael/ros2_ws/install/tricycle_controller:/home/michael/ros2_ws/install/ros2_control_demos:/home/michael/ros2_ws/install/ros2_control_demo_example_8:/home/michael/ros2_ws/install/ros2_control:/home/michael/ros2_ws/install/transmission_interface:/home/michael/ros2_ws/install/bicycle_steering_controller:/home/michael/ros2_ws/install/ackermann_steering_controller:/home/michael/ros2_ws/install/steering_controllers_library:/home/michael/ros2_ws/install/ros2_control_demo_example_9:/home/michael/ros2_ws/install/ros2_control_demo_example_7:/home/michael/ros2_ws/install/ros2_control_demo_example_6:/home/michael/ros2_ws/install/ros2_control_demo_example_5:/home/michael/ros2_ws/install/ros2_control_demo_example_4:/home/michael/ros2_ws/install/ros2_control_demo_example_3:/home/michael/ros2_ws/install/ros2_control_demo_example_2:/home/michael/ros2_ws/install/ros2_control_demo_example_12:/home/michael/ros2_ws/install/ros2_control_demo_example_1:/home/michael/ros2_ws/install/gz_ros2_control_tests:/home/michael/ros2_ws/install/ign_ros2_control:/home/michael/ros2_ws/install/gazebo_ros2_control:/home/michael/ros2_ws/install/controller_manager:/home/michael/ros2_ws/install/ros2_control_test_assets:/home/michael/ros2_ws/install/position_controllers:/home/michael/ros2_ws/install/admittance_controller:/home/michael/ros2_ws/install/joint_trajectory_controller:/home/michael/ros2_ws/install/joint_state_broadcaster:/home/michael/ros2_ws/install/imu_sensor_broadcaster:/home/michael/ros2_ws/install/gripper_controllers:/home/michael/ros2_ws/install/effort_controllers:/home/michael/ros2_ws/install/forward_command_controller:/home/michael/ros2_ws/install/force_torque_sensor_broadcaster:/home/michael/ros2_ws/install/diff_drive_controller:/home/michael/ros2_ws/install/control_toolbox:/home/michael/ros2_ws/install/realtime_tools:/home/michael/ros2_ws/install/kinematics_interface_kdl:/home/michael/ros2_ws/install/kinematics_interface:/home/michael/ros2_ws/install/joint_limits:/home/michael/ros2_ws/install/controller_interface:/home/michael/ros2_ws/install/hardware_interface:/home/michael/ros2_ws/install/controller_manager_msgs:/home/michael/ros2_ws/install/control_msgs:/home/michael/ros2_ws/install/rqt_joint_trajectory_controller:/home/michael/ros2_ws/install/rqt_controller_manager:/home/michael/ros2_ws/install/ros2controlcli:/home/michael/ros2_ws/install/ros2_controllers_test_nodes:/home/michael/ros2_ws/install/model_arm:/opt/ros/humble /usr/bin/cmake --build /home/michael/ros2_ws/build/arm_moveit_config -- -j14 -l14
[0.526s] DEBUG:colcon.colcon_core.event_handler.log_command:Invoked command in '/home/michael/ros2_ws/build/arm_moveit_config' returned '0': CMAKE_PREFIX_PATH=/home/michael/ros2_ws/install/testarm:/home/michael/ros2_ws/install/arm_moveit_config:/home/michael/ros2_ws/install/testarm_moveit_config:/home/michael/ros2_ws/install/gazebo_ros2_control_demos:/home/michael/ros2_ws/install/ros2_controllers:/home/michael/ros2_ws/install/ign_ros2_control_demos:/home/michael/ros2_ws/install/velocity_controllers:/home/michael/ros2_ws/install/tricycle_steering_controller:/home/michael/ros2_ws/install/tricycle_controller:/home/michael/ros2_ws/install/ros2_control_demos:/home/michael/ros2_ws/install/ros2_control_demo_example_8:/home/michael/ros2_ws/install/ros2_control:/home/michael/ros2_ws/install/transmission_interface:/home/michael/ros2_ws/install/bicycle_steering_controller:/home/michael/ros2_ws/install/ackermann_steering_controller:/home/michael/ros2_ws/install/steering_controllers_library:/home/michael/ros2_ws/install/ros2_control_demo_example_9:/home/michael/ros2_ws/install/ros2_control_demo_example_7:/home/michael/ros2_ws/install/ros2_control_demo_example_6:/home/michael/ros2_ws/install/ros2_control_demo_example_5:/home/michael/ros2_ws/install/ros2_control_demo_example_4:/home/michael/ros2_ws/install/ros2_control_demo_example_3:/home/michael/ros2_ws/install/ros2_control_demo_example_2:/home/michael/ros2_ws/install/ros2_control_demo_example_12:/home/michael/ros2_ws/install/ros2_control_demo_example_1:/home/michael/ros2_ws/install/gz_ros2_control_tests:/home/michael/ros2_ws/install/ign_ros2_control:/home/michael/ros2_ws/install/gazebo_ros2_control:/home/michael/ros2_ws/install/controller_manager:/home/michael/ros2_ws/install/ros2_control_test_assets:/home/michael/ros2_ws/install/position_controllers:/home/michael/ros2_ws/install/admittance_controller:/home/michael/ros2_ws/install/joint_trajectory_controller:/home/michael/ros2_ws/install/joint_state_broadcaster:/home/michael/ros2_ws/install/imu_sensor_broadcaster:/home/michael/ros2_ws/install/gripper_controllers:/home/michael/ros2_ws/install/effort_controllers:/home/michael/ros2_ws/install/forward_command_controller:/home/michael/ros2_ws/install/force_torque_sensor_broadcaster:/home/michael/ros2_ws/install/diff_drive_controller:/home/michael/ros2_ws/install/control_toolbox:/home/michael/ros2_ws/install/realtime_tools:/home/michael/ros2_ws/install/kinematics_interface_kdl:/home/michael/ros2_ws/install/kinematics_interface:/home/michael/ros2_ws/install/joint_limits:/home/michael/ros2_ws/install/controller_interface:/home/michael/ros2_ws/install/hardware_interface:/home/michael/ros2_ws/install/controller_manager_msgs:/home/michael/ros2_ws/install/control_msgs:/home/michael/ros2_ws/install/rqt_joint_trajectory_controller:/home/michael/ros2_ws/install/rqt_controller_manager:/home/michael/ros2_ws/install/ros2controlcli:/home/michael/ros2_ws/install/ros2_controllers_test_nodes:/home/michael/ros2_ws/install/model_arm:/opt/ros/humble /usr/bin/cmake --build /home/michael/ros2_ws/build/arm_moveit_config -- -j14 -l14
[0.549s] DEBUG:colcon.colcon_core.event_handler.log_command:Invoking command in '/home/michael/ros2_ws/build/arm_moveit_config': CMAKE_PREFIX_PATH=/home/michael/ros2_ws/install/testarm:/home/michael/ros2_ws/install/arm_moveit_config:/home/michael/ros2_ws/install/testarm_moveit_config:/home/michael/ros2_ws/install/gazebo_ros2_control_demos:/home/michael/ros2_ws/install/ros2_controllers:/home/michael/ros2_ws/install/ign_ros2_control_demos:/home/michael/ros2_ws/install/velocity_controllers:/home/michael/ros2_ws/install/tricycle_steering_controller:/home/michael/ros2_ws/install/tricycle_controller:/home/michael/ros2_ws/install/ros2_control_demos:/home/michael/ros2_ws/install/ros2_control_demo_example_8:/home/michael/ros2_ws/install/ros2_control:/home/michael/ros2_ws/install/transmission_interface:/home/michael/ros2_ws/install/bicycle_steering_controller:/home/michael/ros2_ws/install/ackermann_steering_controller:/home/michael/ros2_ws/install/steering_controllers_library:/home/michael/ros2_ws/install/ros2_control_demo_example_9:/home/michael/ros2_ws/install/ros2_control_demo_example_7:/home/michael/ros2_ws/install/ros2_control_demo_example_6:/home/michael/ros2_ws/install/ros2_control_demo_example_5:/home/michael/ros2_ws/install/ros2_control_demo_example_4:/home/michael/ros2_ws/install/ros2_control_demo_example_3:/home/michael/ros2_ws/install/ros2_control_demo_example_2:/home/michael/ros2_ws/install/ros2_control_demo_example_12:/home/michael/ros2_ws/install/ros2_control_demo_example_1:/home/michael/ros2_ws/install/gz_ros2_control_tests:/home/michael/ros2_ws/install/ign_ros2_control:/home/michael/ros2_ws/install/gazebo_ros2_control:/home/michael/ros2_ws/install/controller_manager:/home/michael/ros2_ws/install/ros2_control_test_assets:/home/michael/ros2_ws/install/position_controllers:/home/michael/ros2_ws/install/admittance_controller:/home/michael/ros2_ws/install/joint_trajectory_controller:/home/michael/ros2_ws/install/joint_state_broadcaster:/home/michael/ros2_ws/install/imu_sensor_broadcaster:/home/michael/ros2_ws/install/gripper_controllers:/home/michael/ros2_ws/install/effort_controllers:/home/michael/ros2_ws/install/forward_command_controller:/home/michael/ros2_ws/install/force_torque_sensor_broadcaster:/home/michael/ros2_ws/install/diff_drive_controller:/home/michael/ros2_ws/install/control_toolbox:/home/michael/ros2_ws/install/realtime_tools:/home/michael/ros2_ws/install/kinematics_interface_kdl:/home/michael/ros2_ws/install/kinematics_interface:/home/michael/ros2_ws/install/joint_limits:/home/michael/ros2_ws/install/controller_interface:/home/michael/ros2_ws/install/hardware_interface:/home/michael/ros2_ws/install/controller_manager_msgs:/home/michael/ros2_ws/install/control_msgs:/home/michael/ros2_ws/install/rqt_joint_trajectory_controller:/home/michael/ros2_ws/install/rqt_controller_manager:/home/michael/ros2_ws/install/ros2controlcli:/home/michael/ros2_ws/install/ros2_controllers_test_nodes:/home/michael/ros2_ws/install/model_arm:/opt/ros/humble /usr/bin/cmake --install /home/michael/ros2_ws/build/arm_moveit_config
[0.559s] Level 1:colcon.colcon_core.environment:create_environment_scripts_only(arm_moveit_config)
[0.561s] Level 1:colcon.colcon_core.environment:checking '/home/michael/ros2_ws/install/arm_moveit_config' for CMake module files
[0.562s] DEBUG:colcon.colcon_core.event_handler.log_command:Invoked command in '/home/michael/ros2_ws/build/arm_moveit_config' returned '0': CMAKE_PREFIX_PATH=/home/michael/ros2_ws/install/testarm:/home/michael/ros2_ws/install/arm_moveit_config:/home/michael/ros2_ws/install/testarm_moveit_config:/home/michael/ros2_ws/install/gazebo_ros2_control_demos:/home/michael/ros2_ws/install/ros2_controllers:/home/michael/ros2_ws/install/ign_ros2_control_demos:/home/michael/ros2_ws/install/velocity_controllers:/home/michael/ros2_ws/install/tricycle_steering_controller:/home/michael/ros2_ws/install/tricycle_controller:/home/michael/ros2_ws/install/ros2_control_demos:/home/michael/ros2_ws/install/ros2_control_demo_example_8:/home/michael/ros2_ws/install/ros2_control:/home/michael/ros2_ws/install/transmission_interface:/home/michael/ros2_ws/install/bicycle_steering_controller:/home/michael/ros2_ws/install/ackermann_steering_controller:/home/michael/ros2_ws/install/steering_controllers_library:/home/michael/ros2_ws/install/ros2_control_demo_example_9:/home/michael/ros2_ws/install/ros2_control_demo_example_7:/home/michael/ros2_ws/install/ros2_control_demo_example_6:/home/michael/ros2_ws/install/ros2_control_demo_example_5:/home/michael/ros2_ws/install/ros2_control_demo_example_4:/home/michael/ros2_ws/install/ros2_control_demo_example_3:/home/michael/ros2_ws/install/ros2_control_demo_example_2:/home/michael/ros2_ws/install/ros2_control_demo_example_12:/home/michael/ros2_ws/install/ros2_control_demo_example_1:/home/michael/ros2_ws/install/gz_ros2_control_tests:/home/michael/ros2_ws/install/ign_ros2_control:/home/michael/ros2_ws/install/gazebo_ros2_control:/home/michael/ros2_ws/install/controller_manager:/home/michael/ros2_ws/install/ros2_control_test_assets:/home/michael/ros2_ws/install/position_controllers:/home/michael/ros2_ws/install/admittance_controller:/home/michael/ros2_ws/install/joint_trajectory_controller:/home/michael/ros2_ws/install/joint_state_broadcaster:/home/michael/ros2_ws/install/imu_sensor_broadcaster:/home/michael/ros2_ws/install/gripper_controllers:/home/michael/ros2_ws/install/effort_controllers:/home/michael/ros2_ws/install/forward_command_controller:/home/michael/ros2_ws/install/force_torque_sensor_broadcaster:/home/michael/ros2_ws/install/diff_drive_controller:/home/michael/ros2_ws/install/control_toolbox:/home/michael/ros2_ws/install/realtime_tools:/home/michael/ros2_ws/install/kinematics_interface_kdl:/home/michael/ros2_ws/install/kinematics_interface:/home/michael/ros2_ws/install/joint_limits:/home/michael/ros2_ws/install/controller_interface:/home/michael/ros2_ws/install/hardware_interface:/home/michael/ros2_ws/install/controller_manager_msgs:/home/michael/ros2_ws/install/control_msgs:/home/michael/ros2_ws/install/rqt_joint_trajectory_controller:/home/michael/ros2_ws/install/rqt_controller_manager:/home/michael/ros2_ws/install/ros2controlcli:/home/michael/ros2_ws/install/ros2_controllers_test_nodes:/home/michael/ros2_ws/install/model_arm:/opt/ros/humble /usr/bin/cmake --install /home/michael/ros2_ws/build/arm_moveit_config
[0.562s] Level 1:colcon.colcon_core.environment:checking '/home/michael/ros2_ws/install/arm_moveit_config' for CMake config files
[0.562s] Level 1:colcon.colcon_core.shell:create_environment_hook('arm_moveit_config', 'cmake_prefix_path')
[0.563s] INFO:colcon.colcon_core.shell:Creating environment hook '/home/michael/ros2_ws/install/arm_moveit_config/share/arm_moveit_config/hook/cmake_prefix_path.ps1'
[0.564s] INFO:colcon.colcon_core.shell:Creating environment descriptor '/home/michael/ros2_ws/install/arm_moveit_config/share/arm_moveit_config/hook/cmake_prefix_path.dsv'
[0.564s] INFO:colcon.colcon_core.shell:Creating environment hook '/home/michael/ros2_ws/install/arm_moveit_config/share/arm_moveit_config/hook/cmake_prefix_path.sh'
[0.565s] Level 1:colcon.colcon_core.environment:checking '/home/michael/ros2_ws/install/arm_moveit_config/bin'
[0.565s] Level 1:colcon.colcon_core.environment:checking '/home/michael/ros2_ws/install/arm_moveit_config/lib/pkgconfig/arm_moveit_config.pc'
[0.565s] Level 1:colcon.colcon_core.environment:checking '/home/michael/ros2_ws/install/arm_moveit_config/lib/python3.10/site-packages'
[0.565s] Level 1:colcon.colcon_core.environment:checking '/home/michael/ros2_ws/install/arm_moveit_config/bin'
[0.566s] INFO:colcon.colcon_core.shell:Creating package script '/home/michael/ros2_ws/install/arm_moveit_config/share/arm_moveit_config/package.ps1'
[0.566s] INFO:colcon.colcon_core.shell:Creating package descriptor '/home/michael/ros2_ws/install/arm_moveit_config/share/arm_moveit_config/package.dsv'
[0.566s] INFO:colcon.colcon_core.shell:Creating package script '/home/michael/ros2_ws/install/arm_moveit_config/share/arm_moveit_config/package.sh'
[0.567s] INFO:colcon.colcon_core.shell:Creating package script '/home/michael/ros2_ws/install/arm_moveit_config/share/arm_moveit_config/package.bash'
[0.567s] INFO:colcon.colcon_core.shell:Creating package script '/home/michael/ros2_ws/install/arm_moveit_config/share/arm_moveit_config/package.zsh'
[0.567s] Level 1:colcon.colcon_core.environment:create_file_with_runtime_dependencies(/home/michael/ros2_ws/install/arm_moveit_config/share/colcon-core/packages/arm_moveit_config)
[0.599s] Level 1:colcon.colcon_core.environment:create_environment_scripts_only(arm_moveit_config)
[0.600s] Level 1:colcon.colcon_core.environment:checking '/home/michael/ros2_ws/install/arm_moveit_config' for CMake module files
[0.600s] Level 1:colcon.colcon_core.environment:checking '/home/michael/ros2_ws/install/arm_moveit_config' for CMake config files
[0.601s] Level 1:colcon.colcon_core.shell:create_environment_hook('arm_moveit_config', 'cmake_prefix_path')
[0.601s] INFO:colcon.colcon_core.shell:Creating environment hook '/home/michael/ros2_ws/install/arm_moveit_config/share/arm_moveit_config/hook/cmake_prefix_path.ps1'
[0.602s] INFO:colcon.colcon_core.shell:Creating environment descriptor '/home/michael/ros2_ws/install/arm_moveit_config/share/arm_moveit_config/hook/cmake_prefix_path.dsv'
[0.602s] INFO:colcon.colcon_core.shell:Creating environment hook '/home/michael/ros2_ws/install/arm_moveit_config/share/arm_moveit_config/hook/cmake_prefix_path.sh'
[0.602s] Level 1:colcon.colcon_core.environment:checking '/home/michael/ros2_ws/install/arm_moveit_config/bin'
[0.603s] Level 1:colcon.colcon_core.environment:checking '/home/michael/ros2_ws/install/arm_moveit_config/lib/pkgconfig/arm_moveit_config.pc'
[0.603s] Level 1:colcon.colcon_core.environment:checking '/home/michael/ros2_ws/install/arm_moveit_config/lib/python3.10/site-packages'
[0.603s] Level 1:colcon.colcon_core.environment:checking '/home/michael/ros2_ws/install/arm_moveit_config/bin'
[0.604s] INFO:colcon.colcon_core.shell:Creating package script '/home/michael/ros2_ws/install/arm_moveit_config/share/arm_moveit_config/package.ps1'
[0.605s] INFO:colcon.colcon_core.shell:Creating package descriptor '/home/michael/ros2_ws/install/arm_moveit_config/share/arm_moveit_config/package.dsv'
[0.605s] INFO:colcon.colcon_core.shell:Creating package script '/home/michael/ros2_ws/install/arm_moveit_config/share/arm_moveit_config/package.sh'
[0.605s] INFO:colcon.colcon_core.shell:Creating package script '/home/michael/ros2_ws/install/arm_moveit_config/share/arm_moveit_config/package.bash'
[0.606s] INFO:colcon.colcon_core.shell:Creating package script '/home/michael/ros2_ws/install/arm_moveit_config/share/arm_moveit_config/package.zsh'
[0.606s] Level 1:colcon.colcon_core.environment:create_file_with_runtime_dependencies(/home/michael/ros2_ws/install/arm_moveit_config/share/colcon-core/packages/arm_moveit_config)
[0.606s] DEBUG:colcon.colcon_parallel_executor.executor.parallel:closing loop
[0.606s] DEBUG:colcon.colcon_parallel_executor.executor.parallel:loop closed
[0.607s] DEBUG:colcon.colcon_parallel_executor.executor.parallel:run_until_complete finished with '0'
[0.607s] DEBUG:colcon.colcon_core.event_reactor:joining thread
[0.611s] INFO:colcon.colcon_core.plugin_system:Skipping extension 'colcon_notification.desktop_notification.terminal_notifier': Not used on non-Darwin systems
[0.611s] INFO:colcon.colcon_core.plugin_system:Skipping extension 'colcon_notification.desktop_notification.win32': Not used on non-Windows systems
[0.611s] INFO:colcon.colcon_notification.desktop_notification:Sending desktop notification using 'notify2'
[0.619s] DEBUG:colcon.colcon_core.event_reactor:joined thread
[0.620s] INFO:colcon.colcon_core.shell:Creating prefix script '/home/michael/ros2_ws/install/local_setup.ps1'
[0.621s] INFO:colcon.colcon_core.shell:Creating prefix util module '/home/michael/ros2_ws/install/_local_setup_util_ps1.py'
[0.622s] INFO:colcon.colcon_core.shell:Creating prefix chain script '/home/michael/ros2_ws/install/setup.ps1'
[0.624s] INFO:colcon.colcon_core.shell:Creating prefix script '/home/michael/ros2_ws/install/local_setup.sh'
[0.625s] INFO:colcon.colcon_core.shell:Creating prefix util module '/home/michael/ros2_ws/install/_local_setup_util_sh.py'
[0.625s] INFO:colcon.colcon_core.shell:Creating prefix chain script '/home/michael/ros2_ws/install/setup.sh'
[0.627s] INFO:colcon.colcon_core.shell:Creating prefix script '/home/michael/ros2_ws/install/local_setup.bash'
[0.628s] INFO:colcon.colcon_core.shell:Creating prefix chain script '/home/michael/ros2_ws/install/setup.bash'
[0.630s] INFO:colcon.colcon_core.shell:Creating prefix script '/home/michael/ros2_ws/install/local_setup.zsh'
[0.630s] INFO:colcon.colcon_core.shell:Creating prefix chain script '/home/michael/ros2_ws/install/setup.zsh'
