[0.085s] Invoking command in '/home/michael/ros2_ws/build/ign_ros2_control_demos': AMENT_PREFIX_PATH=/home/michael/ros2_ws/install/velocity_controllers:/home/michael/ros2_ws/install/effort_controllers:/home/michael/ros2_ws/install/tricycle_controller:/home/michael/ros2_ws/install/ros2controlcli:/home/michael/ros2_ws/install/joint_trajectory_controller:/home/michael/ros2_ws/install/joint_state_broadcaster:/home/michael/ros2_ws/install/imu_sensor_broadcaster:/home/michael/ros2_ws/install/ign_ros2_control:/home/michael/ros2_ws/install/forward_command_controller:/home/michael/ros2_ws/install/diff_drive_controller:/home/michael/ros2_ws/install/controller_manager:/home/michael/ros2_ws/install/controller_interface:/home/michael/ros2_ws/install/hardware_interface:/home/michael/ros2_ws/install/control_toolbox:/home/michael/ros2_ws/install/ros2_control_test_assets:/home/michael/ros2_ws/install/realtime_tools:/home/michael/ros2_ws/install/controller_manager_msgs:/home/michael/ros2_ws/install/control_msgs:${AMENT_PREFIX_PATH} CMAKE_PREFIX_PATH=/home/michael/ros2_ws/install/velocity_controllers:/home/michael/ros2_ws/install/effort_controllers:/home/michael/ros2_ws/install/tricycle_controller:/home/michael/ros2_ws/install/joint_trajectory_controller:/home/michael/ros2_ws/install/joint_state_broadcaster:/home/michael/ros2_ws/install/imu_sensor_broadcaster:/home/michael/ros2_ws/install/ign_ros2_control:/home/michael/ros2_ws/install/forward_command_controller:/home/michael/ros2_ws/install/diff_drive_controller:/home/michael/ros2_ws/install/controller_manager:/home/michael/ros2_ws/install/controller_interface:/home/michael/ros2_ws/install/hardware_interface:/home/michael/ros2_ws/install/control_toolbox:/home/michael/ros2_ws/install/ros2_control_test_assets:/home/michael/ros2_ws/install/realtime_tools:/home/michael/ros2_ws/install/controller_manager_msgs:/home/michael/ros2_ws/install/control_msgs:/opt/ros/humble LD_LIBRARY_PATH=/home/michael/ros2_ws/install/velocity_controllers/lib:/home/michael/ros2_ws/install/effort_controllers/lib:/home/michael/ros2_ws/install/tricycle_controller/lib:/home/michael/ros2_ws/install/joint_trajectory_controller/lib:/home/michael/ros2_ws/install/joint_state_broadcaster/lib:/home/michael/ros2_ws/install/imu_sensor_broadcaster/lib:/home/michael/ros2_ws/install/ign_ros2_control/lib:/home/michael/ros2_ws/install/forward_command_controller/lib:/home/michael/ros2_ws/install/diff_drive_controller/lib:/home/michael/ros2_ws/install/controller_manager/lib:/home/michael/ros2_ws/install/controller_interface/lib:/home/michael/ros2_ws/install/hardware_interface/lib:/home/michael/ros2_ws/install/control_toolbox/lib:/home/michael/ros2_ws/install/realtime_tools/lib:/home/michael/ros2_ws/install/controller_manager_msgs/lib:/home/michael/ros2_ws/install/control_msgs/lib:${LD_LIBRARY_PATH} PYTHONPATH=/home/michael/ros2_ws/build/ros2controlcli:/home/michael/ros2_ws/install/ros2controlcli/lib/python3.10/site-packages:/home/michael/ros2_ws/install/controller_manager/local/lib/python3.10/dist-packages:/home/michael/ros2_ws/install/controller_manager_msgs/local/lib/python3.10/dist-packages:/home/michael/ros2_ws/install/control_msgs/local/lib/python3.10/dist-packages:${PYTHONPATH} /usr/bin/cmake --build /home/michael/ros2_ws/build/ign_ros2_control_demos -- -j14 -l14
[0.121s] -- Found ament_cmake: 1.3.5 (/opt/ros/humble/share/ament_cmake/cmake)
[0.347s] -- Override CMake install command with custom implementation using symlinks instead of copying resources
[0.360s] -- Found control_msgs: 4.4.0 (/home/michael/ros2_ws/install/control_msgs/share/control_msgs/cmake)
[0.404s] -- Found rosidl_generator_c: 3.1.5 (/opt/ros/humble/share/rosidl_generator_c/cmake)
[0.408s] -- Found rosidl_adapter: 3.1.5 (/opt/ros/humble/share/rosidl_adapter/cmake)
[0.418s] -- Found rosidl_generator_cpp: 3.1.5 (/opt/ros/humble/share/rosidl_generator_cpp/cmake)
[0.437s] -- Using all available rosidl_typesupport_c: rosidl_typesupport_fastrtps_c;rosidl_typesupport_introspection_c
[0.460s] -- Using all available rosidl_typesupport_cpp: rosidl_typesupport_fastrtps_cpp;rosidl_typesupport_introspection_cpp
[1.473s] -- Found rclcpp: 16.0.5 (/opt/ros/humble/share/rclcpp/cmake)
[1.549s] -- Found rmw_implementation_cmake: 6.1.1 (/opt/ros/humble/share/rmw_implementation_cmake/cmake)
[1.553s] -- Found rmw_fastrtps_cpp: 6.2.3 (/opt/ros/humble/share/rmw_fastrtps_cpp/cmake)
[1.765s] -- Using RMW implementation 'rmw_fastrtps_cpp' as default
[2.009s] -- Found rclcpp_action: 16.0.5 (/opt/ros/humble/share/rclcpp_action/cmake)
[2.093s] -- Found ament_cmake_gtest: 1.3.5 (/opt/ros/humble/share/ament_cmake_gtest/cmake)
[2.095s] -- Found ament_lint_auto: 0.12.7 (/opt/ros/humble/share/ament_lint_auto/cmake)
[2.275s] -- Added test 'copyright' to check source files copyright and LICENSE
[2.277s] -- Added test 'cppcheck' to perform static code analysis on C / C++ code
[2.277s] -- Configured cppcheck include dirs: 
[2.277s] -- Configured cppcheck exclude dirs and/or files: 
[2.279s] -- Added test 'cpplint' to check C / C++ code against the Google style
[2.279s] -- Configured cpplint exclude dirs and/or files: 
[2.279s] -- Added test 'flake8' to check Python code syntax and style conventions
[2.280s] -- Added test 'lint_cmake' to check CMake code style
[2.280s] -- Added test 'pep257' to check Python code against some of the docstring style conventions in PEP 257
[2.282s] -- Added test 'uncrustify' to check C / C++ code style
[2.282s] -- Configured uncrustify additional arguments: 
[2.282s] -- Added test 'xmllint' to check XML markup files
[2.283s] -- Configuring done
[2.321s] -- Generating done
[2.334s] -- Build files have been written to: /home/michael/ros2_ws/build/ign_ros2_control_demos
[2.374s] [35m[1mConsolidate compiler generated dependencies of target example_velocity[0m
[2.386s] [35m[1mConsolidate compiler generated dependencies of target example_position[0m
[2.420s] [35m[1mConsolidate compiler generated dependencies of target example_effort[0m
[2.435s] [35m[1mConsolidate compiler generated dependencies of target example_diff_drive[0m
[2.437s] [35m[1mConsolidate compiler generated dependencies of target example_tricycle_drive[0m
[2.453s] [35m[1mConsolidate compiler generated dependencies of target example_gripper[0m
[2.474s] [  8%] [32mBuilding CXX object CMakeFiles/example_velocity.dir/examples/example_velocity.cpp.o[0m
[2.476s] [ 16%] [32mBuilding CXX object CMakeFiles/example_position.dir/examples/example_position.cpp.o[0m
[2.497s] [ 25%] [32mBuilding CXX object CMakeFiles/example_diff_drive.dir/examples/example_diff_drive.cpp.o[0m
[2.509s] [ 33%] [32mBuilding CXX object CMakeFiles/example_tricycle_drive.dir/examples/example_tricycle_drive.cpp.o[0m
[2.539s] [ 41%] [32mBuilding CXX object CMakeFiles/example_effort.dir/examples/example_effort.cpp.o[0m
[2.559s] [ 50%] [32mBuilding CXX object CMakeFiles/example_gripper.dir/examples/example_gripper.cpp.o[0m
[12.041s] [ 58%] [32m[1mLinking CXX executable example_diff_drive[0m
[12.716s] [ 58%] Built target example_diff_drive
[12.844s] [ 66%] [32m[1mLinking CXX executable example_velocity[0m
[13.349s] [ 66%] Built target example_velocity
[13.403s] [ 75%] [32m[1mLinking CXX executable example_gripper[0m
[13.674s] [ 83%] [32m[1mLinking CXX executable example_tricycle_drive[0m
[13.727s] [ 83%] Built target example_gripper
[13.992s] [ 83%] Built target example_tricycle_drive
[14.088s] [ 91%] [32m[1mLinking CXX executable example_effort[0m
[14.148s] [100%] [32m[1mLinking CXX executable example_position[0m
[14.382s] [100%] Built target example_effort
[14.492s] [100%] Built target example_position
[14.513s] Invoked command in '/home/michael/ros2_ws/build/ign_ros2_control_demos' returned '0': AMENT_PREFIX_PATH=/home/michael/ros2_ws/install/velocity_controllers:/home/michael/ros2_ws/install/effort_controllers:/home/michael/ros2_ws/install/tricycle_controller:/home/michael/ros2_ws/install/ros2controlcli:/home/michael/ros2_ws/install/joint_trajectory_controller:/home/michael/ros2_ws/install/joint_state_broadcaster:/home/michael/ros2_ws/install/imu_sensor_broadcaster:/home/michael/ros2_ws/install/ign_ros2_control:/home/michael/ros2_ws/install/forward_command_controller:/home/michael/ros2_ws/install/diff_drive_controller:/home/michael/ros2_ws/install/controller_manager:/home/michael/ros2_ws/install/controller_interface:/home/michael/ros2_ws/install/hardware_interface:/home/michael/ros2_ws/install/control_toolbox:/home/michael/ros2_ws/install/ros2_control_test_assets:/home/michael/ros2_ws/install/realtime_tools:/home/michael/ros2_ws/install/controller_manager_msgs:/home/michael/ros2_ws/install/control_msgs:${AMENT_PREFIX_PATH} CMAKE_PREFIX_PATH=/home/michael/ros2_ws/install/velocity_controllers:/home/michael/ros2_ws/install/effort_controllers:/home/michael/ros2_ws/install/tricycle_controller:/home/michael/ros2_ws/install/joint_trajectory_controller:/home/michael/ros2_ws/install/joint_state_broadcaster:/home/michael/ros2_ws/install/imu_sensor_broadcaster:/home/michael/ros2_ws/install/ign_ros2_control:/home/michael/ros2_ws/install/forward_command_controller:/home/michael/ros2_ws/install/diff_drive_controller:/home/michael/ros2_ws/install/controller_manager:/home/michael/ros2_ws/install/controller_interface:/home/michael/ros2_ws/install/hardware_interface:/home/michael/ros2_ws/install/control_toolbox:/home/michael/ros2_ws/install/ros2_control_test_assets:/home/michael/ros2_ws/install/realtime_tools:/home/michael/ros2_ws/install/controller_manager_msgs:/home/michael/ros2_ws/install/control_msgs:/opt/ros/humble LD_LIBRARY_PATH=/home/michael/ros2_ws/install/velocity_controllers/lib:/home/michael/ros2_ws/install/effort_controllers/lib:/home/michael/ros2_ws/install/tricycle_controller/lib:/home/michael/ros2_ws/install/joint_trajectory_controller/lib:/home/michael/ros2_ws/install/joint_state_broadcaster/lib:/home/michael/ros2_ws/install/imu_sensor_broadcaster/lib:/home/michael/ros2_ws/install/ign_ros2_control/lib:/home/michael/ros2_ws/install/forward_command_controller/lib:/home/michael/ros2_ws/install/diff_drive_controller/lib:/home/michael/ros2_ws/install/controller_manager/lib:/home/michael/ros2_ws/install/controller_interface/lib:/home/michael/ros2_ws/install/hardware_interface/lib:/home/michael/ros2_ws/install/control_toolbox/lib:/home/michael/ros2_ws/install/realtime_tools/lib:/home/michael/ros2_ws/install/controller_manager_msgs/lib:/home/michael/ros2_ws/install/control_msgs/lib:${LD_LIBRARY_PATH} PYTHONPATH=/home/michael/ros2_ws/build/ros2controlcli:/home/michael/ros2_ws/install/ros2controlcli/lib/python3.10/site-packages:/home/michael/ros2_ws/install/controller_manager/local/lib/python3.10/dist-packages:/home/michael/ros2_ws/install/controller_manager_msgs/local/lib/python3.10/dist-packages:/home/michael/ros2_ws/install/control_msgs/local/lib/python3.10/dist-packages:${PYTHONPATH} /usr/bin/cmake --build /home/michael/ros2_ws/build/ign_ros2_control_demos -- -j14 -l14
[14.566s] Invoking command in '/home/michael/ros2_ws/build/ign_ros2_control_demos': AMENT_PREFIX_PATH=/home/michael/ros2_ws/install/velocity_controllers:/home/michael/ros2_ws/install/effort_controllers:/home/michael/ros2_ws/install/tricycle_controller:/home/michael/ros2_ws/install/ros2controlcli:/home/michael/ros2_ws/install/joint_trajectory_controller:/home/michael/ros2_ws/install/joint_state_broadcaster:/home/michael/ros2_ws/install/imu_sensor_broadcaster:/home/michael/ros2_ws/install/ign_ros2_control:/home/michael/ros2_ws/install/forward_command_controller:/home/michael/ros2_ws/install/diff_drive_controller:/home/michael/ros2_ws/install/controller_manager:/home/michael/ros2_ws/install/controller_interface:/home/michael/ros2_ws/install/hardware_interface:/home/michael/ros2_ws/install/control_toolbox:/home/michael/ros2_ws/install/ros2_control_test_assets:/home/michael/ros2_ws/install/realtime_tools:/home/michael/ros2_ws/install/controller_manager_msgs:/home/michael/ros2_ws/install/control_msgs:${AMENT_PREFIX_PATH} CMAKE_PREFIX_PATH=/home/michael/ros2_ws/install/velocity_controllers:/home/michael/ros2_ws/install/effort_controllers:/home/michael/ros2_ws/install/tricycle_controller:/home/michael/ros2_ws/install/joint_trajectory_controller:/home/michael/ros2_ws/install/joint_state_broadcaster:/home/michael/ros2_ws/install/imu_sensor_broadcaster:/home/michael/ros2_ws/install/ign_ros2_control:/home/michael/ros2_ws/install/forward_command_controller:/home/michael/ros2_ws/install/diff_drive_controller:/home/michael/ros2_ws/install/controller_manager:/home/michael/ros2_ws/install/controller_interface:/home/michael/ros2_ws/install/hardware_interface:/home/michael/ros2_ws/install/control_toolbox:/home/michael/ros2_ws/install/ros2_control_test_assets:/home/michael/ros2_ws/install/realtime_tools:/home/michael/ros2_ws/install/controller_manager_msgs:/home/michael/ros2_ws/install/control_msgs:/opt/ros/humble LD_LIBRARY_PATH=/home/michael/ros2_ws/install/velocity_controllers/lib:/home/michael/ros2_ws/install/effort_controllers/lib:/home/michael/ros2_ws/install/tricycle_controller/lib:/home/michael/ros2_ws/install/joint_trajectory_controller/lib:/home/michael/ros2_ws/install/joint_state_broadcaster/lib:/home/michael/ros2_ws/install/imu_sensor_broadcaster/lib:/home/michael/ros2_ws/install/ign_ros2_control/lib:/home/michael/ros2_ws/install/forward_command_controller/lib:/home/michael/ros2_ws/install/diff_drive_controller/lib:/home/michael/ros2_ws/install/controller_manager/lib:/home/michael/ros2_ws/install/controller_interface/lib:/home/michael/ros2_ws/install/hardware_interface/lib:/home/michael/ros2_ws/install/control_toolbox/lib:/home/michael/ros2_ws/install/realtime_tools/lib:/home/michael/ros2_ws/install/controller_manager_msgs/lib:/home/michael/ros2_ws/install/control_msgs/lib:${LD_LIBRARY_PATH} PYTHONPATH=/home/michael/ros2_ws/build/ros2controlcli:/home/michael/ros2_ws/install/ros2controlcli/lib/python3.10/site-packages:/home/michael/ros2_ws/install/controller_manager/local/lib/python3.10/dist-packages:/home/michael/ros2_ws/install/controller_manager_msgs/local/lib/python3.10/dist-packages:/home/michael/ros2_ws/install/control_msgs/local/lib/python3.10/dist-packages:${PYTHONPATH} /usr/bin/cmake --install /home/michael/ros2_ws/build/ign_ros2_control_demos
[14.578s] -- Install configuration: ""
[14.579s] -- Execute custom install script
[14.579s] -- Up-to-date symlink: /home/michael/ros2_ws/install/ign_ros2_control_demos/share/ign_ros2_control_demos//launch/cart_example_effort.launch.py
[14.579s] -- Up-to-date symlink: /home/michael/ros2_ws/install/ign_ros2_control_demos/share/ign_ros2_control_demos//launch/cart_example_position.launch.py
[14.580s] -- Up-to-date symlink: /home/michael/ros2_ws/install/ign_ros2_control_demos/share/ign_ros2_control_demos//launch/cart_example_velocity.launch.py
[14.580s] -- Up-to-date symlink: /home/michael/ros2_ws/install/ign_ros2_control_demos/share/ign_ros2_control_demos//launch/diff_drive_example.launch.py
[14.580s] -- Up-to-date symlink: /home/michael/ros2_ws/install/ign_ros2_control_demos/share/ign_ros2_control_demos//launch/gripper_mimic_joint_example.launch.py
[14.580s] -- Up-to-date symlink: /home/michael/ros2_ws/install/ign_ros2_control_demos/share/ign_ros2_control_demos//launch/tricycle_drive_example.launch.py
[14.581s] -- Up-to-date symlink: /home/michael/ros2_ws/install/ign_ros2_control_demos/share/ign_ros2_control_demos//config/cartpole_controller_effort.yaml
[14.581s] -- Up-to-date symlink: /home/michael/ros2_ws/install/ign_ros2_control_demos/share/ign_ros2_control_demos//config/cartpole_controller_position.yaml
[14.582s] -- Up-to-date symlink: /home/michael/ros2_ws/install/ign_ros2_control_demos/share/ign_ros2_control_demos//config/cartpole_controller_velocity.yaml
[14.582s] -- Up-to-date symlink: /home/michael/ros2_ws/install/ign_ros2_control_demos/share/ign_ros2_control_demos//config/diff_drive_controller_velocity.yaml
[14.582s] -- Up-to-date symlink: /home/michael/ros2_ws/install/ign_ros2_control_demos/share/ign_ros2_control_demos//config/gripper_controller.yaml
[14.582s] -- Up-to-date symlink: /home/michael/ros2_ws/install/ign_ros2_control_demos/share/ign_ros2_control_demos//config/tricycle_drive_controller.yaml
[14.583s] -- Up-to-date symlink: /home/michael/ros2_ws/install/ign_ros2_control_demos/share/ign_ros2_control_demos//urdf/test_cart_effort.xacro.urdf
[14.583s] -- Up-to-date symlink: /home/michael/ros2_ws/install/ign_ros2_control_demos/share/ign_ros2_control_demos//urdf/test_cart_position.xacro.urdf
[14.583s] -- Up-to-date symlink: /home/michael/ros2_ws/install/ign_ros2_control_demos/share/ign_ros2_control_demos//urdf/test_cart_velocity.xacro.urdf
[14.583s] -- Up-to-date symlink: /home/michael/ros2_ws/install/ign_ros2_control_demos/share/ign_ros2_control_demos//urdf/test_diff_drive.xacro.urdf
[14.583s] -- Up-to-date symlink: /home/michael/ros2_ws/install/ign_ros2_control_demos/share/ign_ros2_control_demos//urdf/test_gripper_mimic_joint.xacro.urdf
[14.584s] -- Up-to-date symlink: /home/michael/ros2_ws/install/ign_ros2_control_demos/share/ign_ros2_control_demos//urdf/test_tricycle_drive.xacro.urdf
[14.584s] -- Up-to-date symlink: /home/michael/ros2_ws/install/ign_ros2_control_demos/lib/ign_ros2_control_demos/example_position
[14.584s] -- Up-to-date symlink: /home/michael/ros2_ws/install/ign_ros2_control_demos/lib/ign_ros2_control_demos/example_velocity
[14.584s] -- Up-to-date symlink: /home/michael/ros2_ws/install/ign_ros2_control_demos/lib/ign_ros2_control_demos/example_effort
[14.585s] -- Up-to-date symlink: /home/michael/ros2_ws/install/ign_ros2_control_demos/lib/ign_ros2_control_demos/example_diff_drive
[14.585s] -- Up-to-date symlink: /home/michael/ros2_ws/install/ign_ros2_control_demos/lib/ign_ros2_control_demos/example_tricycle_drive
[14.585s] -- Up-to-date symlink: /home/michael/ros2_ws/install/ign_ros2_control_demos/lib/ign_ros2_control_demos/example_gripper
[14.585s] -- Up-to-date symlink: /home/michael/ros2_ws/install/ign_ros2_control_demos/share/ament_index/resource_index/package_run_dependencies/ign_ros2_control_demos
[14.585s] -- Up-to-date symlink: /home/michael/ros2_ws/install/ign_ros2_control_demos/share/ament_index/resource_index/parent_prefix_path/ign_ros2_control_demos
[14.585s] -- Up-to-date symlink: /home/michael/ros2_ws/install/ign_ros2_control_demos/share/ign_ros2_control_demos/environment/ament_prefix_path.sh
[14.586s] -- Up-to-date symlink: /home/michael/ros2_ws/install/ign_ros2_control_demos/share/ign_ros2_control_demos/environment/ament_prefix_path.dsv
[14.586s] -- Up-to-date symlink: /home/michael/ros2_ws/install/ign_ros2_control_demos/share/ign_ros2_control_demos/environment/path.sh
[14.586s] -- Up-to-date symlink: /home/michael/ros2_ws/install/ign_ros2_control_demos/share/ign_ros2_control_demos/environment/path.dsv
[14.586s] -- Up-to-date symlink: /home/michael/ros2_ws/install/ign_ros2_control_demos/share/ign_ros2_control_demos/local_setup.bash
[14.586s] -- Up-to-date symlink: /home/michael/ros2_ws/install/ign_ros2_control_demos/share/ign_ros2_control_demos/local_setup.sh
[14.587s] -- Up-to-date symlink: /home/michael/ros2_ws/install/ign_ros2_control_demos/share/ign_ros2_control_demos/local_setup.zsh
[14.587s] -- Up-to-date symlink: /home/michael/ros2_ws/install/ign_ros2_control_demos/share/ign_ros2_control_demos/local_setup.dsv
[14.587s] -- Symlinking: /home/michael/ros2_ws/install/ign_ros2_control_demos/share/ign_ros2_control_demos/package.dsv
[14.593s] -- Up-to-date symlink: /home/michael/ros2_ws/install/ign_ros2_control_demos/share/ament_index/resource_index/packages/ign_ros2_control_demos
[14.593s] -- Up-to-date symlink: /home/michael/ros2_ws/install/ign_ros2_control_demos/share/ign_ros2_control_demos/cmake/ign_ros2_control_demosConfig.cmake
[14.593s] -- Up-to-date symlink: /home/michael/ros2_ws/install/ign_ros2_control_demos/share/ign_ros2_control_demos/cmake/ign_ros2_control_demosConfig-version.cmake
[14.593s] -- Up-to-date symlink: /home/michael/ros2_ws/install/ign_ros2_control_demos/share/ign_ros2_control_demos/package.xml
[14.600s] Invoked command in '/home/michael/ros2_ws/build/ign_ros2_control_demos' returned '0': AMENT_PREFIX_PATH=/home/michael/ros2_ws/install/velocity_controllers:/home/michael/ros2_ws/install/effort_controllers:/home/michael/ros2_ws/install/tricycle_controller:/home/michael/ros2_ws/install/ros2controlcli:/home/michael/ros2_ws/install/joint_trajectory_controller:/home/michael/ros2_ws/install/joint_state_broadcaster:/home/michael/ros2_ws/install/imu_sensor_broadcaster:/home/michael/ros2_ws/install/ign_ros2_control:/home/michael/ros2_ws/install/forward_command_controller:/home/michael/ros2_ws/install/diff_drive_controller:/home/michael/ros2_ws/install/controller_manager:/home/michael/ros2_ws/install/controller_interface:/home/michael/ros2_ws/install/hardware_interface:/home/michael/ros2_ws/install/control_toolbox:/home/michael/ros2_ws/install/ros2_control_test_assets:/home/michael/ros2_ws/install/realtime_tools:/home/michael/ros2_ws/install/controller_manager_msgs:/home/michael/ros2_ws/install/control_msgs:${AMENT_PREFIX_PATH} CMAKE_PREFIX_PATH=/home/michael/ros2_ws/install/velocity_controllers:/home/michael/ros2_ws/install/effort_controllers:/home/michael/ros2_ws/install/tricycle_controller:/home/michael/ros2_ws/install/joint_trajectory_controller:/home/michael/ros2_ws/install/joint_state_broadcaster:/home/michael/ros2_ws/install/imu_sensor_broadcaster:/home/michael/ros2_ws/install/ign_ros2_control:/home/michael/ros2_ws/install/forward_command_controller:/home/michael/ros2_ws/install/diff_drive_controller:/home/michael/ros2_ws/install/controller_manager:/home/michael/ros2_ws/install/controller_interface:/home/michael/ros2_ws/install/hardware_interface:/home/michael/ros2_ws/install/control_toolbox:/home/michael/ros2_ws/install/ros2_control_test_assets:/home/michael/ros2_ws/install/realtime_tools:/home/michael/ros2_ws/install/controller_manager_msgs:/home/michael/ros2_ws/install/control_msgs:/opt/ros/humble LD_LIBRARY_PATH=/home/michael/ros2_ws/install/velocity_controllers/lib:/home/michael/ros2_ws/install/effort_controllers/lib:/home/michael/ros2_ws/install/tricycle_controller/lib:/home/michael/ros2_ws/install/joint_trajectory_controller/lib:/home/michael/ros2_ws/install/joint_state_broadcaster/lib:/home/michael/ros2_ws/install/imu_sensor_broadcaster/lib:/home/michael/ros2_ws/install/ign_ros2_control/lib:/home/michael/ros2_ws/install/forward_command_controller/lib:/home/michael/ros2_ws/install/diff_drive_controller/lib:/home/michael/ros2_ws/install/controller_manager/lib:/home/michael/ros2_ws/install/controller_interface/lib:/home/michael/ros2_ws/install/hardware_interface/lib:/home/michael/ros2_ws/install/control_toolbox/lib:/home/michael/ros2_ws/install/realtime_tools/lib:/home/michael/ros2_ws/install/controller_manager_msgs/lib:/home/michael/ros2_ws/install/control_msgs/lib:${LD_LIBRARY_PATH} PYTHONPATH=/home/michael/ros2_ws/build/ros2controlcli:/home/michael/ros2_ws/install/ros2controlcli/lib/python3.10/site-packages:/home/michael/ros2_ws/install/controller_manager/local/lib/python3.10/dist-packages:/home/michael/ros2_ws/install/controller_manager_msgs/local/lib/python3.10/dist-packages:/home/michael/ros2_ws/install/control_msgs/local/lib/python3.10/dist-packages:${PYTHONPATH} /usr/bin/cmake --install /home/michael/ros2_ws/build/ign_ros2_control_demos
