[0.053s] Invoking command in '/home/michael/ros2_ws/build/velocity_controllers': AMENT_PREFIX_PATH=/home/michael/ros2_ws/install/forward_command_controller:/home/michael/ros2_ws/install/controller_manager:/home/michael/ros2_ws/install/controller_interface:/home/michael/ros2_ws/install/hardware_interface:/home/michael/ros2_ws/install/ros2_control_test_assets:/home/michael/ros2_ws/install/realtime_tools:/home/michael/ros2_ws/install/controller_manager_msgs:/home/michael/ros2_ws/install/control_msgs:${AMENT_PREFIX_PATH} CMAKE_PREFIX_PATH=/home/michael/ros2_ws/install/forward_command_controller:/home/michael/ros2_ws/install/controller_manager:/home/michael/ros2_ws/install/controller_interface:/home/michael/ros2_ws/install/hardware_interface:/home/michael/ros2_ws/install/ros2_control_test_assets:/home/michael/ros2_ws/install/realtime_tools:/home/michael/ros2_ws/install/controller_manager_msgs:/home/michael/ros2_ws/install/control_msgs:/opt/ros/humble LD_LIBRARY_PATH=/home/michael/ros2_ws/install/forward_command_controller/lib:/home/michael/ros2_ws/install/controller_manager/lib:/home/michael/ros2_ws/install/controller_interface/lib:/home/michael/ros2_ws/install/hardware_interface/lib:/home/michael/ros2_ws/install/realtime_tools/lib:/home/michael/ros2_ws/install/controller_manager_msgs/lib:/home/michael/ros2_ws/install/control_msgs/lib:${LD_LIBRARY_PATH} PYTHONPATH=/home/michael/ros2_ws/install/controller_manager/local/lib/python3.10/dist-packages:/home/michael/ros2_ws/install/controller_manager_msgs/local/lib/python3.10/dist-packages:/home/michael/ros2_ws/install/control_msgs/local/lib/python3.10/dist-packages:${PYTHONPATH} /usr/bin/cmake --build /home/michael/ros2_ws/build/velocity_controllers -- -j14 -l14
[0.107s] -- Found ament_cmake: 1.3.5 (/opt/ros/humble/share/ament_cmake/cmake)
[0.324s] -- Override CMake install command with custom implementation using symlinks instead of copying resources
[0.339s] -- Found backward_ros: 1.0.2 (/opt/ros/humble/share/backward_ros/cmake)
[0.364s] -- Could NOT find libbfd (missing: LIBBFD_LIBRARY LIBBFD_INCLUDE_DIR) 
[0.365s] -- BACKWARD_HAS_UNWIND=1
[0.365s] -- BACKWARD_HAS_BACKTRACE=0
[0.365s] -- BACKWARD_HAS_BACKTRACE_SYMBOL=0
[0.366s] -- BACKWARD_HAS_DW=1
[0.366s] -- BACKWARD_HAS_BFD=0
[0.368s] -- Found Backward: /opt/ros/humble/share/backward_ros/cmake  
[0.370s] -- Found forward_command_controller: 2.24.0 (/home/michael/ros2_ws/install/forward_command_controller/share/forward_command_controller/cmake)
[0.418s] -- Found rosidl_generator_c: 3.1.5 (/opt/ros/humble/share/rosidl_generator_c/cmake)
[0.421s] -- Found rosidl_adapter: 3.1.5 (/opt/ros/humble/share/rosidl_adapter/cmake)
[0.436s] -- Found rosidl_generator_cpp: 3.1.5 (/opt/ros/humble/share/rosidl_generator_cpp/cmake)
[0.458s] -- Using all available rosidl_typesupport_c: rosidl_typesupport_fastrtps_c;rosidl_typesupport_introspection_c
[0.501s] -- Using all available rosidl_typesupport_cpp: rosidl_typesupport_fastrtps_cpp;rosidl_typesupport_introspection_cpp
[1.578s] -- Found rmw_implementation_cmake: 6.1.1 (/opt/ros/humble/share/rmw_implementation_cmake/cmake)
[1.579s] -- Found rmw_fastrtps_cpp: 6.2.3 (/opt/ros/humble/share/rmw_fastrtps_cpp/cmake)
[1.788s] -- Using RMW implementation 'rmw_fastrtps_cpp' as default
[2.388s] -- Found parameter_traits: 0.3.3 (/opt/ros/humble/share/parameter_traits/cmake)
[2.691s] -- Found ament_cmake_gmock: 1.3.5 (/opt/ros/humble/share/ament_cmake_gmock/cmake)
[2.691s] -- Found controller_manager: 2.29.0 (/home/michael/ros2_ws/install/controller_manager/share/controller_manager/cmake)
[3.142s] -- Found ros2_control_test_assets: 2.29.0 (/home/michael/ros2_ws/install/ros2_control_test_assets/share/ros2_control_test_assets/cmake)
[3.154s] -- Found gmock sources under '/opt/ros/humble/src/gmock_vendor': C++ tests using 'Google Mock' will be built
[3.155s] -- Found ament_cmake_gtest: 1.3.5 (/opt/ros/humble/share/ament_cmake_gtest/cmake)
[3.155s] -- Found gtest sources under '/opt/ros/humble/src/gtest_vendor': C++ tests using 'Google Test' will be built
[3.926s] -- Configuring done
[4.086s] -- Generating done
[4.108s] -- Build files have been written to: /home/michael/ros2_ws/build/velocity_controllers
[4.179s] [35m[1mConsolidate compiler generated dependencies of target gmock_main[0m
[4.191s] [35m[1mConsolidate compiler generated dependencies of target velocity_controllers[0m
[4.212s] [35m[1mConsolidate compiler generated dependencies of target gmock[0m
[4.227s] [ 18%] Built target gmock_main
[4.232s] [ 27%] [32mBuilding CXX object CMakeFiles/velocity_controllers.dir/src/joint_group_velocity_controller.cpp.o[0m
[4.242s] [ 54%] Built target gmock
[10.470s] [ 63%] [32m[1mLinking CXX shared library libvelocity_controllers.so[0m
[11.021s] [ 63%] Built target velocity_controllers
[11.044s] [35m[1mConsolidate compiler generated dependencies of target test_load_joint_group_velocity_controller[0m
[11.051s] [35m[1mConsolidate compiler generated dependencies of target test_joint_group_velocity_controller[0m
[11.107s] [ 72%] [32mBuilding CXX object CMakeFiles/test_load_joint_group_velocity_controller.dir/test/test_load_joint_group_velocity_controller.cpp.o[0m
[11.130s] [ 81%] [32mBuilding CXX object CMakeFiles/test_joint_group_velocity_controller.dir/test/test_joint_group_velocity_controller.cpp.o[0m
[20.402s] [ 90%] [32m[1mLinking CXX executable test_load_joint_group_velocity_controller[0m
[22.454s] [ 90%] Built target test_load_joint_group_velocity_controller
[24.427s] [100%] [32m[1mLinking CXX executable test_joint_group_velocity_controller[0m
[25.420s] [100%] Built target test_joint_group_velocity_controller
[25.447s] Invoked command in '/home/michael/ros2_ws/build/velocity_controllers' returned '0': AMENT_PREFIX_PATH=/home/michael/ros2_ws/install/forward_command_controller:/home/michael/ros2_ws/install/controller_manager:/home/michael/ros2_ws/install/controller_interface:/home/michael/ros2_ws/install/hardware_interface:/home/michael/ros2_ws/install/ros2_control_test_assets:/home/michael/ros2_ws/install/realtime_tools:/home/michael/ros2_ws/install/controller_manager_msgs:/home/michael/ros2_ws/install/control_msgs:${AMENT_PREFIX_PATH} CMAKE_PREFIX_PATH=/home/michael/ros2_ws/install/forward_command_controller:/home/michael/ros2_ws/install/controller_manager:/home/michael/ros2_ws/install/controller_interface:/home/michael/ros2_ws/install/hardware_interface:/home/michael/ros2_ws/install/ros2_control_test_assets:/home/michael/ros2_ws/install/realtime_tools:/home/michael/ros2_ws/install/controller_manager_msgs:/home/michael/ros2_ws/install/control_msgs:/opt/ros/humble LD_LIBRARY_PATH=/home/michael/ros2_ws/install/forward_command_controller/lib:/home/michael/ros2_ws/install/controller_manager/lib:/home/michael/ros2_ws/install/controller_interface/lib:/home/michael/ros2_ws/install/hardware_interface/lib:/home/michael/ros2_ws/install/realtime_tools/lib:/home/michael/ros2_ws/install/controller_manager_msgs/lib:/home/michael/ros2_ws/install/control_msgs/lib:${LD_LIBRARY_PATH} PYTHONPATH=/home/michael/ros2_ws/install/controller_manager/local/lib/python3.10/dist-packages:/home/michael/ros2_ws/install/controller_manager_msgs/local/lib/python3.10/dist-packages:/home/michael/ros2_ws/install/control_msgs/local/lib/python3.10/dist-packages:${PYTHONPATH} /usr/bin/cmake --build /home/michael/ros2_ws/build/velocity_controllers -- -j14 -l14
[25.593s] Invoking command in '/home/michael/ros2_ws/build/velocity_controllers': AMENT_PREFIX_PATH=/home/michael/ros2_ws/install/forward_command_controller:/home/michael/ros2_ws/install/controller_manager:/home/michael/ros2_ws/install/controller_interface:/home/michael/ros2_ws/install/hardware_interface:/home/michael/ros2_ws/install/ros2_control_test_assets:/home/michael/ros2_ws/install/realtime_tools:/home/michael/ros2_ws/install/controller_manager_msgs:/home/michael/ros2_ws/install/control_msgs:${AMENT_PREFIX_PATH} CMAKE_PREFIX_PATH=/home/michael/ros2_ws/install/forward_command_controller:/home/michael/ros2_ws/install/controller_manager:/home/michael/ros2_ws/install/controller_interface:/home/michael/ros2_ws/install/hardware_interface:/home/michael/ros2_ws/install/ros2_control_test_assets:/home/michael/ros2_ws/install/realtime_tools:/home/michael/ros2_ws/install/controller_manager_msgs:/home/michael/ros2_ws/install/control_msgs:/opt/ros/humble LD_LIBRARY_PATH=/home/michael/ros2_ws/install/forward_command_controller/lib:/home/michael/ros2_ws/install/controller_manager/lib:/home/michael/ros2_ws/install/controller_interface/lib:/home/michael/ros2_ws/install/hardware_interface/lib:/home/michael/ros2_ws/install/realtime_tools/lib:/home/michael/ros2_ws/install/controller_manager_msgs/lib:/home/michael/ros2_ws/install/control_msgs/lib:${LD_LIBRARY_PATH} PYTHONPATH=/home/michael/ros2_ws/install/controller_manager/local/lib/python3.10/dist-packages:/home/michael/ros2_ws/install/controller_manager_msgs/local/lib/python3.10/dist-packages:/home/michael/ros2_ws/install/control_msgs/local/lib/python3.10/dist-packages:${PYTHONPATH} /usr/bin/cmake --install /home/michael/ros2_ws/build/velocity_controllers
[25.640s] -- Install configuration: ""
[25.640s] -- Execute custom install script
[25.640s] -- Up-to-date symlink: /home/michael/ros2_ws/install/velocity_controllers/share/velocity_controllers//velocity_controllers_plugins.xml
[25.640s] -- Up-to-date symlink: /home/michael/ros2_ws/install/velocity_controllers/include/velocity_controllers/velocity_controllers/joint_group_velocity_controller.hpp
[25.641s] -- Up-to-date symlink: /home/michael/ros2_ws/install/velocity_controllers/include/velocity_controllers/velocity_controllers/visibility_control.h
[25.641s] -- Up-to-date symlink: /home/michael/ros2_ws/install/velocity_controllers/share/velocity_controllers/environment/library_path.sh
[25.641s] -- Up-to-date symlink: /home/michael/ros2_ws/install/velocity_controllers/share/velocity_controllers/environment/library_path.dsv
[25.641s] -- Up-to-date symlink: /home/michael/ros2_ws/install/velocity_controllers/share/ament_index/resource_index/package_run_dependencies/velocity_controllers
[25.641s] -- Up-to-date symlink: /home/michael/ros2_ws/install/velocity_controllers/share/ament_index/resource_index/parent_prefix_path/velocity_controllers
[25.641s] -- Up-to-date symlink: /home/michael/ros2_ws/install/velocity_controllers/share/velocity_controllers/environment/ament_prefix_path.sh
[25.641s] -- Up-to-date symlink: /home/michael/ros2_ws/install/velocity_controllers/share/velocity_controllers/environment/ament_prefix_path.dsv
[25.641s] -- Up-to-date symlink: /home/michael/ros2_ws/install/velocity_controllers/share/velocity_controllers/environment/path.sh
[25.641s] -- Up-to-date symlink: /home/michael/ros2_ws/install/velocity_controllers/share/velocity_controllers/environment/path.dsv
[25.641s] -- Up-to-date symlink: /home/michael/ros2_ws/install/velocity_controllers/share/velocity_controllers/local_setup.bash
[25.641s] -- Up-to-date symlink: /home/michael/ros2_ws/install/velocity_controllers/share/velocity_controllers/local_setup.sh
[25.641s] -- Up-to-date symlink: /home/michael/ros2_ws/install/velocity_controllers/share/velocity_controllers/local_setup.zsh
[25.642s] -- Up-to-date symlink: /home/michael/ros2_ws/install/velocity_controllers/share/velocity_controllers/local_setup.dsv
[25.642s] -- Symlinking: /home/michael/ros2_ws/install/velocity_controllers/share/velocity_controllers/package.dsv
[25.642s] -- Up-to-date symlink: /home/michael/ros2_ws/install/velocity_controllers/share/ament_index/resource_index/packages/velocity_controllers
[25.642s] -- Up-to-date symlink: /home/michael/ros2_ws/install/velocity_controllers/share/ament_index/resource_index/controller_interface__pluginlib__plugin/velocity_controllers
[25.642s] -- Up-to-date symlink: /home/michael/ros2_ws/install/velocity_controllers/share/velocity_controllers/cmake/ament_cmake_export_targets-extras.cmake
[25.642s] -- Up-to-date symlink: /home/michael/ros2_ws/install/velocity_controllers/share/velocity_controllers/cmake/ament_cmake_export_dependencies-extras.cmake
[25.642s] -- Up-to-date symlink: /home/michael/ros2_ws/install/velocity_controllers/share/velocity_controllers/cmake/velocity_controllersConfig.cmake
[25.643s] -- Up-to-date symlink: /home/michael/ros2_ws/install/velocity_controllers/share/velocity_controllers/cmake/velocity_controllersConfig-version.cmake
[25.643s] -- Up-to-date symlink: /home/michael/ros2_ws/install/velocity_controllers/share/velocity_controllers/package.xml
[25.644s] -- Installing: /home/michael/ros2_ws/install/velocity_controllers/lib/libvelocity_controllers.so
[25.644s] -- Set runtime path of "/home/michael/ros2_ws/install/velocity_controllers/lib/libvelocity_controllers.so" to ""
[25.644s] -- Up-to-date: /home/michael/ros2_ws/install/velocity_controllers/share/velocity_controllers/cmake/export_velocity_controllersExport.cmake
[25.644s] -- Up-to-date: /home/michael/ros2_ws/install/velocity_controllers/share/velocity_controllers/cmake/export_velocity_controllersExport-noconfig.cmake
[25.663s] Invoked command in '/home/michael/ros2_ws/build/velocity_controllers' returned '0': AMENT_PREFIX_PATH=/home/michael/ros2_ws/install/forward_command_controller:/home/michael/ros2_ws/install/controller_manager:/home/michael/ros2_ws/install/controller_interface:/home/michael/ros2_ws/install/hardware_interface:/home/michael/ros2_ws/install/ros2_control_test_assets:/home/michael/ros2_ws/install/realtime_tools:/home/michael/ros2_ws/install/controller_manager_msgs:/home/michael/ros2_ws/install/control_msgs:${AMENT_PREFIX_PATH} CMAKE_PREFIX_PATH=/home/michael/ros2_ws/install/forward_command_controller:/home/michael/ros2_ws/install/controller_manager:/home/michael/ros2_ws/install/controller_interface:/home/michael/ros2_ws/install/hardware_interface:/home/michael/ros2_ws/install/ros2_control_test_assets:/home/michael/ros2_ws/install/realtime_tools:/home/michael/ros2_ws/install/controller_manager_msgs:/home/michael/ros2_ws/install/control_msgs:/opt/ros/humble LD_LIBRARY_PATH=/home/michael/ros2_ws/install/forward_command_controller/lib:/home/michael/ros2_ws/install/controller_manager/lib:/home/michael/ros2_ws/install/controller_interface/lib:/home/michael/ros2_ws/install/hardware_interface/lib:/home/michael/ros2_ws/install/realtime_tools/lib:/home/michael/ros2_ws/install/controller_manager_msgs/lib:/home/michael/ros2_ws/install/control_msgs/lib:${LD_LIBRARY_PATH} PYTHONPATH=/home/michael/ros2_ws/install/controller_manager/local/lib/python3.10/dist-packages:/home/michael/ros2_ws/install/controller_manager_msgs/local/lib/python3.10/dist-packages:/home/michael/ros2_ws/install/control_msgs/local/lib/python3.10/dist-packages:${PYTHONPATH} /usr/bin/cmake --install /home/michael/ros2_ws/build/velocity_controllers
