[0.048s] Invoking command in '/home/michael/ros2_ws/build/position_controllers': AMENT_PREFIX_PATH=/home/michael/ros2_ws/install/forward_command_controller:/home/michael/ros2_ws/install/controller_manager:/home/michael/ros2_ws/install/controller_interface:/home/michael/ros2_ws/install/hardware_interface:/home/michael/ros2_ws/install/ros2_control_test_assets:/home/michael/ros2_ws/install/realtime_tools:/home/michael/ros2_ws/install/controller_manager_msgs:/home/michael/ros2_ws/install/control_msgs:${AMENT_PREFIX_PATH} CMAKE_PREFIX_PATH=/home/michael/ros2_ws/install/forward_command_controller:/home/michael/ros2_ws/install/controller_manager:/home/michael/ros2_ws/install/controller_interface:/home/michael/ros2_ws/install/hardware_interface:/home/michael/ros2_ws/install/ros2_control_test_assets:/home/michael/ros2_ws/install/realtime_tools:/home/michael/ros2_ws/install/controller_manager_msgs:/home/michael/ros2_ws/install/control_msgs:/opt/ros/humble LD_LIBRARY_PATH=/home/michael/ros2_ws/install/forward_command_controller/lib:/home/michael/ros2_ws/install/controller_manager/lib:/home/michael/ros2_ws/install/controller_interface/lib:/home/michael/ros2_ws/install/hardware_interface/lib:/home/michael/ros2_ws/install/realtime_tools/lib:/home/michael/ros2_ws/install/controller_manager_msgs/lib:/home/michael/ros2_ws/install/control_msgs/lib:${LD_LIBRARY_PATH} PYTHONPATH=/home/michael/ros2_ws/install/controller_manager/local/lib/python3.10/dist-packages:/home/michael/ros2_ws/install/controller_manager_msgs/local/lib/python3.10/dist-packages:/home/michael/ros2_ws/install/control_msgs/local/lib/python3.10/dist-packages:${PYTHONPATH} /usr/bin/cmake --build /home/michael/ros2_ws/build/position_controllers -- -j14 -l14
[0.098s] -- Found ament_cmake: 1.3.5 (/opt/ros/humble/share/ament_cmake/cmake)
[0.372s] -- Override CMake install command with custom implementation using symlinks instead of copying resources
[0.384s] -- Found backward_ros: 1.0.2 (/opt/ros/humble/share/backward_ros/cmake)
[0.411s] -- Could NOT find libbfd (missing: LIBBFD_LIBRARY LIBBFD_INCLUDE_DIR) 
[0.411s] -- BACKWARD_HAS_UNWIND=1
[0.411s] -- BACKWARD_HAS_BACKTRACE=0
[0.411s] -- BACKWARD_HAS_BACKTRACE_SYMBOL=0
[0.411s] -- BACKWARD_HAS_DW=1
[0.412s] -- BACKWARD_HAS_BFD=0
[0.412s] -- Found Backward: /opt/ros/humble/share/backward_ros/cmake  
[0.412s] -- Found forward_command_controller: 2.24.0 (/home/michael/ros2_ws/install/forward_command_controller/share/forward_command_controller/cmake)
[0.461s] -- Found rosidl_generator_c: 3.1.5 (/opt/ros/humble/share/rosidl_generator_c/cmake)
[0.467s] -- Found rosidl_adapter: 3.1.5 (/opt/ros/humble/share/rosidl_adapter/cmake)
[0.481s] -- Found rosidl_generator_cpp: 3.1.5 (/opt/ros/humble/share/rosidl_generator_cpp/cmake)
[0.505s] -- Using all available rosidl_typesupport_c: rosidl_typesupport_fastrtps_c;rosidl_typesupport_introspection_c
[0.539s] -- Using all available rosidl_typesupport_cpp: rosidl_typesupport_fastrtps_cpp;rosidl_typesupport_introspection_cpp
[1.529s] -- Found rmw_implementation_cmake: 6.1.1 (/opt/ros/humble/share/rmw_implementation_cmake/cmake)
[1.531s] -- Found rmw_fastrtps_cpp: 6.2.3 (/opt/ros/humble/share/rmw_fastrtps_cpp/cmake)
[1.722s] -- Using RMW implementation 'rmw_fastrtps_cpp' as default
[2.333s] -- Found parameter_traits: 0.3.3 (/opt/ros/humble/share/parameter_traits/cmake)
[2.583s] -- Found ament_cmake_gmock: 1.3.5 (/opt/ros/humble/share/ament_cmake_gmock/cmake)
[2.583s] -- Found controller_manager: 2.29.0 (/home/michael/ros2_ws/install/controller_manager/share/controller_manager/cmake)
[2.947s] -- Found ros2_control_test_assets: 2.29.0 (/home/michael/ros2_ws/install/ros2_control_test_assets/share/ros2_control_test_assets/cmake)
[2.948s] -- Found gmock sources under '/opt/ros/humble/src/gmock_vendor': C++ tests using 'Google Mock' will be built
[2.954s] -- Found ament_cmake_gtest: 1.3.5 (/opt/ros/humble/share/ament_cmake_gtest/cmake)
[2.955s] -- Found gtest sources under '/opt/ros/humble/src/gtest_vendor': C++ tests using 'Google Test' will be built
[3.614s] -- Configuring done
[3.719s] -- Generating done
[3.724s] -- Build files have been written to: /home/michael/ros2_ws/build/position_controllers
[3.779s] [35m[1mConsolidate compiler generated dependencies of target position_controllers[0m
[3.800s] [35m[1mConsolidate compiler generated dependencies of target gmock[0m
[3.811s] [35m[1mConsolidate compiler generated dependencies of target gmock_main[0m
[3.843s] [  9%] [32mBuilding CXX object CMakeFiles/position_controllers.dir/src/joint_group_position_controller.cpp.o[0m
[3.853s] [ 36%] Built target gmock
[3.894s] [ 54%] Built target gmock_main
[9.917s] [ 63%] [32m[1mLinking CXX shared library libposition_controllers.so[0m
[10.538s] [ 63%] Built target position_controllers
[10.552s] [35m[1mConsolidate compiler generated dependencies of target test_load_joint_group_position_controller[0m
[10.582s] [35m[1mConsolidate compiler generated dependencies of target test_joint_group_position_controller[0m
[10.601s] [ 72%] [32mBuilding CXX object CMakeFiles/test_load_joint_group_position_controller.dir/test/test_load_joint_group_position_controller.cpp.o[0m
[10.618s] [ 81%] [32mBuilding CXX object CMakeFiles/test_joint_group_position_controller.dir/test/test_joint_group_position_controller.cpp.o[0m
[19.107s] [ 90%] [32m[1mLinking CXX executable test_load_joint_group_position_controller[0m
[20.626s] [ 90%] Built target test_load_joint_group_position_controller
[23.411s] [100%] [32m[1mLinking CXX executable test_joint_group_position_controller[0m
[24.695s] [100%] Built target test_joint_group_position_controller
[24.714s] Invoked command in '/home/michael/ros2_ws/build/position_controllers' returned '0': AMENT_PREFIX_PATH=/home/michael/ros2_ws/install/forward_command_controller:/home/michael/ros2_ws/install/controller_manager:/home/michael/ros2_ws/install/controller_interface:/home/michael/ros2_ws/install/hardware_interface:/home/michael/ros2_ws/install/ros2_control_test_assets:/home/michael/ros2_ws/install/realtime_tools:/home/michael/ros2_ws/install/controller_manager_msgs:/home/michael/ros2_ws/install/control_msgs:${AMENT_PREFIX_PATH} CMAKE_PREFIX_PATH=/home/michael/ros2_ws/install/forward_command_controller:/home/michael/ros2_ws/install/controller_manager:/home/michael/ros2_ws/install/controller_interface:/home/michael/ros2_ws/install/hardware_interface:/home/michael/ros2_ws/install/ros2_control_test_assets:/home/michael/ros2_ws/install/realtime_tools:/home/michael/ros2_ws/install/controller_manager_msgs:/home/michael/ros2_ws/install/control_msgs:/opt/ros/humble LD_LIBRARY_PATH=/home/michael/ros2_ws/install/forward_command_controller/lib:/home/michael/ros2_ws/install/controller_manager/lib:/home/michael/ros2_ws/install/controller_interface/lib:/home/michael/ros2_ws/install/hardware_interface/lib:/home/michael/ros2_ws/install/realtime_tools/lib:/home/michael/ros2_ws/install/controller_manager_msgs/lib:/home/michael/ros2_ws/install/control_msgs/lib:${LD_LIBRARY_PATH} PYTHONPATH=/home/michael/ros2_ws/install/controller_manager/local/lib/python3.10/dist-packages:/home/michael/ros2_ws/install/controller_manager_msgs/local/lib/python3.10/dist-packages:/home/michael/ros2_ws/install/control_msgs/local/lib/python3.10/dist-packages:${PYTHONPATH} /usr/bin/cmake --build /home/michael/ros2_ws/build/position_controllers -- -j14 -l14
[24.787s] Invoking command in '/home/michael/ros2_ws/build/position_controllers': AMENT_PREFIX_PATH=/home/michael/ros2_ws/install/forward_command_controller:/home/michael/ros2_ws/install/controller_manager:/home/michael/ros2_ws/install/controller_interface:/home/michael/ros2_ws/install/hardware_interface:/home/michael/ros2_ws/install/ros2_control_test_assets:/home/michael/ros2_ws/install/realtime_tools:/home/michael/ros2_ws/install/controller_manager_msgs:/home/michael/ros2_ws/install/control_msgs:${AMENT_PREFIX_PATH} CMAKE_PREFIX_PATH=/home/michael/ros2_ws/install/forward_command_controller:/home/michael/ros2_ws/install/controller_manager:/home/michael/ros2_ws/install/controller_interface:/home/michael/ros2_ws/install/hardware_interface:/home/michael/ros2_ws/install/ros2_control_test_assets:/home/michael/ros2_ws/install/realtime_tools:/home/michael/ros2_ws/install/controller_manager_msgs:/home/michael/ros2_ws/install/control_msgs:/opt/ros/humble LD_LIBRARY_PATH=/home/michael/ros2_ws/install/forward_command_controller/lib:/home/michael/ros2_ws/install/controller_manager/lib:/home/michael/ros2_ws/install/controller_interface/lib:/home/michael/ros2_ws/install/hardware_interface/lib:/home/michael/ros2_ws/install/realtime_tools/lib:/home/michael/ros2_ws/install/controller_manager_msgs/lib:/home/michael/ros2_ws/install/control_msgs/lib:${LD_LIBRARY_PATH} PYTHONPATH=/home/michael/ros2_ws/install/controller_manager/local/lib/python3.10/dist-packages:/home/michael/ros2_ws/install/controller_manager_msgs/local/lib/python3.10/dist-packages:/home/michael/ros2_ws/install/control_msgs/local/lib/python3.10/dist-packages:${PYTHONPATH} /usr/bin/cmake --install /home/michael/ros2_ws/build/position_controllers
[25.431s] -- Install configuration: ""
[25.434s] -- Execute custom install script
[25.434s] -- Up-to-date symlink: /home/michael/ros2_ws/install/position_controllers/share/position_controllers//position_controllers_plugins.xml
[25.434s] -- Up-to-date symlink: /home/michael/ros2_ws/install/position_controllers/include/position_controllers/position_controllers/joint_group_position_controller.hpp
[25.434s] -- Up-to-date symlink: /home/michael/ros2_ws/install/position_controllers/include/position_controllers/position_controllers/visibility_control.h
[25.434s] -- Up-to-date symlink: /home/michael/ros2_ws/install/position_controllers/share/position_controllers/environment/library_path.sh
[25.434s] -- Up-to-date symlink: /home/michael/ros2_ws/install/position_controllers/share/position_controllers/environment/library_path.dsv
[25.434s] -- Up-to-date symlink: /home/michael/ros2_ws/install/position_controllers/share/ament_index/resource_index/package_run_dependencies/position_controllers
[25.434s] -- Up-to-date symlink: /home/michael/ros2_ws/install/position_controllers/share/ament_index/resource_index/parent_prefix_path/position_controllers
[25.434s] -- Up-to-date symlink: /home/michael/ros2_ws/install/position_controllers/share/position_controllers/environment/ament_prefix_path.sh
[25.434s] -- Up-to-date symlink: /home/michael/ros2_ws/install/position_controllers/share/position_controllers/environment/ament_prefix_path.dsv
[25.434s] -- Up-to-date symlink: /home/michael/ros2_ws/install/position_controllers/share/position_controllers/environment/path.sh
[25.435s] -- Up-to-date symlink: /home/michael/ros2_ws/install/position_controllers/share/position_controllers/environment/path.dsv
[25.435s] -- Up-to-date symlink: /home/michael/ros2_ws/install/position_controllers/share/position_controllers/local_setup.bash
[25.435s] -- Up-to-date symlink: /home/michael/ros2_ws/install/position_controllers/share/position_controllers/local_setup.sh
[25.435s] -- Up-to-date symlink: /home/michael/ros2_ws/install/position_controllers/share/position_controllers/local_setup.zsh
[25.435s] -- Up-to-date symlink: /home/michael/ros2_ws/install/position_controllers/share/position_controllers/local_setup.dsv
[25.435s] -- Symlinking: /home/michael/ros2_ws/install/position_controllers/share/position_controllers/package.dsv
[25.435s] -- Up-to-date symlink: /home/michael/ros2_ws/install/position_controllers/share/ament_index/resource_index/packages/position_controllers
[25.435s] -- Up-to-date symlink: /home/michael/ros2_ws/install/position_controllers/share/ament_index/resource_index/controller_interface__pluginlib__plugin/position_controllers
[25.435s] -- Up-to-date symlink: /home/michael/ros2_ws/install/position_controllers/share/position_controllers/cmake/ament_cmake_export_targets-extras.cmake
[25.435s] -- Up-to-date symlink: /home/michael/ros2_ws/install/position_controllers/share/position_controllers/cmake/ament_cmake_export_dependencies-extras.cmake
[25.435s] -- Up-to-date symlink: /home/michael/ros2_ws/install/position_controllers/share/position_controllers/cmake/position_controllersConfig.cmake
[25.435s] -- Up-to-date symlink: /home/michael/ros2_ws/install/position_controllers/share/position_controllers/cmake/position_controllersConfig-version.cmake
[25.435s] -- Up-to-date symlink: /home/michael/ros2_ws/install/position_controllers/share/position_controllers/package.xml
[25.436s] -- Installing: /home/michael/ros2_ws/install/position_controllers/lib/libposition_controllers.so
[25.436s] -- Set runtime path of "/home/michael/ros2_ws/install/position_controllers/lib/libposition_controllers.so" to ""
[25.436s] -- Up-to-date: /home/michael/ros2_ws/install/position_controllers/share/position_controllers/cmake/export_position_controllersExport.cmake
[25.436s] -- Up-to-date: /home/michael/ros2_ws/install/position_controllers/share/position_controllers/cmake/export_position_controllersExport-noconfig.cmake
[25.533s] Invoked command in '/home/michael/ros2_ws/build/position_controllers' returned '0': AMENT_PREFIX_PATH=/home/michael/ros2_ws/install/forward_command_controller:/home/michael/ros2_ws/install/controller_manager:/home/michael/ros2_ws/install/controller_interface:/home/michael/ros2_ws/install/hardware_interface:/home/michael/ros2_ws/install/ros2_control_test_assets:/home/michael/ros2_ws/install/realtime_tools:/home/michael/ros2_ws/install/controller_manager_msgs:/home/michael/ros2_ws/install/control_msgs:${AMENT_PREFIX_PATH} CMAKE_PREFIX_PATH=/home/michael/ros2_ws/install/forward_command_controller:/home/michael/ros2_ws/install/controller_manager:/home/michael/ros2_ws/install/controller_interface:/home/michael/ros2_ws/install/hardware_interface:/home/michael/ros2_ws/install/ros2_control_test_assets:/home/michael/ros2_ws/install/realtime_tools:/home/michael/ros2_ws/install/controller_manager_msgs:/home/michael/ros2_ws/install/control_msgs:/opt/ros/humble LD_LIBRARY_PATH=/home/michael/ros2_ws/install/forward_command_controller/lib:/home/michael/ros2_ws/install/controller_manager/lib:/home/michael/ros2_ws/install/controller_interface/lib:/home/michael/ros2_ws/install/hardware_interface/lib:/home/michael/ros2_ws/install/realtime_tools/lib:/home/michael/ros2_ws/install/controller_manager_msgs/lib:/home/michael/ros2_ws/install/control_msgs/lib:${LD_LIBRARY_PATH} PYTHONPATH=/home/michael/ros2_ws/install/controller_manager/local/lib/python3.10/dist-packages:/home/michael/ros2_ws/install/controller_manager_msgs/local/lib/python3.10/dist-packages:/home/michael/ros2_ws/install/control_msgs/local/lib/python3.10/dist-packages:${PYTHONPATH} /usr/bin/cmake --install /home/michael/ros2_ws/build/position_controllers
