[0.250s] Invoking command in '/home/michael/ros2_ws/build/gazebo_ros2_control': AMENT_PREFIX_PATH=/home/michael/ros2_ws/install/controller_manager:/home/michael/ros2_ws/install/controller_interface:/home/michael/ros2_ws/install/hardware_interface:/home/michael/ros2_ws/install/ros2_control_test_assets:/home/michael/ros2_ws/install/realtime_tools:/home/michael/ros2_ws/install/controller_manager_msgs:/home/michael/ros2_ws/install/control_msgs:${AMENT_PREFIX_PATH} CMAKE_PREFIX_PATH=/home/michael/ros2_ws/install/controller_manager:/home/michael/ros2_ws/install/controller_interface:/home/michael/ros2_ws/install/hardware_interface:/home/michael/ros2_ws/install/ros2_control_test_assets:/home/michael/ros2_ws/install/realtime_tools:/home/michael/ros2_ws/install/controller_manager_msgs:/home/michael/ros2_ws/install/control_msgs:/opt/ros/humble LD_LIBRARY_PATH=/home/michael/ros2_ws/install/controller_manager/lib:/home/michael/ros2_ws/install/controller_interface/lib:/home/michael/ros2_ws/install/hardware_interface/lib:/home/michael/ros2_ws/install/realtime_tools/lib:/home/michael/ros2_ws/install/controller_manager_msgs/lib:/home/michael/ros2_ws/install/control_msgs/lib:${LD_LIBRARY_PATH} PYTHONPATH=/home/michael/ros2_ws/install/controller_manager/local/lib/python3.10/dist-packages:/home/michael/ros2_ws/install/controller_manager_msgs/local/lib/python3.10/dist-packages:/home/michael/ros2_ws/install/control_msgs/local/lib/python3.10/dist-packages:${PYTHONPATH} /usr/bin/cmake /home/michael/ros2_ws/src/ros-controls/gazebo_ros2_control/gazebo_ros2_control -DAMENT_CMAKE_SYMLINK_INSTALL=1 -DCMAKE_INSTALL_PREFIX=/home/michael/ros2_ws/install/gazebo_ros2_control
[0.273s] -- Found ament_cmake: 1.3.5 (/opt/ros/humble/share/ament_cmake/cmake)
[0.546s] -- Override CMake install command with custom implementation using symlinks instead of copying resources
[0.568s] -- Found angles: 1.15.0 (/opt/ros/humble/share/angles/cmake)
[0.570s] -- Found controller_manager: 2.29.0 (/home/michael/ros2_ws/install/controller_manager/share/controller_manager/cmake)
[0.616s] -- Found rosidl_generator_c: 3.1.5 (/opt/ros/humble/share/rosidl_generator_c/cmake)
[0.619s] -- Found rosidl_adapter: 3.1.5 (/opt/ros/humble/share/rosidl_adapter/cmake)
[0.626s] -- Found rosidl_generator_cpp: 3.1.5 (/opt/ros/humble/share/rosidl_generator_cpp/cmake)
[0.642s] -- Using all available rosidl_typesupport_c: rosidl_typesupport_fastrtps_c;rosidl_typesupport_introspection_c
[0.670s] -- Using all available rosidl_typesupport_cpp: rosidl_typesupport_fastrtps_cpp;rosidl_typesupport_introspection_cpp
[1.668s] -- Found rmw_implementation_cmake: 6.1.1 (/opt/ros/humble/share/rmw_implementation_cmake/cmake)
[1.670s] -- Found rmw_fastrtps_cpp: 6.2.3 (/opt/ros/humble/share/rmw_fastrtps_cpp/cmake)
[1.824s] -- Using RMW implementation 'rmw_fastrtps_cpp' as default
[2.801s] -- Found gazebo_dev: 3.7.0 (/opt/ros/humble/share/gazebo_dev/cmake)
[2.842s] -- Found DART: /usr/include (Required is at least version "6.6") found components: dart 
[2.873s] -- Found Protobuf: /usr/lib/x86_64-linux-gnu/libprotobuf.so (found version "3.12.4") 
[2.875s] -- Looking for ignition-math6 -- found version 6.12.0
[2.883s] -- Searching for dependencies of ignition-math6
[2.884s] -- Looking for OGRE...
[2.893s] -- Found Ogre Ghadamon (1.9.0)
[2.893s] -- Found OGRE: optimized;/usr/lib/x86_64-linux-gnu/libOgreMain.so;debug;/usr/lib/x86_64-linux-gnu/libOgreMain.so
[2.911s] -- Looking for OGRE_Paging...
[2.911s] -- Found OGRE_Paging: optimized;/usr/lib/x86_64-linux-gnu/libOgrePaging.so;debug;/usr/lib/x86_64-linux-gnu/libOgrePaging.so
[2.911s] -- Looking for OGRE_Terrain...
[2.914s] -- Found OGRE_Terrain: optimized;/usr/lib/x86_64-linux-gnu/libOgreTerrain.so;debug;/usr/lib/x86_64-linux-gnu/libOgreTerrain.so
[2.914s] -- Looking for OGRE_Property...
[2.914s] -- Found OGRE_Property: optimized;/usr/lib/x86_64-linux-gnu/libOgreProperty.so;debug;/usr/lib/x86_64-linux-gnu/libOgreProperty.so
[2.916s] -- Looking for OGRE_RTShaderSystem...
[2.916s] -- Found OGRE_RTShaderSystem: optimized;/usr/lib/x86_64-linux-gnu/libOgreRTShaderSystem.so;debug;/usr/lib/x86_64-linux-gnu/libOgreRTShaderSystem.so
[2.916s] -- Looking for OGRE_Volume...
[2.916s] -- Found OGRE_Volume: optimized;/usr/lib/x86_64-linux-gnu/libOgreVolume.so;debug;/usr/lib/x86_64-linux-gnu/libOgreVolume.so
[2.917s] -- Looking for OGRE_Overlay...
[2.917s] -- Found OGRE_Overlay: optimized;/usr/lib/x86_64-linux-gnu/libOgreOverlay.so;debug;/usr/lib/x86_64-linux-gnu/libOgreOverlay.so
[3.083s] -- Looking for ignition-math6 -- found version 6.12.0
[3.084s] -- Looking for ignition-transport8 -- found version 8.2.1
[3.085s] -- Searching for dependencies of ignition-transport8
[3.112s] -- Found Protobuf: /usr/lib/x86_64-linux-gnu/libprotobuf.so (found suitable version "3.12.4", minimum required is "3") 
[3.133s] -- Config-file not installed for ZeroMQ -- checking for pkg-config
[3.139s] -- Checking for module 'libzmq >= 4'
[3.151s] --   Found libzmq , version 4.3.4
[3.218s] -- Checking for module 'uuid'
[3.237s] --   Found uuid, version 2.37.2
[3.292s] -- Looking for ignition-msgs5 -- found version 5.8.1
[3.293s] -- Searching for dependencies of ignition-msgs5
[3.325s] -- Looking for ignition-math6 -- found version 6.12.0
[3.337s] -- Looking for ignition-msgs5 -- found version 5.8.1
[3.338s] -- Looking for ignition-common3 -- found version 3.14.0
[3.339s] -- Searching for dependencies of ignition-common3
[3.339s] -- Looking for dlfcn.h - found
[3.339s] -- Looking for libdl - found
[3.358s] -- Searching for <ignition-common3> component [graphics]
[3.359s] -- Looking for ignition-common3-graphics -- found version 3.14.0
[3.360s] -- Searching for dependencies of ignition-common3-graphics
[3.361s] -- Looking for ignition-math6 -- found version 6.12.0
[3.362s] -- Looking for ignition-fuel_tools4 -- found version 4.4.0
[3.362s] -- Searching for dependencies of ignition-fuel_tools4
[3.410s] -- Checking for module 'jsoncpp'
[3.434s] --   Found jsoncpp, version 1.9.5
[3.506s] -- Checking for module 'libzip'
[3.527s] --   Found libzip, version 1.7.3
[3.577s] -- Looking for ignition-common3 -- found version 3.14.0
[3.577s] -- Looking for ignition-math6 -- found version 6.12.0
[3.577s] -- Looking for ignition-msgs5 -- found version 5.8.1
[3.580s] -- Gazebo version: 11.10
[3.581s] -- Found gazebo_ros: 3.7.0 (/opt/ros/humble/share/gazebo_ros/cmake)
[3.600s] -- Found yaml_cpp_vendor: 8.0.2 (/opt/ros/humble/share/yaml_cpp_vendor/cmake)
[4.678s] -- Found ament_cmake_gtest: 1.3.5 (/opt/ros/humble/share/ament_cmake_gtest/cmake)
[4.680s] -- Found ament_lint_auto: 0.12.7 (/opt/ros/humble/share/ament_lint_auto/cmake)
[4.838s] -- Added test 'copyright' to check source files copyright and LICENSE
[4.840s] -- Added test 'cppcheck' to perform static code analysis on C / C++ code
[4.845s] -- Configured cppcheck include dirs: /home/michael/ros2_ws/src/ros-controls/gazebo_ros2_control/gazebo_ros2_control/include
[4.845s] -- Configured cppcheck exclude dirs and/or files: 
[4.848s] -- Added test 'cpplint' to check C / C++ code against the Google style
[4.848s] -- Configured cpplint exclude dirs and/or files: 
[4.860s] -- Added test 'lint_cmake' to check CMake code style
[4.860s] -- Added test 'uncrustify' to check C / C++ code style
[4.861s] -- Configured uncrustify additional arguments: 
[4.861s] -- Added test 'xmllint' to check XML markup files
[4.864s] -- Configuring done
[4.951s] -- Generating done
[4.958s] -- Build files have been written to: /home/michael/ros2_ws/build/gazebo_ros2_control
[5.019s] Invoked command in '/home/michael/ros2_ws/build/gazebo_ros2_control' returned '0': AMENT_PREFIX_PATH=/home/michael/ros2_ws/install/controller_manager:/home/michael/ros2_ws/install/controller_interface:/home/michael/ros2_ws/install/hardware_interface:/home/michael/ros2_ws/install/ros2_control_test_assets:/home/michael/ros2_ws/install/realtime_tools:/home/michael/ros2_ws/install/controller_manager_msgs:/home/michael/ros2_ws/install/control_msgs:${AMENT_PREFIX_PATH} CMAKE_PREFIX_PATH=/home/michael/ros2_ws/install/controller_manager:/home/michael/ros2_ws/install/controller_interface:/home/michael/ros2_ws/install/hardware_interface:/home/michael/ros2_ws/install/ros2_control_test_assets:/home/michael/ros2_ws/install/realtime_tools:/home/michael/ros2_ws/install/controller_manager_msgs:/home/michael/ros2_ws/install/control_msgs:/opt/ros/humble LD_LIBRARY_PATH=/home/michael/ros2_ws/install/controller_manager/lib:/home/michael/ros2_ws/install/controller_interface/lib:/home/michael/ros2_ws/install/hardware_interface/lib:/home/michael/ros2_ws/install/realtime_tools/lib:/home/michael/ros2_ws/install/controller_manager_msgs/lib:/home/michael/ros2_ws/install/control_msgs/lib:${LD_LIBRARY_PATH} PYTHONPATH=/home/michael/ros2_ws/install/controller_manager/local/lib/python3.10/dist-packages:/home/michael/ros2_ws/install/controller_manager_msgs/local/lib/python3.10/dist-packages:/home/michael/ros2_ws/install/control_msgs/local/lib/python3.10/dist-packages:${PYTHONPATH} /usr/bin/cmake /home/michael/ros2_ws/src/ros-controls/gazebo_ros2_control/gazebo_ros2_control -DAMENT_CMAKE_SYMLINK_INSTALL=1 -DCMAKE_INSTALL_PREFIX=/home/michael/ros2_ws/install/gazebo_ros2_control
[5.019s] Invoking command in '/home/michael/ros2_ws/build/gazebo_ros2_control': AMENT_PREFIX_PATH=/home/michael/ros2_ws/install/controller_manager:/home/michael/ros2_ws/install/controller_interface:/home/michael/ros2_ws/install/hardware_interface:/home/michael/ros2_ws/install/ros2_control_test_assets:/home/michael/ros2_ws/install/realtime_tools:/home/michael/ros2_ws/install/controller_manager_msgs:/home/michael/ros2_ws/install/control_msgs:${AMENT_PREFIX_PATH} CMAKE_PREFIX_PATH=/home/michael/ros2_ws/install/controller_manager:/home/michael/ros2_ws/install/controller_interface:/home/michael/ros2_ws/install/hardware_interface:/home/michael/ros2_ws/install/ros2_control_test_assets:/home/michael/ros2_ws/install/realtime_tools:/home/michael/ros2_ws/install/controller_manager_msgs:/home/michael/ros2_ws/install/control_msgs:/opt/ros/humble LD_LIBRARY_PATH=/home/michael/ros2_ws/install/controller_manager/lib:/home/michael/ros2_ws/install/controller_interface/lib:/home/michael/ros2_ws/install/hardware_interface/lib:/home/michael/ros2_ws/install/realtime_tools/lib:/home/michael/ros2_ws/install/controller_manager_msgs/lib:/home/michael/ros2_ws/install/control_msgs/lib:${LD_LIBRARY_PATH} PYTHONPATH=/home/michael/ros2_ws/install/controller_manager/local/lib/python3.10/dist-packages:/home/michael/ros2_ws/install/controller_manager_msgs/local/lib/python3.10/dist-packages:/home/michael/ros2_ws/install/control_msgs/local/lib/python3.10/dist-packages:${PYTHONPATH} /usr/bin/cmake --build /home/michael/ros2_ws/build/gazebo_ros2_control -- -j14 -l14
[51.512s] [35m[1mConsolidate compiler generated dependencies of target gazebo_hardware_plugins[0m
[51.512s] [35m[1mConsolidate compiler generated dependencies of target gazebo_ros2_control[0m
[51.512s] [ 25%] [32mBuilding CXX object CMakeFiles/gazebo_hardware_plugins.dir/src/gazebo_system.cpp.o[0m
[51.512s] [ 50%] [32mBuilding CXX object CMakeFiles/gazebo_ros2_control.dir/src/gazebo_ros2_control_plugin.cpp.o[0m
[51.512s] [ 75%] [32m[1mLinking CXX shared library libgazebo_hardware_plugins.so[0m
[51.512s] [ 75%] Built target gazebo_hardware_plugins
[55.386s] [100%] [32m[1mLinking CXX shared library libgazebo_ros2_control.so[0m
[57.760s] [100%] Built target gazebo_ros2_control
[57.812s] Invoked command in '/home/michael/ros2_ws/build/gazebo_ros2_control' returned '0': AMENT_PREFIX_PATH=/home/michael/ros2_ws/install/controller_manager:/home/michael/ros2_ws/install/controller_interface:/home/michael/ros2_ws/install/hardware_interface:/home/michael/ros2_ws/install/ros2_control_test_assets:/home/michael/ros2_ws/install/realtime_tools:/home/michael/ros2_ws/install/controller_manager_msgs:/home/michael/ros2_ws/install/control_msgs:${AMENT_PREFIX_PATH} CMAKE_PREFIX_PATH=/home/michael/ros2_ws/install/controller_manager:/home/michael/ros2_ws/install/controller_interface:/home/michael/ros2_ws/install/hardware_interface:/home/michael/ros2_ws/install/ros2_control_test_assets:/home/michael/ros2_ws/install/realtime_tools:/home/michael/ros2_ws/install/controller_manager_msgs:/home/michael/ros2_ws/install/control_msgs:/opt/ros/humble LD_LIBRARY_PATH=/home/michael/ros2_ws/install/controller_manager/lib:/home/michael/ros2_ws/install/controller_interface/lib:/home/michael/ros2_ws/install/hardware_interface/lib:/home/michael/ros2_ws/install/realtime_tools/lib:/home/michael/ros2_ws/install/controller_manager_msgs/lib:/home/michael/ros2_ws/install/control_msgs/lib:${LD_LIBRARY_PATH} PYTHONPATH=/home/michael/ros2_ws/install/controller_manager/local/lib/python3.10/dist-packages:/home/michael/ros2_ws/install/controller_manager_msgs/local/lib/python3.10/dist-packages:/home/michael/ros2_ws/install/control_msgs/local/lib/python3.10/dist-packages:${PYTHONPATH} /usr/bin/cmake --build /home/michael/ros2_ws/build/gazebo_ros2_control -- -j14 -l14
[57.961s] Invoking command in '/home/michael/ros2_ws/build/gazebo_ros2_control': AMENT_PREFIX_PATH=/home/michael/ros2_ws/install/controller_manager:/home/michael/ros2_ws/install/controller_interface:/home/michael/ros2_ws/install/hardware_interface:/home/michael/ros2_ws/install/ros2_control_test_assets:/home/michael/ros2_ws/install/realtime_tools:/home/michael/ros2_ws/install/controller_manager_msgs:/home/michael/ros2_ws/install/control_msgs:${AMENT_PREFIX_PATH} CMAKE_PREFIX_PATH=/home/michael/ros2_ws/install/controller_manager:/home/michael/ros2_ws/install/controller_interface:/home/michael/ros2_ws/install/hardware_interface:/home/michael/ros2_ws/install/ros2_control_test_assets:/home/michael/ros2_ws/install/realtime_tools:/home/michael/ros2_ws/install/controller_manager_msgs:/home/michael/ros2_ws/install/control_msgs:/opt/ros/humble LD_LIBRARY_PATH=/home/michael/ros2_ws/install/controller_manager/lib:/home/michael/ros2_ws/install/controller_interface/lib:/home/michael/ros2_ws/install/hardware_interface/lib:/home/michael/ros2_ws/install/realtime_tools/lib:/home/michael/ros2_ws/install/controller_manager_msgs/lib:/home/michael/ros2_ws/install/control_msgs/lib:${LD_LIBRARY_PATH} PYTHONPATH=/home/michael/ros2_ws/install/controller_manager/local/lib/python3.10/dist-packages:/home/michael/ros2_ws/install/controller_manager_msgs/local/lib/python3.10/dist-packages:/home/michael/ros2_ws/install/control_msgs/local/lib/python3.10/dist-packages:${PYTHONPATH} /usr/bin/cmake --install /home/michael/ros2_ws/build/gazebo_ros2_control
[57.971s] -- Install configuration: ""
[57.972s] -- Execute custom install script
[57.972s] -- Up-to-date symlink: /home/michael/ros2_ws/install/gazebo_ros2_control/lib/libgazebo_ros2_control.so
[57.974s] -- Up-to-date symlink: /home/michael/ros2_ws/install/gazebo_ros2_control/lib/libgazebo_hardware_plugins.so
[57.975s] -- Up-to-date symlink: /home/michael/ros2_ws/install/gazebo_ros2_control/share/gazebo_ros2_control/environment/library_path.sh
[57.975s] -- Up-to-date symlink: /home/michael/ros2_ws/install/gazebo_ros2_control/share/gazebo_ros2_control/environment/library_path.dsv
[57.975s] -- Up-to-date symlink: /home/michael/ros2_ws/install/gazebo_ros2_control/include/gazebo_ros2_control/gazebo_ros2_control_plugin.hpp
[57.975s] -- Up-to-date symlink: /home/michael/ros2_ws/install/gazebo_ros2_control/include/gazebo_ros2_control/gazebo_system.hpp
[57.975s] -- Up-to-date symlink: /home/michael/ros2_ws/install/gazebo_ros2_control/include/gazebo_ros2_control/gazebo_system_interface.hpp
[57.975s] -- Up-to-date symlink: /home/michael/ros2_ws/install/gazebo_ros2_control/share/gazebo_ros2_control//gazebo_hardware_plugins.xml
[57.975s] -- Up-to-date symlink: /home/michael/ros2_ws/install/gazebo_ros2_control/share/ament_index/resource_index/package_run_dependencies/gazebo_ros2_control
[57.975s] -- Up-to-date symlink: /home/michael/ros2_ws/install/gazebo_ros2_control/share/ament_index/resource_index/parent_prefix_path/gazebo_ros2_control
[57.975s] -- Up-to-date symlink: /home/michael/ros2_ws/install/gazebo_ros2_control/share/gazebo_ros2_control/environment/ament_prefix_path.sh
[57.975s] -- Up-to-date symlink: /home/michael/ros2_ws/install/gazebo_ros2_control/share/gazebo_ros2_control/environment/ament_prefix_path.dsv
[57.975s] -- Up-to-date symlink: /home/michael/ros2_ws/install/gazebo_ros2_control/share/gazebo_ros2_control/environment/path.sh
[57.975s] -- Up-to-date symlink: /home/michael/ros2_ws/install/gazebo_ros2_control/share/gazebo_ros2_control/environment/path.dsv
[57.975s] -- Up-to-date symlink: /home/michael/ros2_ws/install/gazebo_ros2_control/share/gazebo_ros2_control/local_setup.bash
[57.975s] -- Up-to-date symlink: /home/michael/ros2_ws/install/gazebo_ros2_control/share/gazebo_ros2_control/local_setup.sh
[57.976s] -- Up-to-date symlink: /home/michael/ros2_ws/install/gazebo_ros2_control/share/gazebo_ros2_control/local_setup.zsh
[57.976s] -- Up-to-date symlink: /home/michael/ros2_ws/install/gazebo_ros2_control/share/gazebo_ros2_control/local_setup.dsv
[57.976s] -- Symlinking: /home/michael/ros2_ws/install/gazebo_ros2_control/share/gazebo_ros2_control/package.dsv
[57.999s] -- Up-to-date symlink: /home/michael/ros2_ws/install/gazebo_ros2_control/share/ament_index/resource_index/packages/gazebo_ros2_control
[57.999s] -- Up-to-date symlink: /home/michael/ros2_ws/install/gazebo_ros2_control/share/ament_index/resource_index/gazebo_ros2_control__pluginlib__plugin/gazebo_ros2_control
[58.000s] -- Up-to-date symlink: /home/michael/ros2_ws/install/gazebo_ros2_control/share/gazebo_ros2_control/cmake/ament_cmake_export_include_directories-extras.cmake
[58.000s] -- Up-to-date symlink: /home/michael/ros2_ws/install/gazebo_ros2_control/share/gazebo_ros2_control/cmake/ament_cmake_export_dependencies-extras.cmake
[58.001s] -- Up-to-date symlink: /home/michael/ros2_ws/install/gazebo_ros2_control/share/gazebo_ros2_control/cmake/ament_cmake_export_libraries-extras.cmake
[58.001s] -- Up-to-date symlink: /home/michael/ros2_ws/install/gazebo_ros2_control/share/gazebo_ros2_control/cmake/gazebo_ros2_controlConfig.cmake
[58.001s] -- Up-to-date symlink: /home/michael/ros2_ws/install/gazebo_ros2_control/share/gazebo_ros2_control/cmake/gazebo_ros2_controlConfig-version.cmake
[58.002s] -- Up-to-date symlink: /home/michael/ros2_ws/install/gazebo_ros2_control/share/gazebo_ros2_control/package.xml
[58.011s] Invoked command in '/home/michael/ros2_ws/build/gazebo_ros2_control' returned '0': AMENT_PREFIX_PATH=/home/michael/ros2_ws/install/controller_manager:/home/michael/ros2_ws/install/controller_interface:/home/michael/ros2_ws/install/hardware_interface:/home/michael/ros2_ws/install/ros2_control_test_assets:/home/michael/ros2_ws/install/realtime_tools:/home/michael/ros2_ws/install/controller_manager_msgs:/home/michael/ros2_ws/install/control_msgs:${AMENT_PREFIX_PATH} CMAKE_PREFIX_PATH=/home/michael/ros2_ws/install/controller_manager:/home/michael/ros2_ws/install/controller_interface:/home/michael/ros2_ws/install/hardware_interface:/home/michael/ros2_ws/install/ros2_control_test_assets:/home/michael/ros2_ws/install/realtime_tools:/home/michael/ros2_ws/install/controller_manager_msgs:/home/michael/ros2_ws/install/control_msgs:/opt/ros/humble LD_LIBRARY_PATH=/home/michael/ros2_ws/install/controller_manager/lib:/home/michael/ros2_ws/install/controller_interface/lib:/home/michael/ros2_ws/install/hardware_interface/lib:/home/michael/ros2_ws/install/realtime_tools/lib:/home/michael/ros2_ws/install/controller_manager_msgs/lib:/home/michael/ros2_ws/install/control_msgs/lib:${LD_LIBRARY_PATH} PYTHONPATH=/home/michael/ros2_ws/install/controller_manager/local/lib/python3.10/dist-packages:/home/michael/ros2_ws/install/controller_manager_msgs/local/lib/python3.10/dist-packages:/home/michael/ros2_ws/install/control_msgs/local/lib/python3.10/dist-packages:${PYTHONPATH} /usr/bin/cmake --install /home/michael/ros2_ws/build/gazebo_ros2_control
