[0.045s] Invoking command in '/home/michael/ros2_ws/build/bicycle_steering_controller': AMENT_PREFIX_PATH=/home/michael/ros2_ws/install/steering_controllers_library:/home/michael/ros2_ws/install/controller_manager:/home/michael/ros2_ws/install/controller_interface:/home/michael/ros2_ws/install/hardware_interface:/home/michael/ros2_ws/install/ros2_control_test_assets:/home/michael/ros2_ws/install/realtime_tools:/home/michael/ros2_ws/install/controller_manager_msgs:/home/michael/ros2_ws/install/control_msgs:${AMENT_PREFIX_PATH} CMAKE_PREFIX_PATH=/home/michael/ros2_ws/install/steering_controllers_library:/home/michael/ros2_ws/install/controller_manager:/home/michael/ros2_ws/install/controller_interface:/home/michael/ros2_ws/install/hardware_interface:/home/michael/ros2_ws/install/ros2_control_test_assets:/home/michael/ros2_ws/install/realtime_tools:/home/michael/ros2_ws/install/controller_manager_msgs:/home/michael/ros2_ws/install/control_msgs:/home/michael/ros2_ws/install/testarm:/home/michael/ros2_ws/install/model_arm:/opt/ros/humble LD_LIBRARY_PATH=/home/michael/ros2_ws/install/steering_controllers_library/lib:/home/michael/ros2_ws/install/controller_manager/lib:/home/michael/ros2_ws/install/controller_interface/lib:/home/michael/ros2_ws/install/hardware_interface/lib:/home/michael/ros2_ws/install/realtime_tools/lib:/home/michael/ros2_ws/install/controller_manager_msgs/lib:/home/michael/ros2_ws/install/control_msgs/lib:${LD_LIBRARY_PATH} PYTHONPATH=/home/michael/ros2_ws/install/controller_manager/local/lib/python3.10/dist-packages:/home/michael/ros2_ws/install/controller_manager_msgs/local/lib/python3.10/dist-packages:/home/michael/ros2_ws/install/control_msgs/local/lib/python3.10/dist-packages:${PYTHONPATH} /usr/bin/cmake /home/michael/ros2_ws/src/ros-controls/ros2_controllers/bicycle_steering_controller -DAMENT_CMAKE_SYMLINK_INSTALL=1 -DCMAKE_INSTALL_PREFIX=/home/michael/ros2_ws/install/bicycle_steering_controller
[2.128s] -- The CXX compiler identification is GNU 11.4.0
[2.128s] -- Detecting CXX compiler ABI info
[2.128s] -- Detecting CXX compiler ABI info - done
[2.129s] -- Check for working CXX compiler: /usr/bin/c++ - skipped
[2.129s] -- Detecting CXX compile features
[2.129s] -- Detecting CXX compile features - done
[2.129s] -- Found ament_cmake: 1.3.5 (/opt/ros/humble/share/ament_cmake/cmake)
[2.129s] -- Found Python3: /usr/bin/python3.10 (found version "3.10.12") found components: Interpreter 
[2.129s] -- Override CMake install command with custom implementation using symlinks instead of copying resources
[2.129s] -- Found backward_ros: 1.0.2 (/opt/ros/humble/share/backward_ros/cmake)
[2.129s] -- Found libdw: /usr/lib/x86_64-linux-gnu/libdw.so  
[2.129s] -- Could NOT find libbfd (missing: LIBBFD_LIBRARY LIBBFD_INCLUDE_DIR) 
[2.136s] -- BACKWARD_HAS_UNWIND=1
[2.136s] -- BACKWARD_HAS_BACKTRACE=0
[2.136s] -- BACKWARD_HAS_BACKTRACE_SYMBOL=0
[2.136s] -- BACKWARD_HAS_DW=1
[2.137s] -- BACKWARD_HAS_BFD=0
[2.137s] -- Found Backward: /opt/ros/humble/share/backward_ros/cmake  
[2.137s] -- Found controller_interface: 2.29.0 (/home/michael/ros2_ws/install/controller_interface/share/controller_interface/cmake)
[2.137s] -- Found rosidl_generator_c: 3.1.5 (/opt/ros/humble/share/rosidl_generator_c/cmake)
[2.137s] -- Found rosidl_adapter: 3.1.5 (/opt/ros/humble/share/rosidl_adapter/cmake)
[2.137s] -- Found rosidl_generator_cpp: 3.1.5 (/opt/ros/humble/share/rosidl_generator_cpp/cmake)
[2.137s] -- Using all available rosidl_typesupport_c: rosidl_typesupport_fastrtps_c;rosidl_typesupport_introspection_c
[2.138s] -- Using all available rosidl_typesupport_cpp: rosidl_typesupport_fastrtps_cpp;rosidl_typesupport_introspection_cpp
[2.272s] -- Found rmw_implementation_cmake: 6.1.1 (/opt/ros/humble/share/rmw_implementation_cmake/cmake)
[2.276s] -- Found rmw_fastrtps_cpp: 6.2.3 (/opt/ros/humble/share/rmw_fastrtps_cpp/cmake)
[2.488s] -- Found OpenSSL: /usr/lib/x86_64-linux-gnu/libcrypto.so (found version "3.0.2")  
[2.534s] -- Found FastRTPS: /opt/ros/humble/include  
[2.611s] -- Using RMW implementation 'rmw_fastrtps_cpp' as default
[2.630s] -- Looking for C++ include pthread.h
[2.786s] -- Looking for C++ include pthread.h - found
[2.787s] -- Performing Test CMAKE_HAVE_LIBC_PTHREAD
[3.011s] -- Performing Test CMAKE_HAVE_LIBC_PTHREAD - Success
[3.011s] -- Found Threads: TRUE  
[3.447s] -- Found generate_parameter_library: 0.3.3 (/opt/ros/humble/share/generate_parameter_library/cmake)
[3.450s] -- Found parameter_traits: 0.3.3 (/opt/ros/humble/share/parameter_traits/cmake)
[3.484s] -- Found realtime_tools: 2.5.0 (/home/michael/ros2_ws/install/realtime_tools/share/realtime_tools/cmake)
[3.550s] -- Found std_srvs: 4.2.3 (/opt/ros/humble/share/std_srvs/cmake)
[3.571s] -- Found steering_controllers_library: 2.24.0 (/home/michael/ros2_ws/install/steering_controllers_library/share/steering_controllers_library/cmake)
[4.371s] -- Found eigen3_cmake_module: 0.1.1 (/opt/ros/humble/share/eigen3_cmake_module/cmake)
[4.372s] -- Found Eigen3: TRUE (found version "3.4.0") 
[4.372s] -- Ensuring Eigen3 include directory is part of orocos-kdl CMake target
[4.955s] -- Found ament_cmake_gmock: 1.3.5 (/opt/ros/humble/share/ament_cmake_gmock/cmake)
[4.957s] -- Found controller_manager: 2.29.0 (/home/michael/ros2_ws/install/controller_manager/share/controller_manager/cmake)
[5.408s] -- Found ros2_control_test_assets: 2.29.0 (/home/michael/ros2_ws/install/ros2_control_test_assets/share/ros2_control_test_assets/cmake)
[5.413s] -- Found gmock sources under '/opt/ros/humble/src/gmock_vendor': C++ tests using 'Google Mock' will be built
[5.474s] -- The C compiler identification is GNU 11.4.0
[5.485s] -- Detecting C compiler ABI info
[5.645s] -- Detecting C compiler ABI info - done
[5.658s] -- Check for working C compiler: /usr/bin/cc - skipped
[5.658s] -- Detecting C compile features
[5.659s] -- Detecting C compile features - done
[5.666s] -- Found ament_cmake_gtest: 1.3.5 (/opt/ros/humble/share/ament_cmake_gtest/cmake)
[5.667s] -- Found gtest sources under '/opt/ros/humble/src/gtest_vendor': C++ tests using 'Google Test' will be built
[6.497s] -- Found gmock sources under '/opt/ros/humble/src/gmock_vendor': C++ tests using 'Google Mock' will be built
[6.497s] -- Found ament_cmake_gtest: 1.3.5 (/opt/ros/humble/share/ament_cmake_gtest/cmake)
[6.497s] -- Found gtest sources under '/opt/ros/humble/src/gtest_vendor': C++ tests using 'Google Test' will be built
[6.865s] -- Found gmock sources under '/opt/ros/humble/src/gmock_vendor': C++ tests using 'Google Mock' will be built
[6.865s] -- Found ament_cmake_gtest: 1.3.5 (/opt/ros/humble/share/ament_cmake_gtest/cmake)
[6.865s] -- Found gtest sources under '/opt/ros/humble/src/gtest_vendor': C++ tests using 'Google Test' will be built
[7.296s] -- Configuring done
[7.430s] -- Generating done
[7.436s] -- Build files have been written to: /home/michael/ros2_ws/build/bicycle_steering_controller
[7.479s] Invoked command in '/home/michael/ros2_ws/build/bicycle_steering_controller' returned '0': AMENT_PREFIX_PATH=/home/michael/ros2_ws/install/steering_controllers_library:/home/michael/ros2_ws/install/controller_manager:/home/michael/ros2_ws/install/controller_interface:/home/michael/ros2_ws/install/hardware_interface:/home/michael/ros2_ws/install/ros2_control_test_assets:/home/michael/ros2_ws/install/realtime_tools:/home/michael/ros2_ws/install/controller_manager_msgs:/home/michael/ros2_ws/install/control_msgs:${AMENT_PREFIX_PATH} CMAKE_PREFIX_PATH=/home/michael/ros2_ws/install/steering_controllers_library:/home/michael/ros2_ws/install/controller_manager:/home/michael/ros2_ws/install/controller_interface:/home/michael/ros2_ws/install/hardware_interface:/home/michael/ros2_ws/install/ros2_control_test_assets:/home/michael/ros2_ws/install/realtime_tools:/home/michael/ros2_ws/install/controller_manager_msgs:/home/michael/ros2_ws/install/control_msgs:/home/michael/ros2_ws/install/testarm:/home/michael/ros2_ws/install/model_arm:/opt/ros/humble LD_LIBRARY_PATH=/home/michael/ros2_ws/install/steering_controllers_library/lib:/home/michael/ros2_ws/install/controller_manager/lib:/home/michael/ros2_ws/install/controller_interface/lib:/home/michael/ros2_ws/install/hardware_interface/lib:/home/michael/ros2_ws/install/realtime_tools/lib:/home/michael/ros2_ws/install/controller_manager_msgs/lib:/home/michael/ros2_ws/install/control_msgs/lib:${LD_LIBRARY_PATH} PYTHONPATH=/home/michael/ros2_ws/install/controller_manager/local/lib/python3.10/dist-packages:/home/michael/ros2_ws/install/controller_manager_msgs/local/lib/python3.10/dist-packages:/home/michael/ros2_ws/install/control_msgs/local/lib/python3.10/dist-packages:${PYTHONPATH} /usr/bin/cmake /home/michael/ros2_ws/src/ros-controls/ros2_controllers/bicycle_steering_controller -DAMENT_CMAKE_SYMLINK_INSTALL=1 -DCMAKE_INSTALL_PREFIX=/home/michael/ros2_ws/install/bicycle_steering_controller
[7.481s] Invoking command in '/home/michael/ros2_ws/build/bicycle_steering_controller': AMENT_PREFIX_PATH=/home/michael/ros2_ws/install/steering_controllers_library:/home/michael/ros2_ws/install/controller_manager:/home/michael/ros2_ws/install/controller_interface:/home/michael/ros2_ws/install/hardware_interface:/home/michael/ros2_ws/install/ros2_control_test_assets:/home/michael/ros2_ws/install/realtime_tools:/home/michael/ros2_ws/install/controller_manager_msgs:/home/michael/ros2_ws/install/control_msgs:${AMENT_PREFIX_PATH} CMAKE_PREFIX_PATH=/home/michael/ros2_ws/install/steering_controllers_library:/home/michael/ros2_ws/install/controller_manager:/home/michael/ros2_ws/install/controller_interface:/home/michael/ros2_ws/install/hardware_interface:/home/michael/ros2_ws/install/ros2_control_test_assets:/home/michael/ros2_ws/install/realtime_tools:/home/michael/ros2_ws/install/controller_manager_msgs:/home/michael/ros2_ws/install/control_msgs:/home/michael/ros2_ws/install/testarm:/home/michael/ros2_ws/install/model_arm:/opt/ros/humble LD_LIBRARY_PATH=/home/michael/ros2_ws/install/steering_controllers_library/lib:/home/michael/ros2_ws/install/controller_manager/lib:/home/michael/ros2_ws/install/controller_interface/lib:/home/michael/ros2_ws/install/hardware_interface/lib:/home/michael/ros2_ws/install/realtime_tools/lib:/home/michael/ros2_ws/install/controller_manager_msgs/lib:/home/michael/ros2_ws/install/control_msgs/lib:${LD_LIBRARY_PATH} PYTHONPATH=/home/michael/ros2_ws/install/controller_manager/local/lib/python3.10/dist-packages:/home/michael/ros2_ws/install/controller_manager_msgs/local/lib/python3.10/dist-packages:/home/michael/ros2_ws/install/control_msgs/local/lib/python3.10/dist-packages:${PYTHONPATH} /usr/bin/cmake --build /home/michael/ros2_ws/build/bicycle_steering_controller -- -j14 -l14
[7.568s] [  8%] [34m[1mRunning `/opt/ros/humble/bin/generate_parameter_library_py /home/michael/ros2_ws/build/bicycle_steering_controller/bicycle_steering_controller_parameters/include//bicycle_steering_controller_parameters.hpp /home/michael/ros2_ws/src/ros-controls/ros2_controllers/bicycle_steering_controller/src/bicycle_steering_controller.yaml `[0m
[7.829s] [  8%] Built target bicycle_steering_controller_parameters
[7.857s] [ 16%] [32mBuilding CXX object gmock/CMakeFiles/gmock.dir/opt/ros/humble/src/gtest_vendor/src/gtest-all.cc.o[0m
[12.444s] [ 25%] [32mBuilding CXX object gmock/CMakeFiles/gmock.dir/src/gmock-all.cc.o[0m
[14.969s] [ 33%] [32m[1mLinking CXX static library libgmock.a[0m
[15.056s] [ 33%] Built target gmock
[15.086s] [ 41%] [32mBuilding CXX object CMakeFiles/bicycle_steering_controller.dir/src/bicycle_steering_controller.cpp.o[0m
[19.685s] [ 50%] [32m[1mLinking CXX shared library libbicycle_steering_controller.so[0m
[20.812s] [ 50%] Built target bicycle_steering_controller
[20.906s] [ 58%] [32mBuilding CXX object CMakeFiles/test_load_bicycle_steering_controller.dir/test/test_load_bicycle_steering_controller.cpp.o[0m
[20.915s] [ 66%] [32mBuilding CXX object CMakeFiles/test_bicycle_steering_controller_preceeding.dir/test/test_bicycle_steering_controller_preceeding.cpp.o[0m
[20.942s] [ 75%] [32mBuilding CXX object CMakeFiles/test_bicycle_steering_controller.dir/test/test_bicycle_steering_controller.cpp.o[0m
[34.219s] [ 83%] [32m[1mLinking CXX executable test_load_bicycle_steering_controller[0m
[35.950s] [ 83%] Built target test_load_bicycle_steering_controller
[36.086s] [ 91%] [32m[1mLinking CXX executable test_bicycle_steering_controller_preceeding[0m
[37.518s] [ 91%] Built target test_bicycle_steering_controller_preceeding
[44.625s] [100%] [32m[1mLinking CXX executable test_bicycle_steering_controller[0m
[46.127s] [100%] Built target test_bicycle_steering_controller
[46.142s] Invoked command in '/home/michael/ros2_ws/build/bicycle_steering_controller' returned '0': AMENT_PREFIX_PATH=/home/michael/ros2_ws/install/steering_controllers_library:/home/michael/ros2_ws/install/controller_manager:/home/michael/ros2_ws/install/controller_interface:/home/michael/ros2_ws/install/hardware_interface:/home/michael/ros2_ws/install/ros2_control_test_assets:/home/michael/ros2_ws/install/realtime_tools:/home/michael/ros2_ws/install/controller_manager_msgs:/home/michael/ros2_ws/install/control_msgs:${AMENT_PREFIX_PATH} CMAKE_PREFIX_PATH=/home/michael/ros2_ws/install/steering_controllers_library:/home/michael/ros2_ws/install/controller_manager:/home/michael/ros2_ws/install/controller_interface:/home/michael/ros2_ws/install/hardware_interface:/home/michael/ros2_ws/install/ros2_control_test_assets:/home/michael/ros2_ws/install/realtime_tools:/home/michael/ros2_ws/install/controller_manager_msgs:/home/michael/ros2_ws/install/control_msgs:/home/michael/ros2_ws/install/testarm:/home/michael/ros2_ws/install/model_arm:/opt/ros/humble LD_LIBRARY_PATH=/home/michael/ros2_ws/install/steering_controllers_library/lib:/home/michael/ros2_ws/install/controller_manager/lib:/home/michael/ros2_ws/install/controller_interface/lib:/home/michael/ros2_ws/install/hardware_interface/lib:/home/michael/ros2_ws/install/realtime_tools/lib:/home/michael/ros2_ws/install/controller_manager_msgs/lib:/home/michael/ros2_ws/install/control_msgs/lib:${LD_LIBRARY_PATH} PYTHONPATH=/home/michael/ros2_ws/install/controller_manager/local/lib/python3.10/dist-packages:/home/michael/ros2_ws/install/controller_manager_msgs/local/lib/python3.10/dist-packages:/home/michael/ros2_ws/install/control_msgs/local/lib/python3.10/dist-packages:${PYTHONPATH} /usr/bin/cmake --build /home/michael/ros2_ws/build/bicycle_steering_controller -- -j14 -l14
[46.194s] Invoking command in '/home/michael/ros2_ws/build/bicycle_steering_controller': AMENT_PREFIX_PATH=/home/michael/ros2_ws/install/steering_controllers_library:/home/michael/ros2_ws/install/controller_manager:/home/michael/ros2_ws/install/controller_interface:/home/michael/ros2_ws/install/hardware_interface:/home/michael/ros2_ws/install/ros2_control_test_assets:/home/michael/ros2_ws/install/realtime_tools:/home/michael/ros2_ws/install/controller_manager_msgs:/home/michael/ros2_ws/install/control_msgs:${AMENT_PREFIX_PATH} CMAKE_PREFIX_PATH=/home/michael/ros2_ws/install/steering_controllers_library:/home/michael/ros2_ws/install/controller_manager:/home/michael/ros2_ws/install/controller_interface:/home/michael/ros2_ws/install/hardware_interface:/home/michael/ros2_ws/install/ros2_control_test_assets:/home/michael/ros2_ws/install/realtime_tools:/home/michael/ros2_ws/install/controller_manager_msgs:/home/michael/ros2_ws/install/control_msgs:/home/michael/ros2_ws/install/testarm:/home/michael/ros2_ws/install/model_arm:/opt/ros/humble LD_LIBRARY_PATH=/home/michael/ros2_ws/install/steering_controllers_library/lib:/home/michael/ros2_ws/install/controller_manager/lib:/home/michael/ros2_ws/install/controller_interface/lib:/home/michael/ros2_ws/install/hardware_interface/lib:/home/michael/ros2_ws/install/realtime_tools/lib:/home/michael/ros2_ws/install/controller_manager_msgs/lib:/home/michael/ros2_ws/install/control_msgs/lib:${LD_LIBRARY_PATH} PYTHONPATH=/home/michael/ros2_ws/install/controller_manager/local/lib/python3.10/dist-packages:/home/michael/ros2_ws/install/controller_manager_msgs/local/lib/python3.10/dist-packages:/home/michael/ros2_ws/install/control_msgs/local/lib/python3.10/dist-packages:${PYTHONPATH} /usr/bin/cmake --install /home/michael/ros2_ws/build/bicycle_steering_controller
[46.202s] -- Install configuration: ""
[46.202s] -- Execute custom install script
[46.203s] -- Symlinking: /home/michael/ros2_ws/install/bicycle_steering_controller/include/bicycle_steering_controller_parameters/bicycle_steering_controller_parameters.hpp
[46.214s] -- Symlinking: /home/michael/ros2_ws/install/bicycle_steering_controller/share/bicycle_steering_controller//bicycle_steering_controller.xml
[46.226s] -- Symlinking: /home/michael/ros2_ws/install/bicycle_steering_controller/include/bicycle_steering_controller/bicycle_steering_controller/bicycle_steering_controller.hpp
[46.251s] -- Symlinking: /home/michael/ros2_ws/install/bicycle_steering_controller/include/bicycle_steering_controller/bicycle_steering_controller/visibility_control.h
[46.252s] -- Symlinking: /home/michael/ros2_ws/install/bicycle_steering_controller/share/bicycle_steering_controller/environment/library_path.sh
[46.267s] -- Symlinking: /home/michael/ros2_ws/install/bicycle_steering_controller/share/bicycle_steering_controller/environment/library_path.dsv
[46.272s] -- Symlinking: /home/michael/ros2_ws/install/bicycle_steering_controller/share/ament_index/resource_index/package_run_dependencies/bicycle_steering_controller
[46.283s] -- Symlinking: /home/michael/ros2_ws/install/bicycle_steering_controller/share/ament_index/resource_index/parent_prefix_path/bicycle_steering_controller
[46.304s] -- Symlinking: /home/michael/ros2_ws/install/bicycle_steering_controller/share/bicycle_steering_controller/environment/ament_prefix_path.sh
[46.312s] -- Symlinking: /home/michael/ros2_ws/install/bicycle_steering_controller/share/bicycle_steering_controller/environment/ament_prefix_path.dsv
[46.324s] -- Symlinking: /home/michael/ros2_ws/install/bicycle_steering_controller/share/bicycle_steering_controller/environment/path.sh
[46.335s] -- Symlinking: /home/michael/ros2_ws/install/bicycle_steering_controller/share/bicycle_steering_controller/environment/path.dsv
[46.346s] -- Symlinking: /home/michael/ros2_ws/install/bicycle_steering_controller/share/bicycle_steering_controller/local_setup.bash
[46.364s] -- Symlinking: /home/michael/ros2_ws/install/bicycle_steering_controller/share/bicycle_steering_controller/local_setup.sh
[46.372s] -- Symlinking: /home/michael/ros2_ws/install/bicycle_steering_controller/share/bicycle_steering_controller/local_setup.zsh
[46.380s] -- Symlinking: /home/michael/ros2_ws/install/bicycle_steering_controller/share/bicycle_steering_controller/local_setup.dsv
[46.389s] -- Symlinking: /home/michael/ros2_ws/install/bicycle_steering_controller/share/bicycle_steering_controller/package.dsv
[46.402s] -- Symlinking: /home/michael/ros2_ws/install/bicycle_steering_controller/share/ament_index/resource_index/packages/bicycle_steering_controller
[46.414s] -- Symlinking: /home/michael/ros2_ws/install/bicycle_steering_controller/share/ament_index/resource_index/controller_interface__pluginlib__plugin/bicycle_steering_controller
[46.425s] -- Symlinking: /home/michael/ros2_ws/install/bicycle_steering_controller/share/bicycle_steering_controller/cmake/ament_cmake_export_targets-extras.cmake
[46.436s] -- Symlinking: /home/michael/ros2_ws/install/bicycle_steering_controller/share/bicycle_steering_controller/cmake/ament_cmake_export_dependencies-extras.cmake
[46.446s] -- Symlinking: /home/michael/ros2_ws/install/bicycle_steering_controller/share/bicycle_steering_controller/cmake/bicycle_steering_controllerConfig.cmake
[46.455s] -- Symlinking: /home/michael/ros2_ws/install/bicycle_steering_controller/share/bicycle_steering_controller/cmake/bicycle_steering_controllerConfig-version.cmake
[46.464s] -- Symlinking: /home/michael/ros2_ws/install/bicycle_steering_controller/share/bicycle_steering_controller/package.xml
[46.475s] -- Installing: /home/michael/ros2_ws/install/bicycle_steering_controller/lib/libbicycle_steering_controller.so
[46.475s] -- Set runtime path of "/home/michael/ros2_ws/install/bicycle_steering_controller/lib/libbicycle_steering_controller.so" to ""
[46.475s] -- Installing: /home/michael/ros2_ws/install/bicycle_steering_controller/share/bicycle_steering_controller/cmake/export_bicycle_steering_controllerExport.cmake
[46.476s] -- Installing: /home/michael/ros2_ws/install/bicycle_steering_controller/share/bicycle_steering_controller/cmake/export_bicycle_steering_controllerExport-noconfig.cmake
[46.477s] Invoked command in '/home/michael/ros2_ws/build/bicycle_steering_controller' returned '0': AMENT_PREFIX_PATH=/home/michael/ros2_ws/install/steering_controllers_library:/home/michael/ros2_ws/install/controller_manager:/home/michael/ros2_ws/install/controller_interface:/home/michael/ros2_ws/install/hardware_interface:/home/michael/ros2_ws/install/ros2_control_test_assets:/home/michael/ros2_ws/install/realtime_tools:/home/michael/ros2_ws/install/controller_manager_msgs:/home/michael/ros2_ws/install/control_msgs:${AMENT_PREFIX_PATH} CMAKE_PREFIX_PATH=/home/michael/ros2_ws/install/steering_controllers_library:/home/michael/ros2_ws/install/controller_manager:/home/michael/ros2_ws/install/controller_interface:/home/michael/ros2_ws/install/hardware_interface:/home/michael/ros2_ws/install/ros2_control_test_assets:/home/michael/ros2_ws/install/realtime_tools:/home/michael/ros2_ws/install/controller_manager_msgs:/home/michael/ros2_ws/install/control_msgs:/home/michael/ros2_ws/install/testarm:/home/michael/ros2_ws/install/model_arm:/opt/ros/humble LD_LIBRARY_PATH=/home/michael/ros2_ws/install/steering_controllers_library/lib:/home/michael/ros2_ws/install/controller_manager/lib:/home/michael/ros2_ws/install/controller_interface/lib:/home/michael/ros2_ws/install/hardware_interface/lib:/home/michael/ros2_ws/install/realtime_tools/lib:/home/michael/ros2_ws/install/controller_manager_msgs/lib:/home/michael/ros2_ws/install/control_msgs/lib:${LD_LIBRARY_PATH} PYTHONPATH=/home/michael/ros2_ws/install/controller_manager/local/lib/python3.10/dist-packages:/home/michael/ros2_ws/install/controller_manager_msgs/local/lib/python3.10/dist-packages:/home/michael/ros2_ws/install/control_msgs/local/lib/python3.10/dist-packages:${PYTHONPATH} /usr/bin/cmake --install /home/michael/ros2_ws/build/bicycle_steering_controller
