[0.031s] Invoking command in '/home/michael/ros2_ws/build/control_msgs': CMAKE_PREFIX_PATH=/opt/ros/humble /usr/bin/cmake --build /home/michael/ros2_ws/build/control_msgs -- -j14 -l14
[0.293s] -- Found action_msgs: 1.2.1 (/opt/ros/humble/share/action_msgs/cmake)
[0.294s] -- Override CMake install command with custom implementation using symlinks instead of copying resources
[0.294s] -- Found rosidl_generator_c: 3.1.5 (/opt/ros/humble/share/rosidl_generator_c/cmake)
[0.294s] -- Found rosidl_adapter: 3.1.5 (/opt/ros/humble/share/rosidl_adapter/cmake)
[0.294s] -- Found rosidl_generator_cpp: 3.1.5 (/opt/ros/humble/share/rosidl_generator_cpp/cmake)
[0.294s] -- Using all available rosidl_typesupport_c: rosidl_typesupport_fastrtps_c;rosidl_typesupport_introspection_c
[0.294s] -- Using all available rosidl_typesupport_cpp: rosidl_typesupport_fastrtps_cpp;rosidl_typesupport_introspection_cpp
[0.373s] -- Found geometry_msgs: 4.2.3 (/opt/ros/humble/share/geometry_msgs/cmake)
[0.501s] -- Found rosidl_default_generators: 1.2.0 (/opt/ros/humble/share/rosidl_default_generators/cmake)
[0.508s] -- Found sensor_msgs: 4.2.3 (/opt/ros/humble/share/sensor_msgs/cmake)
[0.622s] -- Found trajectory_msgs: 4.2.3 (/opt/ros/humble/share/trajectory_msgs/cmake)
[0.740s] -- Found ament_lint_auto: 0.12.7 (/opt/ros/humble/share/ament_lint_auto/cmake)
[1.328s] -- Found ament_cmake_ros: 0.10.0 (/opt/ros/humble/share/ament_cmake_ros/cmake)
[1.934s] -- Using all available rosidl_typesupport_c: rosidl_typesupport_fastrtps_c;rosidl_typesupport_introspection_c
[2.173s] -- Using all available rosidl_typesupport_cpp: rosidl_typesupport_fastrtps_cpp;rosidl_typesupport_introspection_cpp
[2.202s] -- Found python_cmake_module: 0.10.0 (/opt/ros/humble/share/python_cmake_module/cmake)
[2.235s] -- Using PYTHON_EXECUTABLE: /usr/bin/python3
[2.235s] -- Using PYTHON_INCLUDE_DIRS: /usr/include/python3.10
[2.235s] -- Using PYTHON_LIBRARIES: /usr/lib/x86_64-linux-gnu/libpython3.10.so
[2.362s] -- Added test 'copyright' to check source files copyright and LICENSE
[2.364s] -- Added test 'lint_cmake' to check CMake code style
[2.366s] -- Added test 'xmllint' to check XML markup files
[2.373s] -- Configuring done
[2.489s] -- Generating done
[2.497s] -- Build files have been written to: /home/michael/ros2_ws/build/control_msgs
[2.533s] [35m[1mConsolidate compiler generated dependencies of target control_msgs__rosidl_generator_c[0m
[2.542s] [  0%] Built target control_msgs__cpp
[2.553s] [  0%] Built target ament_cmake_python_symlink_control_msgs
[2.558s] [ 12%] Built target control_msgs__rosidl_generator_c
[2.581s] [35m[1mConsolidate compiler generated dependencies of target control_msgs__rosidl_typesupport_cpp[0m
[2.581s] [35m[1mConsolidate compiler generated dependencies of target control_msgs__rosidl_typesupport_fastrtps_cpp[0m
[2.581s] [35m[1mConsolidate compiler generated dependencies of target control_msgs__rosidl_typesupport_introspection_cpp[0m
[2.586s] [35m[1mConsolidate compiler generated dependencies of target control_msgs__rosidl_typesupport_fastrtps_c[0m
[2.593s] [35m[1mConsolidate compiler generated dependencies of target control_msgs__rosidl_typesupport_introspection_c[0m
[2.616s] [35m[1mConsolidate compiler generated dependencies of target control_msgs__rosidl_typesupport_c[0m
[2.631s] [ 24%] Built target control_msgs__rosidl_typesupport_cpp
[2.637s] [ 36%] Built target control_msgs__rosidl_typesupport_introspection_c
[2.643s] [ 48%] Built target control_msgs__rosidl_typesupport_fastrtps_cpp
[2.644s] [ 60%] Built target control_msgs__rosidl_typesupport_introspection_cpp
[2.657s] [ 72%] Built target control_msgs__rosidl_typesupport_c
[2.657s] [ 84%] Built target control_msgs__rosidl_typesupport_fastrtps_c
[2.688s] [ 84%] Built target control_msgs
[2.722s] [ 85%] Built target control_msgs__py
[2.749s] [35m[1mConsolidate compiler generated dependencies of target control_msgs__rosidl_generator_py[0m
[2.802s] [ 96%] Built target control_msgs__rosidl_generator_py
[2.817s] [35m[1mConsolidate compiler generated dependencies of target control_msgs__rosidl_typesupport_c__pyext[0m
[2.819s] [35m[1mConsolidate compiler generated dependencies of target control_msgs__rosidl_typesupport_introspection_c__pyext[0m
[2.821s] [35m[1mConsolidate compiler generated dependencies of target control_msgs__rosidl_typesupport_fastrtps_c__pyext[0m
[2.837s] [ 98%] Built target control_msgs__rosidl_typesupport_introspection_c__pyext
[2.844s] [ 99%] Built target control_msgs__rosidl_typesupport_fastrtps_c__pyext
[2.846s] [100%] Built target control_msgs__rosidl_typesupport_c__pyext
[2.950s] running egg_info
[2.952s] writing control_msgs.egg-info/PKG-INFO
[2.953s] writing dependency_links to control_msgs.egg-info/dependency_links.txt
[2.953s] writing top-level names to control_msgs.egg-info/top_level.txt
[2.958s] reading manifest file 'control_msgs.egg-info/SOURCES.txt'
[2.960s] writing manifest file 'control_msgs.egg-info/SOURCES.txt'
[2.998s] [100%] Built target ament_cmake_python_build_control_msgs_egg
[3.354s] Invoked command in '/home/michael/ros2_ws/build/control_msgs' returned '0': CMAKE_PREFIX_PATH=/opt/ros/humble /usr/bin/cmake --build /home/michael/ros2_ws/build/control_msgs -- -j14 -l14
[4.091s] Invoking command in '/home/michael/ros2_ws/build/control_msgs': CMAKE_PREFIX_PATH=/opt/ros/humble /usr/bin/cmake --install /home/michael/ros2_ws/build/control_msgs
[4.105s] -- Install configuration: ""
[4.106s] -- Execute custom install script
[4.107s] -- Up-to-date symlink: /home/michael/ros2_ws/install/control_msgs/share/ament_index/resource_index/rosidl_interfaces/control_msgs
[4.109s] -- Up-to-date symlink: /home/michael/ros2_ws/install/control_msgs/include/control_msgs/control_msgs/action/detail/follow_joint_trajectory__functions.h
[4.110s] -- Up-to-date symlink: /home/michael/ros2_ws/install/control_msgs/include/control_msgs/control_msgs/action/detail/follow_joint_trajectory__struct.h
[4.110s] -- Up-to-date symlink: /home/michael/ros2_ws/install/control_msgs/include/control_msgs/control_msgs/action/detail/follow_joint_trajectory__type_support.h
[4.111s] -- Up-to-date symlink: /home/michael/ros2_ws/install/control_msgs/include/control_msgs/control_msgs/action/detail/gripper_command__functions.h
[4.111s] -- Up-to-date symlink: /home/michael/ros2_ws/install/control_msgs/include/control_msgs/control_msgs/action/detail/gripper_command__struct.h
[4.111s] -- Up-to-date symlink: /home/michael/ros2_ws/install/control_msgs/include/control_msgs/control_msgs/action/detail/gripper_command__type_support.h
[4.111s] -- Up-to-date symlink: /home/michael/ros2_ws/install/control_msgs/include/control_msgs/control_msgs/action/detail/joint_trajectory__functions.h
[4.111s] -- Up-to-date symlink: /home/michael/ros2_ws/install/control_msgs/include/control_msgs/control_msgs/action/detail/joint_trajectory__struct.h
[4.111s] -- Up-to-date symlink: /home/michael/ros2_ws/install/control_msgs/include/control_msgs/control_msgs/action/detail/joint_trajectory__type_support.h
[4.112s] -- Up-to-date symlink: /home/michael/ros2_ws/install/control_msgs/include/control_msgs/control_msgs/action/detail/point_head__functions.h
[4.113s] -- Up-to-date symlink: /home/michael/ros2_ws/install/control_msgs/include/control_msgs/control_msgs/action/detail/point_head__struct.h
[4.113s] -- Up-to-date symlink: /home/michael/ros2_ws/install/control_msgs/include/control_msgs/control_msgs/action/detail/point_head__type_support.h
[4.113s] -- Up-to-date symlink: /home/michael/ros2_ws/install/control_msgs/include/control_msgs/control_msgs/action/detail/single_joint_position__functions.h
[4.114s] -- Up-to-date symlink: /home/michael/ros2_ws/install/control_msgs/include/control_msgs/control_msgs/action/detail/single_joint_position__struct.h
[4.114s] -- Up-to-date symlink: /home/michael/ros2_ws/install/control_msgs/include/control_msgs/control_msgs/action/detail/single_joint_position__type_support.h
[4.114s] -- Up-to-date symlink: /home/michael/ros2_ws/install/control_msgs/include/control_msgs/control_msgs/action/follow_joint_trajectory.h
[4.115s] -- Up-to-date symlink: /home/michael/ros2_ws/install/control_msgs/include/control_msgs/control_msgs/action/gripper_command.h
[4.115s] -- Up-to-date symlink: /home/michael/ros2_ws/install/control_msgs/include/control_msgs/control_msgs/action/joint_trajectory.h
[4.115s] -- Up-to-date symlink: /home/michael/ros2_ws/install/control_msgs/include/control_msgs/control_msgs/action/point_head.h
[4.116s] -- Up-to-date symlink: /home/michael/ros2_ws/install/control_msgs/include/control_msgs/control_msgs/action/single_joint_position.h
[4.116s] -- Up-to-date symlink: /home/michael/ros2_ws/install/control_msgs/include/control_msgs/control_msgs/msg/admittance_controller_state.h
[4.117s] -- Up-to-date symlink: /home/michael/ros2_ws/install/control_msgs/include/control_msgs/control_msgs/msg/detail/admittance_controller_state__functions.h
[4.117s] -- Up-to-date symlink: /home/michael/ros2_ws/install/control_msgs/include/control_msgs/control_msgs/msg/detail/admittance_controller_state__struct.h
[4.117s] -- Up-to-date symlink: /home/michael/ros2_ws/install/control_msgs/include/control_msgs/control_msgs/msg/detail/admittance_controller_state__type_support.h
[4.117s] -- Up-to-date symlink: /home/michael/ros2_ws/install/control_msgs/include/control_msgs/control_msgs/msg/detail/dynamic_joint_state__functions.h
[4.117s] -- Up-to-date symlink: /home/michael/ros2_ws/install/control_msgs/include/control_msgs/control_msgs/msg/detail/dynamic_joint_state__struct.h
[4.117s] -- Up-to-date symlink: /home/michael/ros2_ws/install/control_msgs/include/control_msgs/control_msgs/msg/detail/dynamic_joint_state__type_support.h
[4.117s] -- Up-to-date symlink: /home/michael/ros2_ws/install/control_msgs/include/control_msgs/control_msgs/msg/detail/gripper_command__functions.h
[4.117s] -- Up-to-date symlink: /home/michael/ros2_ws/install/control_msgs/include/control_msgs/control_msgs/msg/detail/gripper_command__struct.h
[4.118s] -- Up-to-date symlink: /home/michael/ros2_ws/install/control_msgs/include/control_msgs/control_msgs/msg/detail/gripper_command__type_support.h
[4.118s] -- Up-to-date symlink: /home/michael/ros2_ws/install/control_msgs/include/control_msgs/control_msgs/msg/detail/interface_value__functions.h
[4.118s] -- Up-to-date symlink: /home/michael/ros2_ws/install/control_msgs/include/control_msgs/control_msgs/msg/detail/interface_value__struct.h
[4.118s] -- Up-to-date symlink: /home/michael/ros2_ws/install/control_msgs/include/control_msgs/control_msgs/msg/detail/interface_value__type_support.h
[4.118s] -- Up-to-date symlink: /home/michael/ros2_ws/install/control_msgs/include/control_msgs/control_msgs/msg/detail/joint_component_tolerance__functions.h
[4.119s] -- Up-to-date symlink: /home/michael/ros2_ws/install/control_msgs/include/control_msgs/control_msgs/msg/detail/joint_component_tolerance__struct.h
[4.119s] -- Up-to-date symlink: /home/michael/ros2_ws/install/control_msgs/include/control_msgs/control_msgs/msg/detail/joint_component_tolerance__type_support.h
[4.119s] -- Up-to-date symlink: /home/michael/ros2_ws/install/control_msgs/include/control_msgs/control_msgs/msg/detail/joint_controller_state__functions.h
[4.119s] -- Up-to-date symlink: /home/michael/ros2_ws/install/control_msgs/include/control_msgs/control_msgs/msg/detail/joint_controller_state__struct.h
[4.119s] -- Up-to-date symlink: /home/michael/ros2_ws/install/control_msgs/include/control_msgs/control_msgs/msg/detail/joint_controller_state__type_support.h
[4.122s] -- Up-to-date symlink: /home/michael/ros2_ws/install/control_msgs/include/control_msgs/control_msgs/msg/detail/joint_jog__functions.h
[4.123s] -- Up-to-date symlink: /home/michael/ros2_ws/install/control_msgs/include/control_msgs/control_msgs/msg/detail/joint_jog__struct.h
[4.123s] -- Up-to-date symlink: /home/michael/ros2_ws/install/control_msgs/include/control_msgs/control_msgs/msg/detail/joint_jog__type_support.h
[4.123s] -- Up-to-date symlink: /home/michael/ros2_ws/install/control_msgs/include/control_msgs/control_msgs/msg/detail/joint_tolerance__functions.h
[4.123s] -- Up-to-date symlink: /home/michael/ros2_ws/install/control_msgs/include/control_msgs/control_msgs/msg/detail/joint_tolerance__struct.h
[4.123s] -- Up-to-date symlink: /home/michael/ros2_ws/install/control_msgs/include/control_msgs/control_msgs/msg/detail/joint_tolerance__type_support.h
[4.123s] -- Up-to-date symlink: /home/michael/ros2_ws/install/control_msgs/include/control_msgs/control_msgs/msg/detail/joint_trajectory_controller_state__functions.h
[4.123s] -- Up-to-date symlink: /home/michael/ros2_ws/install/control_msgs/include/control_msgs/control_msgs/msg/detail/joint_trajectory_controller_state__struct.h
[4.123s] -- Up-to-date symlink: /home/michael/ros2_ws/install/control_msgs/include/control_msgs/control_msgs/msg/detail/joint_trajectory_controller_state__type_support.h
[4.123s] -- Up-to-date symlink: /home/michael/ros2_ws/install/control_msgs/include/control_msgs/control_msgs/msg/detail/mecanum_drive_controller_state__functions.h
[4.123s] -- Up-to-date symlink: /home/michael/ros2_ws/install/control_msgs/include/control_msgs/control_msgs/msg/detail/mecanum_drive_controller_state__struct.h
[4.123s] -- Up-to-date symlink: /home/michael/ros2_ws/install/control_msgs/include/control_msgs/control_msgs/msg/detail/mecanum_drive_controller_state__type_support.h
[4.124s] -- Up-to-date symlink: /home/michael/ros2_ws/install/control_msgs/include/control_msgs/control_msgs/msg/detail/pid_state__functions.h
[4.124s] -- Up-to-date symlink: /home/michael/ros2_ws/install/control_msgs/include/control_msgs/control_msgs/msg/detail/pid_state__struct.h
[4.124s] -- Up-to-date symlink: /home/michael/ros2_ws/install/control_msgs/include/control_msgs/control_msgs/msg/detail/pid_state__type_support.h
[4.124s] -- Up-to-date symlink: /home/michael/ros2_ws/install/control_msgs/include/control_msgs/control_msgs/msg/detail/steering_controller_status__functions.h
[4.126s] -- Up-to-date symlink: /home/michael/ros2_ws/install/control_msgs/include/control_msgs/control_msgs/msg/detail/steering_controller_status__struct.h
[4.126s] -- Up-to-date symlink: /home/michael/ros2_ws/install/control_msgs/include/control_msgs/control_msgs/msg/detail/steering_controller_status__type_support.h
[4.126s] -- Up-to-date symlink: /home/michael/ros2_ws/install/control_msgs/include/control_msgs/control_msgs/msg/dynamic_joint_state.h
[4.127s] -- Up-to-date symlink: /home/michael/ros2_ws/install/control_msgs/include/control_msgs/control_msgs/msg/gripper_command.h
[4.127s] -- Up-to-date symlink: /home/michael/ros2_ws/install/control_msgs/include/control_msgs/control_msgs/msg/interface_value.h
[4.127s] -- Up-to-date symlink: /home/michael/ros2_ws/install/control_msgs/include/control_msgs/control_msgs/msg/joint_component_tolerance.h
[4.127s] -- Up-to-date symlink: /home/michael/ros2_ws/install/control_msgs/include/control_msgs/control_msgs/msg/joint_controller_state.h
[4.127s] -- Up-to-date symlink: /home/michael/ros2_ws/install/control_msgs/include/control_msgs/control_msgs/msg/joint_jog.h
[4.127s] -- Up-to-date symlink: /home/michael/ros2_ws/install/control_msgs/include/control_msgs/control_msgs/msg/joint_tolerance.h
[4.128s] -- Up-to-date symlink: /home/michael/ros2_ws/install/control_msgs/include/control_msgs/control_msgs/msg/joint_trajectory_controller_state.h
[4.128s] -- Up-to-date symlink: /home/michael/ros2_ws/install/control_msgs/include/control_msgs/control_msgs/msg/mecanum_drive_controller_state.h
[4.128s] -- Up-to-date symlink: /home/michael/ros2_ws/install/control_msgs/include/control_msgs/control_msgs/msg/pid_state.h
[4.128s] -- Up-to-date symlink: /home/michael/ros2_ws/install/control_msgs/include/control_msgs/control_msgs/msg/rosidl_generator_c__visibility_control.h
[4.129s] -- Up-to-date symlink: /home/michael/ros2_ws/install/control_msgs/include/control_msgs/control_msgs/msg/steering_controller_status.h
[4.129s] -- Up-to-date symlink: /home/michael/ros2_ws/install/control_msgs/include/control_msgs/control_msgs/srv/detail/query_calibration_state__functions.h
[4.129s] -- Up-to-date symlink: /home/michael/ros2_ws/install/control_msgs/include/control_msgs/control_msgs/srv/detail/query_calibration_state__struct.h
[4.129s] -- Up-to-date symlink: /home/michael/ros2_ws/install/control_msgs/include/control_msgs/control_msgs/srv/detail/query_calibration_state__type_support.h
[4.130s] -- Up-to-date symlink: /home/michael/ros2_ws/install/control_msgs/include/control_msgs/control_msgs/srv/detail/query_trajectory_state__functions.h
[4.130s] -- Up-to-date symlink: /home/michael/ros2_ws/install/control_msgs/include/control_msgs/control_msgs/srv/detail/query_trajectory_state__struct.h
[4.130s] -- Up-to-date symlink: /home/michael/ros2_ws/install/control_msgs/include/control_msgs/control_msgs/srv/detail/query_trajectory_state__type_support.h
[4.130s] -- Up-to-date symlink: /home/michael/ros2_ws/install/control_msgs/include/control_msgs/control_msgs/srv/query_calibration_state.h
[4.131s] -- Up-to-date symlink: /home/michael/ros2_ws/install/control_msgs/include/control_msgs/control_msgs/srv/query_trajectory_state.h
[4.131s] -- Up-to-date symlink: /home/michael/ros2_ws/install/control_msgs/share/control_msgs/environment/library_path.sh
[4.131s] -- Up-to-date symlink: /home/michael/ros2_ws/install/control_msgs/share/control_msgs/environment/library_path.dsv
[4.131s] -- Up-to-date symlink: /home/michael/ros2_ws/install/control_msgs/include/control_msgs/control_msgs/action/detail/follow_joint_trajectory__rosidl_typesupport_fastrtps_c.h
[4.131s] -- Up-to-date symlink: /home/michael/ros2_ws/install/control_msgs/include/control_msgs/control_msgs/action/detail/gripper_command__rosidl_typesupport_fastrtps_c.h
[4.131s] -- Up-to-date symlink: /home/michael/ros2_ws/install/control_msgs/include/control_msgs/control_msgs/action/detail/joint_trajectory__rosidl_typesupport_fastrtps_c.h
[4.131s] -- Up-to-date symlink: /home/michael/ros2_ws/install/control_msgs/include/control_msgs/control_msgs/action/detail/point_head__rosidl_typesupport_fastrtps_c.h
[4.132s] -- Up-to-date symlink: /home/michael/ros2_ws/install/control_msgs/include/control_msgs/control_msgs/action/detail/single_joint_position__rosidl_typesupport_fastrtps_c.h
[4.132s] -- Up-to-date symlink: /home/michael/ros2_ws/install/control_msgs/include/control_msgs/control_msgs/msg/detail/admittance_controller_state__rosidl_typesupport_fastrtps_c.h
[4.132s] -- Up-to-date symlink: /home/michael/ros2_ws/install/control_msgs/include/control_msgs/control_msgs/msg/detail/dynamic_joint_state__rosidl_typesupport_fastrtps_c.h
[4.132s] -- Up-to-date symlink: /home/michael/ros2_ws/install/control_msgs/include/control_msgs/control_msgs/msg/detail/gripper_command__rosidl_typesupport_fastrtps_c.h
[4.132s] -- Up-to-date symlink: /home/michael/ros2_ws/install/control_msgs/include/control_msgs/control_msgs/msg/detail/interface_value__rosidl_typesupport_fastrtps_c.h
[4.132s] -- Up-to-date symlink: /home/michael/ros2_ws/install/control_msgs/include/control_msgs/control_msgs/msg/detail/joint_component_tolerance__rosidl_typesupport_fastrtps_c.h
[4.132s] -- Up-to-date symlink: /home/michael/ros2_ws/install/control_msgs/include/control_msgs/control_msgs/msg/detail/joint_controller_state__rosidl_typesupport_fastrtps_c.h
[4.132s] -- Up-to-date symlink: /home/michael/ros2_ws/install/control_msgs/include/control_msgs/control_msgs/msg/detail/joint_jog__rosidl_typesupport_fastrtps_c.h
[4.132s] -- Up-to-date symlink: /home/michael/ros2_ws/install/control_msgs/include/control_msgs/control_msgs/msg/detail/joint_tolerance__rosidl_typesupport_fastrtps_c.h
[4.133s] -- Up-to-date symlink: /home/michael/ros2_ws/install/control_msgs/include/control_msgs/control_msgs/msg/detail/joint_trajectory_controller_state__rosidl_typesupport_fastrtps_c.h
[4.133s] -- Up-to-date symlink: /home/michael/ros2_ws/install/control_msgs/include/control_msgs/control_msgs/msg/detail/mecanum_drive_controller_state__rosidl_typesupport_fastrtps_c.h
[4.133s] -- Up-to-date symlink: /home/michael/ros2_ws/install/control_msgs/include/control_msgs/control_msgs/msg/detail/pid_state__rosidl_typesupport_fastrtps_c.h
[4.133s] -- Up-to-date symlink: /home/michael/ros2_ws/install/control_msgs/include/control_msgs/control_msgs/msg/detail/steering_controller_status__rosidl_typesupport_fastrtps_c.h
[4.133s] -- Up-to-date symlink: /home/michael/ros2_ws/install/control_msgs/include/control_msgs/control_msgs/msg/rosidl_typesupport_fastrtps_c__visibility_control.h
[4.133s] -- Up-to-date symlink: /home/michael/ros2_ws/install/control_msgs/include/control_msgs/control_msgs/srv/detail/query_calibration_state__rosidl_typesupport_fastrtps_c.h
[4.133s] -- Up-to-date symlink: /home/michael/ros2_ws/install/control_msgs/include/control_msgs/control_msgs/srv/detail/query_trajectory_state__rosidl_typesupport_fastrtps_c.h
[4.134s] -- Up-to-date symlink: /home/michael/ros2_ws/install/control_msgs/include/control_msgs/control_msgs/action/detail/follow_joint_trajectory__builder.hpp
[4.135s] -- Up-to-date symlink: /home/michael/ros2_ws/install/control_msgs/include/control_msgs/control_msgs/action/detail/follow_joint_trajectory__struct.hpp
[4.135s] -- Up-to-date symlink: /home/michael/ros2_ws/install/control_msgs/include/control_msgs/control_msgs/action/detail/follow_joint_trajectory__traits.hpp
[4.135s] -- Up-to-date symlink: /home/michael/ros2_ws/install/control_msgs/include/control_msgs/control_msgs/action/detail/gripper_command__builder.hpp
[4.136s] -- Up-to-date symlink: /home/michael/ros2_ws/install/control_msgs/include/control_msgs/control_msgs/action/detail/gripper_command__struct.hpp
[4.136s] -- Up-to-date symlink: /home/michael/ros2_ws/install/control_msgs/include/control_msgs/control_msgs/action/detail/gripper_command__traits.hpp
[4.137s] -- Up-to-date symlink: /home/michael/ros2_ws/install/control_msgs/include/control_msgs/control_msgs/action/detail/joint_trajectory__builder.hpp
[4.137s] -- Up-to-date symlink: /home/michael/ros2_ws/install/control_msgs/include/control_msgs/control_msgs/action/detail/joint_trajectory__struct.hpp
[4.137s] -- Up-to-date symlink: /home/michael/ros2_ws/install/control_msgs/include/control_msgs/control_msgs/action/detail/joint_trajectory__traits.hpp
[4.137s] -- Up-to-date symlink: /home/michael/ros2_ws/install/control_msgs/include/control_msgs/control_msgs/action/detail/point_head__builder.hpp
[4.138s] -- Up-to-date symlink: /home/michael/ros2_ws/install/control_msgs/include/control_msgs/control_msgs/action/detail/point_head__struct.hpp
[4.138s] -- Up-to-date symlink: /home/michael/ros2_ws/install/control_msgs/include/control_msgs/control_msgs/action/detail/point_head__traits.hpp
[4.138s] -- Up-to-date symlink: /home/michael/ros2_ws/install/control_msgs/include/control_msgs/control_msgs/action/detail/single_joint_position__builder.hpp
[4.138s] -- Up-to-date symlink: /home/michael/ros2_ws/install/control_msgs/include/control_msgs/control_msgs/action/detail/single_joint_position__struct.hpp
[4.139s] -- Up-to-date symlink: /home/michael/ros2_ws/install/control_msgs/include/control_msgs/control_msgs/action/detail/single_joint_position__traits.hpp
[4.139s] -- Up-to-date symlink: /home/michael/ros2_ws/install/control_msgs/include/control_msgs/control_msgs/action/follow_joint_trajectory.hpp
[4.139s] -- Up-to-date symlink: /home/michael/ros2_ws/install/control_msgs/include/control_msgs/control_msgs/action/gripper_command.hpp
[4.139s] -- Up-to-date symlink: /home/michael/ros2_ws/install/control_msgs/include/control_msgs/control_msgs/action/joint_trajectory.hpp
[4.140s] -- Up-to-date symlink: /home/michael/ros2_ws/install/control_msgs/include/control_msgs/control_msgs/action/point_head.hpp
[4.140s] -- Up-to-date symlink: /home/michael/ros2_ws/install/control_msgs/include/control_msgs/control_msgs/action/single_joint_position.hpp
[4.140s] -- Up-to-date symlink: /home/michael/ros2_ws/install/control_msgs/include/control_msgs/control_msgs/msg/admittance_controller_state.hpp
[4.141s] -- Up-to-date symlink: /home/michael/ros2_ws/install/control_msgs/include/control_msgs/control_msgs/msg/detail/admittance_controller_state__builder.hpp
[4.141s] -- Up-to-date symlink: /home/michael/ros2_ws/install/control_msgs/include/control_msgs/control_msgs/msg/detail/admittance_controller_state__struct.hpp
[4.141s] -- Up-to-date symlink: /home/michael/ros2_ws/install/control_msgs/include/control_msgs/control_msgs/msg/detail/admittance_controller_state__traits.hpp
[4.141s] -- Up-to-date symlink: /home/michael/ros2_ws/install/control_msgs/include/control_msgs/control_msgs/msg/detail/dynamic_joint_state__builder.hpp
[4.142s] -- Up-to-date symlink: /home/michael/ros2_ws/install/control_msgs/include/control_msgs/control_msgs/msg/detail/dynamic_joint_state__struct.hpp
[4.142s] -- Up-to-date symlink: /home/michael/ros2_ws/install/control_msgs/include/control_msgs/control_msgs/msg/detail/dynamic_joint_state__traits.hpp
[4.142s] -- Up-to-date symlink: /home/michael/ros2_ws/install/control_msgs/include/control_msgs/control_msgs/msg/detail/gripper_command__builder.hpp
[4.142s] -- Up-to-date symlink: /home/michael/ros2_ws/install/control_msgs/include/control_msgs/control_msgs/msg/detail/gripper_command__struct.hpp
[4.143s] -- Up-to-date symlink: /home/michael/ros2_ws/install/control_msgs/include/control_msgs/control_msgs/msg/detail/gripper_command__traits.hpp
[4.143s] -- Up-to-date symlink: /home/michael/ros2_ws/install/control_msgs/include/control_msgs/control_msgs/msg/detail/interface_value__builder.hpp
[4.143s] -- Up-to-date symlink: /home/michael/ros2_ws/install/control_msgs/include/control_msgs/control_msgs/msg/detail/interface_value__struct.hpp
[4.143s] -- Up-to-date symlink: /home/michael/ros2_ws/install/control_msgs/include/control_msgs/control_msgs/msg/detail/interface_value__traits.hpp
[4.144s] -- Up-to-date symlink: /home/michael/ros2_ws/install/control_msgs/include/control_msgs/control_msgs/msg/detail/joint_component_tolerance__builder.hpp
[4.144s] -- Up-to-date symlink: /home/michael/ros2_ws/install/control_msgs/include/control_msgs/control_msgs/msg/detail/joint_component_tolerance__struct.hpp
[4.144s] -- Up-to-date symlink: /home/michael/ros2_ws/install/control_msgs/include/control_msgs/control_msgs/msg/detail/joint_component_tolerance__traits.hpp
[4.144s] -- Up-to-date symlink: /home/michael/ros2_ws/install/control_msgs/include/control_msgs/control_msgs/msg/detail/joint_controller_state__builder.hpp
[4.144s] -- Up-to-date symlink: /home/michael/ros2_ws/install/control_msgs/include/control_msgs/control_msgs/msg/detail/joint_controller_state__struct.hpp
[4.145s] -- Up-to-date symlink: /home/michael/ros2_ws/install/control_msgs/include/control_msgs/control_msgs/msg/detail/joint_controller_state__traits.hpp
[4.145s] -- Up-to-date symlink: /home/michael/ros2_ws/install/control_msgs/include/control_msgs/control_msgs/msg/detail/joint_jog__builder.hpp
[4.145s] -- Up-to-date symlink: /home/michael/ros2_ws/install/control_msgs/include/control_msgs/control_msgs/msg/detail/joint_jog__struct.hpp
[4.145s] -- Up-to-date symlink: /home/michael/ros2_ws/install/control_msgs/include/control_msgs/control_msgs/msg/detail/joint_jog__traits.hpp
[4.145s] -- Up-to-date symlink: /home/michael/ros2_ws/install/control_msgs/include/control_msgs/control_msgs/msg/detail/joint_tolerance__builder.hpp
[4.145s] -- Up-to-date symlink: /home/michael/ros2_ws/install/control_msgs/include/control_msgs/control_msgs/msg/detail/joint_tolerance__struct.hpp
[4.145s] -- Up-to-date symlink: /home/michael/ros2_ws/install/control_msgs/include/control_msgs/control_msgs/msg/detail/joint_tolerance__traits.hpp
[4.145s] -- Up-to-date symlink: /home/michael/ros2_ws/install/control_msgs/include/control_msgs/control_msgs/msg/detail/joint_trajectory_controller_state__builder.hpp
[4.145s] -- Up-to-date symlink: /home/michael/ros2_ws/install/control_msgs/include/control_msgs/control_msgs/msg/detail/joint_trajectory_controller_state__struct.hpp
[4.145s] -- Up-to-date symlink: /home/michael/ros2_ws/install/control_msgs/include/control_msgs/control_msgs/msg/detail/joint_trajectory_controller_state__traits.hpp
[4.145s] -- Up-to-date symlink: /home/michael/ros2_ws/install/control_msgs/include/control_msgs/control_msgs/msg/detail/mecanum_drive_controller_state__builder.hpp
[4.145s] -- Up-to-date symlink: /home/michael/ros2_ws/install/control_msgs/include/control_msgs/control_msgs/msg/detail/mecanum_drive_controller_state__struct.hpp
[4.145s] -- Up-to-date symlink: /home/michael/ros2_ws/install/control_msgs/include/control_msgs/control_msgs/msg/detail/mecanum_drive_controller_state__traits.hpp
[4.146s] -- Up-to-date symlink: /home/michael/ros2_ws/install/control_msgs/include/control_msgs/control_msgs/msg/detail/pid_state__builder.hpp
[4.146s] -- Up-to-date symlink: /home/michael/ros2_ws/install/control_msgs/include/control_msgs/control_msgs/msg/detail/pid_state__struct.hpp
[4.146s] -- Up-to-date symlink: /home/michael/ros2_ws/install/control_msgs/include/control_msgs/control_msgs/msg/detail/pid_state__traits.hpp
[4.146s] -- Up-to-date symlink: /home/michael/ros2_ws/install/control_msgs/include/control_msgs/control_msgs/msg/detail/steering_controller_status__builder.hpp
[4.146s] -- Up-to-date symlink: /home/michael/ros2_ws/install/control_msgs/include/control_msgs/control_msgs/msg/detail/steering_controller_status__struct.hpp
[4.146s] -- Up-to-date symlink: /home/michael/ros2_ws/install/control_msgs/include/control_msgs/control_msgs/msg/detail/steering_controller_status__traits.hpp
[4.146s] -- Up-to-date symlink: /home/michael/ros2_ws/install/control_msgs/include/control_msgs/control_msgs/msg/dynamic_joint_state.hpp
[4.146s] -- Up-to-date symlink: /home/michael/ros2_ws/install/control_msgs/include/control_msgs/control_msgs/msg/gripper_command.hpp
[4.146s] -- Up-to-date symlink: /home/michael/ros2_ws/install/control_msgs/include/control_msgs/control_msgs/msg/interface_value.hpp
[4.146s] -- Up-to-date symlink: /home/michael/ros2_ws/install/control_msgs/include/control_msgs/control_msgs/msg/joint_component_tolerance.hpp
[4.146s] -- Up-to-date symlink: /home/michael/ros2_ws/install/control_msgs/include/control_msgs/control_msgs/msg/joint_controller_state.hpp
[4.146s] -- Up-to-date symlink: /home/michael/ros2_ws/install/control_msgs/include/control_msgs/control_msgs/msg/joint_jog.hpp
[4.146s] -- Up-to-date symlink: /home/michael/ros2_ws/install/control_msgs/include/control_msgs/control_msgs/msg/joint_tolerance.hpp
[4.147s] -- Up-to-date symlink: /home/michael/ros2_ws/install/control_msgs/include/control_msgs/control_msgs/msg/joint_trajectory_controller_state.hpp
[4.147s] -- Up-to-date symlink: /home/michael/ros2_ws/install/control_msgs/include/control_msgs/control_msgs/msg/mecanum_drive_controller_state.hpp
[4.147s] -- Up-to-date symlink: /home/michael/ros2_ws/install/control_msgs/include/control_msgs/control_msgs/msg/pid_state.hpp
[4.147s] -- Up-to-date symlink: /home/michael/ros2_ws/install/control_msgs/include/control_msgs/control_msgs/msg/steering_controller_status.hpp
[4.147s] -- Up-to-date symlink: /home/michael/ros2_ws/install/control_msgs/include/control_msgs/control_msgs/srv/detail/query_calibration_state__builder.hpp
[4.147s] -- Up-to-date symlink: /home/michael/ros2_ws/install/control_msgs/include/control_msgs/control_msgs/srv/detail/query_calibration_state__struct.hpp
[4.147s] -- Up-to-date symlink: /home/michael/ros2_ws/install/control_msgs/include/control_msgs/control_msgs/srv/detail/query_calibration_state__traits.hpp
[4.147s] -- Up-to-date symlink: /home/michael/ros2_ws/install/control_msgs/include/control_msgs/control_msgs/srv/detail/query_trajectory_state__builder.hpp
[4.147s] -- Up-to-date symlink: /home/michael/ros2_ws/install/control_msgs/include/control_msgs/control_msgs/srv/detail/query_trajectory_state__struct.hpp
[4.148s] -- Up-to-date symlink: /home/michael/ros2_ws/install/control_msgs/include/control_msgs/control_msgs/srv/detail/query_trajectory_state__traits.hpp
[4.148s] -- Up-to-date symlink: /home/michael/ros2_ws/install/control_msgs/include/control_msgs/control_msgs/srv/query_calibration_state.hpp
[4.148s] -- Up-to-date symlink: /home/michael/ros2_ws/install/control_msgs/include/control_msgs/control_msgs/srv/query_trajectory_state.hpp
[4.148s] -- Up-to-date symlink: /home/michael/ros2_ws/install/control_msgs/include/control_msgs/control_msgs/action/detail/follow_joint_trajectory__rosidl_typesupport_fastrtps_cpp.hpp
[4.148s] -- Up-to-date symlink: /home/michael/ros2_ws/install/control_msgs/include/control_msgs/control_msgs/action/detail/gripper_command__rosidl_typesupport_fastrtps_cpp.hpp
[4.148s] -- Up-to-date symlink: /home/michael/ros2_ws/install/control_msgs/include/control_msgs/control_msgs/action/detail/joint_trajectory__rosidl_typesupport_fastrtps_cpp.hpp
[4.148s] -- Up-to-date symlink: /home/michael/ros2_ws/install/control_msgs/include/control_msgs/control_msgs/action/detail/point_head__rosidl_typesupport_fastrtps_cpp.hpp
[4.148s] -- Up-to-date symlink: /home/michael/ros2_ws/install/control_msgs/include/control_msgs/control_msgs/action/detail/single_joint_position__rosidl_typesupport_fastrtps_cpp.hpp
[4.148s] -- Up-to-date symlink: /home/michael/ros2_ws/install/control_msgs/include/control_msgs/control_msgs/msg/detail/admittance_controller_state__rosidl_typesupport_fastrtps_cpp.hpp
[4.148s] -- Up-to-date symlink: /home/michael/ros2_ws/install/control_msgs/include/control_msgs/control_msgs/msg/detail/dynamic_joint_state__rosidl_typesupport_fastrtps_cpp.hpp
[4.150s] -- Up-to-date symlink: /home/michael/ros2_ws/install/control_msgs/include/control_msgs/control_msgs/msg/detail/gripper_command__rosidl_typesupport_fastrtps_cpp.hpp
[4.150s] -- Up-to-date symlink: /home/michael/ros2_ws/install/control_msgs/include/control_msgs/control_msgs/msg/detail/interface_value__rosidl_typesupport_fastrtps_cpp.hpp
[4.150s] -- Up-to-date symlink: /home/michael/ros2_ws/install/control_msgs/include/control_msgs/control_msgs/msg/detail/joint_component_tolerance__rosidl_typesupport_fastrtps_cpp.hpp
[4.150s] -- Up-to-date symlink: /home/michael/ros2_ws/install/control_msgs/include/control_msgs/control_msgs/msg/detail/joint_controller_state__rosidl_typesupport_fastrtps_cpp.hpp
[4.150s] -- Up-to-date symlink: /home/michael/ros2_ws/install/control_msgs/include/control_msgs/control_msgs/msg/detail/joint_jog__rosidl_typesupport_fastrtps_cpp.hpp
[4.150s] -- Up-to-date symlink: /home/michael/ros2_ws/install/control_msgs/include/control_msgs/control_msgs/msg/detail/joint_tolerance__rosidl_typesupport_fastrtps_cpp.hpp
[4.150s] -- Up-to-date symlink: /home/michael/ros2_ws/install/control_msgs/include/control_msgs/control_msgs/msg/detail/joint_trajectory_controller_state__rosidl_typesupport_fastrtps_cpp.hpp
[4.150s] -- Up-to-date symlink: /home/michael/ros2_ws/install/control_msgs/include/control_msgs/control_msgs/msg/detail/mecanum_drive_controller_state__rosidl_typesupport_fastrtps_cpp.hpp
[4.150s] -- Up-to-date symlink: /home/michael/ros2_ws/install/control_msgs/include/control_msgs/control_msgs/msg/detail/pid_state__rosidl_typesupport_fastrtps_cpp.hpp
[4.151s] -- Up-to-date symlink: /home/michael/ros2_ws/install/control_msgs/include/control_msgs/control_msgs/msg/detail/steering_controller_status__rosidl_typesupport_fastrtps_cpp.hpp
[4.151s] -- Up-to-date symlink: /home/michael/ros2_ws/install/control_msgs/include/control_msgs/control_msgs/msg/rosidl_typesupport_fastrtps_cpp__visibility_control.h
[4.151s] -- Up-to-date symlink: /home/michael/ros2_ws/install/control_msgs/include/control_msgs/control_msgs/srv/detail/query_calibration_state__rosidl_typesupport_fastrtps_cpp.hpp
[4.151s] -- Up-to-date symlink: /home/michael/ros2_ws/install/control_msgs/include/control_msgs/control_msgs/srv/detail/query_trajectory_state__rosidl_typesupport_fastrtps_cpp.hpp
[4.151s] -- Up-to-date symlink: /home/michael/ros2_ws/install/control_msgs/include/control_msgs/control_msgs/action/detail/follow_joint_trajectory__rosidl_typesupport_introspection_c.h
[4.151s] -- Up-to-date symlink: /home/michael/ros2_ws/install/control_msgs/include/control_msgs/control_msgs/action/detail/gripper_command__rosidl_typesupport_introspection_c.h
[4.152s] -- Up-to-date symlink: /home/michael/ros2_ws/install/control_msgs/include/control_msgs/control_msgs/action/detail/joint_trajectory__rosidl_typesupport_introspection_c.h
[4.152s] -- Up-to-date symlink: /home/michael/ros2_ws/install/control_msgs/include/control_msgs/control_msgs/action/detail/point_head__rosidl_typesupport_introspection_c.h
[4.153s] -- Up-to-date symlink: /home/michael/ros2_ws/install/control_msgs/include/control_msgs/control_msgs/action/detail/single_joint_position__rosidl_typesupport_introspection_c.h
[4.153s] -- Up-to-date symlink: /home/michael/ros2_ws/install/control_msgs/include/control_msgs/control_msgs/msg/detail/admittance_controller_state__rosidl_typesupport_introspection_c.h
[4.153s] -- Up-to-date symlink: /home/michael/ros2_ws/install/control_msgs/include/control_msgs/control_msgs/msg/detail/dynamic_joint_state__rosidl_typesupport_introspection_c.h
[4.154s] -- Up-to-date symlink: /home/michael/ros2_ws/install/control_msgs/include/control_msgs/control_msgs/msg/detail/gripper_command__rosidl_typesupport_introspection_c.h
[4.154s] -- Up-to-date symlink: /home/michael/ros2_ws/install/control_msgs/include/control_msgs/control_msgs/msg/detail/interface_value__rosidl_typesupport_introspection_c.h
[4.154s] -- Up-to-date symlink: /home/michael/ros2_ws/install/control_msgs/include/control_msgs/control_msgs/msg/detail/joint_component_tolerance__rosidl_typesupport_introspection_c.h
[4.154s] -- Up-to-date symlink: /home/michael/ros2_ws/install/control_msgs/include/control_msgs/control_msgs/msg/detail/joint_controller_state__rosidl_typesupport_introspection_c.h
[4.154s] -- Up-to-date symlink: /home/michael/ros2_ws/install/control_msgs/include/control_msgs/control_msgs/msg/detail/joint_jog__rosidl_typesupport_introspection_c.h
[4.154s] -- Up-to-date symlink: /home/michael/ros2_ws/install/control_msgs/include/control_msgs/control_msgs/msg/detail/joint_tolerance__rosidl_typesupport_introspection_c.h
[4.154s] -- Up-to-date symlink: /home/michael/ros2_ws/install/control_msgs/include/control_msgs/control_msgs/msg/detail/joint_trajectory_controller_state__rosidl_typesupport_introspection_c.h
[4.154s] -- Up-to-date symlink: /home/michael/ros2_ws/install/control_msgs/include/control_msgs/control_msgs/msg/detail/mecanum_drive_controller_state__rosidl_typesupport_introspection_c.h
[4.154s] -- Up-to-date symlink: /home/michael/ros2_ws/install/control_msgs/include/control_msgs/control_msgs/msg/detail/pid_state__rosidl_typesupport_introspection_c.h
[4.155s] -- Up-to-date symlink: /home/michael/ros2_ws/install/control_msgs/include/control_msgs/control_msgs/msg/detail/steering_controller_status__rosidl_typesupport_introspection_c.h
[4.155s] -- Up-to-date symlink: /home/michael/ros2_ws/install/control_msgs/include/control_msgs/control_msgs/msg/rosidl_typesupport_introspection_c__visibility_control.h
[4.155s] -- Up-to-date symlink: /home/michael/ros2_ws/install/control_msgs/include/control_msgs/control_msgs/srv/detail/query_calibration_state__rosidl_typesupport_introspection_c.h
[4.155s] -- Up-to-date symlink: /home/michael/ros2_ws/install/control_msgs/include/control_msgs/control_msgs/srv/detail/query_trajectory_state__rosidl_typesupport_introspection_c.h
[4.157s] -- Up-to-date symlink: /home/michael/ros2_ws/install/control_msgs/include/control_msgs/control_msgs/action/detail/follow_joint_trajectory__rosidl_typesupport_introspection_cpp.hpp
[4.157s] -- Up-to-date symlink: /home/michael/ros2_ws/install/control_msgs/include/control_msgs/control_msgs/action/detail/gripper_command__rosidl_typesupport_introspection_cpp.hpp
[4.157s] -- Up-to-date symlink: /home/michael/ros2_ws/install/control_msgs/include/control_msgs/control_msgs/action/detail/joint_trajectory__rosidl_typesupport_introspection_cpp.hpp
[4.158s] -- Up-to-date symlink: /home/michael/ros2_ws/install/control_msgs/include/control_msgs/control_msgs/action/detail/point_head__rosidl_typesupport_introspection_cpp.hpp
[4.158s] -- Up-to-date symlink: /home/michael/ros2_ws/install/control_msgs/include/control_msgs/control_msgs/action/detail/single_joint_position__rosidl_typesupport_introspection_cpp.hpp
[4.158s] -- Up-to-date symlink: /home/michael/ros2_ws/install/control_msgs/include/control_msgs/control_msgs/msg/detail/admittance_controller_state__rosidl_typesupport_introspection_cpp.hpp
[4.158s] -- Up-to-date symlink: /home/michael/ros2_ws/install/control_msgs/include/control_msgs/control_msgs/msg/detail/dynamic_joint_state__rosidl_typesupport_introspection_cpp.hpp
[4.158s] -- Up-to-date symlink: /home/michael/ros2_ws/install/control_msgs/include/control_msgs/control_msgs/msg/detail/gripper_command__rosidl_typesupport_introspection_cpp.hpp
[4.159s] -- Up-to-date symlink: /home/michael/ros2_ws/install/control_msgs/include/control_msgs/control_msgs/msg/detail/interface_value__rosidl_typesupport_introspection_cpp.hpp
[4.159s] -- Up-to-date symlink: /home/michael/ros2_ws/install/control_msgs/include/control_msgs/control_msgs/msg/detail/joint_component_tolerance__rosidl_typesupport_introspection_cpp.hpp
[4.159s] -- Up-to-date symlink: /home/michael/ros2_ws/install/control_msgs/include/control_msgs/control_msgs/msg/detail/joint_controller_state__rosidl_typesupport_introspection_cpp.hpp
[4.159s] -- Up-to-date symlink: /home/michael/ros2_ws/install/control_msgs/include/control_msgs/control_msgs/msg/detail/joint_jog__rosidl_typesupport_introspection_cpp.hpp
[4.160s] -- Up-to-date symlink: /home/michael/ros2_ws/install/control_msgs/include/control_msgs/control_msgs/msg/detail/joint_tolerance__rosidl_typesupport_introspection_cpp.hpp
[4.160s] -- Up-to-date symlink: /home/michael/ros2_ws/install/control_msgs/include/control_msgs/control_msgs/msg/detail/joint_trajectory_controller_state__rosidl_typesupport_introspection_cpp.hpp
[4.160s] -- Up-to-date symlink: /home/michael/ros2_ws/install/control_msgs/include/control_msgs/control_msgs/msg/detail/mecanum_drive_controller_state__rosidl_typesupport_introspection_cpp.hpp
[4.160s] -- Up-to-date symlink: /home/michael/ros2_ws/install/control_msgs/include/control_msgs/control_msgs/msg/detail/pid_state__rosidl_typesupport_introspection_cpp.hpp
[4.160s] -- Up-to-date symlink: /home/michael/ros2_ws/install/control_msgs/include/control_msgs/control_msgs/msg/detail/steering_controller_status__rosidl_typesupport_introspection_cpp.hpp
[4.161s] -- Up-to-date symlink: /home/michael/ros2_ws/install/control_msgs/include/control_msgs/control_msgs/srv/detail/query_calibration_state__rosidl_typesupport_introspection_cpp.hpp
[4.161s] -- Up-to-date symlink: /home/michael/ros2_ws/install/control_msgs/include/control_msgs/control_msgs/srv/detail/query_trajectory_state__rosidl_typesupport_introspection_cpp.hpp
[4.161s] -- Up-to-date symlink: /home/michael/ros2_ws/install/control_msgs/share/control_msgs/environment/pythonpath.sh
[4.161s] -- Up-to-date symlink: /home/michael/ros2_ws/install/control_msgs/share/control_msgs/environment/pythonpath.dsv
[4.162s] -- Up-to-date symlink: /home/michael/ros2_ws/install/control_msgs/local/lib/python3.10/dist-packages/control_msgs-4.4.0-py3.10.egg-info/PKG-INFO
[4.162s] -- Up-to-date symlink: /home/michael/ros2_ws/install/control_msgs/local/lib/python3.10/dist-packages/control_msgs-4.4.0-py3.10.egg-info/SOURCES.txt
[4.163s] -- Up-to-date symlink: /home/michael/ros2_ws/install/control_msgs/local/lib/python3.10/dist-packages/control_msgs-4.4.0-py3.10.egg-info/dependency_links.txt
[4.163s] -- Up-to-date symlink: /home/michael/ros2_ws/install/control_msgs/local/lib/python3.10/dist-packages/control_msgs-4.4.0-py3.10.egg-info/top_level.txt
[4.166s] -- Up-to-date symlink: /home/michael/ros2_ws/install/control_msgs/local/lib/python3.10/dist-packages/control_msgs/__init__.py
[4.166s] -- Up-to-date symlink: /home/michael/ros2_ws/install/control_msgs/local/lib/python3.10/dist-packages/control_msgs/_control_msgs_s.ep.rosidl_typesupport_c.c
[4.170s] -- Up-to-date symlink: /home/michael/ros2_ws/install/control_msgs/local/lib/python3.10/dist-packages/control_msgs/_control_msgs_s.ep.rosidl_typesupport_fastrtps_c.c
[4.170s] -- Up-to-date symlink: /home/michael/ros2_ws/install/control_msgs/local/lib/python3.10/dist-packages/control_msgs/_control_msgs_s.ep.rosidl_typesupport_introspection_c.c
[4.170s] -- Up-to-date symlink: /home/michael/ros2_ws/install/control_msgs/local/lib/python3.10/dist-packages/control_msgs/action/__init__.py
[4.170s] -- Up-to-date symlink: /home/michael/ros2_ws/install/control_msgs/local/lib/python3.10/dist-packages/control_msgs/action/_follow_joint_trajectory.py
[4.170s] -- Up-to-date symlink: /home/michael/ros2_ws/install/control_msgs/local/lib/python3.10/dist-packages/control_msgs/action/_follow_joint_trajectory_s.c
[4.171s] -- Up-to-date symlink: /home/michael/ros2_ws/install/control_msgs/local/lib/python3.10/dist-packages/control_msgs/action/_gripper_command.py
[4.171s] -- Up-to-date symlink: /home/michael/ros2_ws/install/control_msgs/local/lib/python3.10/dist-packages/control_msgs/action/_gripper_command_s.c
[4.171s] -- Up-to-date symlink: /home/michael/ros2_ws/install/control_msgs/local/lib/python3.10/dist-packages/control_msgs/action/_joint_trajectory.py
[4.172s] -- Up-to-date symlink: /home/michael/ros2_ws/install/control_msgs/local/lib/python3.10/dist-packages/control_msgs/action/_joint_trajectory_s.c
[4.172s] -- Up-to-date symlink: /home/michael/ros2_ws/install/control_msgs/local/lib/python3.10/dist-packages/control_msgs/action/_point_head.py
[4.172s] -- Up-to-date symlink: /home/michael/ros2_ws/install/control_msgs/local/lib/python3.10/dist-packages/control_msgs/action/_point_head_s.c
[4.173s] -- Up-to-date symlink: /home/michael/ros2_ws/install/control_msgs/local/lib/python3.10/dist-packages/control_msgs/action/_single_joint_position.py
[4.173s] -- Up-to-date symlink: /home/michael/ros2_ws/install/control_msgs/local/lib/python3.10/dist-packages/control_msgs/action/_single_joint_position_s.c
[4.173s] -- Up-to-date symlink: /home/michael/ros2_ws/install/control_msgs/local/lib/python3.10/dist-packages/control_msgs/control_msgs_s__rosidl_typesupport_c.cpython-310-x86_64-linux-gnu.so
[4.173s] -- Up-to-date symlink: /home/michael/ros2_ws/install/control_msgs/local/lib/python3.10/dist-packages/control_msgs/control_msgs_s__rosidl_typesupport_fastrtps_c.cpython-310-x86_64-linux-gnu.so
[4.173s] -- Up-to-date symlink: /home/michael/ros2_ws/install/control_msgs/local/lib/python3.10/dist-packages/control_msgs/control_msgs_s__rosidl_typesupport_introspection_c.cpython-310-x86_64-linux-gnu.so
[4.173s] -- Up-to-date symlink: /home/michael/ros2_ws/install/control_msgs/local/lib/python3.10/dist-packages/control_msgs/libcontrol_msgs__rosidl_generator_py.so
[4.173s] -- Up-to-date symlink: /home/michael/ros2_ws/install/control_msgs/local/lib/python3.10/dist-packages/control_msgs/msg/__init__.py
[4.174s] -- Up-to-date symlink: /home/michael/ros2_ws/install/control_msgs/local/lib/python3.10/dist-packages/control_msgs/msg/_admittance_controller_state.py
[4.174s] -- Up-to-date symlink: /home/michael/ros2_ws/install/control_msgs/local/lib/python3.10/dist-packages/control_msgs/msg/_admittance_controller_state_s.c
[4.174s] -- Up-to-date symlink: /home/michael/ros2_ws/install/control_msgs/local/lib/python3.10/dist-packages/control_msgs/msg/_dynamic_joint_state.py
[4.174s] -- Up-to-date symlink: /home/michael/ros2_ws/install/control_msgs/local/lib/python3.10/dist-packages/control_msgs/msg/_dynamic_joint_state_s.c
[4.175s] -- Up-to-date symlink: /home/michael/ros2_ws/install/control_msgs/local/lib/python3.10/dist-packages/control_msgs/msg/_gripper_command.py
[4.175s] -- Up-to-date symlink: /home/michael/ros2_ws/install/control_msgs/local/lib/python3.10/dist-packages/control_msgs/msg/_gripper_command_s.c
[4.175s] -- Up-to-date symlink: /home/michael/ros2_ws/install/control_msgs/local/lib/python3.10/dist-packages/control_msgs/msg/_interface_value.py
[4.175s] -- Up-to-date symlink: /home/michael/ros2_ws/install/control_msgs/local/lib/python3.10/dist-packages/control_msgs/msg/_interface_value_s.c
[4.175s] -- Up-to-date symlink: /home/michael/ros2_ws/install/control_msgs/local/lib/python3.10/dist-packages/control_msgs/msg/_joint_component_tolerance.py
[4.175s] -- Up-to-date symlink: /home/michael/ros2_ws/install/control_msgs/local/lib/python3.10/dist-packages/control_msgs/msg/_joint_component_tolerance_s.c
[4.176s] -- Up-to-date symlink: /home/michael/ros2_ws/install/control_msgs/local/lib/python3.10/dist-packages/control_msgs/msg/_joint_controller_state.py
[4.176s] -- Up-to-date symlink: /home/michael/ros2_ws/install/control_msgs/local/lib/python3.10/dist-packages/control_msgs/msg/_joint_controller_state_s.c
[4.176s] -- Up-to-date symlink: /home/michael/ros2_ws/install/control_msgs/local/lib/python3.10/dist-packages/control_msgs/msg/_joint_jog.py
[4.176s] -- Up-to-date symlink: /home/michael/ros2_ws/install/control_msgs/local/lib/python3.10/dist-packages/control_msgs/msg/_joint_jog_s.c
[4.176s] -- Up-to-date symlink: /home/michael/ros2_ws/install/control_msgs/local/lib/python3.10/dist-packages/control_msgs/msg/_joint_tolerance.py
[4.176s] -- Up-to-date symlink: /home/michael/ros2_ws/install/control_msgs/local/lib/python3.10/dist-packages/control_msgs/msg/_joint_tolerance_s.c
[4.176s] -- Up-to-date symlink: /home/michael/ros2_ws/install/control_msgs/local/lib/python3.10/dist-packages/control_msgs/msg/_joint_trajectory_controller_state.py
[4.176s] -- Up-to-date symlink: /home/michael/ros2_ws/install/control_msgs/local/lib/python3.10/dist-packages/control_msgs/msg/_joint_trajectory_controller_state_s.c
[4.176s] -- Up-to-date symlink: /home/michael/ros2_ws/install/control_msgs/local/lib/python3.10/dist-packages/control_msgs/msg/_mecanum_drive_controller_state.py
[4.176s] -- Up-to-date symlink: /home/michael/ros2_ws/install/control_msgs/local/lib/python3.10/dist-packages/control_msgs/msg/_mecanum_drive_controller_state_s.c
[4.183s] -- Up-to-date symlink: /home/michael/ros2_ws/install/control_msgs/local/lib/python3.10/dist-packages/control_msgs/msg/_pid_state.py
[4.183s] -- Up-to-date symlink: /home/michael/ros2_ws/install/control_msgs/local/lib/python3.10/dist-packages/control_msgs/msg/_pid_state_s.c
[4.184s] -- Up-to-date symlink: /home/michael/ros2_ws/install/control_msgs/local/lib/python3.10/dist-packages/control_msgs/msg/_steering_controller_status.py
[4.184s] -- Up-to-date symlink: /home/michael/ros2_ws/install/control_msgs/local/lib/python3.10/dist-packages/control_msgs/msg/_steering_controller_status_s.c
[4.185s] -- Up-to-date symlink: /home/michael/ros2_ws/install/control_msgs/local/lib/python3.10/dist-packages/control_msgs/srv/__init__.py
[4.185s] -- Up-to-date symlink: /home/michael/ros2_ws/install/control_msgs/local/lib/python3.10/dist-packages/control_msgs/srv/_query_calibration_state.py
[4.185s] -- Up-to-date symlink: /home/michael/ros2_ws/install/control_msgs/local/lib/python3.10/dist-packages/control_msgs/srv/_query_calibration_state_s.c
[4.185s] -- Up-to-date symlink: /home/michael/ros2_ws/install/control_msgs/local/lib/python3.10/dist-packages/control_msgs/srv/_query_trajectory_state.py
[4.185s] -- Up-to-date symlink: /home/michael/ros2_ws/install/control_msgs/local/lib/python3.10/dist-packages/control_msgs/srv/_query_trajectory_state_s.c
[4.185s] -- Up-to-date symlink: /home/michael/ros2_ws/install/control_msgs/local/lib/python3.10/dist-packages/control_msgs/control_msgs_s__rosidl_typesupport_fastrtps_c.cpython-310-x86_64-linux-gnu.so
[4.186s] -- Up-to-date symlink: /home/michael/ros2_ws/install/control_msgs/local/lib/python3.10/dist-packages/control_msgs/control_msgs_s__rosidl_typesupport_introspection_c.cpython-310-x86_64-linux-gnu.so
[4.186s] -- Up-to-date symlink: /home/michael/ros2_ws/install/control_msgs/local/lib/python3.10/dist-packages/control_msgs/control_msgs_s__rosidl_typesupport_c.cpython-310-x86_64-linux-gnu.so
[4.187s] -- Up-to-date symlink: /home/michael/ros2_ws/install/control_msgs/share/control_msgs/action/FollowJointTrajectory.idl
[4.187s] -- Up-to-date symlink: /home/michael/ros2_ws/install/control_msgs/share/control_msgs/action/GripperCommand.idl
[4.187s] -- Up-to-date symlink: /home/michael/ros2_ws/install/control_msgs/share/control_msgs/action/JointTrajectory.idl
[4.188s] -- Up-to-date symlink: /home/michael/ros2_ws/install/control_msgs/share/control_msgs/action/PointHead.idl
[4.188s] -- Up-to-date symlink: /home/michael/ros2_ws/install/control_msgs/share/control_msgs/action/SingleJointPosition.idl
[4.188s] -- Up-to-date symlink: /home/michael/ros2_ws/install/control_msgs/share/control_msgs/msg/AdmittanceControllerState.idl
[4.189s] -- Up-to-date symlink: /home/michael/ros2_ws/install/control_msgs/share/control_msgs/msg/DynamicJointState.idl
[4.189s] -- Up-to-date symlink: /home/michael/ros2_ws/install/control_msgs/share/control_msgs/msg/GripperCommand.idl
[4.189s] -- Up-to-date symlink: /home/michael/ros2_ws/install/control_msgs/share/control_msgs/msg/InterfaceValue.idl
[4.189s] -- Up-to-date symlink: /home/michael/ros2_ws/install/control_msgs/share/control_msgs/msg/JointComponentTolerance.idl
[4.189s] -- Up-to-date symlink: /home/michael/ros2_ws/install/control_msgs/share/control_msgs/msg/JointControllerState.idl
[4.189s] -- Up-to-date symlink: /home/michael/ros2_ws/install/control_msgs/share/control_msgs/msg/JointJog.idl
[4.189s] -- Up-to-date symlink: /home/michael/ros2_ws/install/control_msgs/share/control_msgs/msg/JointTolerance.idl
[4.190s] -- Up-to-date symlink: /home/michael/ros2_ws/install/control_msgs/share/control_msgs/msg/JointTrajectoryControllerState.idl
[4.190s] -- Up-to-date symlink: /home/michael/ros2_ws/install/control_msgs/share/control_msgs/msg/MecanumDriveControllerState.idl
[4.190s] -- Up-to-date symlink: /home/michael/ros2_ws/install/control_msgs/share/control_msgs/msg/PidState.idl
[4.190s] -- Up-to-date symlink: /home/michael/ros2_ws/install/control_msgs/share/control_msgs/msg/SteeringControllerStatus.idl
[4.191s] -- Up-to-date symlink: /home/michael/ros2_ws/install/control_msgs/share/control_msgs/srv/QueryCalibrationState.idl
[4.191s] -- Up-to-date symlink: /home/michael/ros2_ws/install/control_msgs/share/control_msgs/srv/QueryTrajectoryState.idl
[4.191s] -- Up-to-date symlink: /home/michael/ros2_ws/install/control_msgs/share/control_msgs/action/FollowJointTrajectory.action
[4.192s] -- Up-to-date symlink: /home/michael/ros2_ws/install/control_msgs/share/control_msgs/action/GripperCommand.action
[4.192s] -- Up-to-date symlink: /home/michael/ros2_ws/install/control_msgs/share/control_msgs/action/JointTrajectory.action
[4.192s] -- Up-to-date symlink: /home/michael/ros2_ws/install/control_msgs/share/control_msgs/action/PointHead.action
[4.193s] -- Up-to-date symlink: /home/michael/ros2_ws/install/control_msgs/share/control_msgs/action/SingleJointPosition.action
[4.193s] -- Up-to-date symlink: /home/michael/ros2_ws/install/control_msgs/share/control_msgs/msg/AdmittanceControllerState.msg
[4.194s] -- Up-to-date symlink: /home/michael/ros2_ws/install/control_msgs/share/control_msgs/msg/DynamicJointState.msg
[4.194s] -- Up-to-date symlink: /home/michael/ros2_ws/install/control_msgs/share/control_msgs/msg/GripperCommand.msg
[4.194s] -- Up-to-date symlink: /home/michael/ros2_ws/install/control_msgs/share/control_msgs/msg/InterfaceValue.msg
[4.194s] -- Up-to-date symlink: /home/michael/ros2_ws/install/control_msgs/share/control_msgs/msg/JointComponentTolerance.msg
[4.195s] -- Up-to-date symlink: /home/michael/ros2_ws/install/control_msgs/share/control_msgs/msg/JointControllerState.msg
[4.195s] -- Up-to-date symlink: /home/michael/ros2_ws/install/control_msgs/share/control_msgs/msg/JointJog.msg
[4.195s] -- Up-to-date symlink: /home/michael/ros2_ws/install/control_msgs/share/control_msgs/msg/JointTolerance.msg
[4.195s] -- Up-to-date symlink: /home/michael/ros2_ws/install/control_msgs/share/control_msgs/msg/JointTrajectoryControllerState.msg
[4.196s] -- Up-to-date symlink: /home/michael/ros2_ws/install/control_msgs/share/control_msgs/msg/MecanumDriveControllerState.msg
[4.196s] -- Up-to-date symlink: /home/michael/ros2_ws/install/control_msgs/share/control_msgs/msg/PidState.msg
[4.197s] -- Up-to-date symlink: /home/michael/ros2_ws/install/control_msgs/share/control_msgs/msg/SteeringControllerStatus.msg
[4.197s] -- Up-to-date symlink: /home/michael/ros2_ws/install/control_msgs/share/control_msgs/srv/QueryCalibrationState.srv
[4.197s] -- Up-to-date symlink: /home/michael/ros2_ws/install/control_msgs/share/control_msgs/srv/QueryCalibrationState_Request.msg
[4.197s] -- Up-to-date symlink: /home/michael/ros2_ws/install/control_msgs/share/control_msgs/srv/QueryCalibrationState_Response.msg
[4.198s] -- Up-to-date symlink: /home/michael/ros2_ws/install/control_msgs/share/control_msgs/srv/QueryTrajectoryState.srv
[4.198s] -- Up-to-date symlink: /home/michael/ros2_ws/install/control_msgs/share/control_msgs/srv/QueryTrajectoryState_Request.msg
[4.198s] -- Up-to-date symlink: /home/michael/ros2_ws/install/control_msgs/share/control_msgs/srv/QueryTrajectoryState_Response.msg
[4.198s] -- Up-to-date symlink: /home/michael/ros2_ws/install/control_msgs/share/ament_index/resource_index/package_run_dependencies/control_msgs
[4.198s] -- Up-to-date symlink: /home/michael/ros2_ws/install/control_msgs/share/ament_index/resource_index/parent_prefix_path/control_msgs
[4.198s] -- Up-to-date symlink: /home/michael/ros2_ws/install/control_msgs/share/control_msgs/environment/ament_prefix_path.sh
[4.199s] -- Up-to-date symlink: /home/michael/ros2_ws/install/control_msgs/share/control_msgs/environment/ament_prefix_path.dsv
[4.199s] -- Up-to-date symlink: /home/michael/ros2_ws/install/control_msgs/share/control_msgs/environment/path.sh
[4.199s] -- Up-to-date symlink: /home/michael/ros2_ws/install/control_msgs/share/control_msgs/environment/path.dsv
[4.199s] -- Up-to-date symlink: /home/michael/ros2_ws/install/control_msgs/share/control_msgs/local_setup.bash
[4.199s] -- Up-to-date symlink: /home/michael/ros2_ws/install/control_msgs/share/control_msgs/local_setup.sh
[4.200s] -- Up-to-date symlink: /home/michael/ros2_ws/install/control_msgs/share/control_msgs/local_setup.zsh
[4.200s] -- Up-to-date symlink: /home/michael/ros2_ws/install/control_msgs/share/control_msgs/local_setup.dsv
[4.200s] -- Symlinking: /home/michael/ros2_ws/install/control_msgs/share/control_msgs/package.dsv
[4.209s] -- Up-to-date symlink: /home/michael/ros2_ws/install/control_msgs/share/ament_index/resource_index/packages/control_msgs
[4.209s] -- Up-to-date symlink: /home/michael/ros2_ws/install/control_msgs/share/control_msgs/cmake/rosidl_cmake-extras.cmake
[4.210s] -- Up-to-date symlink: /home/michael/ros2_ws/install/control_msgs/share/control_msgs/cmake/ament_cmake_export_dependencies-extras.cmake
[4.210s] -- Up-to-date symlink: /home/michael/ros2_ws/install/control_msgs/share/control_msgs/cmake/ament_cmake_export_include_directories-extras.cmake
[4.210s] -- Up-to-date symlink: /home/michael/ros2_ws/install/control_msgs/share/control_msgs/cmake/ament_cmake_export_libraries-extras.cmake
[4.211s] -- Up-to-date symlink: /home/michael/ros2_ws/install/control_msgs/share/control_msgs/cmake/ament_cmake_export_targets-extras.cmake
[4.211s] -- Up-to-date symlink: /home/michael/ros2_ws/install/control_msgs/share/control_msgs/cmake/rosidl_cmake_export_typesupport_targets-extras.cmake
[4.211s] -- Up-to-date symlink: /home/michael/ros2_ws/install/control_msgs/share/control_msgs/cmake/rosidl_cmake_export_typesupport_libraries-extras.cmake
[4.211s] -- Up-to-date symlink: /home/michael/ros2_ws/install/control_msgs/share/control_msgs/cmake/control_msgsConfig.cmake
[4.212s] -- Up-to-date symlink: /home/michael/ros2_ws/install/control_msgs/share/control_msgs/cmake/control_msgsConfig-version.cmake
[4.212s] -- Up-to-date symlink: /home/michael/ros2_ws/install/control_msgs/share/control_msgs/package.xml
[4.213s] -- Up-to-date: /home/michael/ros2_ws/install/control_msgs/lib/libcontrol_msgs__rosidl_generator_c.so
[4.213s] -- Up-to-date: /home/michael/ros2_ws/install/control_msgs/lib/libcontrol_msgs__rosidl_typesupport_fastrtps_c.so
[4.213s] -- Up-to-date: /home/michael/ros2_ws/install/control_msgs/lib/libcontrol_msgs__rosidl_typesupport_fastrtps_cpp.so
[4.213s] -- Up-to-date: /home/michael/ros2_ws/install/control_msgs/lib/libcontrol_msgs__rosidl_typesupport_introspection_c.so
[4.214s] -- Up-to-date: /home/michael/ros2_ws/install/control_msgs/lib/libcontrol_msgs__rosidl_typesupport_c.so
[4.214s] -- Up-to-date: /home/michael/ros2_ws/install/control_msgs/lib/libcontrol_msgs__rosidl_typesupport_introspection_cpp.so
[4.214s] -- Up-to-date: /home/michael/ros2_ws/install/control_msgs/lib/libcontrol_msgs__rosidl_typesupport_cpp.so
[4.282s] Listing '/home/michael/ros2_ws/install/control_msgs/local/lib/python3.10/dist-packages/control_msgs'...
[4.282s] Compiling '/home/michael/ros2_ws/install/control_msgs/local/lib/python3.10/dist-packages/control_msgs/__init__.py'...
[4.282s] Listing '/home/michael/ros2_ws/install/control_msgs/local/lib/python3.10/dist-packages/control_msgs/action'...
[4.282s] Listing '/home/michael/ros2_ws/install/control_msgs/local/lib/python3.10/dist-packages/control_msgs/msg'...
[4.282s] Listing '/home/michael/ros2_ws/install/control_msgs/local/lib/python3.10/dist-packages/control_msgs/srv'...
[4.288s] -- Up-to-date: /home/michael/ros2_ws/install/control_msgs/lib/libcontrol_msgs__rosidl_generator_py.so
[4.289s] -- Up-to-date: /home/michael/ros2_ws/install/control_msgs/share/control_msgs/cmake/export_control_msgs__rosidl_generator_cExport.cmake
[4.290s] -- Up-to-date: /home/michael/ros2_ws/install/control_msgs/share/control_msgs/cmake/export_control_msgs__rosidl_generator_cExport-noconfig.cmake
[4.290s] -- Up-to-date: /home/michael/ros2_ws/install/control_msgs/share/control_msgs/cmake/export_control_msgs__rosidl_typesupport_fastrtps_cExport.cmake
[4.290s] -- Up-to-date: /home/michael/ros2_ws/install/control_msgs/share/control_msgs/cmake/export_control_msgs__rosidl_typesupport_fastrtps_cExport-noconfig.cmake
[4.290s] -- Up-to-date: /home/michael/ros2_ws/install/control_msgs/share/control_msgs/cmake/export_control_msgs__rosidl_generator_cppExport.cmake
[4.290s] -- Up-to-date: /home/michael/ros2_ws/install/control_msgs/share/control_msgs/cmake/export_control_msgs__rosidl_typesupport_fastrtps_cppExport.cmake
[4.291s] -- Up-to-date: /home/michael/ros2_ws/install/control_msgs/share/control_msgs/cmake/export_control_msgs__rosidl_typesupport_fastrtps_cppExport-noconfig.cmake
[4.291s] -- Up-to-date: /home/michael/ros2_ws/install/control_msgs/share/control_msgs/cmake/control_msgs__rosidl_typesupport_introspection_cExport.cmake
[4.291s] -- Up-to-date: /home/michael/ros2_ws/install/control_msgs/share/control_msgs/cmake/control_msgs__rosidl_typesupport_introspection_cExport-noconfig.cmake
[4.291s] -- Up-to-date: /home/michael/ros2_ws/install/control_msgs/share/control_msgs/cmake/control_msgs__rosidl_typesupport_cExport.cmake
[4.291s] -- Up-to-date: /home/michael/ros2_ws/install/control_msgs/share/control_msgs/cmake/control_msgs__rosidl_typesupport_cExport-noconfig.cmake
[4.292s] -- Up-to-date: /home/michael/ros2_ws/install/control_msgs/share/control_msgs/cmake/control_msgs__rosidl_typesupport_introspection_cppExport.cmake
[4.293s] -- Up-to-date: /home/michael/ros2_ws/install/control_msgs/share/control_msgs/cmake/control_msgs__rosidl_typesupport_introspection_cppExport-noconfig.cmake
[4.293s] -- Up-to-date: /home/michael/ros2_ws/install/control_msgs/share/control_msgs/cmake/control_msgs__rosidl_typesupport_cppExport.cmake
[4.293s] -- Up-to-date: /home/michael/ros2_ws/install/control_msgs/share/control_msgs/cmake/control_msgs__rosidl_typesupport_cppExport-noconfig.cmake
[4.294s] -- Up-to-date: /home/michael/ros2_ws/install/control_msgs/share/control_msgs/cmake/export_control_msgs__rosidl_generator_pyExport.cmake
[4.294s] -- Up-to-date: /home/michael/ros2_ws/install/control_msgs/share/control_msgs/cmake/export_control_msgs__rosidl_generator_pyExport-noconfig.cmake
[4.297s] Invoked command in '/home/michael/ros2_ws/build/control_msgs' returned '0': CMAKE_PREFIX_PATH=/opt/ros/humble /usr/bin/cmake --install /home/michael/ros2_ws/build/control_msgs
