[0.291s] Invoking command in '/home/michael/ros2_ws/build/ign_ros2_control': AMENT_PREFIX_PATH=/home/michael/ros2_ws/install/controller_manager:/home/michael/ros2_ws/install/controller_interface:/home/michael/ros2_ws/install/hardware_interface:/home/michael/ros2_ws/install/ros2_control_test_assets:/home/michael/ros2_ws/install/realtime_tools:/home/michael/ros2_ws/install/controller_manager_msgs:/home/michael/ros2_ws/install/control_msgs:${AMENT_PREFIX_PATH} CMAKE_PREFIX_PATH=/home/michael/ros2_ws/install/controller_manager:/home/michael/ros2_ws/install/controller_interface:/home/michael/ros2_ws/install/hardware_interface:/home/michael/ros2_ws/install/ros2_control_test_assets:/home/michael/ros2_ws/install/realtime_tools:/home/michael/ros2_ws/install/controller_manager_msgs:/home/michael/ros2_ws/install/control_msgs:/home/michael/ros2_ws/install/testarm:/home/michael/ros2_ws/install/model_arm:/opt/ros/humble LD_LIBRARY_PATH=/home/michael/ros2_ws/install/controller_manager/lib:/home/michael/ros2_ws/install/controller_interface/lib:/home/michael/ros2_ws/install/hardware_interface/lib:/home/michael/ros2_ws/install/realtime_tools/lib:/home/michael/ros2_ws/install/controller_manager_msgs/lib:/home/michael/ros2_ws/install/control_msgs/lib:${LD_LIBRARY_PATH} PYTHONPATH=/home/michael/ros2_ws/install/controller_manager/local/lib/python3.10/dist-packages:/home/michael/ros2_ws/install/controller_manager_msgs/local/lib/python3.10/dist-packages:/home/michael/ros2_ws/install/control_msgs/local/lib/python3.10/dist-packages:${PYTHONPATH} /usr/bin/cmake /home/michael/ros2_ws/src/ros-controls/gz_ros2_control/ign_ros2_control -DAMENT_CMAKE_SYMLINK_INSTALL=1 -DCMAKE_INSTALL_PREFIX=/home/michael/ros2_ws/install/ign_ros2_control
[4.874s] -- The C compiler identification is GNU 11.4.0
[4.875s] -- The CXX compiler identification is GNU 11.4.0
[4.875s] -- Detecting C compiler ABI info
[4.875s] -- Detecting C compiler ABI info - done
[4.875s] -- Check for working C compiler: /usr/bin/cc - skipped
[4.875s] -- Detecting C compile features
[4.875s] -- Detecting C compile features - done
[4.875s] -- Detecting CXX compiler ABI info
[4.875s] -- Detecting CXX compiler ABI info - done
[4.875s] -- Check for working CXX compiler: /usr/bin/c++ - skipped
[4.875s] -- Detecting CXX compile features
[4.876s] -- Detecting CXX compile features - done
[4.876s] -- Found ament_cmake: 1.3.5 (/opt/ros/humble/share/ament_cmake/cmake)
[4.876s] -- Found Python3: /usr/bin/python3.10 (found version "3.10.12") found components: Interpreter 
[4.876s] -- Override CMake install command with custom implementation using symlinks instead of copying resources
[4.876s] -- Found ament_index_cpp: 1.4.0 (/opt/ros/humble/share/ament_index_cpp/cmake)
[4.876s] -- Found controller_manager: 2.29.0 (/home/michael/ros2_ws/install/controller_manager/share/controller_manager/cmake)
[4.876s] -- Found rosidl_generator_c: 3.1.5 (/opt/ros/humble/share/rosidl_generator_c/cmake)
[4.876s] -- Found rosidl_adapter: 3.1.5 (/opt/ros/humble/share/rosidl_adapter/cmake)
[4.876s] -- Found rosidl_generator_cpp: 3.1.5 (/opt/ros/humble/share/rosidl_generator_cpp/cmake)
[4.876s] -- Using all available rosidl_typesupport_c: rosidl_typesupport_fastrtps_c;rosidl_typesupport_introspection_c
[4.876s] -- Using all available rosidl_typesupport_cpp: rosidl_typesupport_fastrtps_cpp;rosidl_typesupport_introspection_cpp
[4.877s] -- Found rmw_implementation_cmake: 6.1.1 (/opt/ros/humble/share/rmw_implementation_cmake/cmake)
[4.877s] -- Found rmw_fastrtps_cpp: 6.2.3 (/opt/ros/humble/share/rmw_fastrtps_cpp/cmake)
[4.877s] -- Found OpenSSL: /usr/lib/x86_64-linux-gnu/libcrypto.so (found version "3.0.2")  
[4.877s] -- Found FastRTPS: /opt/ros/humble/include  
[4.877s] -- Using RMW implementation 'rmw_fastrtps_cpp' as default
[4.877s] -- Looking for pthread.h
[4.877s] -- Looking for pthread.h - found
[4.877s] -- Performing Test CMAKE_HAVE_LIBC_PTHREAD
[4.877s] -- Performing Test CMAKE_HAVE_LIBC_PTHREAD - Success
[4.877s] -- Found Threads: TRUE  
[4.877s] -- Found yaml_cpp_vendor: 8.0.2 (/opt/ros/humble/share/yaml_cpp_vendor/cmake)
[4.877s] -- Looking for ignition-gazebo6 -- found version 6.11.0
[4.877s] -- Searching for dependencies of ignition-gazebo6
[4.878s] -- Looking for sdformat12 -- found version 12.5.0
[4.878s] -- Searching for dependencies of sdformat12
[4.878s] -- Checking for module 'tinyxml2'
[4.878s] --   Found tinyxml2, version 9.0.0
[4.892s] -- Looking for ignition-math6 -- found version 6.12.0
[4.893s] -- Searching for dependencies of ignition-math6
[4.899s] -- Looking for ignition-utils1 -- found version 1.4.0
[4.900s] -- Searching for dependencies of ignition-utils1
[4.907s] -- Looking for ignition-plugin1 -- found version 1.3.0
[4.908s] -- Searching for dependencies of ignition-plugin1
[4.909s] -- Searching for <ignition-plugin1> component [loader]
[4.913s] -- Looking for ignition-plugin1-loader -- found version 1.3.0
[4.914s] -- Searching for dependencies of ignition-plugin1-loader
[4.917s] -- Searching for <ignition-plugin1> component [register]
[4.926s] -- Looking for ignition-plugin1-register -- found version 1.3.0
[4.926s] -- Searching for dependencies of ignition-plugin1-register
[4.936s] -- Looking for ignition-transport11 -- found version 11.2.0
[4.937s] -- Searching for dependencies of ignition-transport11
[5.000s] -- Found Protobuf: /usr/lib/x86_64-linux-gnu/libprotobuf.so (found suitable version "3.12.4", minimum required is "3") 
[5.030s] -- Config-file not installed for ZeroMQ -- checking for pkg-config
[5.038s] -- Checking for module 'libzmq >= 4'
[5.092s] --   Found libzmq , version 4.3.4
[5.219s] -- Found ZeroMQ: TRUE (Required is at least version "4") 
[5.234s] -- Checking for module 'uuid'
[5.254s] --   Found uuid, version 2.37.2
[5.306s] -- Found UUID: TRUE  
[5.307s] -- Looking for ignition-utils1 -- found version 1.4.0
[5.307s] -- Searching for dependencies of ignition-utils1
[5.307s] -- Searching for <ignition-utils1> component [cli]
[5.318s] -- Looking for ignition-utils1-cli -- found version 1.4.0
[5.319s] -- Searching for dependencies of ignition-utils1-cli
[5.326s] -- Looking for ignition-msgs8 -- found version 8.6.0
[5.326s] -- Searching for dependencies of ignition-msgs8
[5.363s] -- Looking for ignition-math6 -- found version 6.12.0
[5.377s] -- Searching for <ignition-transport11> component [log]
[5.386s] -- Looking for ignition-transport11-log -- found version 11.2.0
[5.386s] -- Searching for dependencies of ignition-transport11-log
[5.389s] -- Looking for ignition-msgs8 -- found version 8.6.0
[5.394s] -- Looking for ignition-common4 -- found version 4.5.2
[5.395s] -- Searching for dependencies of ignition-common4
[5.396s] -- Looking for dlfcn.h - found
[5.398s] -- Looking for libdl - found
[5.399s] -- Found DL: TRUE  
[5.411s] -- Searching for <ignition-common4> component [profiler]
[5.417s] -- Looking for ignition-common4-profiler -- found version 4.5.2
[5.418s] -- Searching for dependencies of ignition-common4-profiler
[5.419s] -- Searching for <ignition-common4> component [events]
[5.423s] -- Looking for ignition-common4-events -- found version 4.5.2
[5.423s] -- Searching for dependencies of ignition-common4-events
[5.430s] -- Looking for ignition-math6 -- found version 6.12.0
[5.430s] -- Searching for <ignition-common4> component [av]
[5.430s] -- Looking for ignition-common4-av -- found version 4.5.2
[5.430s] -- Searching for dependencies of ignition-common4-av
[5.443s] -- Checking for module 'libswscale'
[5.460s] --   Found libswscale, version 5.9.100
[5.526s] -- Found SWSCALE: TRUE  
[5.534s] -- Checking for module 'libavdevice >= 56.4.100'
[5.605s] --   Found libavdevice , version 58.13.100
[5.699s] -- Found AVDEVICE: TRUE (Required is at least version "56.4.100") 
[5.713s] -- Checking for module 'libavformat'
[5.736s] --   Found libavformat, version 58.76.100
[5.793s] -- Found AVFORMAT: TRUE  
[5.804s] -- Checking for module 'libavcodec'
[5.832s] --   Found libavcodec, version 58.134.100
[5.899s] -- Found AVCODEC: TRUE  
[5.912s] -- Checking for module 'libavutil'
[5.942s] --   Found libavutil, version 56.70.100
[6.014s] -- Found AVUTIL: TRUE  
[6.030s] -- Looking for ignition-fuel_tools7 -- found version 7.1.0
[6.031s] -- Searching for dependencies of ignition-fuel_tools7
[6.231s] -- Found CURL: /usr/lib/x86_64-linux-gnu/libcurl.so (found version "7.81.0")  
[6.271s] -- Checking for module 'jsoncpp'
[6.277s] --   Found jsoncpp, version 1.9.5
[6.337s] -- Found JSONCPP: TRUE  
[6.347s] -- Checking for module 'libzip'
[6.378s] --   Found libzip, version 1.7.3
[6.574s] -- Found ZIP: TRUE  
[6.575s] -- Looking for ignition-common4 -- found version 4.5.2
[6.579s] -- Looking for ignition-math6 -- found version 6.12.0
[6.579s] -- Looking for ignition-msgs8 -- found version 8.6.0
[6.644s] -- Looking for ignition-gui6 -- found version 6.6.1
[6.646s] -- Searching for dependencies of ignition-gui6
[6.815s] -- Looking for ignition-math6 -- found version 6.12.0
[6.815s] -- Looking for ignition-common4 -- found version 4.5.2
[6.816s] -- Looking for ignition-plugin1 -- found version 1.3.0
[6.816s] -- Looking for ignition-transport11 -- found version 11.2.0
[6.824s] -- Looking for ignition-rendering6 -- found version 6.5.1
[6.825s] -- Searching for dependencies of ignition-rendering6
[6.826s] -- Looking for ignition-math6 -- found version 6.12.0
[6.827s] -- Searching for dependencies of ignition-math6
[6.827s] -- Searching for <ignition-math6> component [eigen3]
[6.834s] -- Looking for ignition-math6-eigen3 -- found version 6.12.0
[6.840s] -- Searching for dependencies of ignition-math6-eigen3
[6.849s] -- Looking for ignition-common4 -- found version 4.5.2
[6.849s] -- Searching for dependencies of ignition-common4
[6.856s] -- Looking for dlfcn.h - found
[6.856s] -- Looking for libdl - found
[6.864s] -- Searching for <ignition-common4> component [graphics]
[6.869s] -- Looking for ignition-common4-graphics -- found version 4.5.2
[6.870s] -- Searching for dependencies of ignition-common4-graphics
[6.870s] -- Looking for ignition-math6 -- found version 6.12.0
[6.871s] -- Looking for ignition-utils1 -- found version 1.4.0
[6.885s] -- Searching for <ignition-common4> component [events]
[6.885s] -- Looking for ignition-plugin1 -- found version 1.3.0
[6.885s] -- Searching for dependencies of ignition-plugin1
[6.886s] -- Searching for <ignition-plugin1> component [all]
[6.910s] -- Looking for all libraries of ignition-plugin1 -- found version 1.3.0
[6.917s] -- Looking for ignition-plugin1 -- found version 1.3.0
[6.930s] -- Looking for ignition-msgs8 -- found version 8.6.0
[7.048s] -- Looking for ignition-physics5 -- found version 5.2.0
[7.049s] -- Searching for dependencies of ignition-physics5
[7.049s] -- Looking for ignition-math6 -- found version 6.12.0
[7.050s] -- Looking for ignition-plugin1 -- found version 1.3.0
[7.051s] -- Looking for ignition-utils1 -- found version 1.4.0
[7.055s] -- Searching for <ignition-physics5> component [heightmap]
[7.062s] -- Looking for ignition-physics5-heightmap -- found version 5.2.0
[7.063s] -- Searching for dependencies of ignition-physics5-heightmap
[7.063s] -- Looking for ignition-common4 -- found version 4.5.2
[7.065s] -- Searching for <ignition-physics5> component [mesh]
[7.077s] -- Looking for ignition-physics5-mesh -- found version 5.2.0
[7.077s] -- Searching for dependencies of ignition-physics5-mesh
[7.078s] -- Looking for ignition-common4 -- found version 4.5.2
[7.079s] -- Searching for <ignition-physics5> component [sdf]
[7.086s] -- Looking for ignition-physics5-sdf -- found version 5.2.0
[7.104s] -- Searching for dependencies of ignition-physics5-sdf
[7.104s] -- Looking for sdformat12 -- found version 12.5.0
[7.153s] -- Looking for ignition-sensors6 -- found version 6.6.0
[7.153s] -- Searching for dependencies of ignition-sensors6
[7.201s] -- Looking for ignition-math6 -- found version 6.12.0
[7.203s] -- Looking for ignition-common4 -- found version 4.5.2
[7.205s] -- Looking for ignition-transport11 -- found version 11.2.0
[7.207s] -- Looking for ignition-rendering6 -- found version 6.5.1
[7.209s] -- Looking for ignition-msgs8 -- found version 8.6.0
[7.210s] -- Looking for sdformat12 -- found version 12.5.0
[7.216s] -- Searching for <ignition-sensors6> component [air_pressure]
[7.225s] -- Looking for ignition-sensors6-air_pressure -- found version 6.6.0
[7.226s] -- Searching for dependencies of ignition-sensors6-air_pressure
[7.228s] -- Searching for <ignition-sensors6> component [altimeter]
[7.232s] -- Looking for ignition-sensors6-altimeter -- found version 6.6.0
[7.233s] -- Searching for dependencies of ignition-sensors6-altimeter
[7.239s] -- Searching for <ignition-sensors6> component [imu]
[7.240s] -- Looking for ignition-sensors6-imu -- found version 6.6.0
[7.242s] -- Searching for dependencies of ignition-sensors6-imu
[7.246s] -- Searching for <ignition-sensors6> component [force_torque]
[7.277s] -- Looking for ignition-sensors6-force_torque -- found version 6.6.0
[7.278s] -- Searching for dependencies of ignition-sensors6-force_torque
[7.286s] -- Searching for <ignition-sensors6> component [logical_camera]
[7.299s] -- Looking for ignition-sensors6-logical_camera -- found version 6.6.0
[7.301s] -- Searching for dependencies of ignition-sensors6-logical_camera
[7.317s] -- Searching for <ignition-sensors6> component [magnetometer]
[7.336s] -- Looking for ignition-sensors6-magnetometer -- found version 6.6.0
[7.338s] -- Searching for dependencies of ignition-sensors6-magnetometer
[7.346s] -- Searching for <ignition-sensors6> component [navsat]
[7.360s] -- Looking for ignition-sensors6-navsat -- found version 6.6.0
[7.361s] -- Searching for dependencies of ignition-sensors6-navsat
[7.370s] -- Searching for <ignition-sensors6> component [rendering]
[7.388s] -- Looking for ignition-sensors6-rendering -- found version 6.6.0
[7.390s] -- Searching for dependencies of ignition-sensors6-rendering
[7.397s] -- Searching for <ignition-sensors6> component [lidar]
[7.408s] -- Looking for ignition-sensors6-lidar -- found version 6.6.0
[7.410s] -- Searching for dependencies of ignition-sensors6-lidar
[7.428s] -- Searching for <ignition-sensors6> component [gpu_lidar]
[7.440s] -- Looking for ignition-sensors6-gpu_lidar -- found version 6.6.0
[7.441s] -- Searching for dependencies of ignition-sensors6-gpu_lidar
[7.447s] -- Searching for <ignition-sensors6> component [camera]
[7.448s] -- Looking for ignition-sensors6-camera -- found version 6.6.0
[7.449s] -- Searching for dependencies of ignition-sensors6-camera
[7.450s] -- Searching for <ignition-sensors6> component [boundingbox_camera]
[7.470s] -- Looking for ignition-sensors6-boundingbox_camera -- found version 6.6.0
[7.471s] -- Searching for dependencies of ignition-sensors6-boundingbox_camera
[7.473s] -- Searching for <ignition-sensors6> component [segmentation_camera]
[7.484s] -- Looking for ignition-sensors6-segmentation_camera -- found version 6.6.0
[7.485s] -- Searching for dependencies of ignition-sensors6-segmentation_camera
[7.501s] -- Searching for <ignition-sensors6> component [depth_camera]
[7.517s] -- Looking for ignition-sensors6-depth_camera -- found version 6.6.0
[7.517s] -- Searching for dependencies of ignition-sensors6-depth_camera
[7.525s] -- Searching for <ignition-sensors6> component [rgbd_camera]
[7.540s] -- Looking for ignition-sensors6-rgbd_camera -- found version 6.6.0
[7.542s] -- Searching for dependencies of ignition-sensors6-rgbd_camera
[7.550s] -- Searching for <ignition-sensors6> component [thermal_camera]
[7.565s] -- Looking for ignition-sensors6-thermal_camera -- found version 6.6.0
[7.566s] -- Searching for dependencies of ignition-sensors6-thermal_camera
[7.574s] -- Looking for ignition-rendering6 -- found version 6.5.1
[7.576s] -- Looking for ignition-math6 -- found version 6.12.0
[7.602s] -- Looking for ignition-utils1 -- found version 1.4.0
[7.718s] -- Compiling against Ignition Fortress
[7.718s] -- Looking for ignition-plugin1 -- found version 1.3.0
[9.265s] -- Found ament_lint_auto: 0.12.7 (/opt/ros/humble/share/ament_lint_auto/cmake)
[9.469s] -- Added test 'copyright' to check source files copyright and LICENSE
[9.472s] -- Added test 'cppcheck' to perform static code analysis on C / C++ code
[9.474s] -- Configured cppcheck include dirs: /home/michael/ros2_ws/src/ros-controls/gz_ros2_control/ign_ros2_control/include
[9.474s] -- Configured cppcheck exclude dirs and/or files: 
[9.479s] -- Added test 'cpplint' to check C / C++ code against the Google style
[9.479s] -- Configured cpplint exclude dirs and/or files: 
[9.481s] -- Added test 'lint_cmake' to check CMake code style
[9.484s] -- Added test 'uncrustify' to check C / C++ code style
[9.485s] -- Configured uncrustify additional arguments: 
[9.486s] -- Added test 'xmllint' to check XML markup files
[9.497s] -- Configuring done
[9.594s] -- Generating done
[9.600s] -- Build files have been written to: /home/michael/ros2_ws/build/ign_ros2_control
[9.636s] Invoked command in '/home/michael/ros2_ws/build/ign_ros2_control' returned '0': AMENT_PREFIX_PATH=/home/michael/ros2_ws/install/controller_manager:/home/michael/ros2_ws/install/controller_interface:/home/michael/ros2_ws/install/hardware_interface:/home/michael/ros2_ws/install/ros2_control_test_assets:/home/michael/ros2_ws/install/realtime_tools:/home/michael/ros2_ws/install/controller_manager_msgs:/home/michael/ros2_ws/install/control_msgs:${AMENT_PREFIX_PATH} CMAKE_PREFIX_PATH=/home/michael/ros2_ws/install/controller_manager:/home/michael/ros2_ws/install/controller_interface:/home/michael/ros2_ws/install/hardware_interface:/home/michael/ros2_ws/install/ros2_control_test_assets:/home/michael/ros2_ws/install/realtime_tools:/home/michael/ros2_ws/install/controller_manager_msgs:/home/michael/ros2_ws/install/control_msgs:/home/michael/ros2_ws/install/testarm:/home/michael/ros2_ws/install/model_arm:/opt/ros/humble LD_LIBRARY_PATH=/home/michael/ros2_ws/install/controller_manager/lib:/home/michael/ros2_ws/install/controller_interface/lib:/home/michael/ros2_ws/install/hardware_interface/lib:/home/michael/ros2_ws/install/realtime_tools/lib:/home/michael/ros2_ws/install/controller_manager_msgs/lib:/home/michael/ros2_ws/install/control_msgs/lib:${LD_LIBRARY_PATH} PYTHONPATH=/home/michael/ros2_ws/install/controller_manager/local/lib/python3.10/dist-packages:/home/michael/ros2_ws/install/controller_manager_msgs/local/lib/python3.10/dist-packages:/home/michael/ros2_ws/install/control_msgs/local/lib/python3.10/dist-packages:${PYTHONPATH} /usr/bin/cmake /home/michael/ros2_ws/src/ros-controls/gz_ros2_control/ign_ros2_control -DAMENT_CMAKE_SYMLINK_INSTALL=1 -DCMAKE_INSTALL_PREFIX=/home/michael/ros2_ws/install/ign_ros2_control
[9.645s] Invoking command in '/home/michael/ros2_ws/build/ign_ros2_control': AMENT_PREFIX_PATH=/home/michael/ros2_ws/install/controller_manager:/home/michael/ros2_ws/install/controller_interface:/home/michael/ros2_ws/install/hardware_interface:/home/michael/ros2_ws/install/ros2_control_test_assets:/home/michael/ros2_ws/install/realtime_tools:/home/michael/ros2_ws/install/controller_manager_msgs:/home/michael/ros2_ws/install/control_msgs:${AMENT_PREFIX_PATH} CMAKE_PREFIX_PATH=/home/michael/ros2_ws/install/controller_manager:/home/michael/ros2_ws/install/controller_interface:/home/michael/ros2_ws/install/hardware_interface:/home/michael/ros2_ws/install/ros2_control_test_assets:/home/michael/ros2_ws/install/realtime_tools:/home/michael/ros2_ws/install/controller_manager_msgs:/home/michael/ros2_ws/install/control_msgs:/home/michael/ros2_ws/install/testarm:/home/michael/ros2_ws/install/model_arm:/opt/ros/humble LD_LIBRARY_PATH=/home/michael/ros2_ws/install/controller_manager/lib:/home/michael/ros2_ws/install/controller_interface/lib:/home/michael/ros2_ws/install/hardware_interface/lib:/home/michael/ros2_ws/install/realtime_tools/lib:/home/michael/ros2_ws/install/controller_manager_msgs/lib:/home/michael/ros2_ws/install/control_msgs/lib:${LD_LIBRARY_PATH} PYTHONPATH=/home/michael/ros2_ws/install/controller_manager/local/lib/python3.10/dist-packages:/home/michael/ros2_ws/install/controller_manager_msgs/local/lib/python3.10/dist-packages:/home/michael/ros2_ws/install/control_msgs/local/lib/python3.10/dist-packages:${PYTHONPATH} /usr/bin/cmake --build /home/michael/ros2_ws/build/ign_ros2_control -- -j14 -l14
[65.870s] [ 25%] [32mBuilding CXX object CMakeFiles/ign_ros2_control-system.dir/src/ign_ros2_control_plugin.cpp.o[0m
[65.872s] [ 50%] [32mBuilding CXX object CMakeFiles/ign_hardware_plugins.dir/src/ign_system.cpp.o[0m
[65.873s] [ 75%] [32m[1mLinking CXX shared library libign_hardware_plugins.so[0m
[65.874s] [100%] [32m[1mLinking CXX shared library libign_ros2_control-system.so[0m
[65.875s] [100%] Built target ign_hardware_plugins
[65.876s] [100%] Built target ign_ros2_control-system
[65.877s] Invoked command in '/home/michael/ros2_ws/build/ign_ros2_control' returned '0': AMENT_PREFIX_PATH=/home/michael/ros2_ws/install/controller_manager:/home/michael/ros2_ws/install/controller_interface:/home/michael/ros2_ws/install/hardware_interface:/home/michael/ros2_ws/install/ros2_control_test_assets:/home/michael/ros2_ws/install/realtime_tools:/home/michael/ros2_ws/install/controller_manager_msgs:/home/michael/ros2_ws/install/control_msgs:${AMENT_PREFIX_PATH} CMAKE_PREFIX_PATH=/home/michael/ros2_ws/install/controller_manager:/home/michael/ros2_ws/install/controller_interface:/home/michael/ros2_ws/install/hardware_interface:/home/michael/ros2_ws/install/ros2_control_test_assets:/home/michael/ros2_ws/install/realtime_tools:/home/michael/ros2_ws/install/controller_manager_msgs:/home/michael/ros2_ws/install/control_msgs:/home/michael/ros2_ws/install/testarm:/home/michael/ros2_ws/install/model_arm:/opt/ros/humble LD_LIBRARY_PATH=/home/michael/ros2_ws/install/controller_manager/lib:/home/michael/ros2_ws/install/controller_interface/lib:/home/michael/ros2_ws/install/hardware_interface/lib:/home/michael/ros2_ws/install/realtime_tools/lib:/home/michael/ros2_ws/install/controller_manager_msgs/lib:/home/michael/ros2_ws/install/control_msgs/lib:${LD_LIBRARY_PATH} PYTHONPATH=/home/michael/ros2_ws/install/controller_manager/local/lib/python3.10/dist-packages:/home/michael/ros2_ws/install/controller_manager_msgs/local/lib/python3.10/dist-packages:/home/michael/ros2_ws/install/control_msgs/local/lib/python3.10/dist-packages:${PYTHONPATH} /usr/bin/cmake --build /home/michael/ros2_ws/build/ign_ros2_control -- -j14 -l14
[65.923s] Invoking command in '/home/michael/ros2_ws/build/ign_ros2_control': AMENT_PREFIX_PATH=/home/michael/ros2_ws/install/controller_manager:/home/michael/ros2_ws/install/controller_interface:/home/michael/ros2_ws/install/hardware_interface:/home/michael/ros2_ws/install/ros2_control_test_assets:/home/michael/ros2_ws/install/realtime_tools:/home/michael/ros2_ws/install/controller_manager_msgs:/home/michael/ros2_ws/install/control_msgs:${AMENT_PREFIX_PATH} CMAKE_PREFIX_PATH=/home/michael/ros2_ws/install/controller_manager:/home/michael/ros2_ws/install/controller_interface:/home/michael/ros2_ws/install/hardware_interface:/home/michael/ros2_ws/install/ros2_control_test_assets:/home/michael/ros2_ws/install/realtime_tools:/home/michael/ros2_ws/install/controller_manager_msgs:/home/michael/ros2_ws/install/control_msgs:/home/michael/ros2_ws/install/testarm:/home/michael/ros2_ws/install/model_arm:/opt/ros/humble LD_LIBRARY_PATH=/home/michael/ros2_ws/install/controller_manager/lib:/home/michael/ros2_ws/install/controller_interface/lib:/home/michael/ros2_ws/install/hardware_interface/lib:/home/michael/ros2_ws/install/realtime_tools/lib:/home/michael/ros2_ws/install/controller_manager_msgs/lib:/home/michael/ros2_ws/install/control_msgs/lib:${LD_LIBRARY_PATH} PYTHONPATH=/home/michael/ros2_ws/install/controller_manager/local/lib/python3.10/dist-packages:/home/michael/ros2_ws/install/controller_manager_msgs/local/lib/python3.10/dist-packages:/home/michael/ros2_ws/install/control_msgs/local/lib/python3.10/dist-packages:${PYTHONPATH} /usr/bin/cmake --install /home/michael/ros2_ws/build/ign_ros2_control
[71.910s] -- Install configuration: ""
[71.910s] -- Execute custom install script
[71.910s] -- Symlinking: /home/michael/ros2_ws/install/ign_ros2_control/lib/libign_hardware_plugins.so
[71.910s] -- Symlinking: /home/michael/ros2_ws/install/ign_ros2_control/include/ign_ros2_control/ign_ros2_control_plugin.hpp
[71.910s] -- Symlinking: /home/michael/ros2_ws/install/ign_ros2_control/include/ign_ros2_control/ign_system.hpp
[71.910s] -- Symlinking: /home/michael/ros2_ws/install/ign_ros2_control/include/ign_ros2_control/ign_system_interface.hpp
[71.910s] -- Symlinking: /home/michael/ros2_ws/install/ign_ros2_control/share/ign_ros2_control/environment/library_path.sh
[71.910s] -- Symlinking: /home/michael/ros2_ws/install/ign_ros2_control/share/ign_ros2_control/environment/library_path.dsv
[71.910s] -- Symlinking: /home/michael/ros2_ws/install/ign_ros2_control/lib/libign_ros2_control-system.so
[71.910s] -- Symlinking: /home/michael/ros2_ws/install/ign_ros2_control/share/ign_ros2_control//ign_hardware_plugins.xml
[71.910s] -- Symlinking: /home/michael/ros2_ws/install/ign_ros2_control/share/ament_index/resource_index/package_run_dependencies/ign_ros2_control
[71.910s] -- Symlinking: /home/michael/ros2_ws/install/ign_ros2_control/share/ament_index/resource_index/parent_prefix_path/ign_ros2_control
[71.910s] -- Symlinking: /home/michael/ros2_ws/install/ign_ros2_control/share/ign_ros2_control/environment/ament_prefix_path.sh
[71.911s] -- Symlinking: /home/michael/ros2_ws/install/ign_ros2_control/share/ign_ros2_control/environment/ament_prefix_path.dsv
[71.911s] -- Symlinking: /home/michael/ros2_ws/install/ign_ros2_control/share/ign_ros2_control/environment/path.sh
[71.911s] -- Symlinking: /home/michael/ros2_ws/install/ign_ros2_control/share/ign_ros2_control/environment/path.dsv
[71.911s] -- Symlinking: /home/michael/ros2_ws/install/ign_ros2_control/share/ign_ros2_control/local_setup.bash
[71.911s] -- Symlinking: /home/michael/ros2_ws/install/ign_ros2_control/share/ign_ros2_control/local_setup.sh
[71.911s] -- Symlinking: /home/michael/ros2_ws/install/ign_ros2_control/share/ign_ros2_control/local_setup.zsh
[71.911s] -- Symlinking: /home/michael/ros2_ws/install/ign_ros2_control/share/ign_ros2_control/local_setup.dsv
[71.911s] -- Symlinking: /home/michael/ros2_ws/install/ign_ros2_control/share/ign_ros2_control/package.dsv
[71.911s] -- Symlinking: /home/michael/ros2_ws/install/ign_ros2_control/share/ament_index/resource_index/packages/ign_ros2_control
[71.911s] -- Symlinking: /home/michael/ros2_ws/install/ign_ros2_control/share/ament_index/resource_index/ign_ros2_control__pluginlib__plugin/ign_ros2_control
[71.911s] -- Symlinking: /home/michael/ros2_ws/install/ign_ros2_control/share/ign_ros2_control/cmake/ament_cmake_export_include_directories-extras.cmake
[71.911s] -- Symlinking: /home/michael/ros2_ws/install/ign_ros2_control/share/ign_ros2_control/cmake/ament_cmake_export_libraries-extras.cmake
[71.912s] -- Symlinking: /home/michael/ros2_ws/install/ign_ros2_control/share/ign_ros2_control/cmake/ign_ros2_controlConfig.cmake
[71.912s] -- Symlinking: /home/michael/ros2_ws/install/ign_ros2_control/share/ign_ros2_control/cmake/ign_ros2_controlConfig-version.cmake
[71.912s] -- Symlinking: /home/michael/ros2_ws/install/ign_ros2_control/share/ign_ros2_control/package.xml
[71.936s] Invoked command in '/home/michael/ros2_ws/build/ign_ros2_control' returned '0': AMENT_PREFIX_PATH=/home/michael/ros2_ws/install/controller_manager:/home/michael/ros2_ws/install/controller_interface:/home/michael/ros2_ws/install/hardware_interface:/home/michael/ros2_ws/install/ros2_control_test_assets:/home/michael/ros2_ws/install/realtime_tools:/home/michael/ros2_ws/install/controller_manager_msgs:/home/michael/ros2_ws/install/control_msgs:${AMENT_PREFIX_PATH} CMAKE_PREFIX_PATH=/home/michael/ros2_ws/install/controller_manager:/home/michael/ros2_ws/install/controller_interface:/home/michael/ros2_ws/install/hardware_interface:/home/michael/ros2_ws/install/ros2_control_test_assets:/home/michael/ros2_ws/install/realtime_tools:/home/michael/ros2_ws/install/controller_manager_msgs:/home/michael/ros2_ws/install/control_msgs:/home/michael/ros2_ws/install/testarm:/home/michael/ros2_ws/install/model_arm:/opt/ros/humble LD_LIBRARY_PATH=/home/michael/ros2_ws/install/controller_manager/lib:/home/michael/ros2_ws/install/controller_interface/lib:/home/michael/ros2_ws/install/hardware_interface/lib:/home/michael/ros2_ws/install/realtime_tools/lib:/home/michael/ros2_ws/install/controller_manager_msgs/lib:/home/michael/ros2_ws/install/control_msgs/lib:${LD_LIBRARY_PATH} PYTHONPATH=/home/michael/ros2_ws/install/controller_manager/local/lib/python3.10/dist-packages:/home/michael/ros2_ws/install/controller_manager_msgs/local/lib/python3.10/dist-packages:/home/michael/ros2_ws/install/control_msgs/local/lib/python3.10/dist-packages:${PYTHONPATH} /usr/bin/cmake --install /home/michael/ros2_ws/build/ign_ros2_control
