[0.059s] Invoking command in '/home/michael/ros2_ws/build/ign_ros2_control_demos': AMENT_PREFIX_PATH=/home/michael/ros2_ws/install/velocity_controllers:/home/michael/ros2_ws/install/effort_controllers:/home/michael/ros2_ws/install/tricycle_controller:/home/michael/ros2_ws/install/ros2controlcli:/home/michael/ros2_ws/install/joint_trajectory_controller:/home/michael/ros2_ws/install/joint_state_broadcaster:/home/michael/ros2_ws/install/imu_sensor_broadcaster:/home/michael/ros2_ws/install/ign_ros2_control:/home/michael/ros2_ws/install/forward_command_controller:/home/michael/ros2_ws/install/diff_drive_controller:/home/michael/ros2_ws/install/controller_manager:/home/michael/ros2_ws/install/controller_interface:/home/michael/ros2_ws/install/hardware_interface:/home/michael/ros2_ws/install/control_toolbox:/home/michael/ros2_ws/install/ros2_control_test_assets:/home/michael/ros2_ws/install/realtime_tools:/home/michael/ros2_ws/install/controller_manager_msgs:/home/michael/ros2_ws/install/control_msgs:${AMENT_PREFIX_PATH} CMAKE_PREFIX_PATH=/home/michael/ros2_ws/install/velocity_controllers:/home/michael/ros2_ws/install/effort_controllers:/home/michael/ros2_ws/install/tricycle_controller:/home/michael/ros2_ws/install/joint_trajectory_controller:/home/michael/ros2_ws/install/joint_state_broadcaster:/home/michael/ros2_ws/install/imu_sensor_broadcaster:/home/michael/ros2_ws/install/ign_ros2_control:/home/michael/ros2_ws/install/forward_command_controller:/home/michael/ros2_ws/install/diff_drive_controller:/home/michael/ros2_ws/install/controller_manager:/home/michael/ros2_ws/install/controller_interface:/home/michael/ros2_ws/install/hardware_interface:/home/michael/ros2_ws/install/control_toolbox:/home/michael/ros2_ws/install/ros2_control_test_assets:/home/michael/ros2_ws/install/realtime_tools:/home/michael/ros2_ws/install/controller_manager_msgs:/home/michael/ros2_ws/install/control_msgs:/home/michael/ros2_ws/install/testarm:/home/michael/ros2_ws/install/model_arm:/opt/ros/humble LD_LIBRARY_PATH=/home/michael/ros2_ws/install/velocity_controllers/lib:/home/michael/ros2_ws/install/effort_controllers/lib:/home/michael/ros2_ws/install/tricycle_controller/lib:/home/michael/ros2_ws/install/joint_trajectory_controller/lib:/home/michael/ros2_ws/install/joint_state_broadcaster/lib:/home/michael/ros2_ws/install/imu_sensor_broadcaster/lib:/home/michael/ros2_ws/install/ign_ros2_control/lib:/home/michael/ros2_ws/install/forward_command_controller/lib:/home/michael/ros2_ws/install/diff_drive_controller/lib:/home/michael/ros2_ws/install/controller_manager/lib:/home/michael/ros2_ws/install/controller_interface/lib:/home/michael/ros2_ws/install/hardware_interface/lib:/home/michael/ros2_ws/install/control_toolbox/lib:/home/michael/ros2_ws/install/realtime_tools/lib:/home/michael/ros2_ws/install/controller_manager_msgs/lib:/home/michael/ros2_ws/install/control_msgs/lib:${LD_LIBRARY_PATH} PYTHONPATH=/home/michael/ros2_ws/build/ros2controlcli:/home/michael/ros2_ws/install/ros2controlcli/lib/python3.10/site-packages:/home/michael/ros2_ws/install/controller_manager/local/lib/python3.10/dist-packages:/home/michael/ros2_ws/install/controller_manager_msgs/local/lib/python3.10/dist-packages:/home/michael/ros2_ws/install/control_msgs/local/lib/python3.10/dist-packages:${PYTHONPATH} /usr/bin/cmake /home/michael/ros2_ws/src/ros-controls/gz_ros2_control/ign_ros2_control_demos -DAMENT_CMAKE_SYMLINK_INSTALL=1 -DCMAKE_INSTALL_PREFIX=/home/michael/ros2_ws/install/ign_ros2_control_demos
[0.118s] -- The C compiler identification is GNU 11.4.0
[0.178s] -- The CXX compiler identification is GNU 11.4.0
[0.186s] -- Detecting C compiler ABI info
[0.263s] -- Detecting C compiler ABI info - done
[0.270s] -- Check for working C compiler: /usr/bin/cc - skipped
[0.271s] -- Detecting C compile features
[0.271s] -- Detecting C compile features - done
[0.275s] -- Detecting CXX compiler ABI info
[0.364s] -- Detecting CXX compiler ABI info - done
[0.372s] -- Check for working CXX compiler: /usr/bin/c++ - skipped
[0.372s] -- Detecting CXX compile features
[0.373s] -- Detecting CXX compile features - done
[0.376s] -- Found ament_cmake: 1.3.5 (/opt/ros/humble/share/ament_cmake/cmake)
[0.594s] -- Found Python3: /usr/bin/python3.10 (found version "3.10.12") found components: Interpreter 
[0.676s] -- Override CMake install command with custom implementation using symlinks instead of copying resources
[0.718s] -- Found control_msgs: 4.4.0 (/home/michael/ros2_ws/install/control_msgs/share/control_msgs/cmake)
[0.773s] -- Found rosidl_generator_c: 3.1.5 (/opt/ros/humble/share/rosidl_generator_c/cmake)
[0.779s] -- Found rosidl_adapter: 3.1.5 (/opt/ros/humble/share/rosidl_adapter/cmake)
[0.790s] -- Found rosidl_generator_cpp: 3.1.5 (/opt/ros/humble/share/rosidl_generator_cpp/cmake)
[0.807s] -- Using all available rosidl_typesupport_c: rosidl_typesupport_fastrtps_c;rosidl_typesupport_introspection_c
[0.831s] -- Using all available rosidl_typesupport_cpp: rosidl_typesupport_fastrtps_cpp;rosidl_typesupport_introspection_cpp
[1.438s] -- Found rclcpp: 16.0.5 (/opt/ros/humble/share/rclcpp/cmake)
[1.513s] -- Found rmw_implementation_cmake: 6.1.1 (/opt/ros/humble/share/rmw_implementation_cmake/cmake)
[1.523s] -- Found rmw_fastrtps_cpp: 6.2.3 (/opt/ros/humble/share/rmw_fastrtps_cpp/cmake)
[1.633s] -- Found OpenSSL: /usr/lib/x86_64-linux-gnu/libcrypto.so (found version "3.0.2")  
[1.666s] -- Found FastRTPS: /opt/ros/humble/include  
[1.724s] -- Using RMW implementation 'rmw_fastrtps_cpp' as default
[1.738s] -- Looking for pthread.h
[1.828s] -- Looking for pthread.h - found
[1.829s] -- Performing Test CMAKE_HAVE_LIBC_PTHREAD
[1.922s] -- Performing Test CMAKE_HAVE_LIBC_PTHREAD - Success
[1.924s] -- Found Threads: TRUE  
[2.078s] -- Found rclcpp_action: 16.0.5 (/opt/ros/humble/share/rclcpp_action/cmake)
[2.123s] -- Found ament_cmake_gtest: 1.3.5 (/opt/ros/humble/share/ament_cmake_gtest/cmake)
[2.126s] -- Found ament_lint_auto: 0.12.7 (/opt/ros/humble/share/ament_lint_auto/cmake)
[2.244s] -- Added test 'copyright' to check source files copyright and LICENSE
[2.245s] -- Added test 'cppcheck' to perform static code analysis on C / C++ code
[2.246s] -- Configured cppcheck include dirs: 
[2.246s] -- Configured cppcheck exclude dirs and/or files: 
[2.247s] -- Added test 'cpplint' to check C / C++ code against the Google style
[2.247s] -- Configured cpplint exclude dirs and/or files: 
[2.249s] -- Added test 'flake8' to check Python code syntax and style conventions
[2.251s] -- Added test 'lint_cmake' to check CMake code style
[2.252s] -- Added test 'pep257' to check Python code against some of the docstring style conventions in PEP 257
[2.254s] -- Added test 'uncrustify' to check C / C++ code style
[2.254s] -- Configured uncrustify additional arguments: 
[2.254s] -- Added test 'xmllint' to check XML markup files
[2.256s] -- Configuring done
[2.284s] -- Generating done
[2.286s] -- Build files have been written to: /home/michael/ros2_ws/build/ign_ros2_control_demos
[2.297s] Invoked command in '/home/michael/ros2_ws/build/ign_ros2_control_demos' returned '0': AMENT_PREFIX_PATH=/home/michael/ros2_ws/install/velocity_controllers:/home/michael/ros2_ws/install/effort_controllers:/home/michael/ros2_ws/install/tricycle_controller:/home/michael/ros2_ws/install/ros2controlcli:/home/michael/ros2_ws/install/joint_trajectory_controller:/home/michael/ros2_ws/install/joint_state_broadcaster:/home/michael/ros2_ws/install/imu_sensor_broadcaster:/home/michael/ros2_ws/install/ign_ros2_control:/home/michael/ros2_ws/install/forward_command_controller:/home/michael/ros2_ws/install/diff_drive_controller:/home/michael/ros2_ws/install/controller_manager:/home/michael/ros2_ws/install/controller_interface:/home/michael/ros2_ws/install/hardware_interface:/home/michael/ros2_ws/install/control_toolbox:/home/michael/ros2_ws/install/ros2_control_test_assets:/home/michael/ros2_ws/install/realtime_tools:/home/michael/ros2_ws/install/controller_manager_msgs:/home/michael/ros2_ws/install/control_msgs:${AMENT_PREFIX_PATH} CMAKE_PREFIX_PATH=/home/michael/ros2_ws/install/velocity_controllers:/home/michael/ros2_ws/install/effort_controllers:/home/michael/ros2_ws/install/tricycle_controller:/home/michael/ros2_ws/install/joint_trajectory_controller:/home/michael/ros2_ws/install/joint_state_broadcaster:/home/michael/ros2_ws/install/imu_sensor_broadcaster:/home/michael/ros2_ws/install/ign_ros2_control:/home/michael/ros2_ws/install/forward_command_controller:/home/michael/ros2_ws/install/diff_drive_controller:/home/michael/ros2_ws/install/controller_manager:/home/michael/ros2_ws/install/controller_interface:/home/michael/ros2_ws/install/hardware_interface:/home/michael/ros2_ws/install/control_toolbox:/home/michael/ros2_ws/install/ros2_control_test_assets:/home/michael/ros2_ws/install/realtime_tools:/home/michael/ros2_ws/install/controller_manager_msgs:/home/michael/ros2_ws/install/control_msgs:/home/michael/ros2_ws/install/testarm:/home/michael/ros2_ws/install/model_arm:/opt/ros/humble LD_LIBRARY_PATH=/home/michael/ros2_ws/install/velocity_controllers/lib:/home/michael/ros2_ws/install/effort_controllers/lib:/home/michael/ros2_ws/install/tricycle_controller/lib:/home/michael/ros2_ws/install/joint_trajectory_controller/lib:/home/michael/ros2_ws/install/joint_state_broadcaster/lib:/home/michael/ros2_ws/install/imu_sensor_broadcaster/lib:/home/michael/ros2_ws/install/ign_ros2_control/lib:/home/michael/ros2_ws/install/forward_command_controller/lib:/home/michael/ros2_ws/install/diff_drive_controller/lib:/home/michael/ros2_ws/install/controller_manager/lib:/home/michael/ros2_ws/install/controller_interface/lib:/home/michael/ros2_ws/install/hardware_interface/lib:/home/michael/ros2_ws/install/control_toolbox/lib:/home/michael/ros2_ws/install/realtime_tools/lib:/home/michael/ros2_ws/install/controller_manager_msgs/lib:/home/michael/ros2_ws/install/control_msgs/lib:${LD_LIBRARY_PATH} PYTHONPATH=/home/michael/ros2_ws/build/ros2controlcli:/home/michael/ros2_ws/install/ros2controlcli/lib/python3.10/site-packages:/home/michael/ros2_ws/install/controller_manager/local/lib/python3.10/dist-packages:/home/michael/ros2_ws/install/controller_manager_msgs/local/lib/python3.10/dist-packages:/home/michael/ros2_ws/install/control_msgs/local/lib/python3.10/dist-packages:${PYTHONPATH} /usr/bin/cmake /home/michael/ros2_ws/src/ros-controls/gz_ros2_control/ign_ros2_control_demos -DAMENT_CMAKE_SYMLINK_INSTALL=1 -DCMAKE_INSTALL_PREFIX=/home/michael/ros2_ws/install/ign_ros2_control_demos
[2.298s] Invoking command in '/home/michael/ros2_ws/build/ign_ros2_control_demos': AMENT_PREFIX_PATH=/home/michael/ros2_ws/install/velocity_controllers:/home/michael/ros2_ws/install/effort_controllers:/home/michael/ros2_ws/install/tricycle_controller:/home/michael/ros2_ws/install/ros2controlcli:/home/michael/ros2_ws/install/joint_trajectory_controller:/home/michael/ros2_ws/install/joint_state_broadcaster:/home/michael/ros2_ws/install/imu_sensor_broadcaster:/home/michael/ros2_ws/install/ign_ros2_control:/home/michael/ros2_ws/install/forward_command_controller:/home/michael/ros2_ws/install/diff_drive_controller:/home/michael/ros2_ws/install/controller_manager:/home/michael/ros2_ws/install/controller_interface:/home/michael/ros2_ws/install/hardware_interface:/home/michael/ros2_ws/install/control_toolbox:/home/michael/ros2_ws/install/ros2_control_test_assets:/home/michael/ros2_ws/install/realtime_tools:/home/michael/ros2_ws/install/controller_manager_msgs:/home/michael/ros2_ws/install/control_msgs:${AMENT_PREFIX_PATH} CMAKE_PREFIX_PATH=/home/michael/ros2_ws/install/velocity_controllers:/home/michael/ros2_ws/install/effort_controllers:/home/michael/ros2_ws/install/tricycle_controller:/home/michael/ros2_ws/install/joint_trajectory_controller:/home/michael/ros2_ws/install/joint_state_broadcaster:/home/michael/ros2_ws/install/imu_sensor_broadcaster:/home/michael/ros2_ws/install/ign_ros2_control:/home/michael/ros2_ws/install/forward_command_controller:/home/michael/ros2_ws/install/diff_drive_controller:/home/michael/ros2_ws/install/controller_manager:/home/michael/ros2_ws/install/controller_interface:/home/michael/ros2_ws/install/hardware_interface:/home/michael/ros2_ws/install/control_toolbox:/home/michael/ros2_ws/install/ros2_control_test_assets:/home/michael/ros2_ws/install/realtime_tools:/home/michael/ros2_ws/install/controller_manager_msgs:/home/michael/ros2_ws/install/control_msgs:/home/michael/ros2_ws/install/testarm:/home/michael/ros2_ws/install/model_arm:/opt/ros/humble LD_LIBRARY_PATH=/home/michael/ros2_ws/install/velocity_controllers/lib:/home/michael/ros2_ws/install/effort_controllers/lib:/home/michael/ros2_ws/install/tricycle_controller/lib:/home/michael/ros2_ws/install/joint_trajectory_controller/lib:/home/michael/ros2_ws/install/joint_state_broadcaster/lib:/home/michael/ros2_ws/install/imu_sensor_broadcaster/lib:/home/michael/ros2_ws/install/ign_ros2_control/lib:/home/michael/ros2_ws/install/forward_command_controller/lib:/home/michael/ros2_ws/install/diff_drive_controller/lib:/home/michael/ros2_ws/install/controller_manager/lib:/home/michael/ros2_ws/install/controller_interface/lib:/home/michael/ros2_ws/install/hardware_interface/lib:/home/michael/ros2_ws/install/control_toolbox/lib:/home/michael/ros2_ws/install/realtime_tools/lib:/home/michael/ros2_ws/install/controller_manager_msgs/lib:/home/michael/ros2_ws/install/control_msgs/lib:${LD_LIBRARY_PATH} PYTHONPATH=/home/michael/ros2_ws/build/ros2controlcli:/home/michael/ros2_ws/install/ros2controlcli/lib/python3.10/site-packages:/home/michael/ros2_ws/install/controller_manager/local/lib/python3.10/dist-packages:/home/michael/ros2_ws/install/controller_manager_msgs/local/lib/python3.10/dist-packages:/home/michael/ros2_ws/install/control_msgs/local/lib/python3.10/dist-packages:${PYTHONPATH} /usr/bin/cmake --build /home/michael/ros2_ws/build/ign_ros2_control_demos -- -j14 -l14
[2.353s] [  8%] [32mBuilding CXX object CMakeFiles/example_effort.dir/examples/example_effort.cpp.o[0m
[2.356s] [ 16%] [32mBuilding CXX object CMakeFiles/example_gripper.dir/examples/example_gripper.cpp.o[0m
[2.358s] [ 25%] [32mBuilding CXX object CMakeFiles/example_velocity.dir/examples/example_velocity.cpp.o[0m
[2.359s] [ 33%] [32mBuilding CXX object CMakeFiles/example_diff_drive.dir/examples/example_diff_drive.cpp.o[0m
[2.369s] [ 41%] [32mBuilding CXX object CMakeFiles/example_tricycle_drive.dir/examples/example_tricycle_drive.cpp.o[0m
[2.369s] [ 50%] [32mBuilding CXX object CMakeFiles/example_position.dir/examples/example_position.cpp.o[0m
[8.754s] [ 58%] [32m[1mLinking CXX executable example_velocity[0m
[8.828s] [ 66%] [32m[1mLinking CXX executable example_gripper[0m
[8.840s] [ 75%] [32m[1mLinking CXX executable example_tricycle_drive[0m
[8.981s] [ 83%] [32m[1mLinking CXX executable example_effort[0m
[8.990s] [ 83%] Built target example_velocity
[9.078s] [ 83%] Built target example_tricycle_drive
[9.085s] [ 83%] Built target example_gripper
[9.199s] [ 83%] Built target example_effort
[9.312s] [ 91%] [32m[1mLinking CXX executable example_diff_drive[0m
[9.546s] [ 91%] Built target example_diff_drive
[9.816s] [100%] [32m[1mLinking CXX executable example_position[0m
[10.056s] [100%] Built target example_position
[10.069s] Invoked command in '/home/michael/ros2_ws/build/ign_ros2_control_demos' returned '0': AMENT_PREFIX_PATH=/home/michael/ros2_ws/install/velocity_controllers:/home/michael/ros2_ws/install/effort_controllers:/home/michael/ros2_ws/install/tricycle_controller:/home/michael/ros2_ws/install/ros2controlcli:/home/michael/ros2_ws/install/joint_trajectory_controller:/home/michael/ros2_ws/install/joint_state_broadcaster:/home/michael/ros2_ws/install/imu_sensor_broadcaster:/home/michael/ros2_ws/install/ign_ros2_control:/home/michael/ros2_ws/install/forward_command_controller:/home/michael/ros2_ws/install/diff_drive_controller:/home/michael/ros2_ws/install/controller_manager:/home/michael/ros2_ws/install/controller_interface:/home/michael/ros2_ws/install/hardware_interface:/home/michael/ros2_ws/install/control_toolbox:/home/michael/ros2_ws/install/ros2_control_test_assets:/home/michael/ros2_ws/install/realtime_tools:/home/michael/ros2_ws/install/controller_manager_msgs:/home/michael/ros2_ws/install/control_msgs:${AMENT_PREFIX_PATH} CMAKE_PREFIX_PATH=/home/michael/ros2_ws/install/velocity_controllers:/home/michael/ros2_ws/install/effort_controllers:/home/michael/ros2_ws/install/tricycle_controller:/home/michael/ros2_ws/install/joint_trajectory_controller:/home/michael/ros2_ws/install/joint_state_broadcaster:/home/michael/ros2_ws/install/imu_sensor_broadcaster:/home/michael/ros2_ws/install/ign_ros2_control:/home/michael/ros2_ws/install/forward_command_controller:/home/michael/ros2_ws/install/diff_drive_controller:/home/michael/ros2_ws/install/controller_manager:/home/michael/ros2_ws/install/controller_interface:/home/michael/ros2_ws/install/hardware_interface:/home/michael/ros2_ws/install/control_toolbox:/home/michael/ros2_ws/install/ros2_control_test_assets:/home/michael/ros2_ws/install/realtime_tools:/home/michael/ros2_ws/install/controller_manager_msgs:/home/michael/ros2_ws/install/control_msgs:/home/michael/ros2_ws/install/testarm:/home/michael/ros2_ws/install/model_arm:/opt/ros/humble LD_LIBRARY_PATH=/home/michael/ros2_ws/install/velocity_controllers/lib:/home/michael/ros2_ws/install/effort_controllers/lib:/home/michael/ros2_ws/install/tricycle_controller/lib:/home/michael/ros2_ws/install/joint_trajectory_controller/lib:/home/michael/ros2_ws/install/joint_state_broadcaster/lib:/home/michael/ros2_ws/install/imu_sensor_broadcaster/lib:/home/michael/ros2_ws/install/ign_ros2_control/lib:/home/michael/ros2_ws/install/forward_command_controller/lib:/home/michael/ros2_ws/install/diff_drive_controller/lib:/home/michael/ros2_ws/install/controller_manager/lib:/home/michael/ros2_ws/install/controller_interface/lib:/home/michael/ros2_ws/install/hardware_interface/lib:/home/michael/ros2_ws/install/control_toolbox/lib:/home/michael/ros2_ws/install/realtime_tools/lib:/home/michael/ros2_ws/install/controller_manager_msgs/lib:/home/michael/ros2_ws/install/control_msgs/lib:${LD_LIBRARY_PATH} PYTHONPATH=/home/michael/ros2_ws/build/ros2controlcli:/home/michael/ros2_ws/install/ros2controlcli/lib/python3.10/site-packages:/home/michael/ros2_ws/install/controller_manager/local/lib/python3.10/dist-packages:/home/michael/ros2_ws/install/controller_manager_msgs/local/lib/python3.10/dist-packages:/home/michael/ros2_ws/install/control_msgs/local/lib/python3.10/dist-packages:${PYTHONPATH} /usr/bin/cmake --build /home/michael/ros2_ws/build/ign_ros2_control_demos -- -j14 -l14
[10.103s] Invoking command in '/home/michael/ros2_ws/build/ign_ros2_control_demos': AMENT_PREFIX_PATH=/home/michael/ros2_ws/install/velocity_controllers:/home/michael/ros2_ws/install/effort_controllers:/home/michael/ros2_ws/install/tricycle_controller:/home/michael/ros2_ws/install/ros2controlcli:/home/michael/ros2_ws/install/joint_trajectory_controller:/home/michael/ros2_ws/install/joint_state_broadcaster:/home/michael/ros2_ws/install/imu_sensor_broadcaster:/home/michael/ros2_ws/install/ign_ros2_control:/home/michael/ros2_ws/install/forward_command_controller:/home/michael/ros2_ws/install/diff_drive_controller:/home/michael/ros2_ws/install/controller_manager:/home/michael/ros2_ws/install/controller_interface:/home/michael/ros2_ws/install/hardware_interface:/home/michael/ros2_ws/install/control_toolbox:/home/michael/ros2_ws/install/ros2_control_test_assets:/home/michael/ros2_ws/install/realtime_tools:/home/michael/ros2_ws/install/controller_manager_msgs:/home/michael/ros2_ws/install/control_msgs:${AMENT_PREFIX_PATH} CMAKE_PREFIX_PATH=/home/michael/ros2_ws/install/velocity_controllers:/home/michael/ros2_ws/install/effort_controllers:/home/michael/ros2_ws/install/tricycle_controller:/home/michael/ros2_ws/install/joint_trajectory_controller:/home/michael/ros2_ws/install/joint_state_broadcaster:/home/michael/ros2_ws/install/imu_sensor_broadcaster:/home/michael/ros2_ws/install/ign_ros2_control:/home/michael/ros2_ws/install/forward_command_controller:/home/michael/ros2_ws/install/diff_drive_controller:/home/michael/ros2_ws/install/controller_manager:/home/michael/ros2_ws/install/controller_interface:/home/michael/ros2_ws/install/hardware_interface:/home/michael/ros2_ws/install/control_toolbox:/home/michael/ros2_ws/install/ros2_control_test_assets:/home/michael/ros2_ws/install/realtime_tools:/home/michael/ros2_ws/install/controller_manager_msgs:/home/michael/ros2_ws/install/control_msgs:/home/michael/ros2_ws/install/testarm:/home/michael/ros2_ws/install/model_arm:/opt/ros/humble LD_LIBRARY_PATH=/home/michael/ros2_ws/install/velocity_controllers/lib:/home/michael/ros2_ws/install/effort_controllers/lib:/home/michael/ros2_ws/install/tricycle_controller/lib:/home/michael/ros2_ws/install/joint_trajectory_controller/lib:/home/michael/ros2_ws/install/joint_state_broadcaster/lib:/home/michael/ros2_ws/install/imu_sensor_broadcaster/lib:/home/michael/ros2_ws/install/ign_ros2_control/lib:/home/michael/ros2_ws/install/forward_command_controller/lib:/home/michael/ros2_ws/install/diff_drive_controller/lib:/home/michael/ros2_ws/install/controller_manager/lib:/home/michael/ros2_ws/install/controller_interface/lib:/home/michael/ros2_ws/install/hardware_interface/lib:/home/michael/ros2_ws/install/control_toolbox/lib:/home/michael/ros2_ws/install/realtime_tools/lib:/home/michael/ros2_ws/install/controller_manager_msgs/lib:/home/michael/ros2_ws/install/control_msgs/lib:${LD_LIBRARY_PATH} PYTHONPATH=/home/michael/ros2_ws/build/ros2controlcli:/home/michael/ros2_ws/install/ros2controlcli/lib/python3.10/site-packages:/home/michael/ros2_ws/install/controller_manager/local/lib/python3.10/dist-packages:/home/michael/ros2_ws/install/controller_manager_msgs/local/lib/python3.10/dist-packages:/home/michael/ros2_ws/install/control_msgs/local/lib/python3.10/dist-packages:${PYTHONPATH} /usr/bin/cmake --install /home/michael/ros2_ws/build/ign_ros2_control_demos
[10.111s] -- Install configuration: ""
[10.111s] -- Execute custom install script
[10.112s] -- Symlinking: /home/michael/ros2_ws/install/ign_ros2_control_demos/share/ign_ros2_control_demos//launch/cart_example_effort.launch.py
[10.122s] -- Symlinking: /home/michael/ros2_ws/install/ign_ros2_control_demos/share/ign_ros2_control_demos//launch/cart_example_position.launch.py
[10.131s] -- Symlinking: /home/michael/ros2_ws/install/ign_ros2_control_demos/share/ign_ros2_control_demos//launch/cart_example_velocity.launch.py
[10.145s] -- Symlinking: /home/michael/ros2_ws/install/ign_ros2_control_demos/share/ign_ros2_control_demos//launch/diff_drive_example.launch.py
[10.156s] -- Symlinking: /home/michael/ros2_ws/install/ign_ros2_control_demos/share/ign_ros2_control_demos//launch/gripper_mimic_joint_example.launch.py
[10.165s] -- Symlinking: /home/michael/ros2_ws/install/ign_ros2_control_demos/share/ign_ros2_control_demos//launch/tricycle_drive_example.launch.py
[10.178s] -- Symlinking: /home/michael/ros2_ws/install/ign_ros2_control_demos/share/ign_ros2_control_demos//config/cartpole_controller_effort.yaml
[10.190s] -- Symlinking: /home/michael/ros2_ws/install/ign_ros2_control_demos/share/ign_ros2_control_demos//config/cartpole_controller_position.yaml
[10.201s] -- Symlinking: /home/michael/ros2_ws/install/ign_ros2_control_demos/share/ign_ros2_control_demos//config/cartpole_controller_velocity.yaml
[10.212s] -- Symlinking: /home/michael/ros2_ws/install/ign_ros2_control_demos/share/ign_ros2_control_demos//config/diff_drive_controller_velocity.yaml
[10.221s] -- Symlinking: /home/michael/ros2_ws/install/ign_ros2_control_demos/share/ign_ros2_control_demos//config/gripper_controller.yaml
[10.231s] -- Symlinking: /home/michael/ros2_ws/install/ign_ros2_control_demos/share/ign_ros2_control_demos//config/tricycle_drive_controller.yaml
[10.242s] -- Symlinking: /home/michael/ros2_ws/install/ign_ros2_control_demos/share/ign_ros2_control_demos//urdf/test_cart_effort.xacro.urdf
[10.253s] -- Symlinking: /home/michael/ros2_ws/install/ign_ros2_control_demos/share/ign_ros2_control_demos//urdf/test_cart_position.xacro.urdf
[10.263s] -- Symlinking: /home/michael/ros2_ws/install/ign_ros2_control_demos/share/ign_ros2_control_demos//urdf/test_cart_velocity.xacro.urdf
[10.272s] -- Symlinking: /home/michael/ros2_ws/install/ign_ros2_control_demos/share/ign_ros2_control_demos//urdf/test_diff_drive.xacro.urdf
[10.281s] -- Symlinking: /home/michael/ros2_ws/install/ign_ros2_control_demos/share/ign_ros2_control_demos//urdf/test_gripper_mimic_joint.xacro.urdf
[10.290s] -- Symlinking: /home/michael/ros2_ws/install/ign_ros2_control_demos/share/ign_ros2_control_demos//urdf/test_tricycle_drive.xacro.urdf
[10.299s] -- Symlinking: /home/michael/ros2_ws/install/ign_ros2_control_demos/lib/ign_ros2_control_demos/example_position
[10.308s] -- Symlinking: /home/michael/ros2_ws/install/ign_ros2_control_demos/lib/ign_ros2_control_demos/example_velocity
[10.317s] -- Symlinking: /home/michael/ros2_ws/install/ign_ros2_control_demos/lib/ign_ros2_control_demos/example_effort
[10.326s] -- Symlinking: /home/michael/ros2_ws/install/ign_ros2_control_demos/lib/ign_ros2_control_demos/example_diff_drive
[10.335s] -- Symlinking: /home/michael/ros2_ws/install/ign_ros2_control_demos/lib/ign_ros2_control_demos/example_tricycle_drive
[10.344s] -- Symlinking: /home/michael/ros2_ws/install/ign_ros2_control_demos/lib/ign_ros2_control_demos/example_gripper
[10.354s] -- Symlinking: /home/michael/ros2_ws/install/ign_ros2_control_demos/share/ament_index/resource_index/package_run_dependencies/ign_ros2_control_demos
[10.364s] -- Symlinking: /home/michael/ros2_ws/install/ign_ros2_control_demos/share/ament_index/resource_index/parent_prefix_path/ign_ros2_control_demos
[10.374s] -- Symlinking: /home/michael/ros2_ws/install/ign_ros2_control_demos/share/ign_ros2_control_demos/environment/ament_prefix_path.sh
[10.384s] -- Symlinking: /home/michael/ros2_ws/install/ign_ros2_control_demos/share/ign_ros2_control_demos/environment/ament_prefix_path.dsv
[10.393s] -- Symlinking: /home/michael/ros2_ws/install/ign_ros2_control_demos/share/ign_ros2_control_demos/environment/path.sh
[10.403s] -- Symlinking: /home/michael/ros2_ws/install/ign_ros2_control_demos/share/ign_ros2_control_demos/environment/path.dsv
[10.414s] -- Symlinking: /home/michael/ros2_ws/install/ign_ros2_control_demos/share/ign_ros2_control_demos/local_setup.bash
[10.424s] -- Symlinking: /home/michael/ros2_ws/install/ign_ros2_control_demos/share/ign_ros2_control_demos/local_setup.sh
[10.435s] -- Symlinking: /home/michael/ros2_ws/install/ign_ros2_control_demos/share/ign_ros2_control_demos/local_setup.zsh
[10.447s] -- Symlinking: /home/michael/ros2_ws/install/ign_ros2_control_demos/share/ign_ros2_control_demos/local_setup.dsv
[10.457s] -- Symlinking: /home/michael/ros2_ws/install/ign_ros2_control_demos/share/ign_ros2_control_demos/package.dsv
[10.470s] -- Symlinking: /home/michael/ros2_ws/install/ign_ros2_control_demos/share/ament_index/resource_index/packages/ign_ros2_control_demos
[10.481s] -- Symlinking: /home/michael/ros2_ws/install/ign_ros2_control_demos/share/ign_ros2_control_demos/cmake/ign_ros2_control_demosConfig.cmake
[10.496s] -- Symlinking: /home/michael/ros2_ws/install/ign_ros2_control_demos/share/ign_ros2_control_demos/cmake/ign_ros2_control_demosConfig-version.cmake
[10.505s] -- Symlinking: /home/michael/ros2_ws/install/ign_ros2_control_demos/share/ign_ros2_control_demos/package.xml
[10.532s] Invoked command in '/home/michael/ros2_ws/build/ign_ros2_control_demos' returned '0': AMENT_PREFIX_PATH=/home/michael/ros2_ws/install/velocity_controllers:/home/michael/ros2_ws/install/effort_controllers:/home/michael/ros2_ws/install/tricycle_controller:/home/michael/ros2_ws/install/ros2controlcli:/home/michael/ros2_ws/install/joint_trajectory_controller:/home/michael/ros2_ws/install/joint_state_broadcaster:/home/michael/ros2_ws/install/imu_sensor_broadcaster:/home/michael/ros2_ws/install/ign_ros2_control:/home/michael/ros2_ws/install/forward_command_controller:/home/michael/ros2_ws/install/diff_drive_controller:/home/michael/ros2_ws/install/controller_manager:/home/michael/ros2_ws/install/controller_interface:/home/michael/ros2_ws/install/hardware_interface:/home/michael/ros2_ws/install/control_toolbox:/home/michael/ros2_ws/install/ros2_control_test_assets:/home/michael/ros2_ws/install/realtime_tools:/home/michael/ros2_ws/install/controller_manager_msgs:/home/michael/ros2_ws/install/control_msgs:${AMENT_PREFIX_PATH} CMAKE_PREFIX_PATH=/home/michael/ros2_ws/install/velocity_controllers:/home/michael/ros2_ws/install/effort_controllers:/home/michael/ros2_ws/install/tricycle_controller:/home/michael/ros2_ws/install/joint_trajectory_controller:/home/michael/ros2_ws/install/joint_state_broadcaster:/home/michael/ros2_ws/install/imu_sensor_broadcaster:/home/michael/ros2_ws/install/ign_ros2_control:/home/michael/ros2_ws/install/forward_command_controller:/home/michael/ros2_ws/install/diff_drive_controller:/home/michael/ros2_ws/install/controller_manager:/home/michael/ros2_ws/install/controller_interface:/home/michael/ros2_ws/install/hardware_interface:/home/michael/ros2_ws/install/control_toolbox:/home/michael/ros2_ws/install/ros2_control_test_assets:/home/michael/ros2_ws/install/realtime_tools:/home/michael/ros2_ws/install/controller_manager_msgs:/home/michael/ros2_ws/install/control_msgs:/home/michael/ros2_ws/install/testarm:/home/michael/ros2_ws/install/model_arm:/opt/ros/humble LD_LIBRARY_PATH=/home/michael/ros2_ws/install/velocity_controllers/lib:/home/michael/ros2_ws/install/effort_controllers/lib:/home/michael/ros2_ws/install/tricycle_controller/lib:/home/michael/ros2_ws/install/joint_trajectory_controller/lib:/home/michael/ros2_ws/install/joint_state_broadcaster/lib:/home/michael/ros2_ws/install/imu_sensor_broadcaster/lib:/home/michael/ros2_ws/install/ign_ros2_control/lib:/home/michael/ros2_ws/install/forward_command_controller/lib:/home/michael/ros2_ws/install/diff_drive_controller/lib:/home/michael/ros2_ws/install/controller_manager/lib:/home/michael/ros2_ws/install/controller_interface/lib:/home/michael/ros2_ws/install/hardware_interface/lib:/home/michael/ros2_ws/install/control_toolbox/lib:/home/michael/ros2_ws/install/realtime_tools/lib:/home/michael/ros2_ws/install/controller_manager_msgs/lib:/home/michael/ros2_ws/install/control_msgs/lib:${LD_LIBRARY_PATH} PYTHONPATH=/home/michael/ros2_ws/build/ros2controlcli:/home/michael/ros2_ws/install/ros2controlcli/lib/python3.10/site-packages:/home/michael/ros2_ws/install/controller_manager/local/lib/python3.10/dist-packages:/home/michael/ros2_ws/install/controller_manager_msgs/local/lib/python3.10/dist-packages:/home/michael/ros2_ws/install/control_msgs/local/lib/python3.10/dist-packages:${PYTHONPATH} /usr/bin/cmake --install /home/michael/ros2_ws/build/ign_ros2_control_demos
