[0.341s] Invoking command in '/home/michael/ros2_ws/build/model_arm': PYTHONPATH=/home/michael/ros2_ws/build/model_arm/prefix_override:/home/michael/ros2_ws/install/model_arm/lib/python3.10/site-packages:${PYTHONPATH} /usr/bin/python3 setup.py develop --uninstall --editable --build-directory /home/michael/ros2_ws/build/model_arm/build
[0.480s] running develop
[0.480s] /usr/lib/python3/dist-packages/setuptools/command/easy_install.py:158: EasyInstallDeprecationWarning: easy_install command is deprecated. Use build and pip and other standards-based tools.
[0.481s]   warnings.warn(
[0.481s] /usr/lib/python3/dist-packages/setuptools/command/install.py:34: SetuptoolsDeprecationWarning: setup.py install is deprecated. Use build and pip and other standards-based tools.
[0.481s]   warnings.warn(
[0.578s] Invoked command in '/home/michael/ros2_ws/build/model_arm' returned '0': PYTHONPATH=/home/michael/ros2_ws/build/model_arm/prefix_override:/home/michael/ros2_ws/install/model_arm/lib/python3.10/site-packages:${PYTHONPATH} /usr/bin/python3 setup.py develop --uninstall --editable --build-directory /home/michael/ros2_ws/build/model_arm/build
[0.579s] Invoking command in '/home/michael/ros2_ws/src/model_arm': PYTHONPATH=/home/michael/ros2_ws/build/model_arm/prefix_override:/home/michael/ros2_ws/install/model_arm/lib/python3.10/site-packages:${PYTHONPATH} /usr/bin/python3 setup.py egg_info --egg-base ../../build/model_arm build --build-base /home/michael/ros2_ws/build/model_arm/build install --record /home/michael/ros2_ws/build/model_arm/install.log --single-version-externally-managed
[0.718s] running egg_info
[0.718s] writing ../../build/model_arm/model_arm.egg-info/PKG-INFO
[0.720s] writing dependency_links to ../../build/model_arm/model_arm.egg-info/dependency_links.txt
[0.721s] writing entry points to ../../build/model_arm/model_arm.egg-info/entry_points.txt
[0.721s] writing requirements to ../../build/model_arm/model_arm.egg-info/requires.txt
[0.721s] writing top-level names to ../../build/model_arm/model_arm.egg-info/top_level.txt
[0.723s] reading manifest file '../../build/model_arm/model_arm.egg-info/SOURCES.txt'
[0.723s] writing manifest file '../../build/model_arm/model_arm.egg-info/SOURCES.txt'
[0.723s] running build
[0.724s] running build_py
[0.724s] /usr/lib/python3/dist-packages/setuptools/command/install.py:34: SetuptoolsDeprecationWarning: setup.py install is deprecated. Use build and pip and other standards-based tools.
[0.724s]   warnings.warn(
[0.724s] running install
[0.724s] running install_lib
[0.725s] running install_data
[0.725s] running install_egg_info
[0.726s] removing '/home/michael/ros2_ws/install/model_arm/lib/python3.10/site-packages/model_arm-0.0.0-py3.10.egg-info' (and everything under it)
[0.726s] Copying ../../build/model_arm/model_arm.egg-info to /home/michael/ros2_ws/install/model_arm/lib/python3.10/site-packages/model_arm-0.0.0-py3.10.egg-info
[0.727s] running install_scripts
[0.740s] writing list of installed files to '/home/michael/ros2_ws/build/model_arm/install.log'
[0.757s] Invoked command in '/home/michael/ros2_ws/src/model_arm' returned '0': PYTHONPATH=/home/michael/ros2_ws/build/model_arm/prefix_override:/home/michael/ros2_ws/install/model_arm/lib/python3.10/site-packages:${PYTHONPATH} /usr/bin/python3 setup.py egg_info --egg-base ../../build/model_arm build --build-base /home/michael/ros2_ws/build/model_arm/build install --record /home/michael/ros2_ws/build/model_arm/install.log --single-version-externally-managed
