/home/michael/ros2_ws/install/model_arm/lib/python3.10/site-packages/model_arm/__init__.py
/home/michael/ros2_ws/install/model_arm/lib/python3.10/site-packages/model_arm/__pycache__/__init__.cpython-310.pyc
/home/michael/ros2_ws/install/model_arm/share/ament_index/resource_index/packages/model_arm
/home/michael/ros2_ws/install/model_arm/share/model_arm/package.xml
/home/michael/ros2_ws/install/model_arm/share/model_arm/urdf/testarm_urdf.xacro
/home/michael/ros2_ws/install/model_arm/share/model_arm/urdf/materials.xacro
/home/michael/ros2_ws/install/model_arm/share/model_arm/urdf/testarm_urdf.gazebo
/home/michael/ros2_ws/install/model_arm/share/model_arm/urdf/testarm_urdf.csv
/home/michael/ros2_ws/install/model_arm/share/model_arm/launch/display.launch.py
/home/michael/ros2_ws/install/model_arm/share/model_arm/launch/gazebo.launch.py
/home/michael/ros2_ws/install/model_arm/share/model_arm/meshes/l1.STL
/home/michael/ros2_ws/install/model_arm/share/model_arm/meshes/base_link.STL
/home/michael/ros2_ws/install/model_arm/share/model_arm/meshes/l2.STL
/home/michael/ros2_ws/install/model_arm/share/model_arm/meshes/l3.STL
/home/michael/ros2_ws/install/model_arm/lib/python3.10/site-packages/model_arm-0.0.0-py3.10.egg-info/requires.txt
/home/michael/ros2_ws/install/model_arm/lib/python3.10/site-packages/model_arm-0.0.0-py3.10.egg-info/PKG-INFO
/home/michael/ros2_ws/install/model_arm/lib/python3.10/site-packages/model_arm-0.0.0-py3.10.egg-info/zip-safe
/home/michael/ros2_ws/install/model_arm/lib/python3.10/site-packages/model_arm-0.0.0-py3.10.egg-info/top_level.txt
/home/michael/ros2_ws/install/model_arm/lib/python3.10/site-packages/model_arm-0.0.0-py3.10.egg-info/entry_points.txt
/home/michael/ros2_ws/install/model_arm/lib/python3.10/site-packages/model_arm-0.0.0-py3.10.egg-info/SOURCES.txt
/home/michael/ros2_ws/install/model_arm/lib/python3.10/site-packages/model_arm-0.0.0-py3.10.egg-info/dependency_links.txt
